Approximate graph diameter

GRAPHLAB_SUBNET_ID/GRAPHLAB_SUBNET_MASK environment variables not defined.
Using default values
Subnet ID: 0.0.0.0
Subnet Mask: 0.0.0.0
Will find first IPv4 non-loopback address matching the subnet
[1;32mINFO:     dc.cpp(init:573): Cluster of 1 instances created.
[0m[1;32mINFO:     distributed_graph.hpp(set_ingress_method:3201): Automatically determine ingress method: grid
[0mLoading graph in format: snap
[1;32mINFO:     distributed_graph.hpp(load_from_posixfs:2190): Loading graph from file: /home/cpennycu/gdata/er/erd-4-10-2.snap
[0m# Nodes: 10
# Edges: 20
# Maximum Possible Edges: 90
# Directed
# No self-loop allowed
[1;32mINFO:     distributed_ingress_base.hpp(finalize:199): Finalizing Graph...
[0m[1;32mINFO:     distributed_ingress_base.hpp(exchange_global_info:546): Graph info: 
	 nverts: 10
	 nedges: 20
	 nreplicas: 10
	 replication factor: 1
[0m[1;32mINFO:     distributed_ingress_base.hpp(finalize:199): Finalizing Graph...
[0m[1;32mINFO:     synchronous_engine.hpp(start:1300): Iteration counter will only output every 5 seconds.
[0m[1;32mINFO:     synchronous_engine.hpp(start:1315): 0: Starting iteration: 0
[0mExchange messages...
EXCHANGE: 0.003916
Receive messages...
[1;32mINFO:     synchronous_engine.hpp(start:1364): 	Active vertices: 10
[0mRECEIVE: 0.003612
Gathering...
GATHER: 0.00381
Applying...
APPLY: 0.003519
Scattering...
[1;32mINFO:     synchronous_engine.hpp(start:1414): 	 Running Aggregators
[0mSCATTER: 0.00215
[1;32mINFO:     synchronous_engine.hpp(start:1315): 0: Starting iteration: 1
[0mExchange messages...
EXCHANGE: 0.005762
Receive messages...
[1;32mINFO:     synchronous_engine.hpp(start:1364): 	Active vertices: 0
[0m[1;32mINFO:     synchronous_engine.hpp(start:1427): 1 iterations completed.
[0m[1;32mUpdates: 10
1-th hop: 33 vertex pairs are reached
INFO:     synchronous_engine.hpp(start:1300): Iteration counter will only output every 5 seconds.
[0m[1;32mINFO:     synchronous_engine.hpp(start:1315): 0: Starting iteration: 0
[0mExchange messages...
EXCHANGE: 0.006995
Receive messages...
[1;32mINFO:     synchronous_engine.hpp(start:1364): 	Active vertices: 10
[0mRECEIVE: 0.007249
Gathering...
GATHER: 0.007967
Applying...
APPLY: 0.007815
Scattering...
[1;32mINFO:     synchronous_engine.hpp(start:1414): 	 Running Aggregators
[0mSCATTER: 0.002053
[1;32mINFO:     synchronous_engine.hpp(start:1315): 0: Starting iteration: 1
[0mExchange messages...
EXCHANGE: 0.007341
Receive messages...
[1;32mINFO:     synchronous_engine.hpp(start:1364): 	Active vertices: 0
[0m[1;32mINFO:     synchronous_engine.hpp(start:1427): 1 iterations completed.
[0m[1;32mUpdates: 10
2-th hop: 55 vertex pairs are reached
INFO:     synchronous_engine.hpp(start:1300): Iteration counter will only output every 5 seconds.
[0m[1;32mINFO:     synchronous_engine.hpp(start:1315): 0: Starting iteration: 0
[0mExchange messages...
EXCHANGE: 0.0075
Receive messages...
[1;32mINFO:     synchronous_engine.hpp(start:1364): 	Active vertices: 10
[0mRECEIVE: 0.006657
Gathering...
GATHER: 0.008355
Applying...
APPLY: 0.008134
Scattering...
[1;32mINFO:     synchronous_engine.hpp(start:1414): 	 Running Aggregators
[0mSCATTER: 0.001971
[1;32mINFO:     synchronous_engine.hpp(start:1315): 0: Starting iteration: 1
[0mExchange messages...
EXCHANGE: 0.009787
Receive messages...
[1;32mINFO:     synchronous_engine.hpp(start:1364): 	Active vertices: 0
[0m[1;32mINFO:     synchronous_engine.hpp(start:1427): 1 iterations completed.
[0m[1;32mUpdates: 10
3-th hop: 63 vertex pairs are reached
INFO:     synchronous_engine.hpp(start:1300): Iteration counter will only output every 5 seconds.
[0m[1;32mINFO:     synchronous_engine.hpp(start:1315): 0: Starting iteration: 0
[0mExchange messages...
EXCHANGE: 0.00764
Receive messages...
[1;32mINFO:     synchronous_engine.hpp(start:1364): 	Active vertices: 10
[0mRECEIVE: 0.006193
Gathering...
GATHER: 0.007066
Applying...
APPLY: 0.007662
Scattering...
[1;32mINFO:     synchronous_engine.hpp(start:1414): 	 Running Aggregators
[0mSCATTER: 0.001934
[1;32mINFO:     synchronous_engine.hpp(start:1315): 0: Starting iteration: 1
[0mExchange messages...
EXCHANGE: 0.010322
Receive messages...
[1;32mINFO:     synchronous_engine.hpp(start:1364): 	Active vertices: 0
[0m[1;32mINFO:     synchronous_engine.hpp(start:1427): 1 iterations completed.
[0m[1;32mUpdates: 10
4-th hop: 68 vertex pairs are reached
INFO:     synchronous_engine.hpp(start:1300): Iteration counter will only output every 5 seconds.
[0m[1;32mINFO:     synchronous_engine.hpp(start:1315): 0: Starting iteration: 0
[0mExchange messages...
EXCHANGE: 0.007393
Receive messages...
[1;32mINFO:     synchronous_engine.hpp(start:1364): 	Active vertices: 10
[0mRECEIVE: 0.007089
Gathering...
GATHER: 0.007086
Applying...
APPLY: 0.007917
Scattering...
[1;32mINFO:     synchronous_engine.hpp(start:1414): 	 Running Aggregators
[0mSCATTER: 0.001542
[1;32mINFO:     synchronous_engine.hpp(start:1315): 0: Starting iteration: 1
[0mExchange messages...
EXCHANGE: 0.010147
Receive messages...
[1;32mINFO:     synchronous_engine.hpp(start:1364): 	Active vertices: 0
[0m[1;32mINFO:     synchronous_engine.hpp(start:1427): 1 iterations completed.
[0m[1;32mUpdates: 10
5-th hop: 70 vertex pairs are reached
INFO:     synchronous_engine.hpp(start:1300): Iteration counter will only output every 5 seconds.
[0m[1;32mINFO:     synchronous_engine.hpp(start:1315): 0: Starting iteration: 0
[0mExchange messages...
EXCHANGE: 0.007478
Receive messages...
[1;32mINFO:     synchronous_engine.hpp(start:1364): 	Active vertices: 10
[0mRECEIVE: 0.008324
Gathering...
GATHER: 0.008219
Applying...
APPLY: 0.007744
Scattering...
[1;32mINFO:     synchronous_engine.hpp(start:1414): 	 Running Aggregators
[0mSCATTER: 0.001801
[1;32mINFO:     synchronous_engine.hpp(start:1315): 0: Starting iteration: 1
[0mExchange messages...
EXCHANGE: 0.011538
Receive messages...
[1;32mINFO:     synchronous_engine.hpp(start:1364): 	Active vertices: 0
[0m[1;32mINFO:     synchronous_engine.hpp(start:1427): 1 iterations completed.
[0m[1;32mUpdates: 10
6-th hop: 71 vertex pairs are reached
INFO:     synchronous_engine.hpp(start:1300): Iteration counter will only output every 5 seconds.
[0m[1;32mINFO:     synchronous_engine.hpp(start:1315): 0: Starting iteration: 0
[0mExchange messages...
EXCHANGE: 0.006832
Receive messages...
[1;32mINFO:     synchronous_engine.hpp(start:1364): 	Active vertices: 10
[0mRECEIVE: 0.00866
Gathering...
GATHER: 0.006713
Applying...
APPLY: 0.006804
Scattering...
[1;32mINFO:     synchronous_engine.hpp(start:1414): 	 Running Aggregators
[0mSCATTER: 0.00155
[1;32mINFO:     synchronous_engine.hpp(start:1315): 0: Starting iteration: 1
[0mExchange messages...
EXCHANGE: 0.010105
Receive messages...
[1;32mINFO:     synchronous_engine.hpp(start:1364): 	Active vertices: 0
[0m[1;32mINFO:     synchronous_engine.hpp(start:1427): 1 iterations completed.
[0mUpdates: 10
7-th hop: 71 vertex pairs are reached
converge
TIME: 0.373134
CLOCKTIME: 12.0034
graph calculation time is 1 sec
The approximate diameter is 6
	Command being timed: "/home/cpennycu/graphlab/release/toolkits/graph_analytics/approximate_diameter /home/cpennycu/gdata/er/erd-4-10-2.snap --format snap"
	User time (seconds): 18.30
	System time (seconds): 0.65
	Percent of CPU this job got: 1787%
	Elapsed (wall clock) time (h:mm:ss or m:ss): 0:01.06
	Average shared text size (kbytes): 0
	Average unshared data size (kbytes): 0
	Average stack size (kbytes): 0
	Average total size (kbytes): 0
	Maximum resident set size (kbytes): 22272
	Average resident set size (kbytes): 0
	Major (requiring I/O) page faults: 0
	Minor (reclaiming a frame) page faults: 6272
	Voluntary context switches: 15400
	Involuntary context switches: 5967
	Swaps: 0
	File system inputs: 0
	File system outputs: 0
	Socket messages sent: 0
	Socket messages received: 0
	Signals delivered: 0
	Page size (bytes): 4096
	Exit status: 0
