Approximate graph diameter

GRAPHLAB_SUBNET_ID/GRAPHLAB_SUBNET_MASK environment variables not defined.
Using default values
Subnet ID: 0.0.0.0
Subnet Mask: 0.0.0.0
Will find first IPv4 non-loopback address matching the subnet
[1;32mINFO:     dc.cpp(init:573): Cluster of 1 instances created.
[0m[1;32mINFO:     distributed_graph.hpp(set_ingress_method:3201): Automatically determine ingress method: grid
[0mLoading graph in format: snap
[1;32mINFO:     distributed_graph.hpp(load_from_posixfs:2190): Loading graph from file: /home/cpennycu/gdata/er/eru-0-100000-32.snap
[0m# Nodes: 100000
# Edges: 3200000
# Maximum Possible Edges: 4999950000
# Undirected
# No self-loop allowed
[1;32mINFO:     distributed_ingress_base.hpp(finalize:199): Finalizing Graph...
[0m[1;32mINFO:     distributed_ingress_base.hpp(exchange_global_info:546): Graph info: 
	 nverts: 100000
	 nedges: 3200000
	 nreplicas: 100000
	 replication factor: 1
[0m[1;32mINFO:     distributed_ingress_base.hpp(finalize:199): Finalizing Graph...
[0m[1;32mINFO:     synchronous_engine.hpp(start:1300): Iteration counter will only output every 5 seconds.
[0m[1;32mINFO:     synchronous_engine.hpp(start:1315): 0: Starting iteration: 0
[0mExchange messages...
EXCHANGE: 0.00734
Receive messages...
[1;32mINFO:     synchronous_engine.hpp(start:1364): 	Active vertices: 100000
[0mRECEIVE: 0.015541
Gathering...
GATHER: 0.423125
Applying...
APPLY: 0.077531
Scattering...
[1;32mINFO:     synchronous_engine.hpp(start:1414): 	 Running Aggregators
[0mSCATTER: 0.001886
[1;32mINFO:     synchronous_engine.hpp(start:1315): 0: Starting iteration: 1
[0mExchange messages...
EXCHANGE: 0.010054
Receive messages...
[1;32mINFO:     synchronous_engine.hpp(start:1364): 	Active vertices: 0
[0m[1;32mINFO:     synchronous_engine.hpp(start:1427): 1 iterations completed.
[0m[1;32mUpdates: 100000
1-th hop: 3395014 vertex pairs are reached
INFO:     synchronous_engine.hpp(start:1300): Iteration counter will only output every 5 seconds.
[0m[1;32mINFO:     synchronous_engine.hpp(start:1315): 0: Starting iteration: 0
[0mExchange messages...
EXCHANGE: 0.009349
Receive messages...
[1;32mINFO:     synchronous_engine.hpp(start:1364): 	Active vertices: 100000
[0mRECEIVE: 0.016197
Gathering...
GATHER: 0.460393
Applying...
APPLY: 0.082717
Scattering...
[1;32mINFO:     synchronous_engine.hpp(start:1414): 	 Running Aggregators
[0mSCATTER: 0.002997
[1;32mINFO:     synchronous_engine.hpp(start:1315): 0: Starting iteration: 1
[0mExchange messages...
EXCHANGE: 0.010164
Receive messages...
[1;32mINFO:     synchronous_engine.hpp(start:1364): 	Active vertices: 0
[0m[1;32mINFO:     synchronous_engine.hpp(start:1427): 1 iterations completed.
[0m[1;32mUpdates: 100000
2-th hop: 71518650 vertex pairs are reached
INFO:     synchronous_engine.hpp(start:1300): Iteration counter will only output every 5 seconds.
[0m[1;32mINFO:     synchronous_engine.hpp(start:1315): 0: Starting iteration: 0
[0mExchange messages...
EXCHANGE: 0.018134
Receive messages...
[1;32mINFO:     synchronous_engine.hpp(start:1364): 	Active vertices: 100000
[0mRECEIVE: 0.012537
Gathering...
GATHER: 0.564275
Applying...
APPLY: 0.083497
Scattering...
[1;32mINFO:     synchronous_engine.hpp(start:1414): 	 Running Aggregators
[0mSCATTER: 0.00184
[1;32mINFO:     synchronous_engine.hpp(start:1315): 0: Starting iteration: 1
[0mExchange messages...
EXCHANGE: 0.010075
Receive messages...
[1;32mINFO:     synchronous_engine.hpp(start:1364): 	Active vertices: 0
[0m[1;32mINFO:     synchronous_engine.hpp(start:1427): 1 iterations completed.
[0m[1;32mUpdates: 100000
3-th hop: 893583273 vertex pairs are reached
INFO:     synchronous_engine.hpp(start:1300): Iteration counter will only output every 5 seconds.
[0m[1;32mINFO:     synchronous_engine.hpp(start:1315): 0: Starting iteration: 0
[0mExchange messages...
EXCHANGE: 0.008129
Receive messages...
[1;32mINFO:     synchronous_engine.hpp(start:1364): 	Active vertices: 100000
[0mRECEIVE: 0.014342
Gathering...
GATHER: 0.593195
Applying...
APPLY: 0.084298
Scattering...
[1;32mINFO:     synchronous_engine.hpp(start:1414): 	 Running Aggregators
[0mSCATTER: 0.001723
[1;32mINFO:     synchronous_engine.hpp(start:1315): 0: Starting iteration: 1
[0mExchange messages...
EXCHANGE: 0.010304
Receive messages...
[1;32mINFO:     synchronous_engine.hpp(start:1364): 	Active vertices: 0
[0m[1;32mINFO:     synchronous_engine.hpp(start:1427): 1 iterations completed.
[0m[1;32mUpdates: 100000
4-th hop: 2565094363 vertex pairs are reached
INFO:     synchronous_engine.hpp(start:1300): Iteration counter will only output every 5 seconds.
[0m[1;32mINFO:     synchronous_engine.hpp(start:1315): 0: Starting iteration: 0
[0mExchange messages...
EXCHANGE: 0.008189
Receive messages...
[1;32mINFO:     synchronous_engine.hpp(start:1364): 	Active vertices: 100000
[0mRECEIVE: 0.014034
Gathering...
GATHER: 0.638704
Applying...
APPLY: 0.084403
Scattering...
[1;32mINFO:     synchronous_engine.hpp(start:1414): 	 Running Aggregators
[0mSCATTER: 0.001785
[1;32mINFO:     synchronous_engine.hpp(start:1315): 0: Starting iteration: 1
[0mExchange messages...
EXCHANGE: 0.010248
Receive messages...
[1;32mINFO:     synchronous_engine.hpp(start:1364): 	Active vertices: 0
[0m[1;32mINFO:     synchronous_engine.hpp(start:1427): 1 iterations completed.
[0m[1;32mUpdates: 100000
5-th hop: 3350805342 vertex pairs are reached
INFO:     synchronous_engine.hpp(start:1300): Iteration counter will only output every 5 seconds.
[0m[1;32mINFO:     synchronous_engine.hpp(start:1315): 0: Starting iteration: 0
[0mExchange messages...
EXCHANGE: 0.009001
Receive messages...
[1;32mINFO:     synchronous_engine.hpp(start:1364): 	Active vertices: 100000
[0mRECEIVE: 0.014956
Gathering...
GATHER: 0.662659
Applying...
APPLY: 0.084503
Scattering...
[1;32mINFO:     synchronous_engine.hpp(start:1414): 	 Running Aggregators
[0mSCATTER: 0.001954
[1;32mINFO:     synchronous_engine.hpp(start:1315): 0: Starting iteration: 1
[0mExchange messages...
EXCHANGE: 0.010188
Receive messages...
[1;32mINFO:     synchronous_engine.hpp(start:1364): 	Active vertices: 0
[0m[1;32mINFO:     synchronous_engine.hpp(start:1427): 1 iterations completed.
[0m[1;32mUpdates: 100000
6-th hop: 3664257552 vertex pairs are reached
INFO:     synchronous_engine.hpp(start:1300): Iteration counter will only output every 5 seconds.
[0m[1;32mINFO:     synchronous_engine.hpp(start:1315): 0: Starting iteration: 0
[0mExchange messages...
EXCHANGE: 0.008893
Receive messages...
[1;32mINFO:     synchronous_engine.hpp(start:1364): 	Active vertices: 100000
[0mRECEIVE: 0.017652
Gathering...
GATHER: 0.675426
Applying...
APPLY: 0.085559
Scattering...
[1;32mINFO:     synchronous_engine.hpp(start:1414): 	 Running Aggregators
[0mSCATTER: 0.001823
[1;32mINFO:     synchronous_engine.hpp(start:1315): 0: Starting iteration: 1
[0mExchange messages...
EXCHANGE: 0.009954
Receive messages...
[1;32mINFO:     synchronous_engine.hpp(start:1364): 	Active vertices: 0
[0m[1;32mINFO:     synchronous_engine.hpp(start:1427): 1 iterations completed.
[0m[1;32mUpdates: 100000
7-th hop: 3812597760 vertex pairs are reached
INFO:     synchronous_engine.hpp(start:1300): Iteration counter will only output every 5 seconds.
[0m[1;32mINFO:     synchronous_engine.hpp(start:1315): 0: Starting iteration: 0
[0mExchange messages...
EXCHANGE: 0.009029
Receive messages...
[1;32mINFO:     synchronous_engine.hpp(start:1364): 	Active vertices: 100000
[0mRECEIVE: 0.020589
Gathering...
GATHER: 0.6904
Applying...
APPLY: 0.086949
Scattering...
[1;32mINFO:     synchronous_engine.hpp(start:1414): 	 Running Aggregators
[0mSCATTER: 0.001813
[1;32mINFO:     synchronous_engine.hpp(start:1315): 0: Starting iteration: 1
[0mExchange messages...
EXCHANGE: 0.009055
Receive messages...
[1;32mINFO:     synchronous_engine.hpp(start:1364): 	Active vertices: 0
[0m[1;32mINFO:     synchronous_engine.hpp(start:1427): 1 iterations completed.
[0m[1;32mUpdates: 100000
8-th hop: 3887271008 vertex pairs are reached
INFO:     synchronous_engine.hpp(start:1300): Iteration counter will only output every 5 seconds.
[0m[1;32mINFO:     synchronous_engine.hpp(start:1315): 0: Starting iteration: 0
[0mExchange messages...
EXCHANGE: 0.011595
Receive messages...
[1;32mINFO:     synchronous_engine.hpp(start:1364): 	Active vertices: 100000
[0mRECEIVE: 0.01249
Gathering...
GATHER: 0.741066
Applying...
APPLY: 0.085801
Scattering...
[1;32mINFO:     synchronous_engine.hpp(start:1414): 	 Running Aggregators
[0mSCATTER: 0.001799
[1;32mINFO:     synchronous_engine.hpp(start:1315): 0: Starting iteration: 1
[0mExchange messages...
EXCHANGE: 0.010144
Receive messages...
[1;32mINFO:     synchronous_engine.hpp(start:1364): 	Active vertices: 0
[0m[1;32mINFO:     synchronous_engine.hpp(start:1427): 1 iterations completed.
[0m[1;32mUpdates: 100000
9-th hop: 3925486578 vertex pairs are reached
INFO:     synchronous_engine.hpp(start:1300): Iteration counter will only output every 5 seconds.
[0m[1;32mINFO:     synchronous_engine.hpp(start:1315): 0: Starting iteration: 0
[0mExchange messages...
EXCHANGE: 0.007992
Receive messages...
[1;32mINFO:     synchronous_engine.hpp(start:1364): 	Active vertices: 100000
[0mRECEIVE: 0.011599
Gathering...
GATHER: 0.74294
Applying...
APPLY: 0.089421
Scattering...
[1;32mINFO:     synchronous_engine.hpp(start:1414): 	 Running Aggregators
[0mSCATTER: 0.001868
[1;32mINFO:     synchronous_engine.hpp(start:1315): 0: Starting iteration: 1
[0mExchange messages...
EXCHANGE: 0.010208
Receive messages...
[1;32mINFO:     synchronous_engine.hpp(start:1364): 	Active vertices: 0
[0m[1;32mINFO:     synchronous_engine.hpp(start:1427): 1 iterations completed.
[0m[1;32mUpdates: 100000
10-th hop: 3944216451 vertex pairs are reached
INFO:     synchronous_engine.hpp(start:1300): Iteration counter will only output every 5 seconds.
[0m[1;32mINFO:     synchronous_engine.hpp(start:1315): 0: Starting iteration: 0
[0mExchange messages...
EXCHANGE: 0.008003
Receive messages...
[1;32mINFO:     synchronous_engine.hpp(start:1364): 	Active vertices: 100000
[0mRECEIVE: 0.011079
Gathering...
GATHER: 0.807863
Applying...
APPLY: 0.088767
Scattering...
[1;32mINFO:     synchronous_engine.hpp(start:1414): 	 Running Aggregators
[0mSCATTER: 0.001838
[1;32mINFO:     synchronous_engine.hpp(start:1315): 0: Starting iteration: 1
[0mExchange messages...
EXCHANGE: 0.010088
Receive messages...
[1;32mINFO:     synchronous_engine.hpp(start:1364): 	Active vertices: 0
[0m[1;32mINFO:     synchronous_engine.hpp(start:1427): 1 iterations completed.
[0m[1;32mUpdates: 100000
11-th hop: 3953101624 vertex pairs are reached
INFO:     synchronous_engine.hpp(start:1300): Iteration counter will only output every 5 seconds.
[0m[1;32mINFO:     synchronous_engine.hpp(start:1315): 0: Starting iteration: 0
[0mExchange messages...
EXCHANGE: 0.007996
Receive messages...
[1;32mINFO:     synchronous_engine.hpp(start:1364): 	Active vertices: 100000
[0mRECEIVE: 0.012115
Gathering...
GATHER: 0.803685
Applying...
APPLY: 0.089658
Scattering...
[1;32mINFO:     synchronous_engine.hpp(start:1414): 	 Running Aggregators
[0mSCATTER: 0.001756
[1;32mINFO:     synchronous_engine.hpp(start:1315): 0: Starting iteration: 1
[0mExchange messages...
EXCHANGE: 0.010276
Receive messages...
[1;32mINFO:     synchronous_engine.hpp(start:1364): 	Active vertices: 0
[0m[1;32mINFO:     synchronous_engine.hpp(start:1427): 1 iterations completed.
[0m[1;32mUpdates: 100000
12-th hop: 3956976921 vertex pairs are reached
INFO:     synchronous_engine.hpp(start:1300): Iteration counter will only output every 5 seconds.
[0m[1;32mINFO:     synchronous_engine.hpp(start:1315): 0: Starting iteration: 0
[0mExchange messages...
EXCHANGE: 0.009028
Receive messages...
[1;32mINFO:     synchronous_engine.hpp(start:1364): 	Active vertices: 100000
[0mRECEIVE: 0.01292
Gathering...
GATHER: 0.845722
Applying...
APPLY: 0.089727
Scattering...
[1;32mINFO:     synchronous_engine.hpp(start:1414): 	 Running Aggregators
[0mSCATTER: 0.001913
[1;32mINFO:     synchronous_engine.hpp(start:1315): 0: Starting iteration: 1
[0mExchange messages...
EXCHANGE: 0.010249
Receive messages...
[1;32mINFO:     synchronous_engine.hpp(start:1364): 	Active vertices: 0
[0m[1;32mINFO:     synchronous_engine.hpp(start:1427): 1 iterations completed.
[0m[1;32mUpdates: 100000
13-th hop: 3958459901 vertex pairs are reached
INFO:     synchronous_engine.hpp(start:1300): Iteration counter will only output every 5 seconds.
[0m[1;32mINFO:     synchronous_engine.hpp(start:1315): 0: Starting iteration: 0
[0mExchange messages...
EXCHANGE: 0.008692
Receive messages...
[1;32mINFO:     synchronous_engine.hpp(start:1364): 	Active vertices: 100000
[0mRECEIVE: 0.013319
Gathering...
GATHER: 0.886834
Applying...
APPLY: 0.092992
Scattering...
[1;32mINFO:     synchronous_engine.hpp(start:1414): 	 Running Aggregators
[0mSCATTER: 0.001859
[1;32mINFO:     synchronous_engine.hpp(start:1315): 0: Starting iteration: 1
[0mExchange messages...
EXCHANGE: 0.010453
Receive messages...
[1;32mINFO:     synchronous_engine.hpp(start:1364): 	Active vertices: 0
[0m[1;32mINFO:     synchronous_engine.hpp(start:1427): 1 iterations completed.
[0m[1;32mUpdates: 100000
14-th hop: 3958996561 vertex pairs are reached
INFO:     synchronous_engine.hpp(start:1300): Iteration counter will only output every 5 seconds.
[0m[1;32mINFO:     synchronous_engine.hpp(start:1315): 0: Starting iteration: 0
[0mExchange messages...
EXCHANGE: 0.01191
Receive messages...
[1;32mINFO:     synchronous_engine.hpp(start:1364): 	Active vertices: 100000
[0mRECEIVE: 0.012431
Gathering...
GATHER: 0.922574
Applying...
APPLY: 0.092306
Scattering...
[1;32mINFO:     synchronous_engine.hpp(start:1414): 	 Running Aggregators
[0mSCATTER: 0.001889
[1;32mINFO:     synchronous_engine.hpp(start:1315): 0: Starting iteration: 1
[0mExchange messages...
EXCHANGE: 0.010382
Receive messages...
[1;32mINFO:     synchronous_engine.hpp(start:1364): 	Active vertices: 0
[0m[1;32mINFO:     synchronous_engine.hpp(start:1427): 1 iterations completed.
[0mUpdates: 100000
15-th hop: 3959279197 vertex pairs are reached
converge
TIME: 13.2956
CLOCKTIME: 793.259
graph calculation time is 15 sec
The approximate diameter is 14
	Command being timed: "/home/cpennycu/graphlab/release/toolkits/graph_analytics/approximate_diameter /home/cpennycu/gdata/er/eru-0-100000-32.snap --format snap"
	User time (seconds): 645.60
	System time (seconds): 168.37
	Percent of CPU this job got: 4019%
	Elapsed (wall clock) time (h:mm:ss or m:ss): 0:20.24
	Average shared text size (kbytes): 0
	Average unshared data size (kbytes): 0
	Average stack size (kbytes): 0
	Average total size (kbytes): 0
	Maximum resident set size (kbytes): 377008
	Average resident set size (kbytes): 0
	Major (requiring I/O) page faults: 0
	Minor (reclaiming a frame) page faults: 45253
	Voluntary context switches: 63588
	Involuntary context switches: 12763
	Swaps: 0
	File system inputs: 0
	File system outputs: 0
	Socket messages sent: 0
	Socket messages received: 0
	Signals delivered: 0
	Page size (bytes): 4096
	Exit status: 0
