Approximate graph diameter

GRAPHLAB_SUBNET_ID/GRAPHLAB_SUBNET_MASK environment variables not defined.
Using default values
Subnet ID: 0.0.0.0
Subnet Mask: 0.0.0.0
Will find first IPv4 non-loopback address matching the subnet
[1;32mINFO:     dc.cpp(init:573): Cluster of 1 instances created.
[0m[1;32mINFO:     distributed_graph.hpp(set_ingress_method:3201): Automatically determine ingress method: grid
[0mLoading graph in format: snap
[1;32mINFO:     distributed_graph.hpp(load_from_posixfs:2190): Loading graph from file: /home/cpennycu/gdata/sf/sf-0-1000-2.2.snap.3_of_4
[0m[1;32mINFO:     distributed_graph.hpp(load_from_posixfs:2190): Loading graph from file: /home/cpennycu/gdata/sf/sf-0-1000-2.2.snap.1_of_4
[0m[1;32mINFO:     distributed_graph.hpp(load_from_posixfs:2190): Loading graph from file: /home/cpennycu/gdata/sf/sf-0-1000-2.2.snap.2_of_4
[0m[1;32mINFO:     distributed_graph.hpp(load_from_posixfs:2190): Loading graph from file: /home/cpennycu/gdata/sf/sf-0-1000-2.2.snap.4_of_4
[0m[1;32mINFO:     distributed_ingress_base.hpp(finalize:199): Finalizing Graph...
[0m[1;32mINFO:     distributed_ingress_base.hpp(exchange_global_info:546): Graph info: 
	 nverts: 1000
	 nedges: 2178
	 nreplicas: 1000
	 replication factor: 1
[0m[1;32mINFO:     distributed_ingress_base.hpp(finalize:199): Finalizing Graph...
[0m[1;32mINFO:     synchronous_engine.hpp(start:1300): Iteration counter will only output every 5 seconds.
[0m[1;32mINFO:     synchronous_engine.hpp(start:1315): 0: Starting iteration: 0
[0mExchange messages...
EXCHANGE: 0.003646
Receive messages...
[1;32mINFO:     synchronous_engine.hpp(start:1364): 	Active vertices: 1000
[0mRECEIVE: 0.002765
Gathering...
GATHER: 0.00783
Applying...
APPLY: 0.00477
Scattering...
[1;32mINFO:     synchronous_engine.hpp(start:1414): 	 Running Aggregators
[0mSCATTER: 0.001376
[1;32mINFO:     synchronous_engine.hpp(start:1315): 0: Starting iteration: 1
[0mExchange messages...
EXCHANGE: 0.006678
Receive messages...
[1;32mINFO:     synchronous_engine.hpp(start:1364): 	Active vertices: 0
[0m[1;32mINFO:     synchronous_engine.hpp(start:1427): 1 iterations completed.
[0m[1;32mUpdates: 1000
1-th hop: 3182 vertex pairs are reached
INFO:     synchronous_engine.hpp(start:1300): Iteration counter will only output every 5 seconds.
[0m[1;32mINFO:     synchronous_engine.hpp(start:1315): 0: Starting iteration: 0
[0mExchange messages...
EXCHANGE: 0.006058
Receive messages...
[1;32mINFO:     synchronous_engine.hpp(start:1364): 	Active vertices: 1000
[0mRECEIVE: 0.009177
Gathering...
GATHER: 0.00853
Applying...
APPLY: 0.008372
Scattering...
[1;32mINFO:     synchronous_engine.hpp(start:1414): 	 Running Aggregators
[0mSCATTER: 0.001555
[1;32mINFO:     synchronous_engine.hpp(start:1315): 0: Starting iteration: 1
[0mExchange messages...
EXCHANGE: 0.008086
Receive messages...
[1;32mINFO:     synchronous_engine.hpp(start:1364): 	Active vertices: 0
[0m[1;32mINFO:     synchronous_engine.hpp(start:1427): 1 iterations completed.
[0m[1;32mUpdates: 1000
2-th hop: 8061 vertex pairs are reached
INFO:     synchronous_engine.hpp(start:1300): Iteration counter will only output every 5 seconds.
[0m[1;32mINFO:     synchronous_engine.hpp(start:1315): 0: Starting iteration: 0
[0mExchange messages...
EXCHANGE: 0.009492
Receive messages...
[1;32mINFO:     synchronous_engine.hpp(start:1364): 	Active vertices: 1000
[0mRECEIVE: 0.006428
Gathering...
GATHER: 0.008965
Applying...
APPLY: 0.009098
Scattering...
[1;32mINFO:     synchronous_engine.hpp(start:1414): 	 Running Aggregators
[0mSCATTER: 0.001697
[1;32mINFO:     synchronous_engine.hpp(start:1315): 0: Starting iteration: 1
[0mExchange messages...
EXCHANGE: 0.008821
Receive messages...
[1;32mINFO:     synchronous_engine.hpp(start:1364): 	Active vertices: 0
[0m[1;32mINFO:     synchronous_engine.hpp(start:1427): 1 iterations completed.
[0m[1;32mUpdates: 1000
3-th hop: 17883 vertex pairs are reached
INFO:     synchronous_engine.hpp(start:1300): Iteration counter will only output every 5 seconds.
[0m[1;32mINFO:     synchronous_engine.hpp(start:1315): 0: Starting iteration: 0
[0mExchange messages...
EXCHANGE: 0.011212
Receive messages...
[1;32mINFO:     synchronous_engine.hpp(start:1364): 	Active vertices: 1000
[0mRECEIVE: 0.006768
Gathering...
GATHER: 0.00768
Applying...
APPLY: 0.009
Scattering...
[1;32mINFO:     synchronous_engine.hpp(start:1414): 	 Running Aggregators
[0mSCATTER: 0.001738
[1;32mINFO:     synchronous_engine.hpp(start:1315): 0: Starting iteration: 1
[0mExchange messages...
EXCHANGE: 0.00819
Receive messages...
[1;32mINFO:     synchronous_engine.hpp(start:1364): 	Active vertices: 0
[0m[1;32mINFO:     synchronous_engine.hpp(start:1427): 1 iterations completed.
[0m[1;32mUpdates: 1000
4-th hop: 38598 vertex pairs are reached
INFO:     synchronous_engine.hpp(start:1300): Iteration counter will only output every 5 seconds.
[0m[1;32mINFO:     synchronous_engine.hpp(start:1315): 0: Starting iteration: 0
[0mExchange messages...
EXCHANGE: 0.009606
Receive messages...
[1;32mINFO:     synchronous_engine.hpp(start:1364): 	Active vertices: 1000
[0mRECEIVE: 0.012124
Gathering...
GATHER: 0.011115
Applying...
APPLY: 0.008049
Scattering...
[1;32mINFO:     synchronous_engine.hpp(start:1414): 	 Running Aggregators
[0mSCATTER: 0.001669
[1;32mINFO:     synchronous_engine.hpp(start:1315): 0: Starting iteration: 1
[0mExchange messages...
EXCHANGE: 0.008143
Receive messages...
[1;32mINFO:     synchronous_engine.hpp(start:1364): 	Active vertices: 0
[0m[1;32mINFO:     synchronous_engine.hpp(start:1427): 1 iterations completed.
[0m[1;32mUpdates: 1000
5-th hop: 81002 vertex pairs are reached
INFO:     synchronous_engine.hpp(start:1300): Iteration counter will only output every 5 seconds.
[0m[1;32mINFO:     synchronous_engine.hpp(start:1315): 0: Starting iteration: 0
[0mExchange messages...
EXCHANGE: 0.01012
Receive messages...
[1;32mINFO:     synchronous_engine.hpp(start:1364): 	Active vertices: 1000
[0mRECEIVE: 0.008467
Gathering...
GATHER: 0.01356
Applying...
APPLY: 0.008321
Scattering...
[1;32mINFO:     synchronous_engine.hpp(start:1414): 	 Running Aggregators
[0mSCATTER: 0.001682
[1;32mINFO:     synchronous_engine.hpp(start:1315): 0: Starting iteration: 1
[0mExchange messages...
EXCHANGE: 0.009283
Receive messages...
[1;32mINFO:     synchronous_engine.hpp(start:1364): 	Active vertices: 0
[0m[1;32mINFO:     synchronous_engine.hpp(start:1427): 1 iterations completed.
[0m[1;32mUpdates: 1000
6-th hop: 161274 vertex pairs are reached
INFO:     synchronous_engine.hpp(start:1300): Iteration counter will only output every 5 seconds.
[0m[1;32mINFO:     synchronous_engine.hpp(start:1315): 0: Starting iteration: 0
[0mExchange messages...
EXCHANGE: 0.012498
Receive messages...
[1;32mINFO:     synchronous_engine.hpp(start:1364): 	Active vertices: 1000
[0mRECEIVE: 0.007974
Gathering...
GATHER: 0.008856
Applying...
APPLY: 0.008636
Scattering...
[1;32mINFO:     synchronous_engine.hpp(start:1414): 	 Running Aggregators
[0mSCATTER: 0.001596
[1;32mINFO:     synchronous_engine.hpp(start:1315): 0: Starting iteration: 1
[0mExchange messages...
EXCHANGE: 0.007774
Receive messages...
[1;32mINFO:     synchronous_engine.hpp(start:1364): 	Active vertices: 0
[0m[1;32mINFO:     synchronous_engine.hpp(start:1427): 1 iterations completed.
[0m[1;32mUpdates: 1000
7-th hop: 301390 vertex pairs are reached
INFO:     synchronous_engine.hpp(start:1300): Iteration counter will only output every 5 seconds.
[0m[1;32mINFO:     synchronous_engine.hpp(start:1315): 0: Starting iteration: 0
[0mExchange messages...
EXCHANGE: 0.012273
Receive messages...
[1;32mINFO:     synchronous_engine.hpp(start:1364): 	Active vertices: 1000
[0mRECEIVE: 0.014708
Gathering...
GATHER: 0.010005
Applying...
APPLY: 0.008723
Scattering...
[1;32mINFO:     synchronous_engine.hpp(start:1414): 	 Running Aggregators
[0mSCATTER: 0.001705
[1;32mINFO:     synchronous_engine.hpp(start:1315): 0: Starting iteration: 1
[0mExchange messages...
EXCHANGE: 0.007721
Receive messages...
[1;32mINFO:     synchronous_engine.hpp(start:1364): 	Active vertices: 0
[0m[1;32mINFO:     synchronous_engine.hpp(start:1427): 1 iterations completed.
[0m[1;32mUpdates: 1000
8-th hop: 519342 vertex pairs are reached
INFO:     synchronous_engine.hpp(start:1300): Iteration counter will only output every 5 seconds.
[0m[1;32mINFO:     synchronous_engine.hpp(start:1315): 0: Starting iteration: 0
[0mExchange messages...
EXCHANGE: 0.021831
Receive messages...
[1;32mINFO:     synchronous_engine.hpp(start:1364): 	Active vertices: 1000
[0mRECEIVE: 0.011522
Gathering...
GATHER: 0.01143
Applying...
APPLY: 0.009033
Scattering...
[1;32mINFO:     synchronous_engine.hpp(start:1414): 	 Running Aggregators
[0mSCATTER: 0.001585
[1;32mINFO:     synchronous_engine.hpp(start:1315): 0: Starting iteration: 1
[0mExchange messages...
EXCHANGE: 0.007397
Receive messages...
[1;32mINFO:     synchronous_engine.hpp(start:1364): 	Active vertices: 0
[0m[1;32mINFO:     synchronous_engine.hpp(start:1427): 1 iterations completed.
[0m[1;32mUpdates: 1000
9-th hop: 798195 vertex pairs are reached
INFO:     synchronous_engine.hpp(start:1300): Iteration counter will only output every 5 seconds.
[0m[1;32mINFO:     synchronous_engine.hpp(start:1315): 0: Starting iteration: 0
[0mExchange messages...
EXCHANGE: 0.007255
Receive messages...
[1;32mINFO:     synchronous_engine.hpp(start:1364): 	Active vertices: 1000
[0mRECEIVE: 0.014773
Gathering...
GATHER: 0.010371
Applying...
APPLY: 0.009436
Scattering...
[1;32mINFO:     synchronous_engine.hpp(start:1414): 	 Running Aggregators
[0mSCATTER: 0.001639
[1;32mINFO:     synchronous_engine.hpp(start:1315): 0: Starting iteration: 1
[0mExchange messages...
EXCHANGE: 0.009334
Receive messages...
[1;32mINFO:     synchronous_engine.hpp(start:1364): 	Active vertices: 0
[0m[1;32mINFO:     synchronous_engine.hpp(start:1427): 1 iterations completed.
[0m[1;32mUpdates: 1000
10-th hop: 1043175 vertex pairs are reached
INFO:     synchronous_engine.hpp(start:1300): Iteration counter will only output every 5 seconds.
[0m[1;32mINFO:     synchronous_engine.hpp(start:1315): 0: Starting iteration: 0
[0mExchange messages...
EXCHANGE: 0.020251
Receive messages...
[1;32mINFO:     synchronous_engine.hpp(start:1364): 	Active vertices: 1000
[0mRECEIVE: 0.008626
Gathering...
GATHER: 0.009275
Applying...
APPLY: 0.00975
Scattering...
[1;32mINFO:     synchronous_engine.hpp(start:1414): 	 Running Aggregators
[0mSCATTER: 0.001699
[1;32mINFO:     synchronous_engine.hpp(start:1315): 0: Starting iteration: 1
[0mExchange messages...
EXCHANGE: 0.009198
Receive messages...
[1;32mINFO:     synchronous_engine.hpp(start:1364): 	Active vertices: 0
[0m[1;32mINFO:     synchronous_engine.hpp(start:1427): 1 iterations completed.
[0m[1;32mUpdates: 1000
11-th hop: 1220067 vertex pairs are reached
INFO:     synchronous_engine.hpp(start:1300): Iteration counter will only output every 5 seconds.
[0m[1;32mINFO:     synchronous_engine.hpp(start:1315): 0: Starting iteration: 0
[0mExchange messages...
EXCHANGE: 0.020946
Receive messages...
[1;32mINFO:     synchronous_engine.hpp(start:1364): 	Active vertices: 1000
[0mRECEIVE: 0.008462
Gathering...
GATHER: 0.009172
Applying...
APPLY: 0.00742
Scattering...
[1;32mINFO:     synchronous_engine.hpp(start:1414): 	 Running Aggregators
[0mSCATTER: 0.001759
[1;32mINFO:     synchronous_engine.hpp(start:1315): 0: Starting iteration: 1
[0mExchange messages...
EXCHANGE: 0.007962
Receive messages...
[1;32mINFO:     synchronous_engine.hpp(start:1364): 	Active vertices: 0
[0m[1;32mINFO:     synchronous_engine.hpp(start:1427): 1 iterations completed.
[0m[1;32mUpdates: 1000
12-th hop: 1384810 vertex pairs are reached
INFO:     synchronous_engine.hpp(start:1300): Iteration counter will only output every 5 seconds.
[0m[1;32mINFO:     synchronous_engine.hpp(start:1315): 0: Starting iteration: 0
[0mExchange messages...
EXCHANGE: 0.007194
Receive messages...
[1;32mINFO:     synchronous_engine.hpp(start:1364): 	Active vertices: 1000
[0mRECEIVE: 0.015554
Gathering...
GATHER: 0.009385
Applying...
APPLY: 0.009085
Scattering...
[1;32mINFO:     synchronous_engine.hpp(start:1414): 	 Running Aggregators
[0mSCATTER: 0.001704
[1;32mINFO:     synchronous_engine.hpp(start:1315): 0: Starting iteration: 1
[0mExchange messages...
EXCHANGE: 0.008993
Receive messages...
[1;32mINFO:     synchronous_engine.hpp(start:1364): 	Active vertices: 0
[0m[1;32mINFO:     synchronous_engine.hpp(start:1427): 1 iterations completed.
[0m[1;32mUpdates: 1000
13-th hop: 1541015 vertex pairs are reached
INFO:     synchronous_engine.hpp(start:1300): Iteration counter will only output every 5 seconds.
[0m[1;32mINFO:     synchronous_engine.hpp(start:1315): 0: Starting iteration: 0
[0mExchange messages...
EXCHANGE: 0.023649
Receive messages...
[1;32mINFO:     synchronous_engine.hpp(start:1364): 	Active vertices: 1000
[0mRECEIVE: 0.007588
Gathering...
GATHER: 0.008872
Applying...
APPLY: 0.008997
Scattering...
[1;32mINFO:     synchronous_engine.hpp(start:1414): 	 Running Aggregators
[0mSCATTER: 0.001601
[1;32mINFO:     synchronous_engine.hpp(start:1315): 0: Starting iteration: 1
[0mExchange messages...
EXCHANGE: 0.008626
Receive messages...
[1;32mINFO:     synchronous_engine.hpp(start:1364): 	Active vertices: 0
[0m[1;32mINFO:     synchronous_engine.hpp(start:1427): 1 iterations completed.
[0m[1;32mUpdates: 1000
14-th hop: 1652266 vertex pairs are reached
INFO:     synchronous_engine.hpp(start:1300): Iteration counter will only output every 5 seconds.
[0m[1;32mINFO:     synchronous_engine.hpp(start:1315): 0: Starting iteration: 0
[0mExchange messages...
EXCHANGE: 0.022053
Receive messages...
[1;32mINFO:     synchronous_engine.hpp(start:1364): 	Active vertices: 1000
[0mRECEIVE: 0.009083
Gathering...
GATHER: 0.008558
Applying...
APPLY: 0.008632
Scattering...
[1;32mINFO:     synchronous_engine.hpp(start:1414): 	 Running Aggregators
[0mSCATTER: 0.001551
[1;32mINFO:     synchronous_engine.hpp(start:1315): 0: Starting iteration: 1
[0mExchange messages...
EXCHANGE: 0.008292
Receive messages...
[1;32mINFO:     synchronous_engine.hpp(start:1364): 	Active vertices: 0
[0m[1;32mINFO:     synchronous_engine.hpp(start:1427): 1 iterations completed.
[0m[1;32mUpdates: 1000
15-th hop: 1707431 vertex pairs are reached
INFO:     synchronous_engine.hpp(start:1300): Iteration counter will only output every 5 seconds.
[0m[1;32mINFO:     synchronous_engine.hpp(start:1315): 0: Starting iteration: 0
[0mExchange messages...
EXCHANGE: 0.021787
Receive messages...
[1;32mINFO:     synchronous_engine.hpp(start:1364): 	Active vertices: 1000
[0mRECEIVE: 0.00831
Gathering...
GATHER: 0.009031
Applying...
APPLY: 0.008926
Scattering...
[1;32mINFO:     synchronous_engine.hpp(start:1414): 	 Running Aggregators
[0mSCATTER: 0.001625
[1;32mINFO:     synchronous_engine.hpp(start:1315): 0: Starting iteration: 1
[0mExchange messages...
EXCHANGE: 0.008759
Receive messages...
[1;32mINFO:     synchronous_engine.hpp(start:1364): 	Active vertices: 0
[0m[1;32mINFO:     synchronous_engine.hpp(start:1427): 1 iterations completed.
[0m[1;32mUpdates: 1000
16-th hop: 1761165 vertex pairs are reached
INFO:     synchronous_engine.hpp(start:1300): Iteration counter will only output every 5 seconds.
[0m[1;32mINFO:     synchronous_engine.hpp(start:1315): 0: Starting iteration: 0
[0mExchange messages...
EXCHANGE: 0.019384
Receive messages...
[1;32mINFO:     synchronous_engine.hpp(start:1364): 	Active vertices: 1000
[0mRECEIVE: 0.012332
Gathering...
GATHER: 0.009365
Applying...
APPLY: 0.009057
Scattering...
[1;32mINFO:     synchronous_engine.hpp(start:1414): 	 Running Aggregators
[0mSCATTER: 0.001655
[1;32mINFO:     synchronous_engine.hpp(start:1315): 0: Starting iteration: 1
[0mExchange messages...
EXCHANGE: 0.009087
Receive messages...
[1;32mINFO:     synchronous_engine.hpp(start:1364): 	Active vertices: 0
[0m[1;32mINFO:     synchronous_engine.hpp(start:1427): 1 iterations completed.
[0m[1;32mUpdates: 1000
17-th hop: 1820970 vertex pairs are reached
INFO:     synchronous_engine.hpp(start:1300): Iteration counter will only output every 5 seconds.
[0m[1;32mINFO:     synchronous_engine.hpp(start:1315): 0: Starting iteration: 0
[0mExchange messages...
EXCHANGE: 0.011484
Receive messages...
[1;32mINFO:     synchronous_engine.hpp(start:1364): 	Active vertices: 1000
[0mRECEIVE: 0.010393
Gathering...
GATHER: 0.008063
Applying...
APPLY: 0.010112
Scattering...
[1;32mINFO:     synchronous_engine.hpp(start:1414): 	 Running Aggregators
[0mSCATTER: 0.001689
[1;32mINFO:     synchronous_engine.hpp(start:1315): 0: Starting iteration: 1
[0mExchange messages...
EXCHANGE: 0.00906
Receive messages...
[1;32mINFO:     synchronous_engine.hpp(start:1364): 	Active vertices: 0
[0m[1;32mINFO:     synchronous_engine.hpp(start:1427): 1 iterations completed.
[0m[1;32mUpdates: 1000
18-th hop: 1861551 vertex pairs are reached
INFO:     synchronous_engine.hpp(start:1300): Iteration counter will only output every 5 seconds.
[0m[1;32mINFO:     synchronous_engine.hpp(start:1315): 0: Starting iteration: 0
[0mExchange messages...
EXCHANGE: 0.006579
Receive messages...
[1;32mINFO:     synchronous_engine.hpp(start:1364): 	Active vertices: 1000
[0mRECEIVE: 0.006621
Gathering...
GATHER: 0.006877
Applying...
APPLY: 0.008378
Scattering...
[1;32mINFO:     synchronous_engine.hpp(start:1414): 	 Running Aggregators
[0mSCATTER: 0.001728
[1;32mINFO:     synchronous_engine.hpp(start:1315): 0: Starting iteration: 1
[0mExchange messages...
EXCHANGE: 0.009551
Receive messages...
[1;32mINFO:     synchronous_engine.hpp(start:1364): 	Active vertices: 0
[0m[1;32mINFO:     synchronous_engine.hpp(start:1427): 1 iterations completed.
[0m[1;32mUpdates: 1000
19-th hop: 1870542 vertex pairs are reached
INFO:     synchronous_engine.hpp(start:1300): Iteration counter will only output every 5 seconds.
[0m[1;32mINFO:     synchronous_engine.hpp(start:1315): 0: Starting iteration: 0
[0mExchange messages...
EXCHANGE: 0.006964
Receive messages...
[1;32mINFO:     synchronous_engine.hpp(start:1364): 	Active vertices: 1000
[0mRECEIVE: 0.006795
Gathering...
GATHER: 0.00704
Applying...
APPLY: 0.008621
Scattering...
[1;32mINFO:     synchronous_engine.hpp(start:1414): 	 Running Aggregators
[0mSCATTER: 0.001948
[1;32mINFO:     synchronous_engine.hpp(start:1315): 0: Starting iteration: 1
[0mExchange messages...
EXCHANGE: 0.009465
Receive messages...
[1;32mINFO:     synchronous_engine.hpp(start:1364): 	Active vertices: 0
[0m[1;32mINFO:     synchronous_engine.hpp(start:1427): 1 iterations completed.
[0m[1;32mUpdates: 1000
20-th hop: 1872000 vertex pairs are reached
INFO:     synchronous_engine.hpp(start:1300): Iteration counter will only output every 5 seconds.
[0m[1;32mINFO:     synchronous_engine.hpp(start:1315): 0: Starting iteration: 0
[0mExchange messages...
EXCHANGE: 0.007318
Receive messages...
[1;32mINFO:     synchronous_engine.hpp(start:1364): 	Active vertices: 1000
[0mRECEIVE: 0.007938
Gathering...
GATHER: 0.006868
Applying...
APPLY: 0.008576
Scattering...
[1;32mINFO:     synchronous_engine.hpp(start:1414): 	 Running Aggregators
[0mSCATTER: 0.001706
[1;32mINFO:     synchronous_engine.hpp(start:1315): 0: Starting iteration: 1
[0mExchange messages...
EXCHANGE: 0.008982
Receive messages...
[1;32mINFO:     synchronous_engine.hpp(start:1364): 	Active vertices: 0
[0m[1;32mINFO:     synchronous_engine.hpp(start:1427): 1 iterations completed.
[0mUpdates: 1000
21-th hop: 1872000 vertex pairs are reached
converge
TIME: 1.57444
CLOCKTIME: 47.3206
graph calculation time is 1 sec
The approximate diameter is 20
	Command being timed: "/home/cpennycu/graphlab/release/toolkits/graph_analytics/approximate_diameter /home/cpennycu/gdata/sf/sf-0-1000-2.2.snap --format snap"
	User time (seconds): 52.90
	System time (seconds): 3.10
	Percent of CPU this job got: 2392%
	Elapsed (wall clock) time (h:mm:ss or m:ss): 0:02.34
	Average shared text size (kbytes): 0
	Average unshared data size (kbytes): 0
	Average stack size (kbytes): 0
	Average total size (kbytes): 0
	Maximum resident set size (kbytes): 23448
	Average resident set size (kbytes): 0
	Major (requiring I/O) page faults: 0
	Minor (reclaiming a frame) page faults: 7402
	Voluntary context switches: 44310
	Involuntary context switches: 13773
	Swaps: 0
	File system inputs: 0
	File system outputs: 0
	Socket messages sent: 0
	Socket messages received: 0
	Signals delivered: 0
	Page size (bytes): 4096
	Exit status: 0
