Approximate graph diameter

GRAPHLAB_SUBNET_ID/GRAPHLAB_SUBNET_MASK environment variables not defined.
Using default values
Subnet ID: 0.0.0.0
Subnet Mask: 0.0.0.0
Will find first IPv4 non-loopback address matching the subnet
[1;32mINFO:     dc.cpp(init:573): Cluster of 1 instances created.
[0m[1;32mINFO:     distributed_graph.hpp(set_ingress_method:3201): Automatically determine ingress method: grid
[0mLoading graph in format: snap
[1;32mINFO:     distributed_graph.hpp(load_from_posixfs:2190): Loading graph from file: /home/cpennycu/gdata/sf/sf-4-1000-2.2.snap.2_of_4
[0m[1;32mINFO:     distributed_graph.hpp(load_from_posixfs:2190): Loading graph from file: /home/cpennycu/gdata/sf/sf-4-1000-2.2.snap.1_of_4
[0m[1;32mINFO:     distributed_graph.hpp(load_from_posixfs:2190): Loading graph from file: /home/cpennycu/gdata/sf/sf-4-1000-2.2.snap.4_of_4
[0m[1;32mINFO:     distributed_graph.hpp(load_from_posixfs:2190): Loading graph from file: /home/cpennycu/gdata/sf/sf-4-1000-2.2.snap.3_of_4
[0m[1;32mINFO:     distributed_ingress_base.hpp(finalize:199): Finalizing Graph...
[0m[1;32mINFO:     distributed_ingress_base.hpp(exchange_global_info:546): Graph info: 
	 nverts: 1000
	 nedges: 2934
	 nreplicas: 1000
	 replication factor: 1
[0m[1;32mINFO:     distributed_ingress_base.hpp(finalize:199): Finalizing Graph...
[0m[1;32mINFO:     synchronous_engine.hpp(start:1300): Iteration counter will only output every 5 seconds.
[0m[1;32mINFO:     synchronous_engine.hpp(start:1315): 0: Starting iteration: 0
[0mExchange messages...
EXCHANGE: 0.003432
Receive messages...
[1;32mINFO:     synchronous_engine.hpp(start:1364): 	Active vertices: 1000
[0mRECEIVE: 0.003082
Gathering...
GATHER: 0.007363
Applying...
APPLY: 0.006462
Scattering...
[1;32mINFO:     synchronous_engine.hpp(start:1414): 	 Running Aggregators
[0mSCATTER: 0.001579
[1;32mINFO:     synchronous_engine.hpp(start:1315): 0: Starting iteration: 1
[0mExchange messages...
EXCHANGE: 0.007064
Receive messages...
[1;32mINFO:     synchronous_engine.hpp(start:1364): 	Active vertices: 0
[0m[1;32mINFO:     synchronous_engine.hpp(start:1427): 1 iterations completed.
[0m[1;32mUpdates: 1000
1-th hop: 3885 vertex pairs are reached
INFO:     synchronous_engine.hpp(start:1300): Iteration counter will only output every 5 seconds.
[0m[1;32mINFO:     synchronous_engine.hpp(start:1315): 0: Starting iteration: 0
[0mExchange messages...
EXCHANGE: 0.006194
Receive messages...
[1;32mINFO:     synchronous_engine.hpp(start:1364): 	Active vertices: 1000
[0mRECEIVE: 0.009378
Gathering...
GATHER: 0.009847
Applying...
APPLY: 0.009199
Scattering...
[1;32mINFO:     synchronous_engine.hpp(start:1414): 	 Running Aggregators
[0mSCATTER: 0.001383
[1;32mINFO:     synchronous_engine.hpp(start:1315): 0: Starting iteration: 1
[0mExchange messages...
EXCHANGE: 0.007203
Receive messages...
[1;32mINFO:     synchronous_engine.hpp(start:1364): 	Active vertices: 0
[0m[1;32mINFO:     synchronous_engine.hpp(start:1427): 1 iterations completed.
[0m[1;32mUpdates: 1000
2-th hop: 12451 vertex pairs are reached
INFO:     synchronous_engine.hpp(start:1300): Iteration counter will only output every 5 seconds.
[0m[1;32mINFO:     synchronous_engine.hpp(start:1315): 0: Starting iteration: 0
[0mExchange messages...
EXCHANGE: 0.021082
Receive messages...
[1;32mINFO:     synchronous_engine.hpp(start:1364): 	Active vertices: 1000
[0mRECEIVE: 0.007367
Gathering...
GATHER: 0.012839
Applying...
APPLY: 0.010747
Scattering...
[1;32mINFO:     synchronous_engine.hpp(start:1414): 	 Running Aggregators
[0mSCATTER: 0.001579
[1;32mINFO:     synchronous_engine.hpp(start:1315): 0: Starting iteration: 1
[0mExchange messages...
EXCHANGE: 0.007563
Receive messages...
[1;32mINFO:     synchronous_engine.hpp(start:1364): 	Active vertices: 0
[0m[1;32mINFO:     synchronous_engine.hpp(start:1427): 1 iterations completed.
[0m[1;32mUpdates: 1000
3-th hop: 30573 vertex pairs are reached
INFO:     synchronous_engine.hpp(start:1300): Iteration counter will only output every 5 seconds.
[0m[1;32mINFO:     synchronous_engine.hpp(start:1315): 0: Starting iteration: 0
[0mExchange messages...
EXCHANGE: 0.006074
Receive messages...
[1;32mINFO:     synchronous_engine.hpp(start:1364): 	Active vertices: 1000
[0mRECEIVE: 0.00635
Gathering...
GATHER: 0.009437
Applying...
APPLY: 0.008701
Scattering...
[1;32mINFO:     synchronous_engine.hpp(start:1414): 	 Running Aggregators
[0mSCATTER: 0.001625
[1;32mINFO:     synchronous_engine.hpp(start:1315): 0: Starting iteration: 1
[0mExchange messages...
EXCHANGE: 0.007215
Receive messages...
[1;32mINFO:     synchronous_engine.hpp(start:1364): 	Active vertices: 0
[0m[1;32mINFO:     synchronous_engine.hpp(start:1427): 1 iterations completed.
[0m[1;32mUpdates: 1000
4-th hop: 55917 vertex pairs are reached
INFO:     synchronous_engine.hpp(start:1300): Iteration counter will only output every 5 seconds.
[0m[1;32mINFO:     synchronous_engine.hpp(start:1315): 0: Starting iteration: 0
[0mExchange messages...
EXCHANGE: 0.006216
Receive messages...
[1;32mINFO:     synchronous_engine.hpp(start:1364): 	Active vertices: 1000
[0mRECEIVE: 0.006245
Gathering...
GATHER: 0.010408
Applying...
APPLY: 0.008164
Scattering...
[1;32mINFO:     synchronous_engine.hpp(start:1414): 	 Running Aggregators
[0mSCATTER: 0.001676
[1;32mINFO:     synchronous_engine.hpp(start:1315): 0: Starting iteration: 1
[0mExchange messages...
EXCHANGE: 0.008399
Receive messages...
[1;32mINFO:     synchronous_engine.hpp(start:1364): 	Active vertices: 0
[0m[1;32mINFO:     synchronous_engine.hpp(start:1427): 1 iterations completed.
[0m[1;32mUpdates: 1000
5-th hop: 106318 vertex pairs are reached
INFO:     synchronous_engine.hpp(start:1300): Iteration counter will only output every 5 seconds.
[0m[1;32mINFO:     synchronous_engine.hpp(start:1315): 0: Starting iteration: 0
[0mExchange messages...
EXCHANGE: 0.006613
Receive messages...
[1;32mINFO:     synchronous_engine.hpp(start:1364): 	Active vertices: 1000
[0mRECEIVE: 0.006856
Gathering...
GATHER: 0.010824
Applying...
APPLY: 0.00746
Scattering...
[1;32mINFO:     synchronous_engine.hpp(start:1414): 	 Running Aggregators
[0mSCATTER: 0.001515
[1;32mINFO:     synchronous_engine.hpp(start:1315): 0: Starting iteration: 1
[0mExchange messages...
EXCHANGE: 0.008366
Receive messages...
[1;32mINFO:     synchronous_engine.hpp(start:1364): 	Active vertices: 0
[0m[1;32mINFO:     synchronous_engine.hpp(start:1427): 1 iterations completed.
[0m[1;32mUpdates: 1000
6-th hop: 215713 vertex pairs are reached
INFO:     synchronous_engine.hpp(start:1300): Iteration counter will only output every 5 seconds.
[0m[1;32mINFO:     synchronous_engine.hpp(start:1315): 0: Starting iteration: 0
[0mExchange messages...
EXCHANGE: 0.006404
Receive messages...
[1;32mINFO:     synchronous_engine.hpp(start:1364): 	Active vertices: 1000
[0mRECEIVE: 0.006441
Gathering...
GATHER: 0.007018
Applying...
APPLY: 0.007589
Scattering...
[1;32mINFO:     synchronous_engine.hpp(start:1414): 	 Running Aggregators
[0mSCATTER: 0.001513
[1;32mINFO:     synchronous_engine.hpp(start:1315): 0: Starting iteration: 1
[0mExchange messages...
EXCHANGE: 0.007211
Receive messages...
[1;32mINFO:     synchronous_engine.hpp(start:1364): 	Active vertices: 0
[0m[1;32mINFO:     synchronous_engine.hpp(start:1427): 1 iterations completed.
[0m[1;32mUpdates: 1000
7-th hop: 366317 vertex pairs are reached
INFO:     synchronous_engine.hpp(start:1300): Iteration counter will only output every 5 seconds.
[0m[1;32mINFO:     synchronous_engine.hpp(start:1315): 0: Starting iteration: 0
[0mExchange messages...
EXCHANGE: 0.006184
Receive messages...
[1;32mINFO:     synchronous_engine.hpp(start:1364): 	Active vertices: 1000
[0mRECEIVE: 0.006138
Gathering...
GATHER: 0.007729
Applying...
APPLY: 0.007263
Scattering...
[1;32mINFO:     synchronous_engine.hpp(start:1414): 	 Running Aggregators
[0mSCATTER: 0.001668
[1;32mINFO:     synchronous_engine.hpp(start:1315): 0: Starting iteration: 1
[0mExchange messages...
EXCHANGE: 0.009126
Receive messages...
[1;32mINFO:     synchronous_engine.hpp(start:1364): 	Active vertices: 0
[0m[1;32mINFO:     synchronous_engine.hpp(start:1427): 1 iterations completed.
[0m[1;32mUpdates: 1000
8-th hop: 478168 vertex pairs are reached
INFO:     synchronous_engine.hpp(start:1300): Iteration counter will only output every 5 seconds.
[0m[1;32mINFO:     synchronous_engine.hpp(start:1315): 0: Starting iteration: 0
[0mExchange messages...
EXCHANGE: 0.006725
Receive messages...
[1;32mINFO:     synchronous_engine.hpp(start:1364): 	Active vertices: 1000
[0mRECEIVE: 0.006255
Gathering...
GATHER: 0.007235
Applying...
APPLY: 0.007943
Scattering...
[1;32mINFO:     synchronous_engine.hpp(start:1414): 	 Running Aggregators
[0mSCATTER: 0.00159
[1;32mINFO:     synchronous_engine.hpp(start:1315): 0: Starting iteration: 1
[0mExchange messages...
EXCHANGE: 0.009052
Receive messages...
[1;32mINFO:     synchronous_engine.hpp(start:1364): 	Active vertices: 0
[0m[1;32mINFO:     synchronous_engine.hpp(start:1427): 1 iterations completed.
[0m[1;32mUpdates: 1000
9-th hop: 596815 vertex pairs are reached
INFO:     synchronous_engine.hpp(start:1300): Iteration counter will only output every 5 seconds.
[0m[1;32mINFO:     synchronous_engine.hpp(start:1315): 0: Starting iteration: 0
[0mExchange messages...
EXCHANGE: 0.00598
Receive messages...
[1;32mINFO:     synchronous_engine.hpp(start:1364): 	Active vertices: 1000
[0mRECEIVE: 0.006472
Gathering...
GATHER: 0.006929
Applying...
APPLY: 0.007336
Scattering...
[1;32mINFO:     synchronous_engine.hpp(start:1414): 	 Running Aggregators
[0mSCATTER: 0.001603
[1;32mINFO:     synchronous_engine.hpp(start:1315): 0: Starting iteration: 1
[0mExchange messages...
EXCHANGE: 0.007572
Receive messages...
[1;32mINFO:     synchronous_engine.hpp(start:1364): 	Active vertices: 0
[0m[1;32mINFO:     synchronous_engine.hpp(start:1427): 1 iterations completed.
[0m[1;32mUpdates: 1000
10-th hop: 655201 vertex pairs are reached
INFO:     synchronous_engine.hpp(start:1300): Iteration counter will only output every 5 seconds.
[0m[1;32mINFO:     synchronous_engine.hpp(start:1315): 0: Starting iteration: 0
[0mExchange messages...
EXCHANGE: 0.006192
Receive messages...
[1;32mINFO:     synchronous_engine.hpp(start:1364): 	Active vertices: 1000
[0mRECEIVE: 0.006422
Gathering...
GATHER: 0.00706
Applying...
APPLY: 0.007384
Scattering...
[1;32mINFO:     synchronous_engine.hpp(start:1414): 	 Running Aggregators
[0mSCATTER: 0.001721
[1;32mINFO:     synchronous_engine.hpp(start:1315): 0: Starting iteration: 1
[0mExchange messages...
EXCHANGE: 0.007831
Receive messages...
[1;32mINFO:     synchronous_engine.hpp(start:1364): 	Active vertices: 0
[0m[1;32mINFO:     synchronous_engine.hpp(start:1427): 1 iterations completed.
[0m[1;32mUpdates: 1000
11-th hop: 680048 vertex pairs are reached
INFO:     synchronous_engine.hpp(start:1300): Iteration counter will only output every 5 seconds.
[0m[1;32mINFO:     synchronous_engine.hpp(start:1315): 0: Starting iteration: 0
[0mExchange messages...
EXCHANGE: 0.006091
Receive messages...
[1;32mINFO:     synchronous_engine.hpp(start:1364): 	Active vertices: 1000
[0mRECEIVE: 0.006213
Gathering...
GATHER: 0.007848
Applying...
APPLY: 0.008255
Scattering...
[1;32mINFO:     synchronous_engine.hpp(start:1414): 	 Running Aggregators
[0mSCATTER: 0.001617
[1;32mINFO:     synchronous_engine.hpp(start:1315): 0: Starting iteration: 1
[0mExchange messages...
EXCHANGE: 0.007808
Receive messages...
[1;32mINFO:     synchronous_engine.hpp(start:1364): 	Active vertices: 0
[0m[1;32mINFO:     synchronous_engine.hpp(start:1427): 1 iterations completed.
[0m[1;32mUpdates: 1000
12-th hop: 698626 vertex pairs are reached
INFO:     synchronous_engine.hpp(start:1300): Iteration counter will only output every 5 seconds.
[0m[1;32mINFO:     synchronous_engine.hpp(start:1315): 0: Starting iteration: 0
[0mExchange messages...
EXCHANGE: 0.005999
Receive messages...
[1;32mINFO:     synchronous_engine.hpp(start:1364): 	Active vertices: 1000
[0mRECEIVE: 0.006608
Gathering...
GATHER: 0.007589
Applying...
APPLY: 0.007982
Scattering...
[1;32mINFO:     synchronous_engine.hpp(start:1414): 	 Running Aggregators
[0mSCATTER: 0.001652
[1;32mINFO:     synchronous_engine.hpp(start:1315): 0: Starting iteration: 1
[0mExchange messages...
EXCHANGE: 0.008098
Receive messages...
[1;32mINFO:     synchronous_engine.hpp(start:1364): 	Active vertices: 0
[0m[1;32mINFO:     synchronous_engine.hpp(start:1427): 1 iterations completed.
[0m[1;32mUpdates: 1000
13-th hop: 716107 vertex pairs are reached
INFO:     synchronous_engine.hpp(start:1300): Iteration counter will only output every 5 seconds.
[0m[1;32mINFO:     synchronous_engine.hpp(start:1315): 0: Starting iteration: 0
[0mExchange messages...
EXCHANGE: 0.006541
Receive messages...
[1;32mINFO:     synchronous_engine.hpp(start:1364): 	Active vertices: 1000
[0mRECEIVE: 0.007998
Gathering...
GATHER: 0.008239
Applying...
APPLY: 0.008715
Scattering...
[1;32mINFO:     synchronous_engine.hpp(start:1414): 	 Running Aggregators
[0mSCATTER: 0.001588
[1;32mINFO:     synchronous_engine.hpp(start:1315): 0: Starting iteration: 1
[0mExchange messages...
EXCHANGE: 0.007912
Receive messages...
[1;32mINFO:     synchronous_engine.hpp(start:1364): 	Active vertices: 0
[0m[1;32mINFO:     synchronous_engine.hpp(start:1427): 1 iterations completed.
[0m[1;32mUpdates: 1000
14-th hop: 732706 vertex pairs are reached
INFO:     synchronous_engine.hpp(start:1300): Iteration counter will only output every 5 seconds.
[0m[1;32mINFO:     synchronous_engine.hpp(start:1315): 0: Starting iteration: 0
[0mExchange messages...
EXCHANGE: 0.006383
Receive messages...
[1;32mINFO:     synchronous_engine.hpp(start:1364): 	Active vertices: 1000
[0mRECEIVE: 0.006315
Gathering...
GATHER: 0.008137
Applying...
APPLY: 0.007978
Scattering...
[1;32mINFO:     synchronous_engine.hpp(start:1414): 	 Running Aggregators
[0mSCATTER: 0.001656
[1;32mINFO:     synchronous_engine.hpp(start:1315): 0: Starting iteration: 1
[0mExchange messages...
EXCHANGE: 0.007844
Receive messages...
[1;32mINFO:     synchronous_engine.hpp(start:1364): 	Active vertices: 0
[0m[1;32mINFO:     synchronous_engine.hpp(start:1427): 1 iterations completed.
[0m[1;32mUpdates: 1000
15-th hop: 759925 vertex pairs are reached
INFO:     synchronous_engine.hpp(start:1300): Iteration counter will only output every 5 seconds.
[0m[1;32mINFO:     synchronous_engine.hpp(start:1315): 0: Starting iteration: 0
[0mExchange messages...
EXCHANGE: 0.006665
Receive messages...
[1;32mINFO:     synchronous_engine.hpp(start:1364): 	Active vertices: 1000
[0mRECEIVE: 0.006741
Gathering...
GATHER: 0.00787
Applying...
APPLY: 0.00853
Scattering...
[1;32mINFO:     synchronous_engine.hpp(start:1414): 	 Running Aggregators
[0mSCATTER: 0.001671
[1;32mINFO:     synchronous_engine.hpp(start:1315): 0: Starting iteration: 1
[0mExchange messages...
EXCHANGE: 0.007929
Receive messages...
[1;32mINFO:     synchronous_engine.hpp(start:1364): 	Active vertices: 0
[0m[1;32mINFO:     synchronous_engine.hpp(start:1427): 1 iterations completed.
[0m[1;32mUpdates: 1000
16-th hop: 797095 vertex pairs are reached
INFO:     synchronous_engine.hpp(start:1300): Iteration counter will only output every 5 seconds.
[0m[1;32mINFO:     synchronous_engine.hpp(start:1315): 0: Starting iteration: 0
[0mExchange messages...
EXCHANGE: 0.006414
Receive messages...
[1;32mINFO:     synchronous_engine.hpp(start:1364): 	Active vertices: 1000
[0mRECEIVE: 0.006615
Gathering...
GATHER: 0.007273
Applying...
APPLY: 0.007967
Scattering...
[1;32mINFO:     synchronous_engine.hpp(start:1414): 	 Running Aggregators
[0mSCATTER: 0.001733
[1;32mINFO:     synchronous_engine.hpp(start:1315): 0: Starting iteration: 1
[0mExchange messages...
EXCHANGE: 0.009143
Receive messages...
[1;32mINFO:     synchronous_engine.hpp(start:1364): 	Active vertices: 0
[0m[1;32mINFO:     synchronous_engine.hpp(start:1427): 1 iterations completed.
[0m[1;32mUpdates: 1000
17-th hop: 813370 vertex pairs are reached
INFO:     synchronous_engine.hpp(start:1300): Iteration counter will only output every 5 seconds.
[0m[1;32mINFO:     synchronous_engine.hpp(start:1315): 0: Starting iteration: 0
[0mExchange messages...
EXCHANGE: 0.006746
Receive messages...
[1;32mINFO:     synchronous_engine.hpp(start:1364): 	Active vertices: 1000
[0mRECEIVE: 0.006926
Gathering...
GATHER: 0.008293
Applying...
APPLY: 0.008148
Scattering...
[1;32mINFO:     synchronous_engine.hpp(start:1414): 	 Running Aggregators
[0mSCATTER: 0.001715
[1;32mINFO:     synchronous_engine.hpp(start:1315): 0: Starting iteration: 1
[0mExchange messages...
EXCHANGE: 0.009238
Receive messages...
[1;32mINFO:     synchronous_engine.hpp(start:1364): 	Active vertices: 0
[0m[1;32mINFO:     synchronous_engine.hpp(start:1427): 1 iterations completed.
[0m[1;32mUpdates: 1000
18-th hop: 814000 vertex pairs are reached
INFO:     synchronous_engine.hpp(start:1300): Iteration counter will only output every 5 seconds.
[0m[1;32mINFO:     synchronous_engine.hpp(start:1315): 0: Starting iteration: 0
[0mExchange messages...
EXCHANGE: 0.006611
Receive messages...
[1;32mINFO:     synchronous_engine.hpp(start:1364): 	Active vertices: 1000
[0mRECEIVE: 0.006454
Gathering...
GATHER: 0.010052
Applying...
APPLY: 0.009478
Scattering...
[1;32mINFO:     synchronous_engine.hpp(start:1414): 	 Running Aggregators
[0mSCATTER: 0.001687
[1;32mINFO:     synchronous_engine.hpp(start:1315): 0: Starting iteration: 1
[0mExchange messages...
EXCHANGE: 0.009165
Receive messages...
[1;32mINFO:     synchronous_engine.hpp(start:1364): 	Active vertices: 0
[0m[1;32mINFO:     synchronous_engine.hpp(start:1427): 1 iterations completed.
[0mUpdates: 1000
19-th hop: 814000 vertex pairs are reached
converge
TIME: 1.12251
CLOCKTIME: 36.2634
graph calculation time is 1 sec
The approximate diameter is 18
	Command being timed: "/home/cpennycu/graphlab/release/toolkits/graph_analytics/approximate_diameter /home/cpennycu/gdata/sf/sf-4-1000-2.2.snap --format snap"
	User time (seconds): 40.90
	System time (seconds): 2.64
	Percent of CPU this job got: 2397%
	Elapsed (wall clock) time (h:mm:ss or m:ss): 0:01.81
	Average shared text size (kbytes): 0
	Average unshared data size (kbytes): 0
	Average stack size (kbytes): 0
	Average total size (kbytes): 0
	Maximum resident set size (kbytes): 27344
	Average resident set size (kbytes): 0
	Major (requiring I/O) page faults: 0
	Minor (reclaiming a frame) page faults: 7345
	Voluntary context switches: 39656
	Involuntary context switches: 16295
	Swaps: 0
	File system inputs: 0
	File system outputs: 0
	Socket messages sent: 0
	Socket messages received: 0
	Signals delivered: 0
	Page size (bytes): 4096
	Exit status: 0
