Approximate graph diameter

GRAPHLAB_SUBNET_ID/GRAPHLAB_SUBNET_MASK environment variables not defined.
Using default values
Subnet ID: 0.0.0.0
Subnet Mask: 0.0.0.0
Will find first IPv4 non-loopback address matching the subnet
[1;32mINFO:     dc.cpp(init:573): Cluster of 1 instances created.
[0m[1;32mINFO:     distributed_graph.hpp(set_ingress_method:3201): Automatically determine ingress method: grid
[0mLoading graph in format: snap
[1;32mINFO:     distributed_graph.hpp(load_from_posixfs:2190): Loading graph from file: /home/cpennycu/gdata/sf/sf-4-1000-2.6.snap.3_of_4
[0m[1;32mINFO:     distributed_graph.hpp(load_from_posixfs:2190): Loading graph from file: /home/cpennycu/gdata/sf/sf-4-1000-2.6.snap.2_of_4
[0m[1;32mINFO:     distributed_graph.hpp(load_from_posixfs:2190): Loading graph from file: /home/cpennycu/gdata/sf/sf-4-1000-2.6.snap.1_of_4
[0m[1;32mINFO:     distributed_graph.hpp(load_from_posixfs:2190): Loading graph from file: /home/cpennycu/gdata/sf/sf-4-1000-2.6.snap.4_of_4
[0m[1;32mINFO:     distributed_ingress_base.hpp(finalize:199): Finalizing Graph...
[0m[1;32mINFO:     distributed_ingress_base.hpp(exchange_global_info:546): Graph info: 
	 nverts: 1000
	 nedges: 1983
	 nreplicas: 1000
	 replication factor: 1
[0m[1;32mINFO:     distributed_ingress_base.hpp(finalize:199): Finalizing Graph...
[0m[1;32mINFO:     synchronous_engine.hpp(start:1300): Iteration counter will only output every 5 seconds.
[0m[1;32mINFO:     synchronous_engine.hpp(start:1315): 0: Starting iteration: 0
[0mExchange messages...
EXCHANGE: 0.008654
Receive messages...
[1;32mINFO:     synchronous_engine.hpp(start:1364): 	Active vertices: 1000
[0mRECEIVE: 0.002443
Gathering...
GATHER: 0.005817
Applying...
APPLY: 0.00742
Scattering...
[1;32mINFO:     synchronous_engine.hpp(start:1414): 	 Running Aggregators
[0mSCATTER: 0.001502
[1;32mINFO:     synchronous_engine.hpp(start:1315): 0: Starting iteration: 1
[0mExchange messages...
EXCHANGE: 0.007019
Receive messages...
[1;32mINFO:     synchronous_engine.hpp(start:1364): 	Active vertices: 0
[0m[1;32mINFO:     synchronous_engine.hpp(start:1427): 1 iterations completed.
[0m[1;32mUpdates: 1000
1-th hop: 3013 vertex pairs are reached
INFO:     synchronous_engine.hpp(start:1300): Iteration counter will only output every 5 seconds.
[0m[1;32mINFO:     synchronous_engine.hpp(start:1315): 0: Starting iteration: 0
[0mExchange messages...
EXCHANGE: 0.005025
Receive messages...
[1;32mINFO:     synchronous_engine.hpp(start:1364): 	Active vertices: 1000
[0mRECEIVE: 0.005974
Gathering...
GATHER: 0.006548
Applying...
APPLY: 0.007308
Scattering...
[1;32mINFO:     synchronous_engine.hpp(start:1414): 	 Running Aggregators
[0mSCATTER: 0.001408
[1;32mINFO:     synchronous_engine.hpp(start:1315): 0: Starting iteration: 1
[0mExchange messages...
EXCHANGE: 0.006554
Receive messages...
[1;32mINFO:     synchronous_engine.hpp(start:1364): 	Active vertices: 0
[0m[1;32mINFO:     synchronous_engine.hpp(start:1427): 1 iterations completed.
[0m[1;32mUpdates: 1000
2-th hop: 7272 vertex pairs are reached
INFO:     synchronous_engine.hpp(start:1300): Iteration counter will only output every 5 seconds.
[0m[1;32mINFO:     synchronous_engine.hpp(start:1315): 0: Starting iteration: 0
[0mExchange messages...
EXCHANGE: 0.005838
Receive messages...
[1;32mINFO:     synchronous_engine.hpp(start:1364): 	Active vertices: 1000
[0mRECEIVE: 0.006043
Gathering...
GATHER: 0.008445
Applying...
APPLY: 0.008608
Scattering...
[1;32mINFO:     synchronous_engine.hpp(start:1414): 	 Running Aggregators
[0mSCATTER: 0.001418
[1;32mINFO:     synchronous_engine.hpp(start:1315): 0: Starting iteration: 1
[0mExchange messages...
EXCHANGE: 0.008111
Receive messages...
[1;32mINFO:     synchronous_engine.hpp(start:1364): 	Active vertices: 0
[0m[1;32mINFO:     synchronous_engine.hpp(start:1427): 1 iterations completed.
[0m[1;32mUpdates: 1000
3-th hop: 13853 vertex pairs are reached
INFO:     synchronous_engine.hpp(start:1300): Iteration counter will only output every 5 seconds.
[0m[1;32mINFO:     synchronous_engine.hpp(start:1315): 0: Starting iteration: 0
[0mExchange messages...
EXCHANGE: 0.005947
Receive messages...
[1;32mINFO:     synchronous_engine.hpp(start:1364): 	Active vertices: 1000
[0mRECEIVE: 0.006339
Gathering...
GATHER: 0.007637
Applying...
APPLY: 0.007297
Scattering...
[1;32mINFO:     synchronous_engine.hpp(start:1414): 	 Running Aggregators
[0mSCATTER: 0.001632
[1;32mINFO:     synchronous_engine.hpp(start:1315): 0: Starting iteration: 1
[0mExchange messages...
EXCHANGE: 0.008825
Receive messages...
[1;32mINFO:     synchronous_engine.hpp(start:1364): 	Active vertices: 0
[0m[1;32mINFO:     synchronous_engine.hpp(start:1427): 1 iterations completed.
[0m[1;32mUpdates: 1000
4-th hop: 25698 vertex pairs are reached
INFO:     synchronous_engine.hpp(start:1300): Iteration counter will only output every 5 seconds.
[0m[1;32mINFO:     synchronous_engine.hpp(start:1315): 0: Starting iteration: 0
[0mExchange messages...
EXCHANGE: 0.006548
Receive messages...
[1;32mINFO:     synchronous_engine.hpp(start:1364): 	Active vertices: 1000
[0mRECEIVE: 0.006163
Gathering...
GATHER: 0.007949
Applying...
APPLY: 0.007702
Scattering...
[1;32mINFO:     synchronous_engine.hpp(start:1414): 	 Running Aggregators
[0mSCATTER: 0.001598
[1;32mINFO:     synchronous_engine.hpp(start:1315): 0: Starting iteration: 1
[0mExchange messages...
EXCHANGE: 0.008739
Receive messages...
[1;32mINFO:     synchronous_engine.hpp(start:1364): 	Active vertices: 0
[0m[1;32mINFO:     synchronous_engine.hpp(start:1427): 1 iterations completed.
[0m[1;32mUpdates: 1000
5-th hop: 47707 vertex pairs are reached
INFO:     synchronous_engine.hpp(start:1300): Iteration counter will only output every 5 seconds.
[0m[1;32mINFO:     synchronous_engine.hpp(start:1315): 0: Starting iteration: 0
[0mExchange messages...
EXCHANGE: 0.0063
Receive messages...
[1;32mINFO:     synchronous_engine.hpp(start:1364): 	Active vertices: 1000
[0mRECEIVE: 0.006498
Gathering...
GATHER: 0.007952
Applying...
APPLY: 0.008663
Scattering...
[1;32mINFO:     synchronous_engine.hpp(start:1414): 	 Running Aggregators
[0mSCATTER: 0.001814
[1;32mINFO:     synchronous_engine.hpp(start:1315): 0: Starting iteration: 1
[0mExchange messages...
EXCHANGE: 0.008619
Receive messages...
[1;32mINFO:     synchronous_engine.hpp(start:1364): 	Active vertices: 0
[0m[1;32mINFO:     synchronous_engine.hpp(start:1427): 1 iterations completed.
[0m[1;32mUpdates: 1000
6-th hop: 79448 vertex pairs are reached
INFO:     synchronous_engine.hpp(start:1300): Iteration counter will only output every 5 seconds.
[0m[1;32mINFO:     synchronous_engine.hpp(start:1315): 0: Starting iteration: 0
[0mExchange messages...
EXCHANGE: 0.00651
Receive messages...
[1;32mINFO:     synchronous_engine.hpp(start:1364): 	Active vertices: 1000
[0mRECEIVE: 0.006599
Gathering...
GATHER: 0.007
Applying...
APPLY: 0.007691
Scattering...
[1;32mINFO:     synchronous_engine.hpp(start:1414): 	 Running Aggregators
[0mSCATTER: 0.001485
[1;32mINFO:     synchronous_engine.hpp(start:1315): 0: Starting iteration: 1
[0mExchange messages...
EXCHANGE: 0.009271
Receive messages...
[1;32mINFO:     synchronous_engine.hpp(start:1364): 	Active vertices: 0
[0m[1;32mINFO:     synchronous_engine.hpp(start:1427): 1 iterations completed.
[0m[1;32mUpdates: 1000
7-th hop: 127110 vertex pairs are reached
INFO:     synchronous_engine.hpp(start:1300): Iteration counter will only output every 5 seconds.
[0m[1;32mINFO:     synchronous_engine.hpp(start:1315): 0: Starting iteration: 0
[0mExchange messages...
EXCHANGE: 0.006534
Receive messages...
[1;32mINFO:     synchronous_engine.hpp(start:1364): 	Active vertices: 1000
[0mRECEIVE: 0.006402
Gathering...
GATHER: 0.006739
Applying...
APPLY: 0.006897
Scattering...
[1;32mINFO:     synchronous_engine.hpp(start:1414): 	 Running Aggregators
[0mSCATTER: 0.001611
[1;32mINFO:     synchronous_engine.hpp(start:1315): 0: Starting iteration: 1
[0mExchange messages...
EXCHANGE: 0.008877
Receive messages...
[1;32mINFO:     synchronous_engine.hpp(start:1364): 	Active vertices: 0
[0m[1;32mINFO:     synchronous_engine.hpp(start:1427): 1 iterations completed.
[0m[1;32mUpdates: 1000
8-th hop: 191928 vertex pairs are reached
INFO:     synchronous_engine.hpp(start:1300): Iteration counter will only output every 5 seconds.
[0m[1;32mINFO:     synchronous_engine.hpp(start:1315): 0: Starting iteration: 0
[0mExchange messages...
EXCHANGE: 0.006401
Receive messages...
[1;32mINFO:     synchronous_engine.hpp(start:1364): 	Active vertices: 1000
[0mRECEIVE: 0.007507
Gathering...
GATHER: 0.006591
Applying...
APPLY: 0.00751
Scattering...
[1;32mINFO:     synchronous_engine.hpp(start:1414): 	 Running Aggregators
[0mSCATTER: 0.001646
[1;32mINFO:     synchronous_engine.hpp(start:1315): 0: Starting iteration: 1
[0mExchange messages...
EXCHANGE: 0.009167
Receive messages...
[1;32mINFO:     synchronous_engine.hpp(start:1364): 	Active vertices: 0
[0m[1;32mINFO:     synchronous_engine.hpp(start:1427): 1 iterations completed.
[0m[1;32mUpdates: 1000
9-th hop: 280438 vertex pairs are reached
INFO:     synchronous_engine.hpp(start:1300): Iteration counter will only output every 5 seconds.
[0m[1;32mINFO:     synchronous_engine.hpp(start:1315): 0: Starting iteration: 0
[0mExchange messages...
EXCHANGE: 0.024397
Receive messages...
[1;32mINFO:     synchronous_engine.hpp(start:1364): 	Active vertices: 1000
[0mRECEIVE: 0.009097
Gathering...
GATHER: 0.008305
Applying...
APPLY: 0.007481
Scattering...
[1;32mINFO:     synchronous_engine.hpp(start:1414): 	 Running Aggregators
[0mSCATTER: 0.001606
[1;32mINFO:     synchronous_engine.hpp(start:1315): 0: Starting iteration: 1
[0mExchange messages...
EXCHANGE: 0.007807
Receive messages...
[1;32mINFO:     synchronous_engine.hpp(start:1364): 	Active vertices: 0
[0m[1;32mINFO:     synchronous_engine.hpp(start:1427): 1 iterations completed.
[0m[1;32mUpdates: 1000
10-th hop: 379391 vertex pairs are reached
INFO:     synchronous_engine.hpp(start:1300): Iteration counter will only output every 5 seconds.
[0m[1;32mINFO:     synchronous_engine.hpp(start:1315): 0: Starting iteration: 0
[0mExchange messages...
EXCHANGE: 0.006677
Receive messages...
[1;32mINFO:     synchronous_engine.hpp(start:1364): 	Active vertices: 1000
[0mRECEIVE: 0.006577
Gathering...
GATHER: 0.006899
Applying...
APPLY: 0.007429
Scattering...
[1;32mINFO:     synchronous_engine.hpp(start:1414): 	 Running Aggregators
[0mSCATTER: 0.001632
[1;32mINFO:     synchronous_engine.hpp(start:1315): 0: Starting iteration: 1
[0mExchange messages...
EXCHANGE: 0.009033
Receive messages...
[1;32mINFO:     synchronous_engine.hpp(start:1364): 	Active vertices: 0
[0m[1;32mINFO:     synchronous_engine.hpp(start:1427): 1 iterations completed.
[0m[1;32mUpdates: 1000
11-th hop: 476718 vertex pairs are reached
INFO:     synchronous_engine.hpp(start:1300): Iteration counter will only output every 5 seconds.
[0m[1;32mINFO:     synchronous_engine.hpp(start:1315): 0: Starting iteration: 0
[0mExchange messages...
EXCHANGE: 0.006448
Receive messages...
[1;32mINFO:     synchronous_engine.hpp(start:1364): 	Active vertices: 1000
[0mRECEIVE: 0.006694
Gathering...
GATHER: 0.006091
Applying...
APPLY: 0.007513
Scattering...
[1;32mINFO:     synchronous_engine.hpp(start:1414): 	 Running Aggregators
[0mSCATTER: 0.001645
[1;32mINFO:     synchronous_engine.hpp(start:1315): 0: Starting iteration: 1
[0mExchange messages...
EXCHANGE: 0.009131
Receive messages...
[1;32mINFO:     synchronous_engine.hpp(start:1364): 	Active vertices: 0
[0m[1;32mINFO:     synchronous_engine.hpp(start:1427): 1 iterations completed.
[0m[1;32mUpdates: 1000
12-th hop: 544746 vertex pairs are reached
INFO:     synchronous_engine.hpp(start:1300): Iteration counter will only output every 5 seconds.
[0m[1;32mINFO:     synchronous_engine.hpp(start:1315): 0: Starting iteration: 0
[0mExchange messages...
EXCHANGE: 0.006162
Receive messages...
[1;32mINFO:     synchronous_engine.hpp(start:1364): 	Active vertices: 1000
[0mRECEIVE: 0.006345
Gathering...
GATHER: 0.006618
Applying...
APPLY: 0.007616
Scattering...
[1;32mINFO:     synchronous_engine.hpp(start:1414): 	 Running Aggregators
[0mSCATTER: 0.00167
[1;32mINFO:     synchronous_engine.hpp(start:1315): 0: Starting iteration: 1
[0mExchange messages...
EXCHANGE: 0.008599
Receive messages...
[1;32mINFO:     synchronous_engine.hpp(start:1364): 	Active vertices: 0
[0m[1;32mINFO:     synchronous_engine.hpp(start:1427): 1 iterations completed.
[0m[1;32mUpdates: 1000
13-th hop: 626233 vertex pairs are reached
INFO:     synchronous_engine.hpp(start:1300): Iteration counter will only output every 5 seconds.
[0m[1;32mINFO:     synchronous_engine.hpp(start:1315): 0: Starting iteration: 0
[0mExchange messages...
EXCHANGE: 0.006162
Receive messages...
[1;32mINFO:     synchronous_engine.hpp(start:1364): 	Active vertices: 1000
[0mRECEIVE: 0.013513
Gathering...
GATHER: 0.007984
Applying...
APPLY: 0.009052
Scattering...
[1;32mINFO:     synchronous_engine.hpp(start:1414): 	 Running Aggregators
[0mSCATTER: 0.001609
[1;32mINFO:     synchronous_engine.hpp(start:1315): 0: Starting iteration: 1
[0mExchange messages...
EXCHANGE: 0.007972
Receive messages...
[1;32mINFO:     synchronous_engine.hpp(start:1364): 	Active vertices: 0
[0m[1;32mINFO:     synchronous_engine.hpp(start:1427): 1 iterations completed.
[0m[1;32mUpdates: 1000
14-th hop: 692315 vertex pairs are reached
INFO:     synchronous_engine.hpp(start:1300): Iteration counter will only output every 5 seconds.
[0m[1;32mINFO:     synchronous_engine.hpp(start:1315): 0: Starting iteration: 0
[0mExchange messages...
EXCHANGE: 0.006509
Receive messages...
[1;32mINFO:     synchronous_engine.hpp(start:1364): 	Active vertices: 1000
[0mRECEIVE: 0.006388
Gathering...
GATHER: 0.007274
Applying...
APPLY: 0.007713
Scattering...
[1;32mINFO:     synchronous_engine.hpp(start:1414): 	 Running Aggregators
[0mSCATTER: 0.001626
[1;32mINFO:     synchronous_engine.hpp(start:1315): 0: Starting iteration: 1
[0mExchange messages...
EXCHANGE: 0.007785
Receive messages...
[1;32mINFO:     synchronous_engine.hpp(start:1364): 	Active vertices: 0
[0m[1;32mINFO:     synchronous_engine.hpp(start:1427): 1 iterations completed.
[0m[1;32mUpdates: 1000
15-th hop: 735561 vertex pairs are reached
INFO:     synchronous_engine.hpp(start:1300): Iteration counter will only output every 5 seconds.
[0m[1;32mINFO:     synchronous_engine.hpp(start:1315): 0: Starting iteration: 0
[0mExchange messages...
EXCHANGE: 0.006293
Receive messages...
[1;32mINFO:     synchronous_engine.hpp(start:1364): 	Active vertices: 1000
[0mRECEIVE: 0.006752
Gathering...
GATHER: 0.006827
Applying...
APPLY: 0.008258
Scattering...
[1;32mINFO:     synchronous_engine.hpp(start:1414): 	 Running Aggregators
[0mSCATTER: 0.001664
[1;32mINFO:     synchronous_engine.hpp(start:1315): 0: Starting iteration: 1
[0mExchange messages...
EXCHANGE: 0.007889
Receive messages...
[1;32mINFO:     synchronous_engine.hpp(start:1364): 	Active vertices: 0
[0m[1;32mINFO:     synchronous_engine.hpp(start:1427): 1 iterations completed.
[0m[1;32mUpdates: 1000
16-th hop: 765548 vertex pairs are reached
INFO:     synchronous_engine.hpp(start:1300): Iteration counter will only output every 5 seconds.
[0m[1;32mINFO:     synchronous_engine.hpp(start:1315): 0: Starting iteration: 0
[0mExchange messages...
EXCHANGE: 0.006628
Receive messages...
[1;32mINFO:     synchronous_engine.hpp(start:1364): 	Active vertices: 1000
[0mRECEIVE: 0.006663
Gathering...
GATHER: 0.009195
Applying...
APPLY: 0.008502
Scattering...
[1;32mINFO:     synchronous_engine.hpp(start:1414): 	 Running Aggregators
[0mSCATTER: 0.001737
[1;32mINFO:     synchronous_engine.hpp(start:1315): 0: Starting iteration: 1
[0mExchange messages...
EXCHANGE: 0.008185
Receive messages...
[1;32mINFO:     synchronous_engine.hpp(start:1364): 	Active vertices: 0
[0m[1;32mINFO:     synchronous_engine.hpp(start:1427): 1 iterations completed.
[0m[1;32mUpdates: 1000
17-th hop: 797769 vertex pairs are reached
INFO:     synchronous_engine.hpp(start:1300): Iteration counter will only output every 5 seconds.
[0m[1;32mINFO:     synchronous_engine.hpp(start:1315): 0: Starting iteration: 0
[0mExchange messages...
EXCHANGE: 0.006762
Receive messages...
[1;32mINFO:     synchronous_engine.hpp(start:1364): 	Active vertices: 1000
[0mRECEIVE: 0.006735
Gathering...
GATHER: 0.008841
Applying...
APPLY: 0.00837
Scattering...
[1;32mINFO:     synchronous_engine.hpp(start:1414): 	 Running Aggregators
[0mSCATTER: 0.001679
[1;32mINFO:     synchronous_engine.hpp(start:1315): 0: Starting iteration: 1
[0mExchange messages...
EXCHANGE: 0.008077
Receive messages...
[1;32mINFO:     synchronous_engine.hpp(start:1364): 	Active vertices: 0
[0m[1;32mINFO:     synchronous_engine.hpp(start:1427): 1 iterations completed.
[0m[1;32mUpdates: 1000
18-th hop: 856883 vertex pairs are reached
INFO:     synchronous_engine.hpp(start:1300): Iteration counter will only output every 5 seconds.
[0m[1;32mINFO:     synchronous_engine.hpp(start:1315): 0: Starting iteration: 0
[0mExchange messages...
EXCHANGE: 0.006657
Receive messages...
[1;32mINFO:     synchronous_engine.hpp(start:1364): 	Active vertices: 1000
[0mRECEIVE: 0.006723
Gathering...
GATHER: 0.009134
Applying...
APPLY: 0.009923
Scattering...
[1;32mINFO:     synchronous_engine.hpp(start:1414): 	 Running Aggregators
[0mSCATTER: 0.00173
[1;32mINFO:     synchronous_engine.hpp(start:1315): 0: Starting iteration: 1
[0mExchange messages...
EXCHANGE: 0.008185
Receive messages...
[1;32mINFO:     synchronous_engine.hpp(start:1364): 	Active vertices: 0
[0m[1;32mINFO:     synchronous_engine.hpp(start:1427): 1 iterations completed.
[0m[1;32mUpdates: 1000
19-th hop: 895791 vertex pairs are reached
INFO:     synchronous_engine.hpp(start:1300): Iteration counter will only output every 5 seconds.
[0m[1;32mINFO:     synchronous_engine.hpp(start:1315): 0: Starting iteration: 0
[0mExchange messages...
EXCHANGE: 0.006453
Receive messages...
[1;32mINFO:     synchronous_engine.hpp(start:1364): 	Active vertices: 1000
[0mRECEIVE: 0.006775
Gathering...
GATHER: 0.009346
Applying...
APPLY: 0.009614
Scattering...
[1;32mINFO:     synchronous_engine.hpp(start:1414): 	 Running Aggregators
[0mSCATTER: 0.001688
[1;32mINFO:     synchronous_engine.hpp(start:1315): 0: Starting iteration: 1
[0mExchange messages...
EXCHANGE: 0.008124
Receive messages...
[1;32mINFO:     synchronous_engine.hpp(start:1364): 	Active vertices: 0
[0m[1;32mINFO:     synchronous_engine.hpp(start:1427): 1 iterations completed.
[0m[1;32mUpdates: 1000
20-th hop: 917090 vertex pairs are reached
INFO:     synchronous_engine.hpp(start:1300): Iteration counter will only output every 5 seconds.
[0m[1;32mINFO:     synchronous_engine.hpp(start:1315): 0: Starting iteration: 0
[0mExchange messages...
EXCHANGE: 0.006514
Receive messages...
[1;32mINFO:     synchronous_engine.hpp(start:1364): 	Active vertices: 1000
[0mRECEIVE: 0.006953
Gathering...
GATHER: 0.009208
Applying...
APPLY: 0.008576
Scattering...
[1;32mINFO:     synchronous_engine.hpp(start:1414): 	 Running Aggregators
[0mSCATTER: 0.00167
[1;32mINFO:     synchronous_engine.hpp(start:1315): 0: Starting iteration: 1
[0mExchange messages...
EXCHANGE: 0.009419
Receive messages...
[1;32mINFO:     synchronous_engine.hpp(start:1364): 	Active vertices: 0
[0m[1;32mINFO:     synchronous_engine.hpp(start:1427): 1 iterations completed.
[0m[1;32mUpdates: 1000
21-th hop: 933926 vertex pairs are reached
INFO:     synchronous_engine.hpp(start:1300): Iteration counter will only output every 5 seconds.
[0m[1;32mINFO:     synchronous_engine.hpp(start:1315): 0: Starting iteration: 0
[0mExchange messages...
EXCHANGE: 0.006535
Receive messages...
[1;32mINFO:     synchronous_engine.hpp(start:1364): 	Active vertices: 1000
[0mRECEIVE: 0.006432
Gathering...
GATHER: 0.009236
Applying...
APPLY: 0.008079
Scattering...
[1;32mINFO:     synchronous_engine.hpp(start:1414): 	 Running Aggregators
[0mSCATTER: 0.001693
[1;32mINFO:     synchronous_engine.hpp(start:1315): 0: Starting iteration: 1
[0mExchange messages...
EXCHANGE: 0.009234
Receive messages...
[1;32mINFO:     synchronous_engine.hpp(start:1364): 	Active vertices: 0
[0m[1;32mINFO:     synchronous_engine.hpp(start:1427): 1 iterations completed.
[0m[1;32mUpdates: 1000
22-th hop: 936000 vertex pairs are reached
INFO:     synchronous_engine.hpp(start:1300): Iteration counter will only output every 5 seconds.
[0m[1;32mINFO:     synchronous_engine.hpp(start:1315): 0: Starting iteration: 0
[0mExchange messages...
EXCHANGE: 0.006027
Receive messages...
[1;32mINFO:     synchronous_engine.hpp(start:1364): 	Active vertices: 1000
[0mRECEIVE: 0.006788
Gathering...
GATHER: 0.009123
Applying...
APPLY: 0.009178
Scattering...
[1;32mINFO:     synchronous_engine.hpp(start:1414): 	 Running Aggregators
[0mSCATTER: 0.001653
[1;32mINFO:     synchronous_engine.hpp(start:1315): 0: Starting iteration: 1
[0mExchange messages...
EXCHANGE: 0.00991
Receive messages...
[1;32mINFO:     synchronous_engine.hpp(start:1364): 	Active vertices: 0
[0m[1;32mINFO:     synchronous_engine.hpp(start:1427): 1 iterations completed.
[0mUpdates: 1000
23-th hop: 936000 vertex pairs are reached
converge
TIME: 1.35746
CLOCKTIME: 43.7249
graph calculation time is 1 sec
The approximate diameter is 22
	Command being timed: "/home/cpennycu/graphlab/release/toolkits/graph_analytics/approximate_diameter /home/cpennycu/gdata/sf/sf-4-1000-2.6.snap --format snap"
	User time (seconds): 48.82
	System time (seconds): 3.09
	Percent of CPU this job got: 2485%
	Elapsed (wall clock) time (h:mm:ss or m:ss): 0:02.08
	Average shared text size (kbytes): 0
	Average unshared data size (kbytes): 0
	Average stack size (kbytes): 0
	Average total size (kbytes): 0
	Maximum resident set size (kbytes): 35108
	Average resident set size (kbytes): 0
	Major (requiring I/O) page faults: 0
	Minor (reclaiming a frame) page faults: 7350
	Voluntary context switches: 47763
	Involuntary context switches: 20368
	Swaps: 0
	File system inputs: 0
	File system outputs: 0
	Socket messages sent: 0
	Socket messages received: 0
	Signals delivered: 0
	Page size (bytes): 4096
	Exit status: 0
