Diameter: 2
TIME:  9.89437103271e-05
CLOCKTIME:  0.000118
	Command being timed: "python /home/cpennycu/diameter/snap/sn.py -f /home/cpennycu/gdata/er/eru-0-10-4.snap -d 0"
	User time (seconds): 0.10
	System time (seconds): 0.05
	Percent of CPU this job got: 98%
	Elapsed (wall clock) time (h:mm:ss or m:ss): 0:00.16
	Average shared text size (kbytes): 0
	Average unshared data size (kbytes): 0
	Average stack size (kbytes): 0
	Average total size (kbytes): 0
	Maximum resident set size (kbytes): 31588
	Average resident set size (kbytes): 0
	Major (requiring I/O) page faults: 0
	Minor (reclaiming a frame) page faults: 8214
	Voluntary context switches: 1
	Involuntary context switches: 1
	Swaps: 0
	File system inputs: 8
	File system outputs: 0
	Socket messages sent: 0
	Socket messages received: 0
	Signals delivered: 0
	Page size (bytes): 4096
	Exit status: 0
