Diameter: 5
TIME:  0.111155986786
CLOCKTIME:  0.111054
	Command being timed: "python /home/cpennycu/diameter/snap/sn.py -f /home/cpennycu/gdata/sf/sf-0-100000-2.2.snap -d 0"
	User time (seconds): 3.00
	System time (seconds): 0.07
	Percent of CPU this job got: 99%
	Elapsed (wall clock) time (h:mm:ss or m:ss): 0:03.10
	Average shared text size (kbytes): 0
	Average unshared data size (kbytes): 0
	Average stack size (kbytes): 0
	Average total size (kbytes): 0
	Maximum resident set size (kbytes): 57140
	Average resident set size (kbytes): 0
	Major (requiring I/O) page faults: 0
	Minor (reclaiming a frame) page faults: 14793
	Voluntary context switches: 9
	Involuntary context switches: 99
	Swaps: 0
	File system inputs: 9096
	File system outputs: 0
	Socket messages sent: 0
	Socket messages received: 0
	Signals delivered: 0
	Page size (bytes): 4096
	Exit status: 0
