Diameter: 16
TIME:  0.0675530433655
CLOCKTIME:  0.06756
	Command being timed: "python /home/cpennycu/diameter/snap/sn.py -f /home/cpennycu/gdata/sf/sf-1-100000-2.7.snap -d 0"
	User time (seconds): 1.13
	System time (seconds): 0.05
	Percent of CPU this job got: 99%
	Elapsed (wall clock) time (h:mm:ss or m:ss): 0:01.19
	Average shared text size (kbytes): 0
	Average unshared data size (kbytes): 0
	Average stack size (kbytes): 0
	Average total size (kbytes): 0
	Maximum resident set size (kbytes): 54536
	Average resident set size (kbytes): 0
	Major (requiring I/O) page faults: 0
	Minor (reclaiming a frame) page faults: 13587
	Voluntary context switches: 9
	Involuntary context switches: 26
	Swaps: 0
	File system inputs: 3696
	File system outputs: 0
	Socket messages sent: 0
	Socket messages received: 0
	Signals delivered: 0
	Page size (bytes): 4096
	Exit status: 0
