Diameter: 18
TIME:  0.0649099349976
CLOCKTIME:  0.064935
	Command being timed: "python /home/cpennycu/diameter/snap/sn.py -f /home/cpennycu/gdata/sf/sf-1-100000-3.0.snap -d 0"
	User time (seconds): 1.06
	System time (seconds): 0.03
	Percent of CPU this job got: 99%
	Elapsed (wall clock) time (h:mm:ss or m:ss): 0:01.10
	Average shared text size (kbytes): 0
	Average unshared data size (kbytes): 0
	Average stack size (kbytes): 0
	Average total size (kbytes): 0
	Maximum resident set size (kbytes): 54356
	Average resident set size (kbytes): 0
	Major (requiring I/O) page faults: 0
	Minor (reclaiming a frame) page faults: 13542
	Voluntary context switches: 9
	Involuntary context switches: 27
	Swaps: 0
	File system inputs: 3160
	File system outputs: 0
	Socket messages sent: 0
	Socket messages received: 0
	Signals delivered: 0
	Page size (bytes): 4096
	Exit status: 0
