Diameter: 5
TIME:  0.129252910614
CLOCKTIME:  0.129277
	Command being timed: "python /home/cpennycu/diameter/snap/sn.py -f /home/cpennycu/gdata/sf/sf-2-100000-2.1.snap -d 0"
	User time (seconds): 3.19
	System time (seconds): 0.08
	Percent of CPU this job got: 99%
	Elapsed (wall clock) time (h:mm:ss or m:ss): 0:03.30
	Average shared text size (kbytes): 0
	Average unshared data size (kbytes): 0
	Average stack size (kbytes): 0
	Average total size (kbytes): 0
	Maximum resident set size (kbytes): 58032
	Average resident set size (kbytes): 0
	Major (requiring I/O) page faults: 0
	Minor (reclaiming a frame) page faults: 14965
	Voluntary context switches: 6
	Involuntary context switches: 114
	Swaps: 0
	File system inputs: 11680
	File system outputs: 0
	Socket messages sent: 0
	Socket messages received: 0
	Signals delivered: 0
	Page size (bytes): 4096
	Exit status: 0
