error: XDG_RUNTIME_DIR not set in the environment.
error: XDG_RUNTIME_DIR not set in the environment.
Diameter: 7.0
TIME:  0.168518066406
CLOCKTIME:  3.885996
	Command being timed: "python /home/cpennycu/networkx/gt.py -f /home/cpennycu/gdata/er/erd-2-10000-8.snap -d 1"
	User time (seconds): 11.99
	System time (seconds): 0.34
	Percent of CPU this job got: 166%
	Elapsed (wall clock) time (h:mm:ss or m:ss): 0:07.41
	Average shared text size (kbytes): 0
	Average unshared data size (kbytes): 0
	Average stack size (kbytes): 0
	Average total size (kbytes): 0
	Maximum resident set size (kbytes): 70000
	Average resident set size (kbytes): 0
	Major (requiring I/O) page faults: 0
	Minor (reclaiming a frame) page faults: 30723
	Voluntary context switches: 230
	Involuntary context switches: 744
	Swaps: 0
	File system inputs: 1536
	File system outputs: 16
	Socket messages sent: 0
	Socket messages received: 0
	Signals delivered: 0
	Page size (bytes): 4096
	Exit status: 0
