error: XDG_RUNTIME_DIR not set in the environment.
error: XDG_RUNTIME_DIR not set in the environment.
Diameter: 29.0
TIME:  0.15108704567
CLOCKTIME:  5.042814
	Command being timed: "python /home/cpennycu/networkx/gt.py -f /home/cpennycu/gdata/er/erd-4-100000-2.snap -d 1"
	User time (seconds): 25.51
	System time (seconds): 0.53
	Percent of CPU this job got: 139%
	Elapsed (wall clock) time (h:mm:ss or m:ss): 0:18.66
	Average shared text size (kbytes): 0
	Average unshared data size (kbytes): 0
	Average stack size (kbytes): 0
	Average total size (kbytes): 0
	Maximum resident set size (kbytes): 106648
	Average resident set size (kbytes): 0
	Major (requiring I/O) page faults: 0
	Minor (reclaiming a frame) page faults: 38133
	Voluntary context switches: 317
	Involuntary context switches: 1267
	Swaps: 0
	File system inputs: 4608
	File system outputs: 16
	Socket messages sent: 0
	Socket messages received: 0
	Signals delivered: 0
	Page size (bytes): 4096
	Exit status: 0
