error: XDG_RUNTIME_DIR not set in the environment.
error: XDG_RUNTIME_DIR not set in the environment.
Diameter: 9.0
TIME:  0.286577939987
CLOCKTIME:  6.569558
	Command being timed: "python /home/cpennycu/networkx/gt.py -f /home/cpennycu/gdata/er/erd-2-100000-8.snap -d 1"
	User time (seconds): 78.11
	System time (seconds): 0.41
	Percent of CPU this job got: 108%
	Elapsed (wall clock) time (h:mm:ss or m:ss): 1:12.23
	Average shared text size (kbytes): 0
	Average unshared data size (kbytes): 0
	Average stack size (kbytes): 0
	Average total size (kbytes): 0
	Maximum resident set size (kbytes): 136792
	Average resident set size (kbytes): 0
	Major (requiring I/O) page faults: 0
	Minor (reclaiming a frame) page faults: 46739
	Voluntary context switches: 332
	Involuntary context switches: 3543
	Swaps: 0
	File system inputs: 18408
	File system outputs: 16
	Socket messages sent: 0
	Socket messages received: 0
	Signals delivered: 0
	Page size (bytes): 4096
	Exit status: 0
