error: XDG_RUNTIME_DIR not set in the environment.
error: XDG_RUNTIME_DIR not set in the environment.
Diameter: 14.0
TIME:  0.100895166397
CLOCKTIME:  3.015639
	Command being timed: "python /home/cpennycu/networkx/gt.py -f /home/cpennycu/gdata/er/erd-1-1000-2.snap -d 1"
	User time (seconds): 5.13
	System time (seconds): 0.20
	Percent of CPU this job got: 544%
	Elapsed (wall clock) time (h:mm:ss or m:ss): 0:00.98
	Average shared text size (kbytes): 0
	Average unshared data size (kbytes): 0
	Average stack size (kbytes): 0
	Average total size (kbytes): 0
	Maximum resident set size (kbytes): 63776
	Average resident set size (kbytes): 0
	Major (requiring I/O) page faults: 0
	Minor (reclaiming a frame) page faults: 29006
	Voluntary context switches: 199
	Involuntary context switches: 280
	Swaps: 0
	File system inputs: 32
	File system outputs: 16
	Socket messages sent: 0
	Socket messages received: 0
	Signals delivered: 0
	Page size (bytes): 4096
	Exit status: 0
