error: XDG_RUNTIME_DIR not set in the environment.
error: XDG_RUNTIME_DIR not set in the environment.
Diameter: 10.0
TIME:  0.261970996857
CLOCKTIME:  6.767976
	Command being timed: "python /home/cpennycu/networkx/gt.py -f /home/cpennycu/gdata/er/eru-2-100000-4.snap -d 0"
	User time (seconds): 42.54
	System time (seconds): 0.33
	Percent of CPU this job got: 118%
	Elapsed (wall clock) time (h:mm:ss or m:ss): 0:36.32
	Average shared text size (kbytes): 0
	Average unshared data size (kbytes): 0
	Average stack size (kbytes): 0
	Average total size (kbytes): 0
	Maximum resident set size (kbytes): 112876
	Average resident set size (kbytes): 0
	Major (requiring I/O) page faults: 0
	Minor (reclaiming a frame) page faults: 42926
	Voluntary context switches: 285
	Involuntary context switches: 2042
	Swaps: 0
	File system inputs: 9208
	File system outputs: 16
	Socket messages sent: 0
	Socket messages received: 0
	Signals delivered: 0
	Page size (bytes): 4096
	Exit status: 0
