error: XDG_RUNTIME_DIR not set in the environment.
error: XDG_RUNTIME_DIR not set in the environment.
Diameter: 6.0
TIME:  0.082072019577
CLOCKTIME:  2.909344
	Command being timed: "python /home/cpennycu/networkx/gt.py -f /home/cpennycu/gdata/er/eru-1-1000-4.snap -d 0"
	User time (seconds): 5.13
	System time (seconds): 0.19
	Percent of CPU this job got: 471%
	Elapsed (wall clock) time (h:mm:ss or m:ss): 0:01.12
	Average shared text size (kbytes): 0
	Average unshared data size (kbytes): 0
	Average stack size (kbytes): 0
	Average total size (kbytes): 0
	Maximum resident set size (kbytes): 63884
	Average resident set size (kbytes): 0
	Major (requiring I/O) page faults: 0
	Minor (reclaiming a frame) page faults: 30560
	Voluntary context switches: 177
	Involuntary context switches: 248
	Swaps: 0
	File system inputs: 64
	File system outputs: 16
	Socket messages sent: 0
	Socket messages received: 0
	Signals delivered: 0
	Page size (bytes): 4096
	Exit status: 0
