error: XDG_RUNTIME_DIR not set in the environment.
error: XDG_RUNTIME_DIR not set in the environment.
Diameter: 6.0
TIME:  0.290434837341
CLOCKTIME:  4.36279
	Command being timed: "python /home/cpennycu/networkx/gt.py -f /home/cpennycu/gdata/er/eru-2-100000-8.snap -d 0"
	User time (seconds): 72.32
	System time (seconds): 0.33
	Percent of CPU this job got: 105%
	Elapsed (wall clock) time (h:mm:ss or m:ss): 1:08.61
	Average shared text size (kbytes): 0
	Average unshared data size (kbytes): 0
	Average stack size (kbytes): 0
	Average total size (kbytes): 0
	Maximum resident set size (kbytes): 131736
	Average resident set size (kbytes): 0
	Major (requiring I/O) page faults: 0
	Minor (reclaiming a frame) page faults: 48781
	Voluntary context switches: 257
	Involuntary context switches: 3876
	Swaps: 0
	File system inputs: 18408
	File system outputs: 16
	Socket messages sent: 0
	Socket messages received: 0
	Signals delivered: 0
	Page size (bytes): 4096
	Exit status: 0
