error: XDG_RUNTIME_DIR not set in the environment.
error: XDG_RUNTIME_DIR not set in the environment.
Diameter: 3.0
TIME:  0.0587968826294
CLOCKTIME:  3.11026
	Command being timed: "python /home/cpennycu/networkx/gt.py -f /home/cpennycu/gdata/er/eru-2-1000-32.snap -d 0"
	User time (seconds): 7.57
	System time (seconds): 0.30
	Percent of CPU this job got: 233%
	Elapsed (wall clock) time (h:mm:ss or m:ss): 0:03.37
	Average shared text size (kbytes): 0
	Average unshared data size (kbytes): 0
	Average stack size (kbytes): 0
	Average total size (kbytes): 0
	Maximum resident set size (kbytes): 65172
	Average resident set size (kbytes): 0
	Major (requiring I/O) page faults: 0
	Minor (reclaiming a frame) page faults: 29398
	Voluntary context switches: 173
	Involuntary context switches: 384
	Swaps: 0
	File system inputs: 488
	File system outputs: 16
	Socket messages sent: 0
	Socket messages received: 0
	Signals delivered: 0
	Page size (bytes): 4096
	Exit status: 0
