error: XDG_RUNTIME_DIR not set in the environment.
error: XDG_RUNTIME_DIR not set in the environment.
Diameter: 4.0
TIME:  0.40630698204
CLOCKTIME:  5.592279
	Command being timed: "python /home/cpennycu/networkx/gt.py -f /home/cpennycu/gdata/er/eru-4-100000-32.snap -d 0"
	User time (seconds): 282.15
	System time (seconds): 0.89
	Percent of CPU this job got: 101%
	Elapsed (wall clock) time (h:mm:ss or m:ss): 4:38.03
	Average shared text size (kbytes): 0
	Average unshared data size (kbytes): 0
	Average stack size (kbytes): 0
	Average total size (kbytes): 0
	Maximum resident set size (kbytes): 243788
	Average resident set size (kbytes): 0
	Major (requiring I/O) page faults: 0
	Minor (reclaiming a frame) page faults: 76354
	Voluntary context switches: 216
	Involuntary context switches: 12345
	Swaps: 0
	File system inputs: 73616
	File system outputs: 16
	Socket messages sent: 0
	Socket messages received: 0
	Signals delivered: 0
	Page size (bytes): 4096
	Exit status: 0
