error: XDG_RUNTIME_DIR not set in the environment.
error: XDG_RUNTIME_DIR not set in the environment.
Diameter: 20.0
TIME:  0.308466911316
CLOCKTIME:  5.662992
	Command being timed: "python /home/cpennycu/networkx/gt.py -f /home/cpennycu/gdata/sf/sf-0-100000-2.8.snap -d 0"
	User time (seconds): 19.87
	System time (seconds): 0.24
	Percent of CPU this job got: 136%
	Elapsed (wall clock) time (h:mm:ss or m:ss): 0:14.71
	Average shared text size (kbytes): 0
	Average unshared data size (kbytes): 0
	Average stack size (kbytes): 0
	Average total size (kbytes): 0
	Maximum resident set size (kbytes): 101300
	Average resident set size (kbytes): 0
	Major (requiring I/O) page faults: 0
	Minor (reclaiming a frame) page faults: 38278
	Voluntary context switches: 318
	Involuntary context switches: 410
	Swaps: 0
	File system inputs: 3504
	File system outputs: 16
	Socket messages sent: 0
	Socket messages received: 0
	Signals delivered: 0
	Page size (bytes): 4096
	Exit status: 0
