error: XDG_RUNTIME_DIR not set in the environment.
error: XDG_RUNTIME_DIR not set in the environment.
Diameter: 9.0
TIME:  0.0936079025269
CLOCKTIME:  4.647316
	Command being timed: "python /home/cpennycu/networkx/gt.py -f /home/cpennycu/gdata/sf/sf-1-10000-2.3.snap -d 0"
	User time (seconds): 8.60
	System time (seconds): 0.20
	Percent of CPU this job got: 306%
	Elapsed (wall clock) time (h:mm:ss or m:ss): 0:02.88
	Average shared text size (kbytes): 0
	Average unshared data size (kbytes): 0
	Average stack size (kbytes): 0
	Average total size (kbytes): 0
	Maximum resident set size (kbytes): 67196
	Average resident set size (kbytes): 0
	Major (requiring I/O) page faults: 0
	Minor (reclaiming a frame) page faults: 31541
	Voluntary context switches: 180
	Involuntary context switches: 277
	Swaps: 0
	File system inputs: 464
	File system outputs: 16
	Socket messages sent: 0
	Socket messages received: 0
	Signals delivered: 0
	Page size (bytes): 4096
	Exit status: 0
