error: XDG_RUNTIME_DIR not set in the environment.
error: XDG_RUNTIME_DIR not set in the environment.
Diameter: 4.0
TIME:  0.196696996689
CLOCKTIME:  5.011492
	Command being timed: "python /home/cpennycu/networkx/gt.py -f /home/cpennycu/gdata/sf/sf-1-100000-2.0.snap -d 0"
	User time (seconds): 60.61
	System time (seconds): 0.34
	Percent of CPU this job got: 108%
	Elapsed (wall clock) time (h:mm:ss or m:ss): 0:56.14
	Average shared text size (kbytes): 0
	Average unshared data size (kbytes): 0
	Average stack size (kbytes): 0
	Average total size (kbytes): 0
	Maximum resident set size (kbytes): 122824
	Average resident set size (kbytes): 0
	Major (requiring I/O) page faults: 0
	Minor (reclaiming a frame) page faults: 46314
	Voluntary context switches: 223
	Involuntary context switches: 1816
	Swaps: 0
	File system inputs: 15096
	File system outputs: 16
	Socket messages sent: 0
	Socket messages received: 0
	Signals delivered: 0
	Page size (bytes): 4096
	Exit status: 0
