error: XDG_RUNTIME_DIR not set in the environment.
error: XDG_RUNTIME_DIR not set in the environment.
Diameter: 17.0
TIME:  0.19779586792
CLOCKTIME:  5.50604
	Command being timed: "python /home/cpennycu/networkx/gt.py -f /home/cpennycu/gdata/sf/sf-2-10000-2.7.snap -d 0"
	User time (seconds): 8.73
	System time (seconds): 0.21
	Percent of CPU this job got: 380%
	Elapsed (wall clock) time (h:mm:ss or m:ss): 0:02.34
	Average shared text size (kbytes): 0
	Average unshared data size (kbytes): 0
	Average stack size (kbytes): 0
	Average total size (kbytes): 0
	Maximum resident set size (kbytes): 66788
	Average resident set size (kbytes): 0
	Major (requiring I/O) page faults: 0
	Minor (reclaiming a frame) page faults: 29915
	Voluntary context switches: 225
	Involuntary context switches: 503
	Swaps: 0
	File system inputs: 320
	File system outputs: 16
	Socket messages sent: 0
	Socket messages received: 0
	Signals delivered: 0
	Page size (bytes): 4096
	Exit status: 0
