error: XDG_RUNTIME_DIR not set in the environment.
error: XDG_RUNTIME_DIR not set in the environment.
Diameter: 7.0
TIME:  0.138803005219
CLOCKTIME:  4.542201
	Command being timed: "python /home/cpennycu/networkx/gt.py -f /home/cpennycu/gdata/sf/sf-3-10000-2.3.snap -d 0"
	User time (seconds): 8.43
	System time (seconds): 0.38
	Percent of CPU this job got: 275%
	Elapsed (wall clock) time (h:mm:ss or m:ss): 0:03.20
	Average shared text size (kbytes): 0
	Average unshared data size (kbytes): 0
	Average stack size (kbytes): 0
	Average total size (kbytes): 0
	Maximum resident set size (kbytes): 67600
	Average resident set size (kbytes): 0
	Major (requiring I/O) page faults: 0
	Minor (reclaiming a frame) page faults: 30120
	Voluntary context switches: 214
	Involuntary context switches: 216
	Swaps: 0
	File system inputs: 544
	File system outputs: 16
	Socket messages sent: 0
	Socket messages received: 0
	Signals delivered: 0
	Page size (bytes): 4096
	Exit status: 0
