Graph diameter

GRAPHLAB_SUBNET_ID/GRAPHLAB_SUBNET_MASK environment variables not defined.
Using default values
Subnet ID: 0.0.0.0
Subnet Mask: 0.0.0.0
Will find first IPv4 non-loopback address matching the subnet
[1;32mINFO:     dc.cpp(init:573): Cluster of 1 instances created.
[0m[1;32mINFO:     distributed_graph.hpp(set_ingress_method:3201): Automatically determine ingress method: grid
[0mLoading graph in format: snap
[1;32mINFO:     distributed_graph.hpp(load_from_posixfs:2190): Loading graph from file: /home/cpennycu/gdata/er/erd-3-100000-2.snap
[0m# Nodes: 100000
# Edges: 200000
# Maximum Possible Edges: 9999900000
# Directed
# No self-loop allowed
[1;32mINFO:     distributed_ingress_base.hpp(finalize:199): Finalizing Graph...
[0m[1;32mINFO:     distributed_ingress_base.hpp(exchange_global_info:546): Graph info: 
	 nverts: 98106
	 nedges: 200000
	 nreplicas: 98106
	 replication factor: 1
[0m[1;32mINFO:     distributed_ingress_base.hpp(finalize:199): Finalizing Graph...
[0m[1;32mMax ID: 99999
Array size: 100000
Beginning batch 1 of 1
INFO:     synchronous_engine.hpp(start:1300): Iteration counter will only output every 5 seconds.
[0m[1;32mINFO:     synchronous_engine.hpp(start:1315): 0: Starting iteration: 0
[0mExchange messages...
EXCHANGE: 0.016848
Receive messages...
[1;32mINFO:     synchronous_engine.hpp(start:1364): 	Active vertices: 98106
[0mRECEIVE: 0.018665
Gathering...
GATHER: 0.019295
Applying...
APPLY: 0.040814
Scattering...
[1;32mINFO:     synchronous_engine.hpp(start:1414): 	 Running Aggregators
[0mSCATTER: 0.007921
[1;32mINFO:     synchronous_engine.hpp(start:1315): 0: Starting iteration: 1
[0mExchange messages...
EXCHANGE: 0.012052
Receive messages...
[1;32mINFO:     synchronous_engine.hpp(start:1364): 	Active vertices: 86397
[0mRECEIVE: 0.014105
Gathering...
GATHER: 0.038554
Applying...
APPLY: 0.037889
Scattering...
[1;32mINFO:     synchronous_engine.hpp(start:1414): 	 Running Aggregators
[0mSCATTER: 0.004725
[1;32mINFO:     synchronous_engine.hpp(start:1315): 0: Starting iteration: 2
[0mExchange messages...
EXCHANGE: 0.011002
Receive messages...
[1;32mINFO:     synchronous_engine.hpp(start:1364): 	Active vertices: 82234
[0mRECEIVE: 0.014419
Gathering...
GATHER: 0.070256
Applying...
APPLY: 0.032653
Scattering...
[1;32mINFO:     synchronous_engine.hpp(start:1414): 	 Running Aggregators
[0mSCATTER: 0.004559
[1;32mINFO:     synchronous_engine.hpp(start:1315): 0: Starting iteration: 3
[0mExchange messages...
EXCHANGE: 0.012192
Receive messages...
[1;32mINFO:     synchronous_engine.hpp(start:1364): 	Active vertices: 80709
[0mRECEIVE: 0.013572
Gathering...
GATHER: 0.336334
Applying...
APPLY: 0.043464
Scattering...
[1;32mINFO:     synchronous_engine.hpp(start:1414): 	 Running Aggregators
[0mSCATTER: 0.004371
[1;32mINFO:     synchronous_engine.hpp(start:1315): 0: Starting iteration: 4
[0mExchange messages...
EXCHANGE: 0.017368
Receive messages...
[1;32mINFO:     synchronous_engine.hpp(start:1364): 	Active vertices: 80124
[0mRECEIVE: 0.013547
Gathering...
GATHER: 0.604133
Applying...
APPLY: 0.153084
Scattering...
[1;32mINFO:     synchronous_engine.hpp(start:1414): 	 Running Aggregators
[0mSCATTER: 0.004243
[1;32mINFO:     synchronous_engine.hpp(start:1315): 0: Starting iteration: 5
[0mExchange messages...
EXCHANGE: 0.017931
Receive messages...
[1;32mINFO:     synchronous_engine.hpp(start:1364): 	Active vertices: 79888
[0mRECEIVE: 0.012273
Gathering...
GATHER: 0.881568
Applying...
APPLY: 0.338772
Scattering...
[1;32mINFO:     synchronous_engine.hpp(start:1414): 	 Running Aggregators
[0mSCATTER: 0.003826
[1;32mINFO:     synchronous_engine.hpp(start:1315): 0: Starting iteration: 6
[0mExchange messages...
EXCHANGE: 0.011581
Receive messages...
[1;32mINFO:     synchronous_engine.hpp(start:1364): 	Active vertices: 79786
[0mRECEIVE: 0.014262
Gathering...
GATHER: 2.16051
Applying...
APPLY: 1.08793
Scattering...
[1;32mINFO:     synchronous_engine.hpp(start:1414): 	 Running Aggregators
[0mSCATTER: 0.004013
[1;32mINFO:     synchronous_engine.hpp(start:1315): 0: Starting iteration: 7
[0mExchange messages...
EXCHANGE: 0.012124
Receive messages...
[1;32mINFO:     synchronous_engine.hpp(start:1364): 	Active vertices: 79746
[0mRECEIVE: 0.012997
Gathering...
GATHER: 5.01478
Applying...
APPLY: 1.05268
Scattering...
[1;32mINFO:     synchronous_engine.hpp(start:1414): 	 Running Aggregators
[0mSCATTER: 0.003945
[1;32mINFO:     synchronous_engine.hpp(start:1315): 0: Starting iteration: 8
[0mExchange messages...
EXCHANGE: 0.01175
Receive messages...
[1;32mINFO:     synchronous_engine.hpp(start:1364): 	Active vertices: 79735
[0mRECEIVE: 0.012341
Gathering...
GATHER: 4.68637
Applying...
APPLY: 2.08154
Scattering...
[1;32mINFO:     synchronous_engine.hpp(start:1414): 	 Running Aggregators
[0mSCATTER: 0.003813
[1;32mINFO:     synchronous_engine.hpp(start:1315): 0: Starting iteration: 9
[0mExchange messages...
EXCHANGE: 0.013162
Receive messages...
[1;32mINFO:     synchronous_engine.hpp(start:1364): 	Active vertices: 79731
[0mRECEIVE: 0.014763
Gathering...
GATHER: 9.38079
Applying...
APPLY: 3.6454
Scattering...
[1;32mINFO:     synchronous_engine.hpp(start:1414): 	 Running Aggregators
[0mSCATTER: 0.004355
[1;32mINFO:     synchronous_engine.hpp(start:1315): 0: Starting iteration: 10
[0mExchange messages...
EXCHANGE: 0.014235
Receive messages...
[1;32mINFO:     synchronous_engine.hpp(start:1364): 	Active vertices: 79731
[0mRECEIVE: 0.012306
Gathering...
GATHER: 19.4747
Applying...
APPLY: 10.0258
Scattering...
[1;32mINFO:     synchronous_engine.hpp(start:1414): 	 Running Aggregators
[0mSCATTER: 0.003996
[1;32mINFO:     synchronous_engine.hpp(start:1315): 0: Starting iteration: 11
[0mExchange messages...
EXCHANGE: 0.013141
Receive messages...
[1;32mINFO:     synchronous_engine.hpp(start:1364): 	Active vertices: 79731
[0mRECEIVE: 0.013214
Gathering...
GATHER: 30.5971
Applying...
APPLY: 10.941
Scattering...
[1;32mINFO:     synchronous_engine.hpp(start:1414): 	 Running Aggregators
[0mSCATTER: 0.004627
[1;32mINFO:     synchronous_engine.hpp(start:1315): 0: Starting iteration: 12
[0mExchange messages...
EXCHANGE: 0.011308
Receive messages...
[1;32mINFO:     synchronous_engine.hpp(start:1364): 	Active vertices: 79731
[0mRECEIVE: 0.01244
Gathering...
GATHER: 40.2902
Applying...
APPLY: 19.9607
Scattering...
[1;32mINFO:     synchronous_engine.hpp(start:1414): 	 Running Aggregators
[0mSCATTER: 0.007586
[1;32mINFO:     synchronous_engine.hpp(start:1315): 0: Starting iteration: 13
[0mExchange messages...
EXCHANGE: 0.012965
Receive messages...
[1;32mINFO:     synchronous_engine.hpp(start:1364): 	Active vertices: 79731
[0mRECEIVE: 0.012629
Gathering...
GATHER: 61.0791
Applying...
APPLY: 33.9339
Scattering...
[1;32mINFO:     synchronous_engine.hpp(start:1414): 	 Running Aggregators
[0mSCATTER: 0.004463
[1;32mINFO:     synchronous_engine.hpp(start:1315): 0: Starting iteration: 14
[0mExchange messages...
EXCHANGE: 0.012827
Receive messages...
[1;32mINFO:     synchronous_engine.hpp(start:1364): 	Active vertices: 79731
[0mRECEIVE: 0.012905
Gathering...
GATHER: 58.4535
Applying...
APPLY: 34.2123
Scattering...
[1;32mINFO:     synchronous_engine.hpp(start:1414): 	 Running Aggregators
[0mSCATTER: 0.004423
[1;32mINFO:     synchronous_engine.hpp(start:1315): 0: Starting iteration: 15
[0mExchange messages...
EXCHANGE: 0.015988
Receive messages...
[1;32mINFO:     synchronous_engine.hpp(start:1364): 	Active vertices: 79731
[0mRECEIVE: 0.014055
Gathering...
GATHER: 74.7195
Applying...
APPLY: 39.6752
Scattering...
[1;32mINFO:     synchronous_engine.hpp(start:1414): 	 Running Aggregators
[0mSCATTER: 0.005511
[1;32mINFO:     synchronous_engine.hpp(start:1315): 0: Starting iteration: 16
[0mExchange messages...
EXCHANGE: 0.016599
Receive messages...
[1;32mINFO:     synchronous_engine.hpp(start:1364): 	Active vertices: 79731
[0mRECEIVE: 0.012954
Gathering...
GATHER: 72.7574
Applying...
APPLY: 42.0981
Scattering...
[1;32mINFO:     synchronous_engine.hpp(start:1414): 	 Running Aggregators
[0mSCATTER: 0.005889
[1;32mINFO:     synchronous_engine.hpp(start:1315): 0: Starting iteration: 17
[0mExchange messages...
EXCHANGE: 0.012178
Receive messages...
[1;32mINFO:     synchronous_engine.hpp(start:1364): 	Active vertices: 79731
[0mRECEIVE: 0.013878
Gathering...
GATHER: 83.5476
Applying...
APPLY: 49.2222
Scattering...
[1;32mINFO:     synchronous_engine.hpp(start:1414): 	 Running Aggregators
[0mSCATTER: 0.004693
[1;32mINFO:     synchronous_engine.hpp(start:1315): 0: Starting iteration: 18
[0mExchange messages...
EXCHANGE: 0.012722
Receive messages...
[1;32mINFO:     synchronous_engine.hpp(start:1364): 	Active vertices: 79731
[0mRECEIVE: 0.013687
Gathering...
GATHER: 94.7321
Applying...
APPLY: 49.7813
Scattering...
[1;32mINFO:     synchronous_engine.hpp(start:1414): 	 Running Aggregators
[0mSCATTER: 0.005145
[1;32mINFO:     synchronous_engine.hpp(start:1315): 0: Starting iteration: 19
[0mExchange messages...
EXCHANGE: 0.01498
Receive messages...
[1;32mINFO:     synchronous_engine.hpp(start:1364): 	Active vertices: 79731
[0mRECEIVE: 0.011585
Gathering...
GATHER: 81.1566
Applying...
APPLY: 47.4004
Scattering...
[1;32mINFO:     synchronous_engine.hpp(start:1414): 	 Running Aggregators
[0mSCATTER: 0.003888
[1;32mINFO:     synchronous_engine.hpp(start:1315): 0: Starting iteration: 20
[0mExchange messages...
EXCHANGE: 0.01416
Receive messages...
[1;32mINFO:     synchronous_engine.hpp(start:1364): 	Active vertices: 79731
[0mRECEIVE: 0.012898
Gathering...
GATHER: 67.3691
Applying...
APPLY: 47.4351
Scattering...
[1;32mINFO:     synchronous_engine.hpp(start:1414): 	 Running Aggregators
[0mSCATTER: 0.004661
[1;32mINFO:     synchronous_engine.hpp(start:1315): 0: Starting iteration: 21
[0mExchange messages...
EXCHANGE: 0.010315
Receive messages...
[1;32mINFO:     synchronous_engine.hpp(start:1364): 	Active vertices: 79731
[0mRECEIVE: 0.013636
Gathering...
GATHER: 53.7606
Applying...
APPLY: 36.9041
Scattering...
[1;32mINFO:     synchronous_engine.hpp(start:1414): 	 Running Aggregators
[0mSCATTER: 0.004314
[1;32mINFO:     synchronous_engine.hpp(start:1315): 0: Starting iteration: 22
[0mExchange messages...
EXCHANGE: 0.010986
Receive messages...
[1;32mINFO:     synchronous_engine.hpp(start:1364): 	Active vertices: 79731
[0mRECEIVE: 0.012375
Gathering...
GATHER: 38.9709
Applying...
APPLY: 28.5046
Scattering...
[1;32mINFO:     synchronous_engine.hpp(start:1414): 	 Running Aggregators
[0mSCATTER: 0.003624
[1;32mINFO:     synchronous_engine.hpp(start:1315): 0: Starting iteration: 23
[0mExchange messages...
EXCHANGE: 0.013997
Receive messages...
[1;32mINFO:     synchronous_engine.hpp(start:1364): 	Active vertices: 79731
[0mRECEIVE: 0.012382
Gathering...
GATHER: 21.9685
Applying...
APPLY: 17.5286
Scattering...
[1;32mINFO:     synchronous_engine.hpp(start:1414): 	 Running Aggregators
[0mSCATTER: 0.003663
[1;32mINFO:     synchronous_engine.hpp(start:1315): 0: Starting iteration: 24
[0mExchange messages...
EXCHANGE: 0.010334
Receive messages...
[1;32mINFO:     synchronous_engine.hpp(start:1364): 	Active vertices: 79731
[0mRECEIVE: 0.012375
Gathering...
GATHER: 13.2289
Applying...
APPLY: 11.8213
Scattering...
[1;32mINFO:     synchronous_engine.hpp(start:1414): 	 Running Aggregators
[0mSCATTER: 0.00557
[1;32mINFO:     synchronous_engine.hpp(start:1315): 0: Starting iteration: 25
[0mExchange messages...
EXCHANGE: 0.011071
Receive messages...
[1;32mINFO:     synchronous_engine.hpp(start:1364): 	Active vertices: 79730
[0mRECEIVE: 0.012473
Gathering...
GATHER: 7.59475
Applying...
APPLY: 6.47041
Scattering...
[1;32mINFO:     synchronous_engine.hpp(start:1414): 	 Running Aggregators
[0mSCATTER: 0.007791
[1;32mINFO:     synchronous_engine.hpp(start:1315): 0: Starting iteration: 26
[0mExchange messages...
EXCHANGE: 0.01594
Receive messages...
[1;32mINFO:     synchronous_engine.hpp(start:1364): 	Active vertices: 79726
[0mRECEIVE: 0.013035
Gathering...
GATHER: 3.62494
Applying...
APPLY: 3.14861
Scattering...
[1;32mINFO:     synchronous_engine.hpp(start:1414): 	 Running Aggregators
[0mSCATTER: 0.013624
[1;32mINFO:     synchronous_engine.hpp(start:1315): 0: Starting iteration: 27
[0mExchange messages...
EXCHANGE: 0.020312
Receive messages...
[1;32mINFO:     synchronous_engine.hpp(start:1364): 	Active vertices: 79532
[0mRECEIVE: 0.019119
Gathering...
GATHER: 1.81312
Applying...
APPLY: 1.96828
Scattering...
[1;32mINFO:     synchronous_engine.hpp(start:1414): 	 Running Aggregators
[0mSCATTER: 0.013486
[1;32mINFO:     synchronous_engine.hpp(start:1315): 0: Starting iteration: 28
[0mExchange messages...
EXCHANGE: 0.020859
Receive messages...
[1;32mINFO:     synchronous_engine.hpp(start:1364): 	Active vertices: 77832
[0mRECEIVE: 0.02128
Gathering...
GATHER: 1.09154
Applying...
APPLY: 0.853829
Scattering...
[1;32mINFO:     synchronous_engine.hpp(start:1414): 	 Running Aggregators
[0mSCATTER: 0.016966
[1;32mINFO:     synchronous_engine.hpp(start:1315): 0: Starting iteration: 29
[0mExchange messages...
EXCHANGE: 0.024806
Receive messages...
[1;32mINFO:     synchronous_engine.hpp(start:1364): 	Active vertices: 70948
[0mRECEIVE: 0.023846
Gathering...
GATHER: 0.532456
Applying...
APPLY: 0.504501
Scattering...
[1;32mINFO:     synchronous_engine.hpp(start:1414): 	 Running Aggregators
[0mSCATTER: 0.021403
[1;32mINFO:     synchronous_engine.hpp(start:1315): 0: Starting iteration: 30
[0mExchange messages...
EXCHANGE: 0.02787
Receive messages...
[1;32mINFO:     synchronous_engine.hpp(start:1364): 	Active vertices: 55802
[0mRECEIVE: 0.027185
Gathering...
GATHER: 0.304446
Applying...
APPLY: 0.282333
Scattering...
[1;32mINFO:     synchronous_engine.hpp(start:1414): 	 Running Aggregators
[0mSCATTER: 0.023148
[1;32mINFO:     synchronous_engine.hpp(start:1315): 0: Starting iteration: 31
[0mExchange messages...
EXCHANGE: 0.031307
Receive messages...
[1;32mINFO:     synchronous_engine.hpp(start:1364): 	Active vertices: 35371
[0mRECEIVE: 0.03115
Gathering...
GATHER: 0.061248
Applying...
APPLY: 0.061073
Scattering...
[1;32mINFO:     synchronous_engine.hpp(start:1414): 	 Running Aggregators
[0mSCATTER: 0.028356
[1;32mINFO:     synchronous_engine.hpp(start:1315): 0: Starting iteration: 32
[0mExchange messages...
EXCHANGE: 0.031984
Receive messages...
[1;32mINFO:     synchronous_engine.hpp(start:1364): 	Active vertices: 18387
[0mRECEIVE: 0.032907
Gathering...
GATHER: 0.031878
Applying...
APPLY: 0.043821
Scattering...
[1;32mINFO:     synchronous_engine.hpp(start:1414): 	 Running Aggregators
[0mSCATTER: 0.023105
[1;32mINFO:     synchronous_engine.hpp(start:1315): 0: Starting iteration: 33
[0mExchange messages...
EXCHANGE: 0.031808
Receive messages...
[1;32mINFO:     synchronous_engine.hpp(start:1364): 	Active vertices: 8453
[0mRECEIVE: 0.029983
Gathering...
GATHER: 0.029833
Applying...
APPLY: 0.032642
Scattering...
[1;32mINFO:     synchronous_engine.hpp(start:1414): 	 Running Aggregators
[0mSCATTER: 0.027696
[1;32mINFO:     synchronous_engine.hpp(start:1315): 0: Starting iteration: 34
[0mExchange messages...
EXCHANGE: 0.03112
Receive messages...
[1;32mINFO:     synchronous_engine.hpp(start:1364): 	Active vertices: 3683
[0mRECEIVE: 0.028495
Gathering...
GATHER: 0.028384
Applying...
APPLY: 0.030724
Scattering...
[1;32mINFO:     synchronous_engine.hpp(start:1414): 	 Running Aggregators
[0mSCATTER: 0.022166
[1;32mINFO:     synchronous_engine.hpp(start:1315): 0: Starting iteration: 35
[0mExchange messages...
EXCHANGE: 0.02875
Receive messages...
[1;32mINFO:     synchronous_engine.hpp(start:1364): 	Active vertices: 1638
[0mRECEIVE: 0.028634
Gathering...
GATHER: 0.03272
Applying...
APPLY: 0.029242
Scattering...
[1;32mINFO:     synchronous_engine.hpp(start:1414): 	 Running Aggregators
[0mSCATTER: 0.022009
[1;32mINFO:     synchronous_engine.hpp(start:1315): 0: Starting iteration: 36
[0mExchange messages...
EXCHANGE: 0.028405
Receive messages...
[1;32mINFO:     synchronous_engine.hpp(start:1364): 	Active vertices: 745
[0mRECEIVE: 0.027553
Gathering...
GATHER: 0.027738
Applying...
APPLY: 0.028489
Scattering...
[1;32mINFO:     synchronous_engine.hpp(start:1414): 	 Running Aggregators
[0mSCATTER: 0.022002
[1;32mINFO:     synchronous_engine.hpp(start:1315): 0: Starting iteration: 37
[0mExchange messages...
EXCHANGE: 0.028607
Receive messages...
[1;32mINFO:     synchronous_engine.hpp(start:1364): 	Active vertices: 354
[0mRECEIVE: 0.02911
Gathering...
GATHER: 0.02989
Applying...
APPLY: 0.030029
Scattering...
[1;32mINFO:     synchronous_engine.hpp(start:1414): 	 Running Aggregators
[0mSCATTER: 0.022184
[1;32mINFO:     synchronous_engine.hpp(start:1315): 0: Starting iteration: 38
[0mExchange messages...
EXCHANGE: 0.027379
Receive messages...
[1;32mINFO:     synchronous_engine.hpp(start:1364): 	Active vertices: 160
[0mRECEIVE: 0.02996
Gathering...
GATHER: 0.030676
Applying...
APPLY: 0.037855
Scattering...
[1;32mINFO:     synchronous_engine.hpp(start:1414): 	 Running Aggregators
[0mSCATTER: 0.024989
[1;32mINFO:     synchronous_engine.hpp(start:1315): 0: Starting iteration: 39
[0mExchange messages...
EXCHANGE: 0.027446
Receive messages...
[1;32mINFO:     synchronous_engine.hpp(start:1364): 	Active vertices: 72
[0mRECEIVE: 0.027173
Gathering...
GATHER: 0.027097
Applying...
APPLY: 0.027602
Scattering...
[1;32mINFO:     synchronous_engine.hpp(start:1414): 	 Running Aggregators
[0mSCATTER: 0.022142
[1;32mINFO:     synchronous_engine.hpp(start:1315): 0: Starting iteration: 40
[0mExchange messages...
EXCHANGE: 0.02741
Receive messages...
[1;32mINFO:     synchronous_engine.hpp(start:1364): 	Active vertices: 39
[0mRECEIVE: 0.027124
Gathering...
GATHER: 0.026914
Applying...
APPLY: 0.026745
Scattering...
[1;32mINFO:     synchronous_engine.hpp(start:1414): 	 Running Aggregators
[0mSCATTER: 0.025046
[1;32mINFO:     synchronous_engine.hpp(start:1315): 0: Starting iteration: 41
[0mExchange messages...
EXCHANGE: 0.029443
Receive messages...
[1;32mINFO:     synchronous_engine.hpp(start:1364): 	Active vertices: 17
[0mRECEIVE: 0.02989
Gathering...
GATHER: 0.02993
Applying...
APPLY: 0.026153
Scattering...
[1;32mINFO:     synchronous_engine.hpp(start:1414): 	 Running Aggregators
[0mSCATTER: 0.023812
[1;32mINFO:     synchronous_engine.hpp(start:1315): 0: Starting iteration: 42
[0mExchange messages...
EXCHANGE: 0.02657
Receive messages...
[1;32mINFO:     synchronous_engine.hpp(start:1364): 	Active vertices: 2
[0mRECEIVE: 0.028258
Gathering...
GATHER: 0.025912
Applying...
APPLY: 0.029043
Scattering...
[1;32mINFO:     synchronous_engine.hpp(start:1414): 	 Running Aggregators
[0mSCATTER: 0.021593
[1;32mINFO:     synchronous_engine.hpp(start:1315): 0: Starting iteration: 43
[0mExchange messages...
EXCHANGE: 0.026607
Receive messages...
[1;32mINFO:     synchronous_engine.hpp(start:1364): 	Active vertices: 0
[0m[1;32mINFO:     synchronous_engine.hpp(start:1427): 43 iterations completed.
[0mUpdates: 2534912
	Iteration time:	0:22:50.59
	Total spent:	0:22:50.59
	Projected Total Time:		0:22:50.59
	Projected Time Remaining:	0:00:00.00
TIME: 1370.59
CLOCKTIME: 74069.4
Diameter: 41
	Command being timed: "/home/cpennycu/graphlab/release/apps/diameter/diameter /home/cpennycu/gdata/er/erd-3-100000-2.snap --format snap --directed 1"
	User time (seconds): 9178.94
	System time (seconds): 64916.98
	Percent of CPU this job got: 5349%
	Elapsed (wall clock) time (h:mm:ss or m:ss): 23:05.17
	Average shared text size (kbytes): 0
	Average unshared data size (kbytes): 0
	Average stack size (kbytes): 0
	Average total size (kbytes): 0
	Maximum resident set size (kbytes): 61665940
	Average resident set size (kbytes): 0
	Major (requiring I/O) page faults: 0
	Minor (reclaiming a frame) page faults: 15331963
	Voluntary context switches: 3046058
	Involuntary context switches: 689202
	Swaps: 0
	File system inputs: 4608
	File system outputs: 0
	Socket messages sent: 0
	Socket messages received: 0
	Signals delivered: 0
	Page size (bytes): 4096
	Exit status: 0
