Graph diameter

GRAPHLAB_SUBNET_ID/GRAPHLAB_SUBNET_MASK environment variables not defined.
Using default values
Subnet ID: 0.0.0.0
Subnet Mask: 0.0.0.0
Will find first IPv4 non-loopback address matching the subnet
[1;32mINFO:     dc.cpp(init:573): Cluster of 1 instances created.
[0m[1;32mINFO:     distributed_graph.hpp(set_ingress_method:3201): Automatically determine ingress method: grid
[0mLoading graph in format: snap
[1;32mINFO:     distributed_graph.hpp(load_from_posixfs:2190): Loading graph from file: /home/cpennycu/gdata/er/erd-2-100-2.snap
[0m# Nodes: 100
# Edges: 200
# Maximum Possible Edges: 9900
# Directed
# No self-loop allowed
[1;32mINFO:     distributed_ingress_base.hpp(finalize:199): Finalizing Graph...
[0m[1;32mINFO:     distributed_ingress_base.hpp(exchange_global_info:546): Graph info: 
	 nverts: 99
	 nedges: 200
	 nreplicas: 99
	 replication factor: 1
[0m[1;32mINFO:     distributed_ingress_base.hpp(finalize:199): Finalizing Graph...
[0m[1;32mMax ID: 99
Array size: 100
Beginning batch 1 of 1
INFO:     synchronous_engine.hpp(start:1300): Iteration counter will only output every 5 seconds.
[0m[1;32mINFO:     synchronous_engine.hpp(start:1315): 0: Starting iteration: 0
[0mExchange messages...
EXCHANGE: 0.003649
Receive messages...
[1;32mINFO:     synchronous_engine.hpp(start:1364): 	Active vertices: 99
[0mRECEIVE: 0.002538
Gathering...
GATHER: 0.002487
Applying...
APPLY: 0.002382
Scattering...
[1;32mINFO:     synchronous_engine.hpp(start:1414): 	 Running Aggregators
[0mSCATTER: 0.001536
[1;32mINFO:     synchronous_engine.hpp(start:1315): 0: Starting iteration: 1
[0mExchange messages...
EXCHANGE: 0.002622
Receive messages...
[1;32mINFO:     synchronous_engine.hpp(start:1364): 	Active vertices: 88
[0mRECEIVE: 0.005553
Gathering...
GATHER: 0.007682
Applying...
APPLY: 0.00761
Scattering...
[1;32mINFO:     synchronous_engine.hpp(start:1414): 	 Running Aggregators
[0mSCATTER: 0.001611
[1;32mINFO:     synchronous_engine.hpp(start:1315): 0: Starting iteration: 2
[0mExchange messages...
EXCHANGE: 0.007895
Receive messages...
[1;32mINFO:     synchronous_engine.hpp(start:1364): 	Active vertices: 83
[0mRECEIVE: 0.007925
Gathering...
GATHER: 0.007798
Applying...
APPLY: 0.008018
Scattering...
[1;32mINFO:     synchronous_engine.hpp(start:1414): 	 Running Aggregators
[0mSCATTER: 0.002582
[1;32mINFO:     synchronous_engine.hpp(start:1315): 0: Starting iteration: 3
[0mExchange messages...
EXCHANGE: 0.007578
Receive messages...
[1;32mINFO:     synchronous_engine.hpp(start:1364): 	Active vertices: 82
[0mRECEIVE: 0.008365
Gathering...
GATHER: 0.007613
Applying...
APPLY: 0.007331
Scattering...
[1;32mINFO:     synchronous_engine.hpp(start:1414): 	 Running Aggregators
[0mSCATTER: 0.001751
[1;32mINFO:     synchronous_engine.hpp(start:1315): 0: Starting iteration: 4
[0mExchange messages...
EXCHANGE: 0.007767
Receive messages...
[1;32mINFO:     synchronous_engine.hpp(start:1364): 	Active vertices: 81
[0mRECEIVE: 0.008946
Gathering...
GATHER: 0.007659
Applying...
APPLY: 0.008916
Scattering...
[1;32mINFO:     synchronous_engine.hpp(start:1414): 	 Running Aggregators
[0mSCATTER: 0.001712
[1;32mINFO:     synchronous_engine.hpp(start:1315): 0: Starting iteration: 5
[0mExchange messages...
EXCHANGE: 0.006932
Receive messages...
[1;32mINFO:     synchronous_engine.hpp(start:1364): 	Active vertices: 81
[0mRECEIVE: 0.008343
Gathering...
GATHER: 0.008531
Applying...
APPLY: 0.009288
Scattering...
[1;32mINFO:     synchronous_engine.hpp(start:1414): 	 Running Aggregators
[0mSCATTER: 0.001561
[1;32mINFO:     synchronous_engine.hpp(start:1315): 0: Starting iteration: 6
[0mExchange messages...
EXCHANGE: 0.00949
Receive messages...
[1;32mINFO:     synchronous_engine.hpp(start:1364): 	Active vertices: 81
[0mRECEIVE: 0.008284
Gathering...
GATHER: 0.008344
Applying...
APPLY: 0.00836
Scattering...
[1;32mINFO:     synchronous_engine.hpp(start:1414): 	 Running Aggregators
[0mSCATTER: 0.001936
[1;32mINFO:     synchronous_engine.hpp(start:1315): 0: Starting iteration: 7
[0mExchange messages...
EXCHANGE: 0.008107
Receive messages...
[1;32mINFO:     synchronous_engine.hpp(start:1364): 	Active vertices: 81
[0mRECEIVE: 0.007381
Gathering...
GATHER: 0.008593
Applying...
APPLY: 0.008223
Scattering...
[1;32mINFO:     synchronous_engine.hpp(start:1414): 	 Running Aggregators
[0mSCATTER: 0.001592
[1;32mINFO:     synchronous_engine.hpp(start:1315): 0: Starting iteration: 8
[0mExchange messages...
EXCHANGE: 0.009121
Receive messages...
[1;32mINFO:     synchronous_engine.hpp(start:1364): 	Active vertices: 81
[0mRECEIVE: 0.008282
Gathering...
GATHER: 0.007022
Applying...
APPLY: 0.007184
Scattering...
[1;32mINFO:     synchronous_engine.hpp(start:1414): 	 Running Aggregators
[0mSCATTER: 0.001572
[1;32mINFO:     synchronous_engine.hpp(start:1315): 0: Starting iteration: 9
[0mExchange messages...
EXCHANGE: 0.008064
Receive messages...
[1;32mINFO:     synchronous_engine.hpp(start:1364): 	Active vertices: 81
[0mRECEIVE: 0.010267
Gathering...
GATHER: 0.008179
Applying...
APPLY: 0.010051
Scattering...
[1;32mINFO:     synchronous_engine.hpp(start:1414): 	 Running Aggregators
[0mSCATTER: 0.001548
[1;32mINFO:     synchronous_engine.hpp(start:1315): 0: Starting iteration: 10
[0mExchange messages...
EXCHANGE: 0.007
Receive messages...
[1;32mINFO:     synchronous_engine.hpp(start:1364): 	Active vertices: 78
[0mRECEIVE: 0.013171
Gathering...
GATHER: 0.007682
Applying...
APPLY: 0.007047
Scattering...
[1;32mINFO:     synchronous_engine.hpp(start:1414): 	 Running Aggregators
[0mSCATTER: 0.002813
[1;32mINFO:     synchronous_engine.hpp(start:1315): 0: Starting iteration: 11
[0mExchange messages...
EXCHANGE: 0.00784
Receive messages...
[1;32mINFO:     synchronous_engine.hpp(start:1364): 	Active vertices: 72
[0mRECEIVE: 0.007528
Gathering...
GATHER: 0.007708
Applying...
APPLY: 0.007871
Scattering...
[1;32mINFO:     synchronous_engine.hpp(start:1414): 	 Running Aggregators
[0mSCATTER: 0.001553
[1;32mINFO:     synchronous_engine.hpp(start:1315): 0: Starting iteration: 12
[0mExchange messages...
EXCHANGE: 0.006524
Receive messages...
[1;32mINFO:     synchronous_engine.hpp(start:1364): 	Active vertices: 54
[0mRECEIVE: 0.007645
Gathering...
GATHER: 0.007806
Applying...
APPLY: 0.007928
Scattering...
[1;32mINFO:     synchronous_engine.hpp(start:1414): 	 Running Aggregators
[0mSCATTER: 0.002176
[1;32mINFO:     synchronous_engine.hpp(start:1315): 0: Starting iteration: 13
[0mExchange messages...
EXCHANGE: 0.007824
Receive messages...
[1;32mINFO:     synchronous_engine.hpp(start:1364): 	Active vertices: 38
[0mRECEIVE: 0.007886
Gathering...
GATHER: 0.007923
Applying...
APPLY: 0.007948
Scattering...
[1;32mINFO:     synchronous_engine.hpp(start:1414): 	 Running Aggregators
[0mSCATTER: 0.001523
[1;32mINFO:     synchronous_engine.hpp(start:1315): 0: Starting iteration: 14
[0mExchange messages...
EXCHANGE: 0.006859
Receive messages...
[1;32mINFO:     synchronous_engine.hpp(start:1364): 	Active vertices: 28
[0mRECEIVE: 0.007362
Gathering...
GATHER: 0.007936
Applying...
APPLY: 0.007812
Scattering...
[1;32mINFO:     synchronous_engine.hpp(start:1414): 	 Running Aggregators
[0mSCATTER: 0.001601
[1;32mINFO:     synchronous_engine.hpp(start:1315): 0: Starting iteration: 15
[0mExchange messages...
EXCHANGE: 0.008025
Receive messages...
[1;32mINFO:     synchronous_engine.hpp(start:1364): 	Active vertices: 18
[0mRECEIVE: 0.007085
Gathering...
GATHER: 0.007656
Applying...
APPLY: 0.008554
Scattering...
[1;32mINFO:     synchronous_engine.hpp(start:1414): 	 Running Aggregators
[0mSCATTER: 0.001568
[1;32mINFO:     synchronous_engine.hpp(start:1315): 0: Starting iteration: 16
[0mExchange messages...
EXCHANGE: 0.008545
Receive messages...
[1;32mINFO:     synchronous_engine.hpp(start:1364): 	Active vertices: 9
[0mRECEIVE: 0.008511
Gathering...
GATHER: 0.00819
Applying...
APPLY: 0.007981
Scattering...
[1;32mINFO:     synchronous_engine.hpp(start:1414): 	 Running Aggregators
[0mSCATTER: 0.001551
[1;32mINFO:     synchronous_engine.hpp(start:1315): 0: Starting iteration: 17
[0mExchange messages...
EXCHANGE: 0.00813
Receive messages...
[1;32mINFO:     synchronous_engine.hpp(start:1364): 	Active vertices: 3
[0mRECEIVE: 0.008189
Gathering...
GATHER: 0.008461
Applying...
APPLY: 0.008238
Scattering...
[1;32mINFO:     synchronous_engine.hpp(start:1414): 	 Running Aggregators
[0mSCATTER: 0.00164
[1;32mINFO:     synchronous_engine.hpp(start:1315): 0: Starting iteration: 18
[0mExchange messages...
EXCHANGE: 0.006944
Receive messages...
[1;32mINFO:     synchronous_engine.hpp(start:1364): 	Active vertices: 0
[0m[1;32mINFO:     synchronous_engine.hpp(start:1427): 18 iterations completed.
[0mUpdates: 1138
	Iteration time:	0:00:00.61
	Total spent:	0:00:00.61
	Projected Total Time:		0:00:00.61
	Projected Time Remaining:	0:00:00.00
TIME: 0.606024
CLOCKTIME: 2.55181
Diameter: 16
	Command being timed: "/home/cpennycu/graphlab/release/apps/diameter/diameter /home/cpennycu/gdata/er/erd-2-100-2.snap --format snap --directed 1"
	User time (seconds): 10.52
	System time (seconds): 0.96
	Percent of CPU this job got: 863%
	Elapsed (wall clock) time (h:mm:ss or m:ss): 0:01.33
	Average shared text size (kbytes): 0
	Average unshared data size (kbytes): 0
	Average stack size (kbytes): 0
	Average total size (kbytes): 0
	Maximum resident set size (kbytes): 20552
	Average resident set size (kbytes): 0
	Major (requiring I/O) page faults: 0
	Minor (reclaiming a frame) page faults: 6547
	Voluntary context switches: 26100
	Involuntary context switches: 2873
	Swaps: 0
	File system inputs: 8
	File system outputs: 0
	Socket messages sent: 0
	Socket messages received: 0
	Signals delivered: 0
	Page size (bytes): 4096
	Exit status: 0
