Graph diameter

GRAPHLAB_SUBNET_ID/GRAPHLAB_SUBNET_MASK environment variables not defined.
Using default values
Subnet ID: 0.0.0.0
Subnet Mask: 0.0.0.0
Will find first IPv4 non-loopback address matching the subnet
[1;32mINFO:     dc.cpp(init:573): Cluster of 1 instances created.
[0m[1;32mINFO:     distributed_graph.hpp(set_ingress_method:3201): Automatically determine ingress method: grid
[0mLoading graph in format: snap
[1;32mINFO:     distributed_graph.hpp(load_from_posixfs:2190): Loading graph from file: /home/cpennycu/gdata/er/erd-4-100-2.snap
[0m# Nodes: 100
# Edges: 200
# Maximum Possible Edges: 9900
# Directed
# No self-loop allowed
[1;32mINFO:     distributed_ingress_base.hpp(finalize:199): Finalizing Graph...
[0m[1;32mINFO:     distributed_ingress_base.hpp(exchange_global_info:546): Graph info: 
	 nverts: 97
	 nedges: 200
	 nreplicas: 97
	 replication factor: 1
[0m[1;32mINFO:     distributed_ingress_base.hpp(finalize:199): Finalizing Graph...
[0m[1;32mMax ID: 99
Array size: 100
Beginning batch 1 of 1
INFO:     synchronous_engine.hpp(start:1300): Iteration counter will only output every 5 seconds.
[0m[1;32mINFO:     synchronous_engine.hpp(start:1315): 0: Starting iteration: 0
[0mExchange messages...
EXCHANGE: 0.007343
Receive messages...
[1;32mINFO:     synchronous_engine.hpp(start:1364): 	Active vertices: 97
[0mRECEIVE: 0.002962
Gathering...
GATHER: 0.003837
Applying...
APPLY: 0.005628
Scattering...
[1;32mINFO:     synchronous_engine.hpp(start:1414): 	 Running Aggregators
[0mSCATTER: 0.00185
[1;32mINFO:     synchronous_engine.hpp(start:1315): 0: Starting iteration: 1
[0mExchange messages...
EXCHANGE: 0.010963
Receive messages...
[1;32mINFO:     synchronous_engine.hpp(start:1364): 	Active vertices: 87
[0mRECEIVE: 0.007267
Gathering...
GATHER: 0.009013
Applying...
APPLY: 0.007856
Scattering...
[1;32mINFO:     synchronous_engine.hpp(start:1414): 	 Running Aggregators
[0mSCATTER: 0.001542
[1;32mINFO:     synchronous_engine.hpp(start:1315): 0: Starting iteration: 2
[0mExchange messages...
EXCHANGE: 0.007208
Receive messages...
[1;32mINFO:     synchronous_engine.hpp(start:1364): 	Active vertices: 85
[0mRECEIVE: 0.007368
Gathering...
GATHER: 0.00707
Applying...
APPLY: 0.007889
Scattering...
[1;32mINFO:     synchronous_engine.hpp(start:1414): 	 Running Aggregators
[0mSCATTER: 0.001491
[1;32mINFO:     synchronous_engine.hpp(start:1315): 0: Starting iteration: 3
[0mExchange messages...
EXCHANGE: 0.007082
Receive messages...
[1;32mINFO:     synchronous_engine.hpp(start:1364): 	Active vertices: 84
[0mRECEIVE: 0.007779
Gathering...
GATHER: 0.007338
Applying...
APPLY: 0.007391
Scattering...
[1;32mINFO:     synchronous_engine.hpp(start:1414): 	 Running Aggregators
[0mSCATTER: 0.001617
[1;32mINFO:     synchronous_engine.hpp(start:1315): 0: Starting iteration: 4
[0mExchange messages...
EXCHANGE: 0.007165
Receive messages...
[1;32mINFO:     synchronous_engine.hpp(start:1364): 	Active vertices: 84
[0mRECEIVE: 0.007349
Gathering...
GATHER: 0.007596
Applying...
APPLY: 0.007383
Scattering...
[1;32mINFO:     synchronous_engine.hpp(start:1414): 	 Running Aggregators
[0mSCATTER: 0.001509
[1;32mINFO:     synchronous_engine.hpp(start:1315): 0: Starting iteration: 5
[0mExchange messages...
EXCHANGE: 0.007352
Receive messages...
[1;32mINFO:     synchronous_engine.hpp(start:1364): 	Active vertices: 84
[0mRECEIVE: 0.0075
Gathering...
GATHER: 0.007477
Applying...
APPLY: 0.007111
Scattering...
[1;32mINFO:     synchronous_engine.hpp(start:1414): 	 Running Aggregators
[0mSCATTER: 0.001501
[1;32mINFO:     synchronous_engine.hpp(start:1315): 0: Starting iteration: 6
[0mExchange messages...
EXCHANGE: 0.00819
Receive messages...
[1;32mINFO:     synchronous_engine.hpp(start:1364): 	Active vertices: 84
[0mRECEIVE: 0.011075
Gathering...
GATHER: 0.007817
Applying...
APPLY: 0.00742
Scattering...
[1;32mINFO:     synchronous_engine.hpp(start:1414): 	 Running Aggregators
[0mSCATTER: 0.001587
[1;32mINFO:     synchronous_engine.hpp(start:1315): 0: Starting iteration: 7
[0mExchange messages...
EXCHANGE: 0.006894
Receive messages...
[1;32mINFO:     synchronous_engine.hpp(start:1364): 	Active vertices: 84
[0mRECEIVE: 0.006017
Gathering...
GATHER: 0.006626
Applying...
APPLY: 0.00819
Scattering...
[1;32mINFO:     synchronous_engine.hpp(start:1414): 	 Running Aggregators
[0mSCATTER: 0.001656
[1;32mINFO:     synchronous_engine.hpp(start:1315): 0: Starting iteration: 8
[0mExchange messages...
EXCHANGE: 0.008437
Receive messages...
[1;32mINFO:     synchronous_engine.hpp(start:1364): 	Active vertices: 84
[0mRECEIVE: 0.007765
Gathering...
GATHER: 0.007925
Applying...
APPLY: 0.006639
Scattering...
[1;32mINFO:     synchronous_engine.hpp(start:1414): 	 Running Aggregators
[0mSCATTER: 0.001535
[1;32mINFO:     synchronous_engine.hpp(start:1315): 0: Starting iteration: 9
[0mExchange messages...
EXCHANGE: 0.009399
Receive messages...
[1;32mINFO:     synchronous_engine.hpp(start:1364): 	Active vertices: 84
[0mRECEIVE: 0.006935
Gathering...
GATHER: 0.008421
Applying...
APPLY: 0.00832
Scattering...
[1;32mINFO:     synchronous_engine.hpp(start:1414): 	 Running Aggregators
[0mSCATTER: 0.001559
[1;32mINFO:     synchronous_engine.hpp(start:1315): 0: Starting iteration: 10
[0mExchange messages...
EXCHANGE: 0.008157
Receive messages...
[1;32mINFO:     synchronous_engine.hpp(start:1364): 	Active vertices: 81
[0mRECEIVE: 0.008637
Gathering...
GATHER: 0.008177
Applying...
APPLY: 0.008352
Scattering...
[1;32mINFO:     synchronous_engine.hpp(start:1414): 	 Running Aggregators
[0mSCATTER: 0.001832
[1;32mINFO:     synchronous_engine.hpp(start:1315): 0: Starting iteration: 11
[0mExchange messages...
EXCHANGE: 0.008056
Receive messages...
[1;32mINFO:     synchronous_engine.hpp(start:1364): 	Active vertices: 69
[0mRECEIVE: 0.008206
Gathering...
GATHER: 0.008599
Applying...
APPLY: 0.008468
Scattering...
[1;32mINFO:     synchronous_engine.hpp(start:1414): 	 Running Aggregators
[0mSCATTER: 0.001576
[1;32mINFO:     synchronous_engine.hpp(start:1315): 0: Starting iteration: 12
[0mExchange messages...
EXCHANGE: 0.00811
Receive messages...
[1;32mINFO:     synchronous_engine.hpp(start:1364): 	Active vertices: 51
[0mRECEIVE: 0.008443
Gathering...
GATHER: 0.008149
Applying...
APPLY: 0.008058
Scattering...
[1;32mINFO:     synchronous_engine.hpp(start:1414): 	 Running Aggregators
[0mSCATTER: 0.001631
[1;32mINFO:     synchronous_engine.hpp(start:1315): 0: Starting iteration: 13
[0mExchange messages...
EXCHANGE: 0.008308
Receive messages...
[1;32mINFO:     synchronous_engine.hpp(start:1364): 	Active vertices: 25
[0mRECEIVE: 0.008008
Gathering...
GATHER: 0.006497
Applying...
APPLY: 0.008001
Scattering...
[1;32mINFO:     synchronous_engine.hpp(start:1414): 	 Running Aggregators
[0mSCATTER: 0.001563
[1;32mINFO:     synchronous_engine.hpp(start:1315): 0: Starting iteration: 14
[0mExchange messages...
EXCHANGE: 0.007743
Receive messages...
[1;32mINFO:     synchronous_engine.hpp(start:1364): 	Active vertices: 9
[0mRECEIVE: 0.008393
Gathering...
GATHER: 0.007953
Applying...
APPLY: 0.012219
Scattering...
[1;32mINFO:     synchronous_engine.hpp(start:1414): 	 Running Aggregators
[0mSCATTER: 0.0016
[1;32mINFO:     synchronous_engine.hpp(start:1315): 0: Starting iteration: 15
[0mExchange messages...
EXCHANGE: 0.00809
Receive messages...
[1;32mINFO:     synchronous_engine.hpp(start:1364): 	Active vertices: 0
[0m[1;32mINFO:     synchronous_engine.hpp(start:1427): 15 iterations completed.
[0mUpdates: 1092
	Iteration time:	0:00:00.51
	Total spent:	0:00:00.51
	Projected Total Time:		0:00:00.51
	Projected Time Remaining:	0:00:00.00
TIME: 0.513117
CLOCKTIME: 2.74975
Diameter: 13
	Command being timed: "/home/cpennycu/graphlab/release/apps/diameter/diameter /home/cpennycu/gdata/er/erd-4-100-2.snap --format snap --directed 1"
	User time (seconds): 10.63
	System time (seconds): 0.63
	Percent of CPU this job got: 907%
	Elapsed (wall clock) time (h:mm:ss or m:ss): 0:01.24
	Average shared text size (kbytes): 0
	Average unshared data size (kbytes): 0
	Average stack size (kbytes): 0
	Average total size (kbytes): 0
	Maximum resident set size (kbytes): 26344
	Average resident set size (kbytes): 0
	Major (requiring I/O) page faults: 0
	Minor (reclaiming a frame) page faults: 6101
	Voluntary context switches: 22247
	Involuntary context switches: 2730
	Swaps: 0
	File system inputs: 8
	File system outputs: 0
	Socket messages sent: 0
	Socket messages received: 0
	Signals delivered: 0
	Page size (bytes): 4096
	Exit status: 0
