Graph diameter

GRAPHLAB_SUBNET_ID/GRAPHLAB_SUBNET_MASK environment variables not defined.
Using default values
Subnet ID: 0.0.0.0
Subnet Mask: 0.0.0.0
Will find first IPv4 non-loopback address matching the subnet
[1;32mINFO:     dc.cpp(init:573): Cluster of 1 instances created.
[0m[1;32mINFO:     distributed_graph.hpp(set_ingress_method:3201): Automatically determine ingress method: grid
[0mLoading graph in format: snap
[1;32mINFO:     distributed_graph.hpp(load_from_posixfs:2190): Loading graph from file: /home/cpennycu/gdata/er/erd-3-10-2.snap
[0m# Nodes: 10
# Edges: 20
# Maximum Possible Edges: 90
# Directed
# No self-loop allowed
[1;32mINFO:     distributed_ingress_base.hpp(finalize:199): Finalizing Graph...
[0m[1;32mINFO:     distributed_ingress_base.hpp(exchange_global_info:546): Graph info: 
	 nverts: 9
	 nedges: 20
	 nreplicas: 9
	 replication factor: 1
[0m[1;32mINFO:     distributed_ingress_base.hpp(finalize:199): Finalizing Graph...
[0m[1;32mMax ID: 9
Array size: 10
Beginning batch 1 of 1
INFO:     synchronous_engine.hpp(start:1300): Iteration counter will only output every 5 seconds.
[0m[1;32mINFO:     synchronous_engine.hpp(start:1315): 0: Starting iteration: 0
[0mExchange messages...
EXCHANGE: 0.008423
Receive messages...
[1;32mINFO:     synchronous_engine.hpp(start:1364): 	Active vertices: 9
[0mRECEIVE: 0.003475
Gathering...
GATHER: 0.004276
Applying...
APPLY: 0.005079
Scattering...
[1;32mINFO:     synchronous_engine.hpp(start:1414): 	 Running Aggregators
[0mSCATTER: 0.001496
[1;32mINFO:     synchronous_engine.hpp(start:1315): 0: Starting iteration: 1
[0mExchange messages...
EXCHANGE: 0.006925
Receive messages...
[1;32mINFO:     synchronous_engine.hpp(start:1364): 	Active vertices: 8
[0mRECEIVE: 0.00721
Gathering...
GATHER: 0.00616
Applying...
APPLY: 0.006292
Scattering...
[1;32mINFO:     synchronous_engine.hpp(start:1414): 	 Running Aggregators
[0mSCATTER: 0.001521
[1;32mINFO:     synchronous_engine.hpp(start:1315): 0: Starting iteration: 2
[0mExchange messages...
EXCHANGE: 0.007335
Receive messages...
[1;32mINFO:     synchronous_engine.hpp(start:1364): 	Active vertices: 8
[0mRECEIVE: 0.007713
Gathering...
GATHER: 0.006853
Applying...
APPLY: 0.007749
Scattering...
[1;32mINFO:     synchronous_engine.hpp(start:1414): 	 Running Aggregators
[0mSCATTER: 0.001527
[1;32mINFO:     synchronous_engine.hpp(start:1315): 0: Starting iteration: 3
[0mExchange messages...
EXCHANGE: 0.007762
Receive messages...
[1;32mINFO:     synchronous_engine.hpp(start:1364): 	Active vertices: 8
[0mRECEIVE: 0.008199
Gathering...
GATHER: 0.009986
Applying...
APPLY: 0.00826
Scattering...
[1;32mINFO:     synchronous_engine.hpp(start:1414): 	 Running Aggregators
[0mSCATTER: 0.001484
[1;32mINFO:     synchronous_engine.hpp(start:1315): 0: Starting iteration: 4
[0mExchange messages...
EXCHANGE: 0.007745
Receive messages...
[1;32mINFO:     synchronous_engine.hpp(start:1364): 	Active vertices: 8
[0mRECEIVE: 0.007079
Gathering...
GATHER: 0.008127
Applying...
APPLY: 0.007948
Scattering...
[1;32mINFO:     synchronous_engine.hpp(start:1414): 	 Running Aggregators
[0mSCATTER: 0.001535
[1;32mINFO:     synchronous_engine.hpp(start:1315): 0: Starting iteration: 5
[0mExchange messages...
EXCHANGE: 0.008395
Receive messages...
[1;32mINFO:     synchronous_engine.hpp(start:1364): 	Active vertices: 6
[0mRECEIVE: 0.008338
Gathering...
GATHER: 0.01287
Applying...
APPLY: 0.007828
Scattering...
[1;32mINFO:     synchronous_engine.hpp(start:1414): 	 Running Aggregators
[0mSCATTER: 0.001501
[1;32mINFO:     synchronous_engine.hpp(start:1315): 0: Starting iteration: 6
[0mExchange messages...
EXCHANGE: 0.009859
Receive messages...
[1;32mINFO:     synchronous_engine.hpp(start:1364): 	Active vertices: 0
[0m[1;32mINFO:     synchronous_engine.hpp(start:1427): 6 iterations completed.
[0mUpdates: 47
	Iteration time:	0:00:00.22
	Total spent:	0:00:00.22
	Projected Total Time:		0:00:00.22
	Projected Time Remaining:	0:00:00.00
TIME: 0.219733
CLOCKTIME: 3.05331
Diameter: 4
	Command being timed: "/home/cpennycu/graphlab/release/apps/diameter/diameter /home/cpennycu/gdata/er/erd-3-10-2.snap --format snap --directed 1"
	User time (seconds): 10.13
	System time (seconds): 0.37
	Percent of CPU this job got: 1121%
	Elapsed (wall clock) time (h:mm:ss or m:ss): 0:00.93
	Average shared text size (kbytes): 0
	Average unshared data size (kbytes): 0
	Average stack size (kbytes): 0
	Average total size (kbytes): 0
	Maximum resident set size (kbytes): 28252
	Average resident set size (kbytes): 0
	Major (requiring I/O) page faults: 0
	Minor (reclaiming a frame) page faults: 6169
	Voluntary context switches: 10019
	Involuntary context switches: 1488
	Swaps: 0
	File system inputs: 0
	File system outputs: 0
	Socket messages sent: 0
	Socket messages received: 0
	Signals delivered: 0
	Page size (bytes): 4096
	Exit status: 0
