Graph diameter

GRAPHLAB_SUBNET_ID/GRAPHLAB_SUBNET_MASK environment variables not defined.
Using default values
Subnet ID: 0.0.0.0
Subnet Mask: 0.0.0.0
Will find first IPv4 non-loopback address matching the subnet
[1;32mINFO:     dc.cpp(init:573): Cluster of 1 instances created.
[0m[1;32mINFO:     distributed_graph.hpp(set_ingress_method:3201): Automatically determine ingress method: grid
[0mLoading graph in format: snap
[1;32mINFO:     distributed_graph.hpp(load_from_posixfs:2190): Loading graph from file: /home/cpennycu/gdata/er/erd-3-100-4.snap
[0m# Nodes: 100
# Edges: 400
# Maximum Possible Edges: 9900
# Directed
# No self-loop allowed
[1;32mINFO:     distributed_ingress_base.hpp(finalize:199): Finalizing Graph...
[0m[1;32mINFO:     distributed_ingress_base.hpp(exchange_global_info:546): Graph info: 
	 nverts: 100
	 nedges: 400
	 nreplicas: 100
	 replication factor: 1
[0m[1;32mINFO:     distributed_ingress_base.hpp(finalize:199): Finalizing Graph...
[0m[1;32mMax ID: 99
Array size: 100
Beginning batch 1 of 1
INFO:     synchronous_engine.hpp(start:1300): Iteration counter will only output every 5 seconds.
[0m[1;32mINFO:     synchronous_engine.hpp(start:1315): 0: Starting iteration: 0
[0mExchange messages...
EXCHANGE: 0.004629
Receive messages...
[1;32mINFO:     synchronous_engine.hpp(start:1364): 	Active vertices: 100
[0mRECEIVE: 0.003985
Gathering...
GATHER: 0.004258
Applying...
APPLY: 0.004408
Scattering...
[1;32mINFO:     synchronous_engine.hpp(start:1414): 	 Running Aggregators
[0mSCATTER: 0.001589
[1;32mINFO:     synchronous_engine.hpp(start:1315): 0: Starting iteration: 1
[0mExchange messages...
EXCHANGE: 0.005458
Receive messages...
[1;32mINFO:     synchronous_engine.hpp(start:1364): 	Active vertices: 97
[0mRECEIVE: 0.005741
Gathering...
GATHER: 0.006941
Applying...
APPLY: 0.00623
Scattering...
[1;32mINFO:     synchronous_engine.hpp(start:1414): 	 Running Aggregators
[0mSCATTER: 0.001606
[1;32mINFO:     synchronous_engine.hpp(start:1315): 0: Starting iteration: 2
[0mExchange messages...
EXCHANGE: 0.007867
Receive messages...
[1;32mINFO:     synchronous_engine.hpp(start:1364): 	Active vertices: 97
[0mRECEIVE: 0.007271
Gathering...
GATHER: 0.00767
Applying...
APPLY: 0.00747
Scattering...
[1;32mINFO:     synchronous_engine.hpp(start:1414): 	 Running Aggregators
[0mSCATTER: 0.00168
[1;32mINFO:     synchronous_engine.hpp(start:1315): 0: Starting iteration: 3
[0mExchange messages...
EXCHANGE: 0.007343
Receive messages...
[1;32mINFO:     synchronous_engine.hpp(start:1364): 	Active vertices: 97
[0mRECEIVE: 0.00833
Gathering...
GATHER: 0.007828
Applying...
APPLY: 0.007334
Scattering...
[1;32mINFO:     synchronous_engine.hpp(start:1414): 	 Running Aggregators
[0mSCATTER: 0.001645
[1;32mINFO:     synchronous_engine.hpp(start:1315): 0: Starting iteration: 4
[0mExchange messages...
EXCHANGE: 0.007792
Receive messages...
[1;32mINFO:     synchronous_engine.hpp(start:1364): 	Active vertices: 97
[0mRECEIVE: 0.007683
Gathering...
GATHER: 0.007157
Applying...
APPLY: 0.007964
Scattering...
[1;32mINFO:     synchronous_engine.hpp(start:1414): 	 Running Aggregators
[0mSCATTER: 0.001661
[1;32mINFO:     synchronous_engine.hpp(start:1315): 0: Starting iteration: 5
[0mExchange messages...
EXCHANGE: 0.007999
Receive messages...
[1;32mINFO:     synchronous_engine.hpp(start:1364): 	Active vertices: 97
[0mRECEIVE: 0.00771
Gathering...
GATHER: 0.007762
Applying...
APPLY: 0.008351
Scattering...
[1;32mINFO:     synchronous_engine.hpp(start:1414): 	 Running Aggregators
[0mSCATTER: 0.001524
[1;32mINFO:     synchronous_engine.hpp(start:1315): 0: Starting iteration: 6
[0mExchange messages...
EXCHANGE: 0.00842
Receive messages...
[1;32mINFO:     synchronous_engine.hpp(start:1364): 	Active vertices: 96
[0mRECEIVE: 0.00799
Gathering...
GATHER: 0.008105
Applying...
APPLY: 0.008088
Scattering...
[1;32mINFO:     synchronous_engine.hpp(start:1414): 	 Running Aggregators
[0mSCATTER: 0.001848
[1;32mINFO:     synchronous_engine.hpp(start:1315): 0: Starting iteration: 7
[0mExchange messages...
EXCHANGE: 0.00782
Receive messages...
[1;32mINFO:     synchronous_engine.hpp(start:1364): 	Active vertices: 77
[0mRECEIVE: 0.007414
Gathering...
GATHER: 0.006623
Applying...
APPLY: 0.007501
Scattering...
[1;32mINFO:     synchronous_engine.hpp(start:1414): 	 Running Aggregators
[0mSCATTER: 0.00155
[1;32mINFO:     synchronous_engine.hpp(start:1315): 0: Starting iteration: 8
[0mExchange messages...
EXCHANGE: 0.007205
Receive messages...
[1;32mINFO:     synchronous_engine.hpp(start:1364): 	Active vertices: 18
[0mRECEIVE: 0.007927
Gathering...
GATHER: 0.008052
Applying...
APPLY: 0.008039
Scattering...
[1;32mINFO:     synchronous_engine.hpp(start:1414): 	 Running Aggregators
[0mSCATTER: 0.001523
[1;32mINFO:     synchronous_engine.hpp(start:1315): 0: Starting iteration: 9
[0mExchange messages...
EXCHANGE: 0.007786
Receive messages...
[1;32mINFO:     synchronous_engine.hpp(start:1364): 	Active vertices: 3
[0mRECEIVE: 0.007523
Gathering...
GATHER: 0.007784
Applying...
APPLY: 0.007775
Scattering...
[1;32mINFO:     synchronous_engine.hpp(start:1414): 	 Running Aggregators
[0mSCATTER: 0.001454
[1;32mINFO:     synchronous_engine.hpp(start:1315): 0: Starting iteration: 10
[0mExchange messages...
EXCHANGE: 0.00797
Receive messages...
[1;32mINFO:     synchronous_engine.hpp(start:1364): 	Active vertices: 0
[0m[1;32mINFO:     synchronous_engine.hpp(start:1427): 10 iterations completed.
[0mUpdates: 779
	Iteration time:	0:00:00.33
	Total spent:	0:00:00.33
	Projected Total Time:		0:00:00.33
	Projected Time Remaining:	0:00:00.00
TIME: 0.334214
CLOCKTIME: 3.30802
Diameter: 8
	Command being timed: "/home/cpennycu/graphlab/release/apps/diameter/diameter /home/cpennycu/gdata/er/erd-3-100-4.snap --format snap --directed 1"
	User time (seconds): 10.40
	System time (seconds): 0.73
	Percent of CPU this job got: 1050%
	Elapsed (wall clock) time (h:mm:ss or m:ss): 0:01.06
	Average shared text size (kbytes): 0
	Average unshared data size (kbytes): 0
	Average stack size (kbytes): 0
	Average total size (kbytes): 0
	Maximum resident set size (kbytes): 20820
	Average resident set size (kbytes): 0
	Major (requiring I/O) page faults: 0
	Minor (reclaiming a frame) page faults: 6523
	Voluntary context switches: 15468
	Involuntary context switches: 2110
	Swaps: 0
	File system inputs: 8
	File system outputs: 0
	Socket messages sent: 0
	Socket messages received: 0
	Signals delivered: 0
	Page size (bytes): 4096
	Exit status: 0
