Graph diameter

GRAPHLAB_SUBNET_ID/GRAPHLAB_SUBNET_MASK environment variables not defined.
Using default values
Subnet ID: 0.0.0.0
Subnet Mask: 0.0.0.0
Will find first IPv4 non-loopback address matching the subnet
[1;32mINFO:     dc.cpp(init:573): Cluster of 1 instances created.
[0m[1;32mINFO:     distributed_graph.hpp(set_ingress_method:3201): Automatically determine ingress method: grid
[0mLoading graph in format: snap
[1;32mINFO:     distributed_graph.hpp(load_from_posixfs:2190): Loading graph from file: /home/cpennycu/gdata/er/erd-2-1000-2.snap
[0m# Nodes: 1000
# Edges: 2000
# Maximum Possible Edges: 999000
# Directed
# No self-loop allowed
[1;32mINFO:     distributed_ingress_base.hpp(finalize:199): Finalizing Graph...
[0m[1;32mINFO:     distributed_ingress_base.hpp(exchange_global_info:546): Graph info: 
	 nverts: 983
	 nedges: 2000
	 nreplicas: 983
	 replication factor: 1
[0m[1;32mINFO:     distributed_ingress_base.hpp(finalize:199): Finalizing Graph...
[0m[1;32mMax ID: 999
Array size: 1000
Beginning batch 1 of 1
INFO:     synchronous_engine.hpp(start:1300): Iteration counter will only output every 5 seconds.
[0m[1;32mINFO:     synchronous_engine.hpp(start:1315): 0: Starting iteration: 0
[0mExchange messages...
EXCHANGE: 0.009977
Receive messages...
[1;32mINFO:     synchronous_engine.hpp(start:1364): 	Active vertices: 983
[0mRECEIVE: 0.002602
Gathering...
GATHER: 0.002761
Applying...
APPLY: 0.003066
Scattering...
[1;32mINFO:     synchronous_engine.hpp(start:1414): 	 Running Aggregators
[0mSCATTER: 0.001517
[1;32mINFO:     synchronous_engine.hpp(start:1315): 0: Starting iteration: 1
[0mExchange messages...
EXCHANGE: 0.004223
Receive messages...
[1;32mINFO:     synchronous_engine.hpp(start:1364): 	Active vertices: 864
[0mRECEIVE: 0.007059
Gathering...
GATHER: 0.007934
Applying...
APPLY: 0.008161
Scattering...
[1;32mINFO:     synchronous_engine.hpp(start:1414): 	 Running Aggregators
[0mSCATTER: 0.001661
[1;32mINFO:     synchronous_engine.hpp(start:1315): 0: Starting iteration: 2
[0mExchange messages...
EXCHANGE: 0.007976
Receive messages...
[1;32mINFO:     synchronous_engine.hpp(start:1364): 	Active vertices: 832
[0mRECEIVE: 0.007742
Gathering...
GATHER: 0.007866
Applying...
APPLY: 0.007673
Scattering...
[1;32mINFO:     synchronous_engine.hpp(start:1414): 	 Running Aggregators
[0mSCATTER: 0.001636
[1;32mINFO:     synchronous_engine.hpp(start:1315): 0: Starting iteration: 3
[0mExchange messages...
EXCHANGE: 0.007686
Receive messages...
[1;32mINFO:     synchronous_engine.hpp(start:1364): 	Active vertices: 819
[0mRECEIVE: 0.009665
Gathering...
GATHER: 0.008185
Applying...
APPLY: 0.008139
Scattering...
[1;32mINFO:     synchronous_engine.hpp(start:1414): 	 Running Aggregators
[0mSCATTER: 0.001577
[1;32mINFO:     synchronous_engine.hpp(start:1315): 0: Starting iteration: 4
[0mExchange messages...
EXCHANGE: 0.008138
Receive messages...
[1;32mINFO:     synchronous_engine.hpp(start:1364): 	Active vertices: 817
[0mRECEIVE: 0.008326
Gathering...
GATHER: 0.00857
Applying...
APPLY: 0.008381
Scattering...
[1;32mINFO:     synchronous_engine.hpp(start:1414): 	 Running Aggregators
[0mSCATTER: 0.001433
[1;32mINFO:     synchronous_engine.hpp(start:1315): 0: Starting iteration: 5
[0mExchange messages...
EXCHANGE: 0.008141
Receive messages...
[1;32mINFO:     synchronous_engine.hpp(start:1364): 	Active vertices: 817
[0mRECEIVE: 0.00736
Gathering...
GATHER: 0.008057
Applying...
APPLY: 0.011367
Scattering...
[1;32mINFO:     synchronous_engine.hpp(start:1414): 	 Running Aggregators
[0mSCATTER: 0.001493
[1;32mINFO:     synchronous_engine.hpp(start:1315): 0: Starting iteration: 6
[0mExchange messages...
EXCHANGE: 0.008364
Receive messages...
[1;32mINFO:     synchronous_engine.hpp(start:1364): 	Active vertices: 817
[0mRECEIVE: 0.00857
Gathering...
GATHER: 0.011301
Applying...
APPLY: 0.008706
Scattering...
[1;32mINFO:     synchronous_engine.hpp(start:1414): 	 Running Aggregators
[0mSCATTER: 0.001569
[1;32mINFO:     synchronous_engine.hpp(start:1315): 0: Starting iteration: 7
[0mExchange messages...
EXCHANGE: 0.007897
Receive messages...
[1;32mINFO:     synchronous_engine.hpp(start:1364): 	Active vertices: 817
[0mRECEIVE: 0.008772
Gathering...
GATHER: 0.008601
Applying...
APPLY: 0.009392
Scattering...
[1;32mINFO:     synchronous_engine.hpp(start:1414): 	 Running Aggregators
[0mSCATTER: 0.001599
[1;32mINFO:     synchronous_engine.hpp(start:1315): 0: Starting iteration: 8
[0mExchange messages...
EXCHANGE: 0.007742
Receive messages...
[1;32mINFO:     synchronous_engine.hpp(start:1364): 	Active vertices: 817
[0mRECEIVE: 0.008097
Gathering...
GATHER: 0.008736
Applying...
APPLY: 0.013023
Scattering...
[1;32mINFO:     synchronous_engine.hpp(start:1414): 	 Running Aggregators
[0mSCATTER: 0.001824
[1;32mINFO:     synchronous_engine.hpp(start:1315): 0: Starting iteration: 9
[0mExchange messages...
EXCHANGE: 0.008275
Receive messages...
[1;32mINFO:     synchronous_engine.hpp(start:1364): 	Active vertices: 817
[0mRECEIVE: 0.007515
Gathering...
GATHER: 0.011955
Applying...
APPLY: 0.01075
Scattering...
[1;32mINFO:     synchronous_engine.hpp(start:1414): 	 Running Aggregators
[0mSCATTER: 0.001787
[1;32mINFO:     synchronous_engine.hpp(start:1315): 0: Starting iteration: 10
[0mExchange messages...
EXCHANGE: 0.008494
Receive messages...
[1;32mINFO:     synchronous_engine.hpp(start:1364): 	Active vertices: 817
[0mRECEIVE: 0.009632
Gathering...
GATHER: 0.010087
Applying...
APPLY: 0.009784
Scattering...
[1;32mINFO:     synchronous_engine.hpp(start:1414): 	 Running Aggregators
[0mSCATTER: 0.001634
[1;32mINFO:     synchronous_engine.hpp(start:1315): 0: Starting iteration: 11
[0mExchange messages...
EXCHANGE: 0.008677
Receive messages...
[1;32mINFO:     synchronous_engine.hpp(start:1364): 	Active vertices: 817
[0mRECEIVE: 0.008547
Gathering...
GATHER: 0.009157
Applying...
APPLY: 0.013546
Scattering...
[1;32mINFO:     synchronous_engine.hpp(start:1414): 	 Running Aggregators
[0mSCATTER: 0.001597
[1;32mINFO:     synchronous_engine.hpp(start:1315): 0: Starting iteration: 12
[0mExchange messages...
EXCHANGE: 0.008701
Receive messages...
[1;32mINFO:     synchronous_engine.hpp(start:1364): 	Active vertices: 817
[0mRECEIVE: 0.009188
Gathering...
GATHER: 0.008311
Applying...
APPLY: 0.008339
Scattering...
[1;32mINFO:     synchronous_engine.hpp(start:1414): 	 Running Aggregators
[0mSCATTER: 0.001588
[1;32mINFO:     synchronous_engine.hpp(start:1315): 0: Starting iteration: 13
[0mExchange messages...
EXCHANGE: 0.010565
Receive messages...
[1;32mINFO:     synchronous_engine.hpp(start:1364): 	Active vertices: 817
[0mRECEIVE: 0.007954
Gathering...
GATHER: 0.008797
Applying...
APPLY: 0.009697
Scattering...
[1;32mINFO:     synchronous_engine.hpp(start:1414): 	 Running Aggregators
[0mSCATTER: 0.001488
[1;32mINFO:     synchronous_engine.hpp(start:1315): 0: Starting iteration: 14
[0mExchange messages...
EXCHANGE: 0.009835
Receive messages...
[1;32mINFO:     synchronous_engine.hpp(start:1364): 	Active vertices: 817
[0mRECEIVE: 0.008107
Gathering...
GATHER: 0.010273
Applying...
APPLY: 0.008522
Scattering...
[1;32mINFO:     synchronous_engine.hpp(start:1414): 	 Running Aggregators
[0mSCATTER: 0.001767
[1;32mINFO:     synchronous_engine.hpp(start:1315): 0: Starting iteration: 15
[0mExchange messages...
EXCHANGE: 0.010509
Receive messages...
[1;32mINFO:     synchronous_engine.hpp(start:1364): 	Active vertices: 816
[0mRECEIVE: 0.007354
Gathering...
GATHER: 0.008104
Applying...
APPLY: 0.011617
Scattering...
[1;32mINFO:     synchronous_engine.hpp(start:1414): 	 Running Aggregators
[0mSCATTER: 0.001758
[1;32mINFO:     synchronous_engine.hpp(start:1315): 0: Starting iteration: 16
[0mExchange messages...
EXCHANGE: 0.008229
Receive messages...
[1;32mINFO:     synchronous_engine.hpp(start:1364): 	Active vertices: 811
[0mRECEIVE: 0.008225
Gathering...
GATHER: 0.008229
Applying...
APPLY: 0.008401
Scattering...
[1;32mINFO:     synchronous_engine.hpp(start:1414): 	 Running Aggregators
[0mSCATTER: 0.001559
[1;32mINFO:     synchronous_engine.hpp(start:1315): 0: Starting iteration: 17
[0mExchange messages...
EXCHANGE: 0.007678
Receive messages...
[1;32mINFO:     synchronous_engine.hpp(start:1364): 	Active vertices: 767
[0mRECEIVE: 0.008349
Gathering...
GATHER: 0.00846
Applying...
APPLY: 0.007904
Scattering...
[1;32mINFO:     synchronous_engine.hpp(start:1414): 	 Running Aggregators
[0mSCATTER: 0.001592
[1;32mINFO:     synchronous_engine.hpp(start:1315): 0: Starting iteration: 18
[0mExchange messages...
EXCHANGE: 0.00849
Receive messages...
[1;32mINFO:     synchronous_engine.hpp(start:1364): 	Active vertices: 643
[0mRECEIVE: 0.008761
Gathering...
GATHER: 0.007684
Applying...
APPLY: 0.010167
Scattering...
[1;32mINFO:     synchronous_engine.hpp(start:1414): 	 Running Aggregators
[0mSCATTER: 0.001609
[1;32mINFO:     synchronous_engine.hpp(start:1315): 0: Starting iteration: 19
[0mExchange messages...
EXCHANGE: 0.008055
Receive messages...
[1;32mINFO:     synchronous_engine.hpp(start:1364): 	Active vertices: 459
[0mRECEIVE: 0.008068
Gathering...
GATHER: 0.006918
Applying...
APPLY: 0.008167
Scattering...
[1;32mINFO:     synchronous_engine.hpp(start:1414): 	 Running Aggregators
[0mSCATTER: 0.001573
[1;32mINFO:     synchronous_engine.hpp(start:1315): 0: Starting iteration: 20
[0mExchange messages...
EXCHANGE: 0.008038
Receive messages...
[1;32mINFO:     synchronous_engine.hpp(start:1364): 	Active vertices: 261
[0mRECEIVE: 0.007484
Gathering...
GATHER: 0.008348
Applying...
APPLY: 0.008745
Scattering...
[1;32mINFO:     synchronous_engine.hpp(start:1414): 	 Running Aggregators
[0mSCATTER: 0.002156
[1;32mINFO:     synchronous_engine.hpp(start:1315): 0: Starting iteration: 21
[0mExchange messages...
EXCHANGE: 0.007755
Receive messages...
[1;32mINFO:     synchronous_engine.hpp(start:1364): 	Active vertices: 154
[0mRECEIVE: 0.010595
Gathering...
GATHER: 0.007145
Applying...
APPLY: 0.007022
Scattering...
[1;32mINFO:     synchronous_engine.hpp(start:1414): 	 Running Aggregators
[0mSCATTER: 0.001474
[1;32mINFO:     synchronous_engine.hpp(start:1315): 0: Starting iteration: 22
[0mExchange messages...
EXCHANGE: 0.006615
Receive messages...
[1;32mINFO:     synchronous_engine.hpp(start:1364): 	Active vertices: 84
[0mRECEIVE: 0.007446
Gathering...
GATHER: 0.00703
Applying...
APPLY: 0.007945
Scattering...
[1;32mINFO:     synchronous_engine.hpp(start:1414): 	 Running Aggregators
[0mSCATTER: 0.001583
[1;32mINFO:     synchronous_engine.hpp(start:1315): 0: Starting iteration: 23
[0mExchange messages...
EXCHANGE: 0.007454
Receive messages...
[1;32mINFO:     synchronous_engine.hpp(start:1364): 	Active vertices: 48
[0mRECEIVE: 0.006601
Gathering...
GATHER: 0.007626
Applying...
APPLY: 0.00754
Scattering...
[1;32mINFO:     synchronous_engine.hpp(start:1414): 	 Running Aggregators
[0mSCATTER: 0.001525
[1;32mINFO:     synchronous_engine.hpp(start:1315): 0: Starting iteration: 24
[0mExchange messages...
EXCHANGE: 0.006984
Receive messages...
[1;32mINFO:     synchronous_engine.hpp(start:1364): 	Active vertices: 28
[0mRECEIVE: 0.006502
Gathering...
GATHER: 0.006637
Applying...
APPLY: 0.007824
Scattering...
[1;32mINFO:     synchronous_engine.hpp(start:1414): 	 Running Aggregators
[0mSCATTER: 0.001616
[1;32mINFO:     synchronous_engine.hpp(start:1315): 0: Starting iteration: 25
[0mExchange messages...
EXCHANGE: 0.007425
Receive messages...
[1;32mINFO:     synchronous_engine.hpp(start:1364): 	Active vertices: 14
[0mRECEIVE: 0.00675
Gathering...
GATHER: 0.006679
Applying...
APPLY: 0.007881
Scattering...
[1;32mINFO:     synchronous_engine.hpp(start:1414): 	 Running Aggregators
[0mSCATTER: 0.001588
[1;32mINFO:     synchronous_engine.hpp(start:1315): 0: Starting iteration: 26
[0mExchange messages...
EXCHANGE: 0.007917
Receive messages...
[1;32mINFO:     synchronous_engine.hpp(start:1364): 	Active vertices: 8
[0mRECEIVE: 0.007128
Gathering...
GATHER: 0.00773
Applying...
APPLY: 0.008132
Scattering...
[1;32mINFO:     synchronous_engine.hpp(start:1414): 	 Running Aggregators
[0mSCATTER: 0.001581
[1;32mINFO:     synchronous_engine.hpp(start:1315): 0: Starting iteration: 27
[0mExchange messages...
EXCHANGE: 0.008012
Receive messages...
[1;32mINFO:     synchronous_engine.hpp(start:1364): 	Active vertices: 3
[0mRECEIVE: 0.008638
Gathering...
GATHER: 0.008932
Applying...
APPLY: 0.007854
Scattering...
[1;32mINFO:     synchronous_engine.hpp(start:1414): 	 Running Aggregators
[0mSCATTER: 0.001498
[1;32mINFO:     synchronous_engine.hpp(start:1315): 0: Starting iteration: 28
[0mExchange messages...
EXCHANGE: 0.006768
Receive messages...
[1;32mINFO:     synchronous_engine.hpp(start:1364): 	Active vertices: 0
[0m[1;32mINFO:     synchronous_engine.hpp(start:1427): 28 iterations completed.
[0mUpdates: 16581
	Iteration time:	0:00:01.00
	Total spent:	0:00:01.00
	Projected Total Time:		0:00:01.00
	Projected Time Remaining:	0:00:00.00
TIME: 1.0048
CLOCKTIME: 5.75104
Diameter: 26
	Command being timed: "/home/cpennycu/graphlab/release/apps/diameter/diameter /home/cpennycu/gdata/er/erd-2-1000-2.snap --format snap --directed 1"
	User time (seconds): 13.39
	System time (seconds): 1.43
	Percent of CPU this job got: 833%
	Elapsed (wall clock) time (h:mm:ss or m:ss): 0:01.77
	Average shared text size (kbytes): 0
	Average unshared data size (kbytes): 0
	Average stack size (kbytes): 0
	Average total size (kbytes): 0
	Maximum resident set size (kbytes): 42092
	Average resident set size (kbytes): 0
	Major (requiring I/O) page faults: 0
	Minor (reclaiming a frame) page faults: 8593
	Voluntary context switches: 39627
	Involuntary context switches: 3109
	Swaps: 0
	File system inputs: 32
	File system outputs: 0
	Socket messages sent: 0
	Socket messages received: 0
	Signals delivered: 0
	Page size (bytes): 4096
	Exit status: 0
