Graph diameter

GRAPHLAB_SUBNET_ID/GRAPHLAB_SUBNET_MASK environment variables not defined.
Using default values
Subnet ID: 0.0.0.0
Subnet Mask: 0.0.0.0
Will find first IPv4 non-loopback address matching the subnet
[1;32mINFO:     dc.cpp(init:573): Cluster of 1 instances created.
[0m[1;32mINFO:     distributed_graph.hpp(set_ingress_method:3201): Automatically determine ingress method: grid
[0mLoading graph in format: snap
[1;32mINFO:     distributed_graph.hpp(load_from_posixfs:2190): Loading graph from file: /home/cpennycu/gdata/er/erd-3-10000-8.snap
[0m# Nodes: 10000
# Edges: 80000
# Maximum Possible Edges: 99990000
# Directed
# No self-loop allowed
[1;32mINFO:     distributed_ingress_base.hpp(finalize:199): Finalizing Graph...
[0m[1;32mINFO:     distributed_ingress_base.hpp(exchange_global_info:546): Graph info: 
	 nverts: 10000
	 nedges: 80000
	 nreplicas: 10000
	 replication factor: 1
[0m[1;32mINFO:     distributed_ingress_base.hpp(finalize:199): Finalizing Graph...
[0m[1;32mMax ID: 9999
Array size: 10000
Beginning batch 1 of 1
INFO:     synchronous_engine.hpp(start:1300): Iteration counter will only output every 5 seconds.
[0m[1;32mINFO:     synchronous_engine.hpp(start:1315): 0: Starting iteration: 0
[0mExchange messages...
EXCHANGE: 0.011931
Receive messages...
[1;32mINFO:     synchronous_engine.hpp(start:1364): 	Active vertices: 10000
[0mRECEIVE: 0.005188
Gathering...
GATHER: 0.012742
Applying...
APPLY: 0.01
Scattering...
[1;32mINFO:     synchronous_engine.hpp(start:1414): 	 Running Aggregators
[0mSCATTER: 0.003786
[1;32mINFO:     synchronous_engine.hpp(start:1315): 0: Starting iteration: 1
[0mExchange messages...
EXCHANGE: 0.00884
Receive messages...
[1;32mINFO:     synchronous_engine.hpp(start:1364): 	Active vertices: 9999
[0mRECEIVE: 0.009017
Gathering...
GATHER: 0.021777
Applying...
APPLY: 0.013755
Scattering...
[1;32mINFO:     synchronous_engine.hpp(start:1414): 	 Running Aggregators
[0mSCATTER: 0.002776
[1;32mINFO:     synchronous_engine.hpp(start:1315): 0: Starting iteration: 2
[0mExchange messages...
EXCHANGE: 0.009244
Receive messages...
[1;32mINFO:     synchronous_engine.hpp(start:1364): 	Active vertices: 9999
[0mRECEIVE: 0.009597
Gathering...
GATHER: 0.096689
Applying...
APPLY: 0.018389
Scattering...
[1;32mINFO:     synchronous_engine.hpp(start:1414): 	 Running Aggregators
[0mSCATTER: 0.004084
[1;32mINFO:     synchronous_engine.hpp(start:1315): 0: Starting iteration: 3
[0mExchange messages...
EXCHANGE: 0.009134
Receive messages...
[1;32mINFO:     synchronous_engine.hpp(start:1364): 	Active vertices: 9999
[0mRECEIVE: 0.010248
Gathering...
GATHER: 0.385631
Applying...
APPLY: 0.065283
Scattering...
[1;32mINFO:     synchronous_engine.hpp(start:1414): 	 Running Aggregators
[0mSCATTER: 0.002251
[1;32mINFO:     synchronous_engine.hpp(start:1315): 0: Starting iteration: 4
[0mExchange messages...
EXCHANGE: 0.008865
Receive messages...
[1;32mINFO:     synchronous_engine.hpp(start:1364): 	Active vertices: 9999
[0mRECEIVE: 0.009995
Gathering...
GATHER: 0.498523
Applying...
APPLY: 0.264509
Scattering...
[1;32mINFO:     synchronous_engine.hpp(start:1414): 	 Running Aggregators
[0mSCATTER: 0.002217
[1;32mINFO:     synchronous_engine.hpp(start:1315): 0: Starting iteration: 5
[0mExchange messages...
EXCHANGE: 0.010456
Receive messages...
[1;32mINFO:     synchronous_engine.hpp(start:1364): 	Active vertices: 9999
[0mRECEIVE: 0.009404
Gathering...
GATHER: 0.529482
Applying...
APPLY: 0.344073
Scattering...
[1;32mINFO:     synchronous_engine.hpp(start:1414): 	 Running Aggregators
[0mSCATTER: 0.003509
[1;32mINFO:     synchronous_engine.hpp(start:1315): 0: Starting iteration: 6
[0mExchange messages...
EXCHANGE: 0.00936
Receive messages...
[1;32mINFO:     synchronous_engine.hpp(start:1364): 	Active vertices: 9999
[0mRECEIVE: 0.010323
Gathering...
GATHER: 0.636816
Applying...
APPLY: 0.455534
Scattering...
[1;32mINFO:     synchronous_engine.hpp(start:1414): 	 Running Aggregators
[0mSCATTER: 0.002109
[1;32mINFO:     synchronous_engine.hpp(start:1315): 0: Starting iteration: 7
[0mExchange messages...
EXCHANGE: 0.010146
Receive messages...
[1;32mINFO:     synchronous_engine.hpp(start:1364): 	Active vertices: 9999
[0mRECEIVE: 0.009124
Gathering...
GATHER: 0.742453
Applying...
APPLY: 0.631817
Scattering...
[1;32mINFO:     synchronous_engine.hpp(start:1414): 	 Running Aggregators
[0mSCATTER: 0.002368
[1;32mINFO:     synchronous_engine.hpp(start:1315): 0: Starting iteration: 8
[0mExchange messages...
EXCHANGE: 0.009158
Receive messages...
[1;32mINFO:     synchronous_engine.hpp(start:1364): 	Active vertices: 9989
[0mRECEIVE: 0.010247
Gathering...
GATHER: 0.102852
Applying...
APPLY: 0.028184
Scattering...
[1;32mINFO:     synchronous_engine.hpp(start:1414): 	 Running Aggregators
[0mSCATTER: 0.00181
[1;32mINFO:     synchronous_engine.hpp(start:1315): 0: Starting iteration: 9
[0mExchange messages...
EXCHANGE: 0.009893
Receive messages...
[1;32mINFO:     synchronous_engine.hpp(start:1364): 	Active vertices: 1280
[0mRECEIVE: 0.008926
Gathering...
GATHER: 0.009876
Applying...
APPLY: 0.00999
Scattering...
[1;32mINFO:     synchronous_engine.hpp(start:1414): 	 Running Aggregators
[0mSCATTER: 0.003238
[1;32mINFO:     synchronous_engine.hpp(start:1315): 0: Starting iteration: 10
[0mExchange messages...
EXCHANGE: 0.010356
Receive messages...
[1;32mINFO:     synchronous_engine.hpp(start:1364): 	Active vertices: 0
[0m[1;32mINFO:     synchronous_engine.hpp(start:1427): 10 iterations completed.
[0mUpdates: 91262
	Iteration time:	0:00:05.42
	Total spent:	0:00:05.42
	Projected Total Time:		0:00:05.42
	Projected Time Remaining:	0:00:00.00
TIME: 5.41706
CLOCKTIME: 244.156
Diameter: 8
	Command being timed: "/home/cpennycu/graphlab/release/apps/diameter/diameter /home/cpennycu/gdata/er/erd-3-10000-8.snap --format snap --directed 1"
	User time (seconds): 80.81
	System time (seconds): 174.47
	Percent of CPU this job got: 3986%
	Elapsed (wall clock) time (h:mm:ss or m:ss): 0:06.40
	Average shared text size (kbytes): 0
	Average unshared data size (kbytes): 0
	Average stack size (kbytes): 0
	Average total size (kbytes): 0
	Maximum resident set size (kbytes): 728700
	Average resident set size (kbytes): 0
	Major (requiring I/O) page faults: 0
	Minor (reclaiming a frame) page faults: 181892
	Voluntary context switches: 39751
	Involuntary context switches: 5090
	Swaps: 0
	File system inputs: 1528
	File system outputs: 0
	Socket messages sent: 0
	Socket messages received: 0
	Signals delivered: 0
	Page size (bytes): 4096
	Exit status: 0
