Graph diameter

GRAPHLAB_SUBNET_ID/GRAPHLAB_SUBNET_MASK environment variables not defined.
Using default values
Subnet ID: 0.0.0.0
Subnet Mask: 0.0.0.0
Will find first IPv4 non-loopback address matching the subnet
[1;32mINFO:     dc.cpp(init:573): Cluster of 1 instances created.
[0m[1;32mINFO:     distributed_graph.hpp(set_ingress_method:3201): Automatically determine ingress method: grid
[0mLoading graph in format: snap
[1;32mINFO:     distributed_graph.hpp(load_from_posixfs:2190): Loading graph from file: /home/cpennycu/gdata/er/erd-0-100-16.snap
[0m# Nodes: 100
# Edges: 1600
# Maximum Possible Edges: 9900
# Directed
# No self-loop allowed
[1;32mINFO:     distributed_ingress_base.hpp(finalize:199): Finalizing Graph...
[0m[1;32mINFO:     distributed_ingress_base.hpp(exchange_global_info:546): Graph info: 
	 nverts: 100
	 nedges: 1600
	 nreplicas: 100
	 replication factor: 1
[0m[1;32mINFO:     distributed_ingress_base.hpp(finalize:199): Finalizing Graph...
[0m[1;32mMax ID: 99
Array size: 100
Beginning batch 1 of 1
INFO:     synchronous_engine.hpp(start:1300): Iteration counter will only output every 5 seconds.
[0m[1;32mINFO:     synchronous_engine.hpp(start:1315): 0: Starting iteration: 0
[0mExchange messages...
EXCHANGE: 0.003878
Receive messages...
[1;32mINFO:     synchronous_engine.hpp(start:1364): 	Active vertices: 100
[0mRECEIVE: 0.002643
Gathering...
GATHER: 0.002802
Applying...
APPLY: 0.002635
Scattering...
[1;32mINFO:     synchronous_engine.hpp(start:1414): 	 Running Aggregators
[0mSCATTER: 0.001985
[1;32mINFO:     synchronous_engine.hpp(start:1315): 0: Starting iteration: 1
[0mExchange messages...
EXCHANGE: 0.004256
Receive messages...
[1;32mINFO:     synchronous_engine.hpp(start:1364): 	Active vertices: 100
[0mRECEIVE: 0.00549
Gathering...
GATHER: 0.00731
Applying...
APPLY: 0.008337
Scattering...
[1;32mINFO:     synchronous_engine.hpp(start:1414): 	 Running Aggregators
[0mSCATTER: 0.001673
[1;32mINFO:     synchronous_engine.hpp(start:1315): 0: Starting iteration: 2
[0mExchange messages...
EXCHANGE: 0.007656
Receive messages...
[1;32mINFO:     synchronous_engine.hpp(start:1364): 	Active vertices: 100
[0mRECEIVE: 0.007537
Gathering...
GATHER: 0.009862
Applying...
APPLY: 0.007205
Scattering...
[1;32mINFO:     synchronous_engine.hpp(start:1414): 	 Running Aggregators
[0mSCATTER: 0.001497
[1;32mINFO:     synchronous_engine.hpp(start:1315): 0: Starting iteration: 3
[0mExchange messages...
EXCHANGE: 0.007406
Receive messages...
[1;32mINFO:     synchronous_engine.hpp(start:1364): 	Active vertices: 100
[0mRECEIVE: 0.0074
Gathering...
GATHER: 0.008116
Applying...
APPLY: 0.007393
Scattering...
[1;32mINFO:     synchronous_engine.hpp(start:1414): 	 Running Aggregators
[0mSCATTER: 0.001475
[1;32mINFO:     synchronous_engine.hpp(start:1315): 0: Starting iteration: 4
[0mExchange messages...
EXCHANGE: 0.006237
Receive messages...
[1;32mINFO:     synchronous_engine.hpp(start:1364): 	Active vertices: 100
[0mRECEIVE: 0.006752
Gathering...
GATHER: 0.007439
Applying...
APPLY: 0.006666
Scattering...
[1;32mINFO:     synchronous_engine.hpp(start:1414): 	 Running Aggregators
[0mSCATTER: 0.001501
[1;32mINFO:     synchronous_engine.hpp(start:1315): 0: Starting iteration: 5
[0mExchange messages...
EXCHANGE: 0.00753
Receive messages...
[1;32mINFO:     synchronous_engine.hpp(start:1364): 	Active vertices: 0
[0m[1;32mINFO:     synchronous_engine.hpp(start:1427): 5 iterations completed.
[0mUpdates: 500
	Iteration time:	0:00:00.16
	Total spent:	0:00:00.16
	Projected Total Time:		0:00:00.16
	Projected Time Remaining:	0:00:00.00
TIME: 0.156114
CLOCKTIME: 2.41118
Diameter: 3
	Command being timed: "/home/cpennycu/graphlab/release/apps/diameter/diameter /home/cpennycu/gdata/er/erd-0-100-16.snap --format snap --directed 1"
	User time (seconds): 6.17
	System time (seconds): 0.59
	Percent of CPU this job got: 916%
	Elapsed (wall clock) time (h:mm:ss or m:ss): 0:00.73
	Average shared text size (kbytes): 0
	Average unshared data size (kbytes): 0
	Average stack size (kbytes): 0
	Average total size (kbytes): 0
	Maximum resident set size (kbytes): 22044
	Average resident set size (kbytes): 0
	Major (requiring I/O) page faults: 0
	Minor (reclaiming a frame) page faults: 6016
	Voluntary context switches: 8457
	Involuntary context switches: 1161
	Swaps: 0
	File system inputs: 24
	File system outputs: 0
	Socket messages sent: 0
	Socket messages received: 0
	Signals delivered: 0
	Page size (bytes): 4096
	Exit status: 0
