Graph diameter

GRAPHLAB_SUBNET_ID/GRAPHLAB_SUBNET_MASK environment variables not defined.
Using default values
Subnet ID: 0.0.0.0
Subnet Mask: 0.0.0.0
Will find first IPv4 non-loopback address matching the subnet
[1;32mINFO:     dc.cpp(init:573): Cluster of 1 instances created.
[0m[1;32mINFO:     distributed_graph.hpp(set_ingress_method:3201): Automatically determine ingress method: grid
[0mLoading graph in format: snap
[1;32mINFO:     distributed_graph.hpp(load_from_posixfs:2190): Loading graph from file: /home/cpennycu/gdata/er/erd-1-100-4.snap
[0m# Nodes: 100
# Edges: 400
# Maximum Possible Edges: 9900
# Directed
# No self-loop allowed
[1;32mINFO:     distributed_ingress_base.hpp(finalize:199): Finalizing Graph...
[0m[1;32mINFO:     distributed_ingress_base.hpp(exchange_global_info:546): Graph info: 
	 nverts: 100
	 nedges: 400
	 nreplicas: 100
	 replication factor: 1
[0m[1;32mINFO:     distributed_ingress_base.hpp(finalize:199): Finalizing Graph...
[0m[1;32mMax ID: 99
Array size: 100
Beginning batch 1 of 1
INFO:     synchronous_engine.hpp(start:1300): Iteration counter will only output every 5 seconds.
[0m[1;32mINFO:     synchronous_engine.hpp(start:1315): 0: Starting iteration: 0
[0mExchange messages...
EXCHANGE: 0.003749
Receive messages...
[1;32mINFO:     synchronous_engine.hpp(start:1364): 	Active vertices: 100
[0mRECEIVE: 0.002496
Gathering...
GATHER: 0.002842
Applying...
APPLY: 0.002626
Scattering...
[1;32mINFO:     synchronous_engine.hpp(start:1414): 	 Running Aggregators
[0mSCATTER: 0.001452
[1;32mINFO:     synchronous_engine.hpp(start:1315): 0: Starting iteration: 1
[0mExchange messages...
EXCHANGE: 0.004921
Receive messages...
[1;32mINFO:     synchronous_engine.hpp(start:1364): 	Active vertices: 98
[0mRECEIVE: 0.006214
Gathering...
GATHER: 0.006844
Applying...
APPLY: 0.006831
Scattering...
[1;32mINFO:     synchronous_engine.hpp(start:1414): 	 Running Aggregators
[0mSCATTER: 0.001844
[1;32mINFO:     synchronous_engine.hpp(start:1315): 0: Starting iteration: 2
[0mExchange messages...
EXCHANGE: 0.007868
Receive messages...
[1;32mINFO:     synchronous_engine.hpp(start:1364): 	Active vertices: 98
[0mRECEIVE: 0.00866
Gathering...
GATHER: 0.006549
Applying...
APPLY: 0.008502
Scattering...
[1;32mINFO:     synchronous_engine.hpp(start:1414): 	 Running Aggregators
[0mSCATTER: 0.00174
[1;32mINFO:     synchronous_engine.hpp(start:1315): 0: Starting iteration: 3
[0mExchange messages...
EXCHANGE: 0.007503
Receive messages...
[1;32mINFO:     synchronous_engine.hpp(start:1364): 	Active vertices: 98
[0mRECEIVE: 0.007672
Gathering...
GATHER: 0.011967
Applying...
APPLY: 0.007166
Scattering...
[1;32mINFO:     synchronous_engine.hpp(start:1414): 	 Running Aggregators
[0mSCATTER: 0.001526
[1;32mINFO:     synchronous_engine.hpp(start:1315): 0: Starting iteration: 4
[0mExchange messages...
EXCHANGE: 0.010576
Receive messages...
[1;32mINFO:     synchronous_engine.hpp(start:1364): 	Active vertices: 98
[0mRECEIVE: 0.006444
Gathering...
GATHER: 0.006888
Applying...
APPLY: 0.006861
Scattering...
[1;32mINFO:     synchronous_engine.hpp(start:1414): 	 Running Aggregators
[0mSCATTER: 0.001413
[1;32mINFO:     synchronous_engine.hpp(start:1315): 0: Starting iteration: 5
[0mExchange messages...
EXCHANGE: 0.006204
Receive messages...
[1;32mINFO:     synchronous_engine.hpp(start:1364): 	Active vertices: 98
[0mRECEIVE: 0.00696
Gathering...
GATHER: 0.006971
Applying...
APPLY: 0.006293
Scattering...
[1;32mINFO:     synchronous_engine.hpp(start:1414): 	 Running Aggregators
[0mSCATTER: 0.0015
[1;32mINFO:     synchronous_engine.hpp(start:1315): 0: Starting iteration: 6
[0mExchange messages...
EXCHANGE: 0.006646
Receive messages...
[1;32mINFO:     synchronous_engine.hpp(start:1364): 	Active vertices: 97
[0mRECEIVE: 0.007345
Gathering...
GATHER: 0.00667
Applying...
APPLY: 0.007261
Scattering...
[1;32mINFO:     synchronous_engine.hpp(start:1414): 	 Running Aggregators
[0mSCATTER: 0.001669
[1;32mINFO:     synchronous_engine.hpp(start:1315): 0: Starting iteration: 7
[0mExchange messages...
EXCHANGE: 0.006864
Receive messages...
[1;32mINFO:     synchronous_engine.hpp(start:1364): 	Active vertices: 80
[0mRECEIVE: 0.007159
Gathering...
GATHER: 0.007138
Applying...
APPLY: 0.007327
Scattering...
[1;32mINFO:     synchronous_engine.hpp(start:1414): 	 Running Aggregators
[0mSCATTER: 0.001501
[1;32mINFO:     synchronous_engine.hpp(start:1315): 0: Starting iteration: 8
[0mExchange messages...
EXCHANGE: 0.007534
Receive messages...
[1;32mINFO:     synchronous_engine.hpp(start:1364): 	Active vertices: 29
[0mRECEIVE: 0.006548
Gathering...
GATHER: 0.006397
Applying...
APPLY: 0.007628
Scattering...
[1;32mINFO:     synchronous_engine.hpp(start:1414): 	 Running Aggregators
[0mSCATTER: 0.001572
[1;32mINFO:     synchronous_engine.hpp(start:1315): 0: Starting iteration: 9
[0mExchange messages...
EXCHANGE: 0.007407
Receive messages...
[1;32mINFO:     synchronous_engine.hpp(start:1364): 	Active vertices: 5
[0mRECEIVE: 0.007494
Gathering...
GATHER: 0.007464
Applying...
APPLY: 0.007489
Scattering...
[1;32mINFO:     synchronous_engine.hpp(start:1414): 	 Running Aggregators
[0mSCATTER: 0.00155
[1;32mINFO:     synchronous_engine.hpp(start:1315): 0: Starting iteration: 10
[0mExchange messages...
EXCHANGE: 0.007743
Receive messages...
[1;32mINFO:     synchronous_engine.hpp(start:1364): 	Active vertices: 0
[0m[1;32mINFO:     synchronous_engine.hpp(start:1427): 10 iterations completed.
[0mUpdates: 801
	Iteration time:	0:00:00.31
	Total spent:	0:00:00.31
	Projected Total Time:		0:00:00.31
	Projected Time Remaining:	0:00:00.00
TIME: 0.310297
CLOCKTIME: 2.76175
Diameter: 8
	Command being timed: "/home/cpennycu/graphlab/release/apps/diameter/diameter /home/cpennycu/gdata/er/erd-1-100-4.snap --format snap --directed 1"
	User time (seconds): 9.82
	System time (seconds): 0.65
	Percent of CPU this job got: 1029%
	Elapsed (wall clock) time (h:mm:ss or m:ss): 0:01.01
	Average shared text size (kbytes): 0
	Average unshared data size (kbytes): 0
	Average stack size (kbytes): 0
	Average total size (kbytes): 0
	Maximum resident set size (kbytes): 20552
	Average resident set size (kbytes): 0
	Major (requiring I/O) page faults: 0
	Minor (reclaiming a frame) page faults: 6526
	Voluntary context switches: 15096
	Involuntary context switches: 1493
	Swaps: 0
	File system inputs: 8
	File system outputs: 0
	Socket messages sent: 0
	Socket messages received: 0
	Signals delivered: 0
	Page size (bytes): 4096
	Exit status: 0
