Graph diameter

GRAPHLAB_SUBNET_ID/GRAPHLAB_SUBNET_MASK environment variables not defined.
Using default values
Subnet ID: 0.0.0.0
Subnet Mask: 0.0.0.0
Will find first IPv4 non-loopback address matching the subnet
[1;32mINFO:     dc.cpp(init:573): Cluster of 1 instances created.
[0m[1;32mINFO:     distributed_graph.hpp(set_ingress_method:3201): Automatically determine ingress method: grid
[0mLoading graph in format: snap
[1;32mINFO:     distributed_graph.hpp(load_from_posixfs:2190): Loading graph from file: /home/cpennycu/gdata/er/erd-1-1000-4.snap
[0m# Nodes: 1000
# Edges: 4000
# Maximum Possible Edges: 999000
# Directed
# No self-loop allowed
[1;32mINFO:     distributed_ingress_base.hpp(finalize:199): Finalizing Graph...
[0m[1;32mINFO:     distributed_ingress_base.hpp(exchange_global_info:546): Graph info: 
	 nverts: 999
	 nedges: 4000
	 nreplicas: 999
	 replication factor: 1
[0m[1;32mINFO:     distributed_ingress_base.hpp(finalize:199): Finalizing Graph...
[0m[1;32mMax ID: 999
Array size: 1000
Beginning batch 1 of 1
INFO:     synchronous_engine.hpp(start:1300): Iteration counter will only output every 5 seconds.
[0m[1;32mINFO:     synchronous_engine.hpp(start:1315): 0: Starting iteration: 0
[0mExchange messages...
EXCHANGE: 0.009955
Receive messages...
[1;32mINFO:     synchronous_engine.hpp(start:1364): 	Active vertices: 999
[0mRECEIVE: 0.007651
Gathering...
GATHER: 0.004511
Applying...
APPLY: 0.006659
Scattering...
[1;32mINFO:     synchronous_engine.hpp(start:1414): 	 Running Aggregators
[0mSCATTER: 0.001371
[1;32mINFO:     synchronous_engine.hpp(start:1315): 0: Starting iteration: 1
[0mExchange messages...
EXCHANGE: 0.007778
Receive messages...
[1;32mINFO:     synchronous_engine.hpp(start:1364): 	Active vertices: 978
[0mRECEIVE: 0.006582
Gathering...
GATHER: 0.007934
Applying...
APPLY: 0.008367
Scattering...
[1;32mINFO:     synchronous_engine.hpp(start:1414): 	 Running Aggregators
[0mSCATTER: 0.00161
[1;32mINFO:     synchronous_engine.hpp(start:1315): 0: Starting iteration: 2
[0mExchange messages...
EXCHANGE: 0.008681
Receive messages...
[1;32mINFO:     synchronous_engine.hpp(start:1364): 	Active vertices: 975
[0mRECEIVE: 0.008114
Gathering...
GATHER: 0.009661
Applying...
APPLY: 0.012029
Scattering...
[1;32mINFO:     synchronous_engine.hpp(start:1414): 	 Running Aggregators
[0mSCATTER: 0.001571
[1;32mINFO:     synchronous_engine.hpp(start:1315): 0: Starting iteration: 3
[0mExchange messages...
EXCHANGE: 0.007754
Receive messages...
[1;32mINFO:     synchronous_engine.hpp(start:1364): 	Active vertices: 975
[0mRECEIVE: 0.008897
Gathering...
GATHER: 0.011202
Applying...
APPLY: 0.011453
Scattering...
[1;32mINFO:     synchronous_engine.hpp(start:1414): 	 Running Aggregators
[0mSCATTER: 0.001701
[1;32mINFO:     synchronous_engine.hpp(start:1315): 0: Starting iteration: 4
[0mExchange messages...
EXCHANGE: 0.008275
Receive messages...
[1;32mINFO:     synchronous_engine.hpp(start:1364): 	Active vertices: 975
[0mRECEIVE: 0.009788
Gathering...
GATHER: 0.01136
Applying...
APPLY: 0.011328
Scattering...
[1;32mINFO:     synchronous_engine.hpp(start:1414): 	 Running Aggregators
[0mSCATTER: 0.00152
[1;32mINFO:     synchronous_engine.hpp(start:1315): 0: Starting iteration: 5
[0mExchange messages...
EXCHANGE: 0.008927
Receive messages...
[1;32mINFO:     synchronous_engine.hpp(start:1364): 	Active vertices: 975
[0mRECEIVE: 0.009801
Gathering...
GATHER: 0.011735
Applying...
APPLY: 0.013113
Scattering...
[1;32mINFO:     synchronous_engine.hpp(start:1414): 	 Running Aggregators
[0mSCATTER: 0.001623
[1;32mINFO:     synchronous_engine.hpp(start:1315): 0: Starting iteration: 6
[0mExchange messages...
EXCHANGE: 0.007072
Receive messages...
[1;32mINFO:     synchronous_engine.hpp(start:1364): 	Active vertices: 975
[0mRECEIVE: 0.00818
Gathering...
GATHER: 0.009856
Applying...
APPLY: 0.011889
Scattering...
[1;32mINFO:     synchronous_engine.hpp(start:1414): 	 Running Aggregators
[0mSCATTER: 0.001582
[1;32mINFO:     synchronous_engine.hpp(start:1315): 0: Starting iteration: 7
[0mExchange messages...
EXCHANGE: 0.006635
Receive messages...
[1;32mINFO:     synchronous_engine.hpp(start:1364): 	Active vertices: 975
[0mRECEIVE: 0.007405
Gathering...
GATHER: 0.009836
Applying...
APPLY: 0.010693
Scattering...
[1;32mINFO:     synchronous_engine.hpp(start:1414): 	 Running Aggregators
[0mSCATTER: 0.00152
[1;32mINFO:     synchronous_engine.hpp(start:1315): 0: Starting iteration: 8
[0mExchange messages...
EXCHANGE: 0.009041
Receive messages...
[1;32mINFO:     synchronous_engine.hpp(start:1364): 	Active vertices: 975
[0mRECEIVE: 0.009647
Gathering...
GATHER: 0.010207
Applying...
APPLY: 0.012257
Scattering...
[1;32mINFO:     synchronous_engine.hpp(start:1414): 	 Running Aggregators
[0mSCATTER: 0.001382
[1;32mINFO:     synchronous_engine.hpp(start:1315): 0: Starting iteration: 9
[0mExchange messages...
EXCHANGE: 0.014095
Receive messages...
[1;32mINFO:     synchronous_engine.hpp(start:1364): 	Active vertices: 953
[0mRECEIVE: 0.007911
Gathering...
GATHER: 0.007795
Applying...
APPLY: 0.008277
Scattering...
[1;32mINFO:     synchronous_engine.hpp(start:1414): 	 Running Aggregators
[0mSCATTER: 0.001539
[1;32mINFO:     synchronous_engine.hpp(start:1315): 0: Starting iteration: 10
[0mExchange messages...
EXCHANGE: 0.010163
Receive messages...
[1;32mINFO:     synchronous_engine.hpp(start:1364): 	Active vertices: 516
[0mRECEIVE: 0.004253
Gathering...
GATHER: 0.006898
Applying...
APPLY: 0.006938
Scattering...
[1;32mINFO:     synchronous_engine.hpp(start:1414): 	 Running Aggregators
[0mSCATTER: 0.001841
[1;32mINFO:     synchronous_engine.hpp(start:1315): 0: Starting iteration: 11
[0mExchange messages...
EXCHANGE: 0.008241
Receive messages...
[1;32mINFO:     synchronous_engine.hpp(start:1364): 	Active vertices: 80
[0mRECEIVE: 0.007322
Gathering...
GATHER: 0.008213
Applying...
APPLY: 0.008261
Scattering...
[1;32mINFO:     synchronous_engine.hpp(start:1414): 	 Running Aggregators
[0mSCATTER: 0.001567
[1;32mINFO:     synchronous_engine.hpp(start:1315): 0: Starting iteration: 12
[0mExchange messages...
EXCHANGE: 0.008156
Receive messages...
[1;32mINFO:     synchronous_engine.hpp(start:1364): 	Active vertices: 12
[0mRECEIVE: 0.009293
Gathering...
GATHER: 0.008437
Applying...
APPLY: 0.00826
Scattering...
[1;32mINFO:     synchronous_engine.hpp(start:1414): 	 Running Aggregators
[0mSCATTER: 0.003182
[1;32mINFO:     synchronous_engine.hpp(start:1315): 0: Starting iteration: 13
[0mExchange messages...
EXCHANGE: 0.007529
Receive messages...
[1;32mINFO:     synchronous_engine.hpp(start:1364): 	Active vertices: 0
[0m[1;32mINFO:     synchronous_engine.hpp(start:1427): 13 iterations completed.
[0mUpdates: 10363
	Iteration time:	0:00:00.52
	Total spent:	0:00:00.52
	Projected Total Time:		0:00:00.52
	Projected Time Remaining:	0:00:00.00
TIME: 0.518771
CLOCKTIME: 5.42959
Diameter: 11
	Command being timed: "/home/cpennycu/graphlab/release/apps/diameter/diameter /home/cpennycu/gdata/er/erd-1-1000-4.snap --format snap --directed 1"
	User time (seconds): 9.28
	System time (seconds): 0.85
	Percent of CPU this job got: 855%
	Elapsed (wall clock) time (h:mm:ss or m:ss): 0:01.18
	Average shared text size (kbytes): 0
	Average unshared data size (kbytes): 0
	Average stack size (kbytes): 0
	Average total size (kbytes): 0
	Maximum resident set size (kbytes): 38188
	Average resident set size (kbytes): 0
	Major (requiring I/O) page faults: 0
	Minor (reclaiming a frame) page faults: 8267
	Voluntary context switches: 19887
	Involuntary context switches: 2069
	Swaps: 0
	File system inputs: 64
	File system outputs: 0
	Socket messages sent: 0
	Socket messages received: 0
	Signals delivered: 0
	Page size (bytes): 4096
	Exit status: 0
