Graph diameter

GRAPHLAB_SUBNET_ID/GRAPHLAB_SUBNET_MASK environment variables not defined.
Using default values
Subnet ID: 0.0.0.0
Subnet Mask: 0.0.0.0
Will find first IPv4 non-loopback address matching the subnet
[1;32mINFO:     dc.cpp(init:573): Cluster of 1 instances created.
[0m[1;32mINFO:     distributed_graph.hpp(set_ingress_method:3201): Automatically determine ingress method: grid
[0mLoading graph in format: snap
[1;32mINFO:     distributed_graph.hpp(load_from_posixfs:2190): Loading graph from file: /home/cpennycu/gdata/er/erd-2-10000-2.snap
[0m# Nodes: 10000
# Edges: 20000
# Maximum Possible Edges: 99990000
# Directed
# No self-loop allowed
[1;32mINFO:     distributed_ingress_base.hpp(finalize:199): Finalizing Graph...
[0m[1;32mINFO:     distributed_ingress_base.hpp(exchange_global_info:546): Graph info: 
	 nverts: 9811
	 nedges: 20000
	 nreplicas: 9811
	 replication factor: 1
[0m[1;32mINFO:     distributed_ingress_base.hpp(finalize:199): Finalizing Graph...
[0m[1;32mMax ID: 9999
Array size: 10000
Beginning batch 1 of 1
INFO:     synchronous_engine.hpp(start:1300): Iteration counter will only output every 5 seconds.
[0m[1;32mINFO:     synchronous_engine.hpp(start:1315): 0: Starting iteration: 0
[0mExchange messages...
EXCHANGE: 0.017508
Receive messages...
[1;32mINFO:     synchronous_engine.hpp(start:1364): 	Active vertices: 9811
[0mRECEIVE: 0.006121
Gathering...
GATHER: 0.008707
Applying...
APPLY: 0.011544
Scattering...
[1;32mINFO:     synchronous_engine.hpp(start:1414): 	 Running Aggregators
[0mSCATTER: 0.003742
[1;32mINFO:     synchronous_engine.hpp(start:1315): 0: Starting iteration: 1
[0mExchange messages...
EXCHANGE: 0.007863
Receive messages...
[1;32mINFO:     synchronous_engine.hpp(start:1364): 	Active vertices: 8640
[0mRECEIVE: 0.007664
Gathering...
GATHER: 0.011288
Applying...
APPLY: 0.010304
Scattering...
[1;32mINFO:     synchronous_engine.hpp(start:1414): 	 Running Aggregators
[0mSCATTER: 0.002125
[1;32mINFO:     synchronous_engine.hpp(start:1315): 0: Starting iteration: 2
[0mExchange messages...
EXCHANGE: 0.007368
Receive messages...
[1;32mINFO:     synchronous_engine.hpp(start:1364): 	Active vertices: 8229
[0mRECEIVE: 0.008376
Gathering...
GATHER: 0.013414
Applying...
APPLY: 0.012044
Scattering...
[1;32mINFO:     synchronous_engine.hpp(start:1414): 	 Running Aggregators
[0mSCATTER: 0.001997
[1;32mINFO:     synchronous_engine.hpp(start:1315): 0: Starting iteration: 3
[0mExchange messages...
EXCHANGE: 0.007971
Receive messages...
[1;32mINFO:     synchronous_engine.hpp(start:1364): 	Active vertices: 8085
[0mRECEIVE: 0.007731
Gathering...
GATHER: 0.016961
Applying...
APPLY: 0.011833
Scattering...
[1;32mINFO:     synchronous_engine.hpp(start:1414): 	 Running Aggregators
[0mSCATTER: 0.002028
[1;32mINFO:     synchronous_engine.hpp(start:1315): 0: Starting iteration: 4
[0mExchange messages...
EXCHANGE: 0.013439
Receive messages...
[1;32mINFO:     synchronous_engine.hpp(start:1364): 	Active vertices: 8030
[0mRECEIVE: 0.009163
Gathering...
GATHER: 0.02428
Applying...
APPLY: 0.013875
Scattering...
[1;32mINFO:     synchronous_engine.hpp(start:1414): 	 Running Aggregators
[0mSCATTER: 0.002017
[1;32mINFO:     synchronous_engine.hpp(start:1315): 0: Starting iteration: 5
[0mExchange messages...
EXCHANGE: 0.00852
Receive messages...
[1;32mINFO:     synchronous_engine.hpp(start:1364): 	Active vertices: 8013
[0mRECEIVE: 0.009096
Gathering...
GATHER: 0.042971
Applying...
APPLY: 0.017107
Scattering...
[1;32mINFO:     synchronous_engine.hpp(start:1414): 	 Running Aggregators
[0mSCATTER: 0.003931
[1;32mINFO:     synchronous_engine.hpp(start:1315): 0: Starting iteration: 6
[0mExchange messages...
EXCHANGE: 0.009054
Receive messages...
[1;32mINFO:     synchronous_engine.hpp(start:1364): 	Active vertices: 8009
[0mRECEIVE: 0.007845
Gathering...
GATHER: 0.076057
Applying...
APPLY: 0.024968
Scattering...
[1;32mINFO:     synchronous_engine.hpp(start:1414): 	 Running Aggregators
[0mSCATTER: 0.002205
[1;32mINFO:     synchronous_engine.hpp(start:1315): 0: Starting iteration: 7
[0mExchange messages...
EXCHANGE: 0.009179
Receive messages...
[1;32mINFO:     synchronous_engine.hpp(start:1364): 	Active vertices: 8008
[0mRECEIVE: 0.009206
Gathering...
GATHER: 0.12354
Applying...
APPLY: 0.039974
Scattering...
[1;32mINFO:     synchronous_engine.hpp(start:1414): 	 Running Aggregators
[0mSCATTER: 0.002099
[1;32mINFO:     synchronous_engine.hpp(start:1315): 0: Starting iteration: 8
[0mExchange messages...
EXCHANGE: 0.011281
Receive messages...
[1;32mINFO:     synchronous_engine.hpp(start:1364): 	Active vertices: 8008
[0mRECEIVE: 0.010946
Gathering...
GATHER: 0.181039
Applying...
APPLY: 0.079897
Scattering...
[1;32mINFO:     synchronous_engine.hpp(start:1414): 	 Running Aggregators
[0mSCATTER: 0.00196
[1;32mINFO:     synchronous_engine.hpp(start:1315): 0: Starting iteration: 9
[0mExchange messages...
EXCHANGE: 0.010447
Receive messages...
[1;32mINFO:     synchronous_engine.hpp(start:1364): 	Active vertices: 8008
[0mRECEIVE: 0.012141
Gathering...
GATHER: 0.260194
Applying...
APPLY: 0.130936
Scattering...
[1;32mINFO:     synchronous_engine.hpp(start:1414): 	 Running Aggregators
[0mSCATTER: 0.001852
[1;32mINFO:     synchronous_engine.hpp(start:1315): 0: Starting iteration: 10
[0mExchange messages...
EXCHANGE: 0.010094
Receive messages...
[1;32mINFO:     synchronous_engine.hpp(start:1364): 	Active vertices: 8008
[0mRECEIVE: 0.01114
Gathering...
GATHER: 0.358926
Applying...
APPLY: 0.175244
Scattering...
[1;32mINFO:     synchronous_engine.hpp(start:1414): 	 Running Aggregators
[0mSCATTER: 0.001942
[1;32mINFO:     synchronous_engine.hpp(start:1315): 0: Starting iteration: 11
[0mExchange messages...
EXCHANGE: 0.010241
Receive messages...
[1;32mINFO:     synchronous_engine.hpp(start:1364): 	Active vertices: 8008
[0mRECEIVE: 0.009087
Gathering...
GATHER: 0.4304
Applying...
APPLY: 0.228943
Scattering...
[1;32mINFO:     synchronous_engine.hpp(start:1414): 	 Running Aggregators
[0mSCATTER: 0.002109
[1;32mINFO:     synchronous_engine.hpp(start:1315): 0: Starting iteration: 12
[0mExchange messages...
EXCHANGE: 0.010525
Receive messages...
[1;32mINFO:     synchronous_engine.hpp(start:1364): 	Active vertices: 8008
[0mRECEIVE: 0.010839
Gathering...
GATHER: 0.485368
Applying...
APPLY: 0.257019
Scattering...
[1;32mINFO:     synchronous_engine.hpp(start:1414): 	 Running Aggregators
[0mSCATTER: 0.001917
[1;32mINFO:     synchronous_engine.hpp(start:1315): 0: Starting iteration: 13
[0mExchange messages...
EXCHANGE: 0.011417
Receive messages...
[1;32mINFO:     synchronous_engine.hpp(start:1364): 	Active vertices: 8008
[0mRECEIVE: 0.009073
Gathering...
GATHER: 0.535028
Applying...
APPLY: 0.281461
Scattering...
[1;32mINFO:     synchronous_engine.hpp(start:1414): 	 Running Aggregators
[0mSCATTER: 0.001911
[1;32mINFO:     synchronous_engine.hpp(start:1315): 0: Starting iteration: 14
[0mExchange messages...
EXCHANGE: 0.010129
Receive messages...
[1;32mINFO:     synchronous_engine.hpp(start:1364): 	Active vertices: 8008
[0mRECEIVE: 0.010327
Gathering...
GATHER: 0.562753
Applying...
APPLY: 0.300272
Scattering...
[1;32mINFO:     synchronous_engine.hpp(start:1414): 	 Running Aggregators
[0mSCATTER: 0.002007
[1;32mINFO:     synchronous_engine.hpp(start:1315): 0: Starting iteration: 15
[0mExchange messages...
EXCHANGE: 0.010914
Receive messages...
[1;32mINFO:     synchronous_engine.hpp(start:1364): 	Active vertices: 8008
[0mRECEIVE: 0.010177
Gathering...
GATHER: 0.585947
Applying...
APPLY: 0.317632
Scattering...
[1;32mINFO:     synchronous_engine.hpp(start:1414): 	 Running Aggregators
[0mSCATTER: 0.00344
[1;32mINFO:     synchronous_engine.hpp(start:1315): 0: Starting iteration: 16
[0mExchange messages...
EXCHANGE: 0.010318
Receive messages...
[1;32mINFO:     synchronous_engine.hpp(start:1364): 	Active vertices: 8008
[0mRECEIVE: 0.01077
Gathering...
GATHER: 0.550344
Applying...
APPLY: 0.315916
Scattering...
[1;32mINFO:     synchronous_engine.hpp(start:1414): 	 Running Aggregators
[0mSCATTER: 0.001853
[1;32mINFO:     synchronous_engine.hpp(start:1315): 0: Starting iteration: 17
[0mExchange messages...
EXCHANGE: 0.010364
Receive messages...
[1;32mINFO:     synchronous_engine.hpp(start:1364): 	Active vertices: 8008
[0mRECEIVE: 0.009998
Gathering...
GATHER: 0.574003
Applying...
APPLY: 0.318898
Scattering...
[1;32mINFO:     synchronous_engine.hpp(start:1414): 	 Running Aggregators
[0mSCATTER: 0.001903
[1;32mINFO:     synchronous_engine.hpp(start:1315): 0: Starting iteration: 18
[0mExchange messages...
EXCHANGE: 0.010065
Receive messages...
[1;32mINFO:     synchronous_engine.hpp(start:1364): 	Active vertices: 8008
[0mRECEIVE: 0.0101
Gathering...
GATHER: 0.449274
Applying...
APPLY: 0.260295
Scattering...
[1;32mINFO:     synchronous_engine.hpp(start:1414): 	 Running Aggregators
[0mSCATTER: 0.001872
[1;32mINFO:     synchronous_engine.hpp(start:1315): 0: Starting iteration: 19
[0mExchange messages...
EXCHANGE: 0.010121
Receive messages...
[1;32mINFO:     synchronous_engine.hpp(start:1364): 	Active vertices: 8008
[0mRECEIVE: 0.010032
Gathering...
GATHER: 0.258002
Applying...
APPLY: 0.131768
Scattering...
[1;32mINFO:     synchronous_engine.hpp(start:1414): 	 Running Aggregators
[0mSCATTER: 0.001912
[1;32mINFO:     synchronous_engine.hpp(start:1315): 0: Starting iteration: 20
[0mExchange messages...
EXCHANGE: 0.00923
Receive messages...
[1;32mINFO:     synchronous_engine.hpp(start:1364): 	Active vertices: 8006
[0mRECEIVE: 0.010037
Gathering...
GATHER: 0.1259
Applying...
APPLY: 0.072977
Scattering...
[1;32mINFO:     synchronous_engine.hpp(start:1414): 	 Running Aggregators
[0mSCATTER: 0.001906
[1;32mINFO:     synchronous_engine.hpp(start:1315): 0: Starting iteration: 21
[0mExchange messages...
EXCHANGE: 0.009944
Receive messages...
[1;32mINFO:     synchronous_engine.hpp(start:1364): 	Active vertices: 7993
[0mRECEIVE: 0.010153
Gathering...
GATHER: 0.016546
Applying...
APPLY: 0.031733
Scattering...
[1;32mINFO:     synchronous_engine.hpp(start:1414): 	 Running Aggregators
[0mSCATTER: 0.001795
[1;32mINFO:     synchronous_engine.hpp(start:1315): 0: Starting iteration: 22
[0mExchange messages...
EXCHANGE: 0.010064
Receive messages...
[1;32mINFO:     synchronous_engine.hpp(start:1364): 	Active vertices: 7909
[0mRECEIVE: 0.010082
Gathering...
GATHER: 0.01289
Applying...
APPLY: 0.021186
Scattering...
[1;32mINFO:     synchronous_engine.hpp(start:1414): 	 Running Aggregators
[0mSCATTER: 0.001787
[1;32mINFO:     synchronous_engine.hpp(start:1315): 0: Starting iteration: 23
[0mExchange messages...
EXCHANGE: 0.010124
Receive messages...
[1;32mINFO:     synchronous_engine.hpp(start:1364): 	Active vertices: 7493
[0mRECEIVE: 0.010094
Gathering...
GATHER: 0.011504
Applying...
APPLY: 0.01749
Scattering...
[1;32mINFO:     synchronous_engine.hpp(start:1414): 	 Running Aggregators
[0mSCATTER: 0.001673
[1;32mINFO:     synchronous_engine.hpp(start:1315): 0: Starting iteration: 24
[0mExchange messages...
EXCHANGE: 0.011184
Receive messages...
[1;32mINFO:     synchronous_engine.hpp(start:1364): 	Active vertices: 6424
[0mRECEIVE: 0.009977
Gathering...
GATHER: 0.010715
Applying...
APPLY: 0.013636
Scattering...
[1;32mINFO:     synchronous_engine.hpp(start:1414): 	 Running Aggregators
[0mSCATTER: 0.001766
[1;32mINFO:     synchronous_engine.hpp(start:1315): 0: Starting iteration: 25
[0mExchange messages...
EXCHANGE: 0.009687
Receive messages...
[1;32mINFO:     synchronous_engine.hpp(start:1364): 	Active vertices: 4652
[0mRECEIVE: 0.009628
Gathering...
GATHER: 0.008816
Applying...
APPLY: 0.012548
Scattering...
[1;32mINFO:     synchronous_engine.hpp(start:1414): 	 Running Aggregators
[0mSCATTER: 0.001842
[1;32mINFO:     synchronous_engine.hpp(start:1315): 0: Starting iteration: 26
[0mExchange messages...
EXCHANGE: 0.009545
Receive messages...
[1;32mINFO:     synchronous_engine.hpp(start:1364): 	Active vertices: 2743
[0mRECEIVE: 0.009614
Gathering...
GATHER: 0.009966
Applying...
APPLY: 0.010101
Scattering...
[1;32mINFO:     synchronous_engine.hpp(start:1414): 	 Running Aggregators
[0mSCATTER: 0.001779
[1;32mINFO:     synchronous_engine.hpp(start:1315): 0: Starting iteration: 27
[0mExchange messages...
EXCHANGE: 0.009504
Receive messages...
[1;32mINFO:     synchronous_engine.hpp(start:1364): 	Active vertices: 1409
[0mRECEIVE: 0.009505
Gathering...
GATHER: 0.010408
Applying...
APPLY: 0.009501
Scattering...
[1;32mINFO:     synchronous_engine.hpp(start:1414): 	 Running Aggregators
[0mSCATTER: 0.001663
[1;32mINFO:     synchronous_engine.hpp(start:1315): 0: Starting iteration: 28
[0mExchange messages...
EXCHANGE: 0.008439
Receive messages...
[1;32mINFO:     synchronous_engine.hpp(start:1364): 	Active vertices: 654
[0mRECEIVE: 0.009149
Gathering...
GATHER: 0.00944
Applying...
APPLY: 0.012485
Scattering...
[1;32mINFO:     synchronous_engine.hpp(start:1414): 	 Running Aggregators
[0mSCATTER: 0.001585
[1;32mINFO:     synchronous_engine.hpp(start:1315): 0: Starting iteration: 29
[0mExchange messages...
EXCHANGE: 0.009042
Receive messages...
[1;32mINFO:     synchronous_engine.hpp(start:1364): 	Active vertices: 303
[0mRECEIVE: 0.008432
Gathering...
GATHER: 0.009253
Applying...
APPLY: 0.013226
Scattering...
[1;32mINFO:     synchronous_engine.hpp(start:1414): 	 Running Aggregators
[0mSCATTER: 0.001728
[1;32mINFO:     synchronous_engine.hpp(start:1315): 0: Starting iteration: 30
[0mExchange messages...
EXCHANGE: 0.00804
Receive messages...
[1;32mINFO:     synchronous_engine.hpp(start:1364): 	Active vertices: 136
[0mRECEIVE: 0.009402
Gathering...
GATHER: 0.009347
Applying...
APPLY: 0.010035
Scattering...
[1;32mINFO:     synchronous_engine.hpp(start:1414): 	 Running Aggregators
[0mSCATTER: 0.002553
[1;32mINFO:     synchronous_engine.hpp(start:1315): 0: Starting iteration: 31
[0mExchange messages...
EXCHANGE: 0.008088
Receive messages...
[1;32mINFO:     synchronous_engine.hpp(start:1364): 	Active vertices: 62
[0mRECEIVE: 0.010225
Gathering...
GATHER: 0.009431
Applying...
APPLY: 0.009347
Scattering...
[1;32mINFO:     synchronous_engine.hpp(start:1414): 	 Running Aggregators
[0mSCATTER: 0.00226
[1;32mINFO:     synchronous_engine.hpp(start:1315): 0: Starting iteration: 32
[0mExchange messages...
EXCHANGE: 0.008997
Receive messages...
[1;32mINFO:     synchronous_engine.hpp(start:1364): 	Active vertices: 20
[0mRECEIVE: 0.007887
Gathering...
GATHER: 0.008928
Applying...
APPLY: 0.008103
Scattering...
[1;32mINFO:     synchronous_engine.hpp(start:1414): 	 Running Aggregators
[0mSCATTER: 0.00225
[1;32mINFO:     synchronous_engine.hpp(start:1315): 0: Starting iteration: 33
[0mExchange messages...
EXCHANGE: 0.008791
Receive messages...
[1;32mINFO:     synchronous_engine.hpp(start:1364): 	Active vertices: 10
[0mRECEIVE: 0.009159
Gathering...
GATHER: 0.008524
Applying...
APPLY: 0.008144
Scattering...
[1;32mINFO:     synchronous_engine.hpp(start:1414): 	 Running Aggregators
[0mSCATTER: 0.002236
[1;32mINFO:     synchronous_engine.hpp(start:1315): 0: Starting iteration: 34
[0mExchange messages...
EXCHANGE: 0.007291
Receive messages...
[1;32mINFO:     synchronous_engine.hpp(start:1364): 	Active vertices: 2
[0mRECEIVE: 0.012342
Gathering...
GATHER: 0.008548
Applying...
APPLY: 0.010018
Scattering...
[1;32mINFO:     synchronous_engine.hpp(start:1414): 	 Running Aggregators
[0mSCATTER: 0.001661
[1;32mINFO:     synchronous_engine.hpp(start:1315): 0: Starting iteration: 35
[0mExchange messages...
EXCHANGE: 0.007409
Receive messages...
[1;32mINFO:     synchronous_engine.hpp(start:1364): 	Active vertices: 0
[0m[1;32mINFO:     synchronous_engine.hpp(start:1427): 35 iterations completed.
[0mUpdates: 210737
	Iteration time:	0:00:10.07
	Total spent:	0:00:10.07
	Projected Total Time:		0:00:10.07
	Projected Time Remaining:	0:00:00.00
TIME: 10.0738
CLOCKTIME: 437.332
Diameter: 33
	Command being timed: "/home/cpennycu/graphlab/release/apps/diameter/diameter /home/cpennycu/gdata/er/erd-2-10000-2.snap --format snap --directed 1"
	User time (seconds): 80.46
	System time (seconds): 365.24
	Percent of CPU this job got: 4067%
	Elapsed (wall clock) time (h:mm:ss or m:ss): 0:10.95
	Average shared text size (kbytes): 0
	Average unshared data size (kbytes): 0
	Average stack size (kbytes): 0
	Average total size (kbytes): 0
	Maximum resident set size (kbytes): 652772
	Average resident set size (kbytes): 0
	Major (requiring I/O) page faults: 0
	Minor (reclaiming a frame) page faults: 163744
	Voluntary context switches: 79037
	Involuntary context switches: 6762
	Swaps: 0
	File system inputs: 384
	File system outputs: 0
	Socket messages sent: 0
	Socket messages received: 0
	Signals delivered: 0
	Page size (bytes): 4096
	Exit status: 0
