Graph diameter

GRAPHLAB_SUBNET_ID/GRAPHLAB_SUBNET_MASK environment variables not defined.
Using default values
Subnet ID: 0.0.0.0
Subnet Mask: 0.0.0.0
Will find first IPv4 non-loopback address matching the subnet
[1;32mINFO:     dc.cpp(init:573): Cluster of 1 instances created.
[0m[1;32mINFO:     distributed_graph.hpp(set_ingress_method:3201): Automatically determine ingress method: grid
[0mLoading graph in format: snap
[1;32mINFO:     distributed_graph.hpp(load_from_posixfs:2190): Loading graph from file: /home/cpennycu/gdata/er/eru-3-1000-4.snap
[0m# Nodes: 1000
# Edges: 4000
# Maximum Possible Edges: 499500
# Undirected
# No self-loop allowed
[1;32mINFO:     distributed_ingress_base.hpp(finalize:199): Finalizing Graph...
[0m[1;32mINFO:     distributed_ingress_base.hpp(exchange_global_info:546): Graph info: 
	 nverts: 998
	 nedges: 4000
	 nreplicas: 998
	 replication factor: 1
[0m[1;32mINFO:     distributed_ingress_base.hpp(finalize:199): Finalizing Graph...
[0m[1;32mMax ID: 999
Array size: 1000
Beginning batch 1 of 1
INFO:     synchronous_engine.hpp(start:1300): Iteration counter will only output every 5 seconds.
[0m[1;32mINFO:     synchronous_engine.hpp(start:1315): 0: Starting iteration: 0
[0mExchange messages...
EXCHANGE: 0.006211
Receive messages...
[1;32mINFO:     synchronous_engine.hpp(start:1364): 	Active vertices: 998
[0mRECEIVE: 0.005963
Gathering...
GATHER: 0.007071
Applying...
APPLY: 0.006217
Scattering...
[1;32mINFO:     synchronous_engine.hpp(start:1414): 	 Running Aggregators
[0mSCATTER: 0.001824
[1;32mINFO:     synchronous_engine.hpp(start:1315): 0: Starting iteration: 1
[0mExchange messages...
EXCHANGE: 0.008052
Receive messages...
[1;32mINFO:     synchronous_engine.hpp(start:1364): 	Active vertices: 998
[0mRECEIVE: 0.008066
Gathering...
GATHER: 0.008523
Applying...
APPLY: 0.009925
Scattering...
[1;32mINFO:     synchronous_engine.hpp(start:1414): 	 Running Aggregators
[0mSCATTER: 0.001841
[1;32mINFO:     synchronous_engine.hpp(start:1315): 0: Starting iteration: 2
[0mExchange messages...
EXCHANGE: 0.007608
Receive messages...
[1;32mINFO:     synchronous_engine.hpp(start:1364): 	Active vertices: 998
[0mRECEIVE: 0.008796
Gathering...
GATHER: 0.011961
Applying...
APPLY: 0.010989
Scattering...
[1;32mINFO:     synchronous_engine.hpp(start:1414): 	 Running Aggregators
[0mSCATTER: 0.001576
[1;32mINFO:     synchronous_engine.hpp(start:1315): 0: Starting iteration: 3
[0mExchange messages...
EXCHANGE: 0.00839
Receive messages...
[1;32mINFO:     synchronous_engine.hpp(start:1364): 	Active vertices: 998
[0mRECEIVE: 0.008501
Gathering...
GATHER: 0.013669
Applying...
APPLY: 0.0115
Scattering...
[1;32mINFO:     synchronous_engine.hpp(start:1414): 	 Running Aggregators
[0mSCATTER: 0.001544
[1;32mINFO:     synchronous_engine.hpp(start:1315): 0: Starting iteration: 4
[0mExchange messages...
EXCHANGE: 0.010094
Receive messages...
[1;32mINFO:     synchronous_engine.hpp(start:1364): 	Active vertices: 998
[0mRECEIVE: 0.008656
Gathering...
GATHER: 0.013259
Applying...
APPLY: 0.01359
Scattering...
[1;32mINFO:     synchronous_engine.hpp(start:1414): 	 Running Aggregators
[0mSCATTER: 0.001491
[1;32mINFO:     synchronous_engine.hpp(start:1315): 0: Starting iteration: 5
[0mExchange messages...
EXCHANGE: 0.007861
Receive messages...
[1;32mINFO:     synchronous_engine.hpp(start:1364): 	Active vertices: 998
[0mRECEIVE: 0.008873
Gathering...
GATHER: 0.010608
Applying...
APPLY: 0.01344
Scattering...
[1;32mINFO:     synchronous_engine.hpp(start:1414): 	 Running Aggregators
[0mSCATTER: 0.001512
[1;32mINFO:     synchronous_engine.hpp(start:1315): 0: Starting iteration: 6
[0mExchange messages...
EXCHANGE: 0.008639
Receive messages...
[1;32mINFO:     synchronous_engine.hpp(start:1364): 	Active vertices: 998
[0mRECEIVE: 0.007554
Gathering...
GATHER: 0.01108
Applying...
APPLY: 0.016933
Scattering...
[1;32mINFO:     synchronous_engine.hpp(start:1414): 	 Running Aggregators
[0mSCATTER: 0.001745
[1;32mINFO:     synchronous_engine.hpp(start:1315): 0: Starting iteration: 7
[0mExchange messages...
EXCHANGE: 0.008048
Receive messages...
[1;32mINFO:     synchronous_engine.hpp(start:1364): 	Active vertices: 494
[0mRECEIVE: 0.008723
Gathering...
GATHER: 0.007628
Applying...
APPLY: 0.007412
Scattering...
[1;32mINFO:     synchronous_engine.hpp(start:1414): 	 Running Aggregators
[0mSCATTER: 0.001664
[1;32mINFO:     synchronous_engine.hpp(start:1315): 0: Starting iteration: 8
[0mExchange messages...
EXCHANGE: 0.00815
Receive messages...
[1;32mINFO:     synchronous_engine.hpp(start:1364): 	Active vertices: 0
[0m[1;32mINFO:     synchronous_engine.hpp(start:1427): 8 iterations completed.
[0mUpdates: 7480
	Iteration time:	0:00:00.35
	Total spent:	0:00:00.35
	Projected Total Time:		0:00:00.35
	Projected Time Remaining:	0:00:00.00
TIME: 0.34602
CLOCKTIME: 3.15052
Diameter: 6
	Command being timed: "/home/cpennycu/graphlab/release/apps/diameter/diameter /home/cpennycu/gdata/er/eru-3-1000-4.snap --format snap --directed 0"
	User time (seconds): 8.73
	System time (seconds): 0.48
	Percent of CPU this job got: 928%
	Elapsed (wall clock) time (h:mm:ss or m:ss): 0:00.99
	Average shared text size (kbytes): 0
	Average unshared data size (kbytes): 0
	Average stack size (kbytes): 0
	Average total size (kbytes): 0
	Maximum resident set size (kbytes): 26448
	Average resident set size (kbytes): 0
	Major (requiring I/O) page faults: 0
	Minor (reclaiming a frame) page faults: 8154
	Voluntary context switches: 13090
	Involuntary context switches: 1753
	Swaps: 0
	File system inputs: 64
	File system outputs: 0
	Socket messages sent: 0
	Socket messages received: 0
	Signals delivered: 0
	Page size (bytes): 4096
	Exit status: 0
