Graph diameter

GRAPHLAB_SUBNET_ID/GRAPHLAB_SUBNET_MASK environment variables not defined.
Using default values
Subnet ID: 0.0.0.0
Subnet Mask: 0.0.0.0
Will find first IPv4 non-loopback address matching the subnet
[1;32mINFO:     dc.cpp(init:573): Cluster of 1 instances created.
[0m[1;32mINFO:     distributed_graph.hpp(set_ingress_method:3201): Automatically determine ingress method: grid
[0mLoading graph in format: snap
[1;32mINFO:     distributed_graph.hpp(load_from_posixfs:2190): Loading graph from file: /home/cpennycu/gdata/er/eru-2-1000-2.snap
[0m# Nodes: 1000
# Edges: 2000
# Maximum Possible Edges: 499500
# Undirected
# No self-loop allowed
[1;32mINFO:     distributed_ingress_base.hpp(finalize:199): Finalizing Graph...
[0m[1;32mINFO:     distributed_ingress_base.hpp(exchange_global_info:546): Graph info: 
	 nverts: 985
	 nedges: 2000
	 nreplicas: 985
	 replication factor: 1
[0m[1;32mINFO:     distributed_ingress_base.hpp(finalize:199): Finalizing Graph...
[0m[1;32mMax ID: 999
Array size: 1000
Beginning batch 1 of 1
INFO:     synchronous_engine.hpp(start:1300): Iteration counter will only output every 5 seconds.
[0m[1;32mINFO:     synchronous_engine.hpp(start:1315): 0: Starting iteration: 0
[0mExchange messages...
EXCHANGE: 0.012681
Receive messages...
[1;32mINFO:     synchronous_engine.hpp(start:1364): 	Active vertices: 985
[0mRECEIVE: 0.005992
Gathering...
GATHER: 0.006738
Applying...
APPLY: 0.007244
Scattering...
[1;32mINFO:     synchronous_engine.hpp(start:1414): 	 Running Aggregators
[0mSCATTER: 0.001963
[1;32mINFO:     synchronous_engine.hpp(start:1315): 0: Starting iteration: 1
[0mExchange messages...
EXCHANGE: 0.006775
Receive messages...
[1;32mINFO:     synchronous_engine.hpp(start:1364): 	Active vertices: 985
[0mRECEIVE: 0.008355
Gathering...
GATHER: 0.007432
Applying...
APPLY: 0.006816
Scattering...
[1;32mINFO:     synchronous_engine.hpp(start:1414): 	 Running Aggregators
[0mSCATTER: 0.001472
[1;32mINFO:     synchronous_engine.hpp(start:1315): 0: Starting iteration: 2
[0mExchange messages...
EXCHANGE: 0.007759
Receive messages...
[1;32mINFO:     synchronous_engine.hpp(start:1364): 	Active vertices: 985
[0mRECEIVE: 0.006821
Gathering...
GATHER: 0.009422
Applying...
APPLY: 0.008764
Scattering...
[1;32mINFO:     synchronous_engine.hpp(start:1414): 	 Running Aggregators
[0mSCATTER: 0.002097
[1;32mINFO:     synchronous_engine.hpp(start:1315): 0: Starting iteration: 3
[0mExchange messages...
EXCHANGE: 0.008373
Receive messages...
[1;32mINFO:     synchronous_engine.hpp(start:1364): 	Active vertices: 985
[0mRECEIVE: 0.008205
Gathering...
GATHER: 0.009506
Applying...
APPLY: 0.007903
Scattering...
[1;32mINFO:     synchronous_engine.hpp(start:1414): 	 Running Aggregators
[0mSCATTER: 0.001845
[1;32mINFO:     synchronous_engine.hpp(start:1315): 0: Starting iteration: 4
[0mExchange messages...
EXCHANGE: 0.007833
Receive messages...
[1;32mINFO:     synchronous_engine.hpp(start:1364): 	Active vertices: 985
[0mRECEIVE: 0.008218
Gathering...
GATHER: 0.012443
Applying...
APPLY: 0.012858
Scattering...
[1;32mINFO:     synchronous_engine.hpp(start:1414): 	 Running Aggregators
[0mSCATTER: 0.001833
[1;32mINFO:     synchronous_engine.hpp(start:1315): 0: Starting iteration: 5
[0mExchange messages...
EXCHANGE: 0.006777
Receive messages...
[1;32mINFO:     synchronous_engine.hpp(start:1364): 	Active vertices: 985
[0mRECEIVE: 0.008145
Gathering...
GATHER: 0.012542
Applying...
APPLY: 0.011092
Scattering...
[1;32mINFO:     synchronous_engine.hpp(start:1414): 	 Running Aggregators
[0mSCATTER: 0.00179
[1;32mINFO:     synchronous_engine.hpp(start:1315): 0: Starting iteration: 6
[0mExchange messages...
EXCHANGE: 0.007126
Receive messages...
[1;32mINFO:     synchronous_engine.hpp(start:1364): 	Active vertices: 985
[0mRECEIVE: 0.007286
Gathering...
GATHER: 0.010259
Applying...
APPLY: 0.013846
Scattering...
[1;32mINFO:     synchronous_engine.hpp(start:1414): 	 Running Aggregators
[0mSCATTER: 0.00174
[1;32mINFO:     synchronous_engine.hpp(start:1315): 0: Starting iteration: 7
[0mExchange messages...
EXCHANGE: 0.007408
Receive messages...
[1;32mINFO:     synchronous_engine.hpp(start:1364): 	Active vertices: 985
[0mRECEIVE: 0.008783
Gathering...
GATHER: 0.010614
Applying...
APPLY: 0.012427
Scattering...
[1;32mINFO:     synchronous_engine.hpp(start:1414): 	 Running Aggregators
[0mSCATTER: 0.001677
[1;32mINFO:     synchronous_engine.hpp(start:1315): 0: Starting iteration: 8
[0mExchange messages...
EXCHANGE: 0.010555
Receive messages...
[1;32mINFO:     synchronous_engine.hpp(start:1364): 	Active vertices: 985
[0mRECEIVE: 0.008541
Gathering...
GATHER: 0.010062
Applying...
APPLY: 0.010224
Scattering...
[1;32mINFO:     synchronous_engine.hpp(start:1414): 	 Running Aggregators
[0mSCATTER: 0.001479
[1;32mINFO:     synchronous_engine.hpp(start:1315): 0: Starting iteration: 9
[0mExchange messages...
EXCHANGE: 0.011001
Receive messages...
[1;32mINFO:     synchronous_engine.hpp(start:1364): 	Active vertices: 980
[0mRECEIVE: 0.007669
Gathering...
GATHER: 0.009287
Applying...
APPLY: 0.009036
Scattering...
[1;32mINFO:     synchronous_engine.hpp(start:1414): 	 Running Aggregators
[0mSCATTER: 0.001632
[1;32mINFO:     synchronous_engine.hpp(start:1315): 0: Starting iteration: 10
[0mExchange messages...
EXCHANGE: 0.007492
Receive messages...
[1;32mINFO:     synchronous_engine.hpp(start:1364): 	Active vertices: 552
[0mRECEIVE: 0.007672
Gathering...
GATHER: 0.006776
Applying...
APPLY: 0.007642
Scattering...
[1;32mINFO:     synchronous_engine.hpp(start:1414): 	 Running Aggregators
[0mSCATTER: 0.001474
[1;32mINFO:     synchronous_engine.hpp(start:1315): 0: Starting iteration: 11
[0mExchange messages...
EXCHANGE: 0.007603
Receive messages...
[1;32mINFO:     synchronous_engine.hpp(start:1364): 	Active vertices: 59
[0mRECEIVE: 0.008512
Gathering...
GATHER: 0.007428
Applying...
APPLY: 0.007811
Scattering...
[1;32mINFO:     synchronous_engine.hpp(start:1414): 	 Running Aggregators
[0mSCATTER: 0.00152
[1;32mINFO:     synchronous_engine.hpp(start:1315): 0: Starting iteration: 12
[0mExchange messages...
EXCHANGE: 0.007015
Receive messages...
[1;32mINFO:     synchronous_engine.hpp(start:1364): 	Active vertices: 5
[0mRECEIVE: 0.007838
Gathering...
GATHER: 0.007123
Applying...
APPLY: 0.008328
Scattering...
[1;32mINFO:     synchronous_engine.hpp(start:1414): 	 Running Aggregators
[0mSCATTER: 0.001569
[1;32mINFO:     synchronous_engine.hpp(start:1315): 0: Starting iteration: 13
[0mExchange messages...
EXCHANGE: 0.008176
Receive messages...
[1;32mINFO:     synchronous_engine.hpp(start:1364): 	Active vertices: 0
[0m[1;32mINFO:     synchronous_engine.hpp(start:1427): 13 iterations completed.
[0mUpdates: 10461
	Iteration time:	0:00:00.50
	Total spent:	0:00:00.50
	Projected Total Time:		0:00:00.50
	Projected Time Remaining:	0:00:00.00
TIME: 0.497348
CLOCKTIME: 4.02354
Diameter: 11
	Command being timed: "/home/cpennycu/graphlab/release/apps/diameter/diameter /home/cpennycu/gdata/er/eru-2-1000-2.snap --format snap --directed 0"
	User time (seconds): 8.23
	System time (seconds): 1.17
	Percent of CPU this job got: 817%
	Elapsed (wall clock) time (h:mm:ss or m:ss): 0:01.15
	Average shared text size (kbytes): 0
	Average unshared data size (kbytes): 0
	Average stack size (kbytes): 0
	Average total size (kbytes): 0
	Maximum resident set size (kbytes): 29952
	Average resident set size (kbytes): 0
	Major (requiring I/O) page faults: 0
	Minor (reclaiming a frame) page faults: 8081
	Voluntary context switches: 19875
	Involuntary context switches: 1863
	Swaps: 0
	File system inputs: 32
	File system outputs: 0
	Socket messages sent: 0
	Socket messages received: 0
	Signals delivered: 0
	Page size (bytes): 4096
	Exit status: 0
