Graph diameter

GRAPHLAB_SUBNET_ID/GRAPHLAB_SUBNET_MASK environment variables not defined.
Using default values
Subnet ID: 0.0.0.0
Subnet Mask: 0.0.0.0
Will find first IPv4 non-loopback address matching the subnet
[1;32mINFO:     dc.cpp(init:573): Cluster of 1 instances created.
[0m[1;32mINFO:     distributed_graph.hpp(set_ingress_method:3201): Automatically determine ingress method: grid
[0mLoading graph in format: snap
[1;32mINFO:     distributed_graph.hpp(load_from_posixfs:2190): Loading graph from file: /home/cpennycu/gdata/er/eru-0-1000-2.snap
[0m# Nodes: 1000
# Edges: 2000
# Maximum Possible Edges: 499500
# Undirected
# No self-loop allowed
[1;32mINFO:     distributed_ingress_base.hpp(finalize:199): Finalizing Graph...
[0m[1;32mINFO:     distributed_ingress_base.hpp(exchange_global_info:546): Graph info: 
	 nverts: 984
	 nedges: 2000
	 nreplicas: 984
	 replication factor: 1
[0m[1;32mINFO:     distributed_ingress_base.hpp(finalize:199): Finalizing Graph...
[0m[1;32mMax ID: 999
Array size: 1000
Beginning batch 1 of 1
INFO:     synchronous_engine.hpp(start:1300): Iteration counter will only output every 5 seconds.
[0m[1;32mINFO:     synchronous_engine.hpp(start:1315): 0: Starting iteration: 0
[0mExchange messages...
EXCHANGE: 0.005914
Receive messages...
[1;32mINFO:     synchronous_engine.hpp(start:1364): 	Active vertices: 984
[0mRECEIVE: 0.006583
Gathering...
GATHER: 0.006665
Applying...
APPLY: 0.007273
Scattering...
[1;32mINFO:     synchronous_engine.hpp(start:1414): 	 Running Aggregators
[0mSCATTER: 0.002582
[1;32mINFO:     synchronous_engine.hpp(start:1315): 0: Starting iteration: 1
[0mExchange messages...
EXCHANGE: 0.007953
Receive messages...
[1;32mINFO:     synchronous_engine.hpp(start:1364): 	Active vertices: 984
[0mRECEIVE: 0.008522
Gathering...
GATHER: 0.008049
Applying...
APPLY: 0.007697
Scattering...
[1;32mINFO:     synchronous_engine.hpp(start:1414): 	 Running Aggregators
[0mSCATTER: 0.00198
[1;32mINFO:     synchronous_engine.hpp(start:1315): 0: Starting iteration: 2
[0mExchange messages...
EXCHANGE: 0.007058
Receive messages...
[1;32mINFO:     synchronous_engine.hpp(start:1364): 	Active vertices: 984
[0mRECEIVE: 0.007313
Gathering...
GATHER: 0.009768
Applying...
APPLY: 0.007963
Scattering...
[1;32mINFO:     synchronous_engine.hpp(start:1414): 	 Running Aggregators
[0mSCATTER: 0.002088
[1;32mINFO:     synchronous_engine.hpp(start:1315): 0: Starting iteration: 3
[0mExchange messages...
EXCHANGE: 0.008588
Receive messages...
[1;32mINFO:     synchronous_engine.hpp(start:1364): 	Active vertices: 982
[0mRECEIVE: 0.00989
Gathering...
GATHER: 0.010949
Applying...
APPLY: 0.009135
Scattering...
[1;32mINFO:     synchronous_engine.hpp(start:1414): 	 Running Aggregators
[0mSCATTER: 0.001901
[1;32mINFO:     synchronous_engine.hpp(start:1315): 0: Starting iteration: 4
[0mExchange messages...
EXCHANGE: 0.008975
Receive messages...
[1;32mINFO:     synchronous_engine.hpp(start:1364): 	Active vertices: 982
[0mRECEIVE: 0.008979
Gathering...
GATHER: 0.012322
Applying...
APPLY: 0.011262
Scattering...
[1;32mINFO:     synchronous_engine.hpp(start:1414): 	 Running Aggregators
[0mSCATTER: 0.001811
[1;32mINFO:     synchronous_engine.hpp(start:1315): 0: Starting iteration: 5
[0mExchange messages...
EXCHANGE: 0.008829
Receive messages...
[1;32mINFO:     synchronous_engine.hpp(start:1364): 	Active vertices: 982
[0mRECEIVE: 0.008848
Gathering...
GATHER: 0.011367
Applying...
APPLY: 0.011802
Scattering...
[1;32mINFO:     synchronous_engine.hpp(start:1414): 	 Running Aggregators
[0mSCATTER: 0.001836
[1;32mINFO:     synchronous_engine.hpp(start:1315): 0: Starting iteration: 6
[0mExchange messages...
EXCHANGE: 0.007941
Receive messages...
[1;32mINFO:     synchronous_engine.hpp(start:1364): 	Active vertices: 982
[0mRECEIVE: 0.009099
Gathering...
GATHER: 0.00879
Applying...
APPLY: 0.01113
Scattering...
[1;32mINFO:     synchronous_engine.hpp(start:1414): 	 Running Aggregators
[0mSCATTER: 0.001656
[1;32mINFO:     synchronous_engine.hpp(start:1315): 0: Starting iteration: 7
[0mExchange messages...
EXCHANGE: 0.00873
Receive messages...
[1;32mINFO:     synchronous_engine.hpp(start:1364): 	Active vertices: 982
[0mRECEIVE: 0.008767
Gathering...
GATHER: 0.00906
Applying...
APPLY: 0.010511
Scattering...
[1;32mINFO:     synchronous_engine.hpp(start:1414): 	 Running Aggregators
[0mSCATTER: 0.001876
[1;32mINFO:     synchronous_engine.hpp(start:1315): 0: Starting iteration: 8
[0mExchange messages...
EXCHANGE: 0.009142
Receive messages...
[1;32mINFO:     synchronous_engine.hpp(start:1364): 	Active vertices: 982
[0mRECEIVE: 0.009125
Gathering...
GATHER: 0.009948
Applying...
APPLY: 0.008721
Scattering...
[1;32mINFO:     synchronous_engine.hpp(start:1414): 	 Running Aggregators
[0mSCATTER: 0.001803
[1;32mINFO:     synchronous_engine.hpp(start:1315): 0: Starting iteration: 9
[0mExchange messages...
EXCHANGE: 0.008592
Receive messages...
[1;32mINFO:     synchronous_engine.hpp(start:1364): 	Active vertices: 981
[0mRECEIVE: 0.009316
Gathering...
GATHER: 0.008833
Applying...
APPLY: 0.009204
Scattering...
[1;32mINFO:     synchronous_engine.hpp(start:1414): 	 Running Aggregators
[0mSCATTER: 0.001755
[1;32mINFO:     synchronous_engine.hpp(start:1315): 0: Starting iteration: 10
[0mExchange messages...
EXCHANGE: 0.008699
Receive messages...
[1;32mINFO:     synchronous_engine.hpp(start:1364): 	Active vertices: 942
[0mRECEIVE: 0.010804
Gathering...
GATHER: 0.008743
Applying...
APPLY: 0.00925
Scattering...
[1;32mINFO:     synchronous_engine.hpp(start:1414): 	 Running Aggregators
[0mSCATTER: 0.001593
[1;32mINFO:     synchronous_engine.hpp(start:1315): 0: Starting iteration: 11
[0mExchange messages...
EXCHANGE: 0.00827
Receive messages...
[1;32mINFO:     synchronous_engine.hpp(start:1364): 	Active vertices: 759
[0mRECEIVE: 0.007774
Gathering...
GATHER: 0.011948
Applying...
APPLY: 0.00932
Scattering...
[1;32mINFO:     synchronous_engine.hpp(start:1414): 	 Running Aggregators
[0mSCATTER: 0.00163
[1;32mINFO:     synchronous_engine.hpp(start:1315): 0: Starting iteration: 12
[0mExchange messages...
EXCHANGE: 0.00958
Receive messages...
[1;32mINFO:     synchronous_engine.hpp(start:1364): 	Active vertices: 224
[0mRECEIVE: 0.008753
Gathering...
GATHER: 0.010113
Applying...
APPLY: 0.008499
Scattering...
[1;32mINFO:     synchronous_engine.hpp(start:1414): 	 Running Aggregators
[0mSCATTER: 0.001651
[1;32mINFO:     synchronous_engine.hpp(start:1315): 0: Starting iteration: 13
[0mExchange messages...
EXCHANGE: 0.011431
Receive messages...
[1;32mINFO:     synchronous_engine.hpp(start:1364): 	Active vertices: 14
[0mRECEIVE: 0.008334
Gathering...
GATHER: 0.007883
Applying...
APPLY: 0.008514
Scattering...
[1;32mINFO:     synchronous_engine.hpp(start:1414): 	 Running Aggregators
[0mSCATTER: 0.001547
[1;32mINFO:     synchronous_engine.hpp(start:1315): 0: Starting iteration: 14
[0mExchange messages...
EXCHANGE: 0.007936
Receive messages...
[1;32mINFO:     synchronous_engine.hpp(start:1364): 	Active vertices: 0
[0m[1;32mINFO:     synchronous_engine.hpp(start:1427): 14 iterations completed.
[0mUpdates: 11764
	Iteration time:	0:00:00.55
	Total spent:	0:00:00.55
	Projected Total Time:		0:00:00.55
	Projected Time Remaining:	0:00:00.00
TIME: 0.55202
CLOCKTIME: 3.93081
Diameter: 12
	Command being timed: "/home/cpennycu/graphlab/release/apps/diameter/diameter /home/cpennycu/gdata/er/eru-0-1000-2.snap --format snap --directed 0"
	User time (seconds): 9.77
	System time (seconds): 0.99
	Percent of CPU this job got: 866%
	Elapsed (wall clock) time (h:mm:ss or m:ss): 0:01.24
	Average shared text size (kbytes): 0
	Average unshared data size (kbytes): 0
	Average stack size (kbytes): 0
	Average total size (kbytes): 0
	Maximum resident set size (kbytes): 27072
	Average resident set size (kbytes): 0
	Major (requiring I/O) page faults: 0
	Minor (reclaiming a frame) page faults: 7363
	Voluntary context switches: 21371
	Involuntary context switches: 2203
	Swaps: 0
	File system inputs: 32
	File system outputs: 0
	Socket messages sent: 0
	Socket messages received: 0
	Signals delivered: 0
	Page size (bytes): 4096
	Exit status: 0
