Graph diameter

GRAPHLAB_SUBNET_ID/GRAPHLAB_SUBNET_MASK environment variables not defined.
Using default values
Subnet ID: 0.0.0.0
Subnet Mask: 0.0.0.0
Will find first IPv4 non-loopback address matching the subnet
[1;32mINFO:     dc.cpp(init:573): Cluster of 1 instances created.
[0m[1;32mINFO:     distributed_graph.hpp(set_ingress_method:3201): Automatically determine ingress method: grid
[0mLoading graph in format: snap
[1;32mINFO:     distributed_graph.hpp(load_from_posixfs:2190): Loading graph from file: /home/cpennycu/gdata/er/eru-4-100000-8.snap
[0m# Nodes: 100000
# Edges: 800000
# Maximum Possible Edges: 4999950000
# Undirected
# No self-loop allowed
[1;32mINFO:     distributed_ingress_base.hpp(finalize:199): Finalizing Graph...
[0m[1;32mINFO:     distributed_ingress_base.hpp(exchange_global_info:546): Graph info: 
	 nverts: 100000
	 nedges: 800000
	 nreplicas: 100000
	 replication factor: 1
[0m[1;32mINFO:     distributed_ingress_base.hpp(finalize:199): Finalizing Graph...
[0m[1;32mMax ID: 99999
Array size: 100000
Beginning batch 1 of 1
INFO:     synchronous_engine.hpp(start:1300): Iteration counter will only output every 5 seconds.
[0m[1;32mINFO:     synchronous_engine.hpp(start:1315): 0: Starting iteration: 0
[0mExchange messages...
EXCHANGE: 0.007138
Receive messages...
[1;32mINFO:     synchronous_engine.hpp(start:1364): 	Active vertices: 100000
[0mRECEIVE: 0.017946
Gathering...
GATHER: 0.040966
Applying...
APPLY: 0.039473
Scattering...
[1;32mINFO:     synchronous_engine.hpp(start:1414): 	 Running Aggregators
[0mSCATTER: 0.024207
[1;32mINFO:     synchronous_engine.hpp(start:1315): 0: Starting iteration: 1
[0mExchange messages...
EXCHANGE: 0.012975
Receive messages...
[1;32mINFO:     synchronous_engine.hpp(start:1364): 	Active vertices: 100000
[0mRECEIVE: 0.017513
Gathering...
GATHER: 0.360178
Applying...
APPLY: 0.041484
Scattering...
[1;32mINFO:     synchronous_engine.hpp(start:1414): 	 Running Aggregators
[0mSCATTER: 0.019314
[1;32mINFO:     synchronous_engine.hpp(start:1315): 0: Starting iteration: 2
[0mExchange messages...
EXCHANGE: 0.013357
Receive messages...
[1;32mINFO:     synchronous_engine.hpp(start:1364): 	Active vertices: 100000
[0mRECEIVE: 0.017065
Gathering...
GATHER: 6.85004
Applying...
APPLY: 0.266248
Scattering...
[1;32mINFO:     synchronous_engine.hpp(start:1414): 	 Running Aggregators
[0mSCATTER: 0.019811
[1;32mINFO:     synchronous_engine.hpp(start:1315): 0: Starting iteration: 3
[0mExchange messages...
EXCHANGE: 0.014089
Receive messages...
[1;32mINFO:     synchronous_engine.hpp(start:1364): 	Active vertices: 100000
[0mRECEIVE: 0.020443
Gathering...
GATHER: 74.601
Applying...
APPLY: 3.27905
Scattering...
[1;32mINFO:     synchronous_engine.hpp(start:1414): 	 Running Aggregators
[0mSCATTER: 0.019284
[1;32mINFO:     synchronous_engine.hpp(start:1315): 0: Starting iteration: 4
[0mExchange messages...
EXCHANGE: 0.012946
Receive messages...
[1;32mINFO:     synchronous_engine.hpp(start:1364): 	Active vertices: 100000
[0mRECEIVE: 0.017727
Gathering...
GATHER: 103.395
Applying...
APPLY: 20.7294
Scattering...
[1;32mINFO:     synchronous_engine.hpp(start:1414): 	 Running Aggregators
[0mSCATTER: 0.020927
[1;32mINFO:     synchronous_engine.hpp(start:1315): 0: Starting iteration: 5
[0mExchange messages...
EXCHANGE: 0.011885
Receive messages...
[1;32mINFO:     synchronous_engine.hpp(start:1364): 	Active vertices: 100000
[0mRECEIVE: 0.016846
Gathering...
GATHER: 65.6698
Applying...
APPLY: 33.0154
Scattering...
[1;32mINFO:     synchronous_engine.hpp(start:1414): 	 Running Aggregators
[0mSCATTER: 0.029789
[1;32mINFO:     synchronous_engine.hpp(start:1315): 0: Starting iteration: 6
[0mExchange messages...
EXCHANGE: 0.009829
Receive messages...
[1;32mINFO:     synchronous_engine.hpp(start:1364): 	Active vertices: 100000
[0mRECEIVE: 0.015679
Gathering...
GATHER: 62.4977
Applying...
APPLY: 49.0116
Scattering...
[1;32mINFO:     synchronous_engine.hpp(start:1414): 	 Running Aggregators
[0mSCATTER: 0.020275
[1;32mINFO:     synchronous_engine.hpp(start:1315): 0: Starting iteration: 7
[0mExchange messages...
EXCHANGE: 0.011767
Receive messages...
[1;32mINFO:     synchronous_engine.hpp(start:1364): 	Active vertices: 100000
[0mRECEIVE: 0.014619
Gathering...
GATHER: 19.0841
Applying...
APPLY: 41.3606
Scattering...
[1;32mINFO:     synchronous_engine.hpp(start:1414): 	 Running Aggregators
[0mSCATTER: 0.007431
[1;32mINFO:     synchronous_engine.hpp(start:1315): 0: Starting iteration: 8
[0mExchange messages...
EXCHANGE: 0.017416
Receive messages...
[1;32mINFO:     synchronous_engine.hpp(start:1364): 	Active vertices: 443
[0mRECEIVE: 0.014146
Gathering...
GATHER: 0.013704
Applying...
APPLY: 0.039876
Scattering...
[1;32mINFO:     synchronous_engine.hpp(start:1414): 	 Running Aggregators
[0mSCATTER: 0.00704
[1;32mINFO:     synchronous_engine.hpp(start:1315): 0: Starting iteration: 9
[0mExchange messages...
EXCHANGE: 0.012812
Receive messages...
[1;32mINFO:     synchronous_engine.hpp(start:1364): 	Active vertices: 0
[0m[1;32mINFO:     synchronous_engine.hpp(start:1427): 9 iterations completed.
[0mUpdates: 800443
	Iteration time:	0:08:00.77
	Total spent:	0:08:00.77
	Projected Total Time:		0:08:00.77
	Projected Time Remaining:	0:00:00.00
TIME: 480.774
CLOCKTIME: 23941.6
Diameter: 7
	Command being timed: "/home/cpennycu/graphlab/release/apps/diameter/diameter /home/cpennycu/gdata/er/eru-4-100000-8.snap --format snap --directed 0"
	User time (seconds): 9971.39
	System time (seconds): 13996.89
	Percent of CPU this job got: 4844%
	Elapsed (wall clock) time (h:mm:ss or m:ss): 8:14.70
	Average shared text size (kbytes): 0
	Average unshared data size (kbytes): 0
	Average stack size (kbytes): 0
	Average total size (kbytes): 0
	Maximum resident set size (kbytes): 44585676
	Average resident set size (kbytes): 0
	Major (requiring I/O) page faults: 0
	Minor (reclaiming a frame) page faults: 11123708
	Voluntary context switches: 2864793
	Involuntary context switches: 207900
	Swaps: 0
	File system inputs: 18408
	File system outputs: 0
	Socket messages sent: 0
	Socket messages received: 0
	Signals delivered: 0
	Page size (bytes): 4096
	Exit status: 0
