Graph diameter

GRAPHLAB_SUBNET_ID/GRAPHLAB_SUBNET_MASK environment variables not defined.
Using default values
Subnet ID: 0.0.0.0
Subnet Mask: 0.0.0.0
Will find first IPv4 non-loopback address matching the subnet
[1;32mINFO:     dc.cpp(init:573): Cluster of 1 instances created.
[0m[1;32mINFO:     distributed_graph.hpp(set_ingress_method:3201): Automatically determine ingress method: grid
[0mLoading graph in format: snap
[1;32mINFO:     distributed_graph.hpp(load_from_posixfs:2190): Loading graph from file: /home/cpennycu/gdata/sf/sf-0-100000-2.9.snap.1_of_4
[0m[1;32mINFO:     distributed_graph.hpp(load_from_posixfs:2190): Loading graph from file: /home/cpennycu/gdata/sf/sf-0-100000-2.9.snap.3_of_4
[0m[1;32mINFO:     distributed_graph.hpp(load_from_posixfs:2190): Loading graph from file: /home/cpennycu/gdata/sf/sf-0-100000-2.9.snap.2_of_4
[0m[1;32mINFO:     distributed_graph.hpp(load_from_posixfs:2190): Loading graph from file: /home/cpennycu/gdata/sf/sf-0-100000-2.9.snap.4_of_4
[0m[1;32mINFO:     distributed_ingress_base.hpp(finalize:199): Finalizing Graph...
[0m[1;32mINFO:     distributed_ingress_base.hpp(exchange_global_info:546): Graph info: 
	 nverts: 100000
	 nedges: 142126
	 nreplicas: 100000
	 replication factor: 1
[0m[1;32mINFO:     distributed_ingress_base.hpp(finalize:199): Finalizing Graph...
[0m[1;32mMax ID: 99999
Array size: 100000
Beginning batch 1 of 1
INFO:     synchronous_engine.hpp(start:1300): Iteration counter will only output every 5 seconds.
[0m[1;32mINFO:     synchronous_engine.hpp(start:1315): 0: Starting iteration: 0
[0mExchange messages...
EXCHANGE: 0.00929
Receive messages...
[1;32mINFO:     synchronous_engine.hpp(start:1364): 	Active vertices: 100000
[0mRECEIVE: 0.014697
Gathering...
GATHER: 0.020344
Applying...
APPLY: 0.031971
Scattering...
[1;32mINFO:     synchronous_engine.hpp(start:1414): 	 Running Aggregators
[0mSCATTER: 0.009964
[1;32mINFO:     synchronous_engine.hpp(start:1315): 0: Starting iteration: 1
[0mExchange messages...
EXCHANGE: 0.009169
Receive messages...
[1;32mINFO:     synchronous_engine.hpp(start:1364): 	Active vertices: 100000
[0mRECEIVE: 0.013902
Gathering...
GATHER: 0.044507
Applying...
APPLY: 0.028046
Scattering...
[1;32mINFO:     synchronous_engine.hpp(start:1414): 	 Running Aggregators
[0mSCATTER: 0.008803
[1;32mINFO:     synchronous_engine.hpp(start:1315): 0: Starting iteration: 2
[0mExchange messages...
EXCHANGE: 0.009996
Receive messages...
[1;32mINFO:     synchronous_engine.hpp(start:1364): 	Active vertices: 100000
[0mRECEIVE: 0.013143
Gathering...
GATHER: 0.178575
Applying...
APPLY: 0.034017
Scattering...
[1;32mINFO:     synchronous_engine.hpp(start:1414): 	 Running Aggregators
[0mSCATTER: 0.005253
[1;32mINFO:     synchronous_engine.hpp(start:1315): 0: Starting iteration: 3
[0mExchange messages...
EXCHANGE: 0.011189
Receive messages...
[1;32mINFO:     synchronous_engine.hpp(start:1364): 	Active vertices: 100000
[0mRECEIVE: 0.012807
Gathering...
GATHER: 0.46482
Applying...
APPLY: 0.055729
Scattering...
[1;32mINFO:     synchronous_engine.hpp(start:1414): 	 Running Aggregators
[0mSCATTER: 0.005218
[1;32mINFO:     synchronous_engine.hpp(start:1315): 0: Starting iteration: 4
[0mExchange messages...
EXCHANGE: 0.011765
Receive messages...
[1;32mINFO:     synchronous_engine.hpp(start:1364): 	Active vertices: 100000
[0mRECEIVE: 0.011661
Gathering...
GATHER: 1.14008
Applying...
APPLY: 0.251054
Scattering...
[1;32mINFO:     synchronous_engine.hpp(start:1414): 	 Running Aggregators
[0mSCATTER: 0.005006
[1;32mINFO:     synchronous_engine.hpp(start:1315): 0: Starting iteration: 5
[0mExchange messages...
EXCHANGE: 0.011268
Receive messages...
[1;32mINFO:     synchronous_engine.hpp(start:1364): 	Active vertices: 100000
[0mRECEIVE: 0.012312
Gathering...
GATHER: 2.7158
Applying...
APPLY: 0.598068
Scattering...
[1;32mINFO:     synchronous_engine.hpp(start:1414): 	 Running Aggregators
[0mSCATTER: 0.005059
[1;32mINFO:     synchronous_engine.hpp(start:1315): 0: Starting iteration: 6
[0mExchange messages...
EXCHANGE: 0.011173
Receive messages...
[1;32mINFO:     synchronous_engine.hpp(start:1364): 	Active vertices: 100000
[0mRECEIVE: 0.012506
Gathering...
GATHER: 6.17128
Applying...
APPLY: 1.48574
Scattering...
[1;32mINFO:     synchronous_engine.hpp(start:1414): 	 Running Aggregators
[0mSCATTER: 0.005229
[1;32mINFO:     synchronous_engine.hpp(start:1315): 0: Starting iteration: 7
[0mExchange messages...
EXCHANGE: 0.011467
Receive messages...
[1;32mINFO:     synchronous_engine.hpp(start:1364): 	Active vertices: 100000
[0mRECEIVE: 0.012904
Gathering...
GATHER: 13.3082
Applying...
APPLY: 2.51533
Scattering...
[1;32mINFO:     synchronous_engine.hpp(start:1414): 	 Running Aggregators
[0mSCATTER: 0.005015
[1;32mINFO:     synchronous_engine.hpp(start:1315): 0: Starting iteration: 8
[0mExchange messages...
EXCHANGE: 0.010268
Receive messages...
[1;32mINFO:     synchronous_engine.hpp(start:1364): 	Active vertices: 100000
[0mRECEIVE: 0.012636
Gathering...
GATHER: 25.0186
Applying...
APPLY: 5.40338
Scattering...
[1;32mINFO:     synchronous_engine.hpp(start:1414): 	 Running Aggregators
[0mSCATTER: 0.005447
[1;32mINFO:     synchronous_engine.hpp(start:1315): 0: Starting iteration: 9
[0mExchange messages...
EXCHANGE: 0.016372
Receive messages...
[1;32mINFO:     synchronous_engine.hpp(start:1364): 	Active vertices: 100000
[0mRECEIVE: 0.014787
Gathering...
GATHER: 36.8843
Applying...
APPLY: 9.03008
Scattering...
[1;32mINFO:     synchronous_engine.hpp(start:1414): 	 Running Aggregators
[0mSCATTER: 0.0053
[1;32mINFO:     synchronous_engine.hpp(start:1315): 0: Starting iteration: 10
[0mExchange messages...
EXCHANGE: 0.011069
Receive messages...
[1;32mINFO:     synchronous_engine.hpp(start:1364): 	Active vertices: 100000
[0mRECEIVE: 0.012743
Gathering...
GATHER: 46.982
Applying...
APPLY: 15.5823
Scattering...
[1;32mINFO:     synchronous_engine.hpp(start:1414): 	 Running Aggregators
[0mSCATTER: 0.008513
[1;32mINFO:     synchronous_engine.hpp(start:1315): 0: Starting iteration: 11
[0mExchange messages...
EXCHANGE: 0.011309
Receive messages...
[1;32mINFO:     synchronous_engine.hpp(start:1364): 	Active vertices: 100000
[0mRECEIVE: 0.012802
Gathering...
GATHER: 55.0433
Applying...
APPLY: 23.1524
Scattering...
[1;32mINFO:     synchronous_engine.hpp(start:1414): 	 Running Aggregators
[0mSCATTER: 0.005232
[1;32mINFO:     synchronous_engine.hpp(start:1315): 0: Starting iteration: 12
[0mExchange messages...
EXCHANGE: 0.009849
Receive messages...
[1;32mINFO:     synchronous_engine.hpp(start:1364): 	Active vertices: 100000
[0mRECEIVE: 0.012161
Gathering...
GATHER: 59.6196
Applying...
APPLY: 31.1257
Scattering...
[1;32mINFO:     synchronous_engine.hpp(start:1414): 	 Running Aggregators
[0mSCATTER: 0.00493
[1;32mINFO:     synchronous_engine.hpp(start:1315): 0: Starting iteration: 13
[0mExchange messages...
EXCHANGE: 0.011205
Receive messages...
[1;32mINFO:     synchronous_engine.hpp(start:1364): 	Active vertices: 100000
[0mRECEIVE: 0.012544
Gathering...
GATHER: 71.6803
Applying...
APPLY: 38.2752
Scattering...
[1;32mINFO:     synchronous_engine.hpp(start:1414): 	 Running Aggregators
[0mSCATTER: 0.009661
[1;32mINFO:     synchronous_engine.hpp(start:1315): 0: Starting iteration: 14
[0mExchange messages...
EXCHANGE: 0.011191
Receive messages...
[1;32mINFO:     synchronous_engine.hpp(start:1364): 	Active vertices: 100000
[0mRECEIVE: 0.012564
Gathering...
GATHER: 76.3556
Applying...
APPLY: 46.8228
Scattering...
[1;32mINFO:     synchronous_engine.hpp(start:1414): 	 Running Aggregators
[0mSCATTER: 0.005965
[1;32mINFO:     synchronous_engine.hpp(start:1315): 0: Starting iteration: 15
[0mExchange messages...
EXCHANGE: 0.010581
Receive messages...
[1;32mINFO:     synchronous_engine.hpp(start:1364): 	Active vertices: 100000
[0mRECEIVE: 0.012596
Gathering...
GATHER: 80.9167
Applying...
APPLY: 56.3683
Scattering...
[1;32mINFO:     synchronous_engine.hpp(start:1414): 	 Running Aggregators
[0mSCATTER: 0.005864
[1;32mINFO:     synchronous_engine.hpp(start:1315): 0: Starting iteration: 16
[0mExchange messages...
EXCHANGE: 0.013082
Receive messages...
[1;32mINFO:     synchronous_engine.hpp(start:1364): 	Active vertices: 100000
[0mRECEIVE: 0.014358
Gathering...
GATHER: 73.4483
Applying...
APPLY: 76.1232
Scattering...
[1;32mINFO:     synchronous_engine.hpp(start:1414): 	 Running Aggregators
[0mSCATTER: 0.005599
[1;32mINFO:     synchronous_engine.hpp(start:1315): 0: Starting iteration: 17
[0mExchange messages...
EXCHANGE: 0.011758
Receive messages...
[1;32mINFO:     synchronous_engine.hpp(start:1364): 	Active vertices: 99999
[0mRECEIVE: 0.012475
Gathering...
GATHER: 49.8537
Applying...
APPLY: 47.7488
Scattering...
[1;32mINFO:     synchronous_engine.hpp(start:1414): 	 Running Aggregators
[0mSCATTER: 0.007027
[1;32mINFO:     synchronous_engine.hpp(start:1315): 0: Starting iteration: 18
[0mExchange messages...
EXCHANGE: 0.009054
Receive messages...
[1;32mINFO:     synchronous_engine.hpp(start:1364): 	Active vertices: 99828
[0mRECEIVE: 0.011845
Gathering...
GATHER: 24.6247
Applying...
APPLY: 27.9941
Scattering...
[1;32mINFO:     synchronous_engine.hpp(start:1414): 	 Running Aggregators
[0mSCATTER: 0.005742
[1;32mINFO:     synchronous_engine.hpp(start:1315): 0: Starting iteration: 19
[0mExchange messages...
EXCHANGE: 0.012649
Receive messages...
[1;32mINFO:     synchronous_engine.hpp(start:1364): 	Active vertices: 98360
[0mRECEIVE: 0.012451
Gathering...
GATHER: 7.27732
Applying...
APPLY: 15.0254
Scattering...
[1;32mINFO:     synchronous_engine.hpp(start:1414): 	 Running Aggregators
[0mSCATTER: 0.004454
[1;32mINFO:     synchronous_engine.hpp(start:1315): 0: Starting iteration: 20
[0mExchange messages...
EXCHANGE: 0.01124
Receive messages...
[1;32mINFO:     synchronous_engine.hpp(start:1364): 	Active vertices: 88113
[0mRECEIVE: 0.011289
Gathering...
GATHER: 1.62512
Applying...
APPLY: 6.63738
Scattering...
[1;32mINFO:     synchronous_engine.hpp(start:1414): 	 Running Aggregators
[0mSCATTER: 0.004349
[1;32mINFO:     synchronous_engine.hpp(start:1315): 0: Starting iteration: 21
[0mExchange messages...
EXCHANGE: 0.012062
Receive messages...
[1;32mINFO:     synchronous_engine.hpp(start:1364): 	Active vertices: 56586
[0mRECEIVE: 0.012537
Gathering...
GATHER: 0.344177
Applying...
APPLY: 1.81313
Scattering...
[1;32mINFO:     synchronous_engine.hpp(start:1414): 	 Running Aggregators
[0mSCATTER: 0.036276
[1;32mINFO:     synchronous_engine.hpp(start:1315): 0: Starting iteration: 22
[0mExchange messages...
EXCHANGE: 0.03966
Receive messages...
[1;32mINFO:     synchronous_engine.hpp(start:1364): 	Active vertices: 20549
[0mRECEIVE: 0.038779
Gathering...
GATHER: 0.061922
Applying...
APPLY: 0.361273
Scattering...
[1;32mINFO:     synchronous_engine.hpp(start:1414): 	 Running Aggregators
[0mSCATTER: 0.069198
[1;32mINFO:     synchronous_engine.hpp(start:1315): 0: Starting iteration: 23
[0mExchange messages...
EXCHANGE: 0.073133
Receive messages...
[1;32mINFO:     synchronous_engine.hpp(start:1364): 	Active vertices: 4225
[0mRECEIVE: 0.071204
Gathering...
GATHER: 0.07235
Applying...
APPLY: 0.128854
Scattering...
[1;32mINFO:     synchronous_engine.hpp(start:1414): 	 Running Aggregators
[0mSCATTER: 0.0651
[1;32mINFO:     synchronous_engine.hpp(start:1315): 0: Starting iteration: 24
[0mExchange messages...
EXCHANGE: 0.070682
Receive messages...
[1;32mINFO:     synchronous_engine.hpp(start:1364): 	Active vertices: 644
[0mRECEIVE: 0.070434
Gathering...
GATHER: 0.069999
Applying...
APPLY: 0.079453
Scattering...
[1;32mINFO:     synchronous_engine.hpp(start:1414): 	 Running Aggregators
[0mSCATTER: 0.066395
[1;32mINFO:     synchronous_engine.hpp(start:1315): 0: Starting iteration: 25
[0mExchange messages...
EXCHANGE: 0.07056
Receive messages...
[1;32mINFO:     synchronous_engine.hpp(start:1364): 	Active vertices: 62
[0mRECEIVE: 0.069929
Gathering...
GATHER: 0.070177
Applying...
APPLY: 0.073766
Scattering...
[1;32mINFO:     synchronous_engine.hpp(start:1414): 	 Running Aggregators
[0mSCATTER: 0.06514
[1;32mINFO:     synchronous_engine.hpp(start:1315): 0: Starting iteration: 26
[0mExchange messages...
EXCHANGE: 0.070091
Receive messages...
[1;32mINFO:     synchronous_engine.hpp(start:1364): 	Active vertices: 10
[0mRECEIVE: 0.070498
Gathering...
GATHER: 0.068699
Applying...
APPLY: 0.067816
Scattering...
[1;32mINFO:     synchronous_engine.hpp(start:1414): 	 Running Aggregators
[0mSCATTER: 0.063084
[1;32mINFO:     synchronous_engine.hpp(start:1315): 0: Starting iteration: 27
[0mExchange messages...
EXCHANGE: 0.069946
Receive messages...
[1;32mINFO:     synchronous_engine.hpp(start:1364): 	Active vertices: 0
[0m[1;32mINFO:     synchronous_engine.hpp(start:1427): 27 iterations completed.
[0mUpdates: 2168376
	Iteration time:	0:17:22.70
	Total spent:	0:17:22.70
	Projected Total Time:		0:17:22.70
	Projected Time Remaining:	0:00:00.00
TIME: 1042.7
CLOCKTIME: 56986.4
Diameter: 25
	Command being timed: "/home/cpennycu/graphlab/release/apps/diameter/diameter /home/cpennycu/gdata/sf/sf-0-100000-2.9.snap --format snap --directed 0"
	User time (seconds): 10490.98
	System time (seconds): 46512.86
	Percent of CPU this job got: 5421%
	Elapsed (wall clock) time (h:mm:ss or m:ss): 17:31.49
	Average shared text size (kbytes): 0
	Average unshared data size (kbytes): 0
	Average stack size (kbytes): 0
	Average total size (kbytes): 0
	Maximum resident set size (kbytes): 43770440
	Average resident set size (kbytes): 0
	Major (requiring I/O) page faults: 0
	Minor (reclaiming a frame) page faults: 10925374
	Voluntary context switches: 2451328
	Involuntary context switches: 481561
	Swaps: 0
	File system inputs: 3272
	File system outputs: 0
	Socket messages sent: 0
	Socket messages received: 0
	Signals delivered: 0
	Page size (bytes): 4096
	Exit status: 0
