Graph diameter

GRAPHLAB_SUBNET_ID/GRAPHLAB_SUBNET_MASK environment variables not defined.
Using default values
Subnet ID: 0.0.0.0
Subnet Mask: 0.0.0.0
Will find first IPv4 non-loopback address matching the subnet
[1;32mINFO:     dc.cpp(init:573): Cluster of 1 instances created.
[0m[1;32mINFO:     distributed_graph.hpp(set_ingress_method:3201): Automatically determine ingress method: grid
[0mLoading graph in format: snap
[1;32mINFO:     distributed_graph.hpp(load_from_posixfs:2190): Loading graph from file: /home/cpennycu/gdata/sf/sf-1-100000-2.5.snap.2_of_4
[0m[1;32mINFO:     distributed_graph.hpp(load_from_posixfs:2190): Loading graph from file: /home/cpennycu/gdata/sf/sf-1-100000-2.5.snap.1_of_4
[0m[1;32mINFO:     distributed_graph.hpp(load_from_posixfs:2190): Loading graph from file: /home/cpennycu/gdata/sf/sf-1-100000-2.5.snap.3_of_4
[0m[1;32mINFO:     distributed_graph.hpp(load_from_posixfs:2190): Loading graph from file: /home/cpennycu/gdata/sf/sf-1-100000-2.5.snap.4_of_4
[0m[1;32mINFO:     distributed_ingress_base.hpp(finalize:199): Finalizing Graph...
[0m[1;32mINFO:     distributed_ingress_base.hpp(exchange_global_info:546): Graph info: 
	 nverts: 100000
	 nedges: 187963
	 nreplicas: 100000
	 replication factor: 1
[0m[1;32mINFO:     distributed_ingress_base.hpp(finalize:199): Finalizing Graph...
[0m[1;32mMax ID: 99999
Array size: 100000
Beginning batch 1 of 1
INFO:     synchronous_engine.hpp(start:1300): Iteration counter will only output every 5 seconds.
[0m[1;32mINFO:     synchronous_engine.hpp(start:1315): 0: Starting iteration: 0
[0mExchange messages...
EXCHANGE: 0.008106
Receive messages...
[1;32mINFO:     synchronous_engine.hpp(start:1364): 	Active vertices: 100000
[0mRECEIVE: 0.013618
Gathering...
GATHER: 0.022666
Applying...
APPLY: 0.024775
Scattering...
[1;32mINFO:     synchronous_engine.hpp(start:1414): 	 Running Aggregators
[0mSCATTER: 0.00933
[1;32mINFO:     synchronous_engine.hpp(start:1315): 0: Starting iteration: 1
[0mExchange messages...
EXCHANGE: 0.009983
Receive messages...
[1;32mINFO:     synchronous_engine.hpp(start:1364): 	Active vertices: 100000
[0mRECEIVE: 0.013094
Gathering...
GATHER: 0.062355
Applying...
APPLY: 0.025538
Scattering...
[1;32mINFO:     synchronous_engine.hpp(start:1414): 	 Running Aggregators
[0mSCATTER: 0.006843
[1;32mINFO:     synchronous_engine.hpp(start:1315): 0: Starting iteration: 2
[0mExchange messages...
EXCHANGE: 0.010915
Receive messages...
[1;32mINFO:     synchronous_engine.hpp(start:1364): 	Active vertices: 100000
[0mRECEIVE: 0.011697
Gathering...
GATHER: 0.869468
Applying...
APPLY: 0.055451
Scattering...
[1;32mINFO:     synchronous_engine.hpp(start:1414): 	 Running Aggregators
[0mSCATTER: 0.005808
[1;32mINFO:     synchronous_engine.hpp(start:1315): 0: Starting iteration: 3
[0mExchange messages...
EXCHANGE: 0.011389
Receive messages...
[1;32mINFO:     synchronous_engine.hpp(start:1364): 	Active vertices: 100000
[0mRECEIVE: 0.012488
Gathering...
GATHER: 2.71802
Applying...
APPLY: 0.178888
Scattering...
[1;32mINFO:     synchronous_engine.hpp(start:1414): 	 Running Aggregators
[0mSCATTER: 0.005955
[1;32mINFO:     synchronous_engine.hpp(start:1315): 0: Starting iteration: 4
[0mExchange messages...
EXCHANGE: 0.011217
Receive messages...
[1;32mINFO:     synchronous_engine.hpp(start:1364): 	Active vertices: 100000
[0mRECEIVE: 0.012655
Gathering...
GATHER: 8.71219
Applying...
APPLY: 0.866951
Scattering...
[1;32mINFO:     synchronous_engine.hpp(start:1414): 	 Running Aggregators
[0mSCATTER: 0.005327
[1;32mINFO:     synchronous_engine.hpp(start:1315): 0: Starting iteration: 5
[0mExchange messages...
EXCHANGE: 0.011336
Receive messages...
[1;32mINFO:     synchronous_engine.hpp(start:1364): 	Active vertices: 100000
[0mRECEIVE: 0.012481
Gathering...
GATHER: 24.2667
Applying...
APPLY: 2.87813
Scattering...
[1;32mINFO:     synchronous_engine.hpp(start:1414): 	 Running Aggregators
[0mSCATTER: 0.005627
[1;32mINFO:     synchronous_engine.hpp(start:1315): 0: Starting iteration: 6
[0mExchange messages...
EXCHANGE: 0.01132
Receive messages...
[1;32mINFO:     synchronous_engine.hpp(start:1364): 	Active vertices: 100000
[0mRECEIVE: 0.014062
Gathering...
GATHER: 43.8815
Applying...
APPLY: 7.65714
Scattering...
[1;32mINFO:     synchronous_engine.hpp(start:1414): 	 Running Aggregators
[0mSCATTER: 0.006541
[1;32mINFO:     synchronous_engine.hpp(start:1315): 0: Starting iteration: 7
[0mExchange messages...
EXCHANGE: 0.011129
Receive messages...
[1;32mINFO:     synchronous_engine.hpp(start:1364): 	Active vertices: 100000
[0mRECEIVE: 0.013102
Gathering...
GATHER: 50.5117
Applying...
APPLY: 17.6621
Scattering...
[1;32mINFO:     synchronous_engine.hpp(start:1414): 	 Running Aggregators
[0mSCATTER: 0.005616
[1;32mINFO:     synchronous_engine.hpp(start:1315): 0: Starting iteration: 8
[0mExchange messages...
EXCHANGE: 0.011562
Receive messages...
[1;32mINFO:     synchronous_engine.hpp(start:1364): 	Active vertices: 100000
[0mRECEIVE: 0.01277
Gathering...
GATHER: 54.1201
Applying...
APPLY: 29.4512
Scattering...
[1;32mINFO:     synchronous_engine.hpp(start:1414): 	 Running Aggregators
[0mSCATTER: 0.008503
[1;32mINFO:     synchronous_engine.hpp(start:1315): 0: Starting iteration: 9
[0mExchange messages...
EXCHANGE: 0.009435
Receive messages...
[1;32mINFO:     synchronous_engine.hpp(start:1364): 	Active vertices: 100000
[0mRECEIVE: 0.014129
Gathering...
GATHER: 63.2908
Applying...
APPLY: 38.6451
Scattering...
[1;32mINFO:     synchronous_engine.hpp(start:1414): 	 Running Aggregators
[0mSCATTER: 0.008786
[1;32mINFO:     synchronous_engine.hpp(start:1315): 0: Starting iteration: 10
[0mExchange messages...
EXCHANGE: 0.011396
Receive messages...
[1;32mINFO:     synchronous_engine.hpp(start:1364): 	Active vertices: 100000
[0mRECEIVE: 0.012468
Gathering...
GATHER: 72.148
Applying...
APPLY: 52.8244
Scattering...
[1;32mINFO:     synchronous_engine.hpp(start:1414): 	 Running Aggregators
[0mSCATTER: 0.006853
[1;32mINFO:     synchronous_engine.hpp(start:1315): 0: Starting iteration: 11
[0mExchange messages...
EXCHANGE: 0.012392
Receive messages...
[1;32mINFO:     synchronous_engine.hpp(start:1364): 	Active vertices: 100000
[0mRECEIVE: 0.012999
Gathering...
GATHER: 65.3814
Applying...
APPLY: 58.8142
Scattering...
[1;32mINFO:     synchronous_engine.hpp(start:1414): 	 Running Aggregators
[0mSCATTER: 0.007803
[1;32mINFO:     synchronous_engine.hpp(start:1315): 0: Starting iteration: 12
[0mExchange messages...
EXCHANGE: 0.008057
Receive messages...
[1;32mINFO:     synchronous_engine.hpp(start:1364): 	Active vertices: 99654
[0mRECEIVE: 0.013712
Gathering...
GATHER: 22.2486
Applying...
APPLY: 32.9254
Scattering...
[1;32mINFO:     synchronous_engine.hpp(start:1414): 	 Running Aggregators
[0mSCATTER: 0.004238
[1;32mINFO:     synchronous_engine.hpp(start:1315): 0: Starting iteration: 13
[0mExchange messages...
EXCHANGE: 0.010977
Receive messages...
[1;32mINFO:     synchronous_engine.hpp(start:1364): 	Active vertices: 81788
[0mRECEIVE: 0.011934
Gathering...
GATHER: 1.08119
Applying...
APPLY: 13.0277
Scattering...
[1;32mINFO:     synchronous_engine.hpp(start:1414): 	 Running Aggregators
[0mSCATTER: 0.00594
[1;32mINFO:     synchronous_engine.hpp(start:1315): 0: Starting iteration: 14
[0mExchange messages...
EXCHANGE: 0.011819
Receive messages...
[1;32mINFO:     synchronous_engine.hpp(start:1364): 	Active vertices: 15757
[0mRECEIVE: 0.012169
Gathering...
GATHER: 0.034269
Applying...
APPLY: 0.780278
Scattering...
[1;32mINFO:     synchronous_engine.hpp(start:1414): 	 Running Aggregators
[0mSCATTER: 0.01386
[1;32mINFO:     synchronous_engine.hpp(start:1315): 0: Starting iteration: 15
[0mExchange messages...
EXCHANGE: 0.01854
Receive messages...
[1;32mINFO:     synchronous_engine.hpp(start:1364): 	Active vertices: 203
[0mRECEIVE: 0.018543
Gathering...
GATHER: 0.019771
Applying...
APPLY: 0.031453
Scattering...
[1;32mINFO:     synchronous_engine.hpp(start:1414): 	 Running Aggregators
[0mSCATTER: 0.012983
[1;32mINFO:     synchronous_engine.hpp(start:1315): 0: Starting iteration: 16
[0mExchange messages...
EXCHANGE: 0.019992
Receive messages...
[1;32mINFO:     synchronous_engine.hpp(start:1364): 	Active vertices: 0
[0m[1;32mINFO:     synchronous_engine.hpp(start:1427): 16 iterations completed.
[0mUpdates: 1397402
	Iteration time:	0:11:05.79
	Total spent:	0:11:05.79
	Projected Total Time:		0:11:05.79
	Projected Time Remaining:	0:00:00.00
TIME: 665.793
CLOCKTIME: 36364.3
Diameter: 14
	Command being timed: "/home/cpennycu/graphlab/release/apps/diameter/diameter /home/cpennycu/gdata/sf/sf-1-100000-2.5.snap --format snap --directed 0"
	User time (seconds): 8043.28
	System time (seconds): 28340.53
	Percent of CPU this job got: 5387%
	Elapsed (wall clock) time (h:mm:ss or m:ss): 11:15.36
	Average shared text size (kbytes): 0
	Average unshared data size (kbytes): 0
	Average stack size (kbytes): 0
	Average total size (kbytes): 0
	Maximum resident set size (kbytes): 43803448
	Average resident set size (kbytes): 0
	Major (requiring I/O) page faults: 0
	Minor (reclaiming a frame) page faults: 10932840
	Voluntary context switches: 1974570
	Involuntary context switches: 302555
	Swaps: 0
	File system inputs: 4344
	File system outputs: 0
	Socket messages sent: 0
	Socket messages received: 0
	Signals delivered: 0
	Page size (bytes): 4096
	Exit status: 0
