Graph diameter

GRAPHLAB_SUBNET_ID/GRAPHLAB_SUBNET_MASK environment variables not defined.
Using default values
Subnet ID: 0.0.0.0
Subnet Mask: 0.0.0.0
Will find first IPv4 non-loopback address matching the subnet
[1;32mINFO:     dc.cpp(init:573): Cluster of 1 instances created.
[0m[1;32mINFO:     distributed_graph.hpp(set_ingress_method:3201): Automatically determine ingress method: grid
[0mLoading graph in format: snap
[1;32mINFO:     distributed_graph.hpp(load_from_posixfs:2190): Loading graph from file: /home/cpennycu/gdata/sf/sf-1-10000-3.0.snap.1_of_4
[0m[1;32mINFO:     distributed_graph.hpp(load_from_posixfs:2190): Loading graph from file: /home/cpennycu/gdata/sf/sf-1-10000-3.0.snap.3_of_4
[0m[1;32mINFO:     distributed_graph.hpp(load_from_posixfs:2190): Loading graph from file: /home/cpennycu/gdata/sf/sf-1-10000-3.0.snap.2_of_4
[0m[1;32mINFO:     distributed_graph.hpp(load_from_posixfs:2190): Loading graph from file: /home/cpennycu/gdata/sf/sf-1-10000-3.0.snap.4_of_4
[0m[1;32mINFO:     distributed_ingress_base.hpp(finalize:199): Finalizing Graph...
[0m[1;32mINFO:     distributed_ingress_base.hpp(exchange_global_info:546): Graph info: 
	 nverts: 10000
	 nedges: 13607
	 nreplicas: 10000
	 replication factor: 1
[0m[1;32mINFO:     distributed_ingress_base.hpp(finalize:199): Finalizing Graph...
[0m[1;32mMax ID: 9999
Array size: 10000
Beginning batch 1 of 1
INFO:     synchronous_engine.hpp(start:1300): Iteration counter will only output every 5 seconds.
[0m[1;32mINFO:     synchronous_engine.hpp(start:1315): 0: Starting iteration: 0
[0mExchange messages...
EXCHANGE: 0.005901
Receive messages...
[1;32mINFO:     synchronous_engine.hpp(start:1364): 	Active vertices: 10000
[0mRECEIVE: 0.005529
Gathering...
GATHER: 0.013588
Applying...
APPLY: 0.010469
Scattering...
[1;32mINFO:     synchronous_engine.hpp(start:1414): 	 Running Aggregators
[0mSCATTER: 0.004666
[1;32mINFO:     synchronous_engine.hpp(start:1315): 0: Starting iteration: 1
[0mExchange messages...
EXCHANGE: 0.009259
Receive messages...
[1;32mINFO:     synchronous_engine.hpp(start:1364): 	Active vertices: 10000
[0mRECEIVE: 0.009913
Gathering...
GATHER: 0.013524
Applying...
APPLY: 0.011384
Scattering...
[1;32mINFO:     synchronous_engine.hpp(start:1414): 	 Running Aggregators
[0mSCATTER: 0.003959
[1;32mINFO:     synchronous_engine.hpp(start:1315): 0: Starting iteration: 2
[0mExchange messages...
EXCHANGE: 0.009343
Receive messages...
[1;32mINFO:     synchronous_engine.hpp(start:1364): 	Active vertices: 10000
[0mRECEIVE: 0.011024
Gathering...
GATHER: 0.023706
Applying...
APPLY: 0.011186
Scattering...
[1;32mINFO:     synchronous_engine.hpp(start:1414): 	 Running Aggregators
[0mSCATTER: 0.002237
[1;32mINFO:     synchronous_engine.hpp(start:1315): 0: Starting iteration: 3
[0mExchange messages...
EXCHANGE: 0.009068
Receive messages...
[1;32mINFO:     synchronous_engine.hpp(start:1364): 	Active vertices: 10000
[0mRECEIVE: 0.010411
Gathering...
GATHER: 0.045828
Applying...
APPLY: 0.015336
Scattering...
[1;32mINFO:     synchronous_engine.hpp(start:1414): 	 Running Aggregators
[0mSCATTER: 0.002159
[1;32mINFO:     synchronous_engine.hpp(start:1315): 0: Starting iteration: 4
[0mExchange messages...
EXCHANGE: 0.011149
Receive messages...
[1;32mINFO:     synchronous_engine.hpp(start:1364): 	Active vertices: 10000
[0mRECEIVE: 0.01094
Gathering...
GATHER: 0.103801
Applying...
APPLY: 0.020222
Scattering...
[1;32mINFO:     synchronous_engine.hpp(start:1414): 	 Running Aggregators
[0mSCATTER: 0.002598
[1;32mINFO:     synchronous_engine.hpp(start:1315): 0: Starting iteration: 5
[0mExchange messages...
EXCHANGE: 0.010644
Receive messages...
[1;32mINFO:     synchronous_engine.hpp(start:1364): 	Active vertices: 10000
[0mRECEIVE: 0.009818
Gathering...
GATHER: 0.171807
Applying...
APPLY: 0.031179
Scattering...
[1;32mINFO:     synchronous_engine.hpp(start:1414): 	 Running Aggregators
[0mSCATTER: 0.001836
[1;32mINFO:     synchronous_engine.hpp(start:1315): 0: Starting iteration: 6
[0mExchange messages...
EXCHANGE: 0.011615
Receive messages...
[1;32mINFO:     synchronous_engine.hpp(start:1364): 	Active vertices: 10000
[0mRECEIVE: 0.01037
Gathering...
GATHER: 0.313592
Applying...
APPLY: 0.058372
Scattering...
[1;32mINFO:     synchronous_engine.hpp(start:1414): 	 Running Aggregators
[0mSCATTER: 0.002052
[1;32mINFO:     synchronous_engine.hpp(start:1315): 0: Starting iteration: 7
[0mExchange messages...
EXCHANGE: 0.011396
Receive messages...
[1;32mINFO:     synchronous_engine.hpp(start:1364): 	Active vertices: 10000
[0mRECEIVE: 0.01121
Gathering...
GATHER: 0.374749
Applying...
APPLY: 0.109701
Scattering...
[1;32mINFO:     synchronous_engine.hpp(start:1414): 	 Running Aggregators
[0mSCATTER: 0.002309
[1;32mINFO:     synchronous_engine.hpp(start:1315): 0: Starting iteration: 8
[0mExchange messages...
EXCHANGE: 0.011679
Receive messages...
[1;32mINFO:     synchronous_engine.hpp(start:1364): 	Active vertices: 10000
[0mRECEIVE: 0.01059
Gathering...
GATHER: 0.627689
Applying...
APPLY: 0.194564
Scattering...
[1;32mINFO:     synchronous_engine.hpp(start:1414): 	 Running Aggregators
[0mSCATTER: 0.002116
[1;32mINFO:     synchronous_engine.hpp(start:1315): 0: Starting iteration: 9
[0mExchange messages...
EXCHANGE: 0.011426
Receive messages...
[1;32mINFO:     synchronous_engine.hpp(start:1364): 	Active vertices: 10000
[0mRECEIVE: 0.011183
Gathering...
GATHER: 0.592731
Applying...
APPLY: 0.267278
Scattering...
[1;32mINFO:     synchronous_engine.hpp(start:1414): 	 Running Aggregators
[0mSCATTER: 0.002087
[1;32mINFO:     synchronous_engine.hpp(start:1315): 0: Starting iteration: 10
[0mExchange messages...
EXCHANGE: 0.008983
Receive messages...
[1;32mINFO:     synchronous_engine.hpp(start:1364): 	Active vertices: 10000
[0mRECEIVE: 0.011313
Gathering...
GATHER: 0.664629
Applying...
APPLY: 0.361161
Scattering...
[1;32mINFO:     synchronous_engine.hpp(start:1414): 	 Running Aggregators
[0mSCATTER: 0.002212
[1;32mINFO:     synchronous_engine.hpp(start:1315): 0: Starting iteration: 11
[0mExchange messages...
EXCHANGE: 0.011935
Receive messages...
[1;32mINFO:     synchronous_engine.hpp(start:1364): 	Active vertices: 10000
[0mRECEIVE: 0.010698
Gathering...
GATHER: 1.06948
Applying...
APPLY: 0.48501
Scattering...
[1;32mINFO:     synchronous_engine.hpp(start:1414): 	 Running Aggregators
[0mSCATTER: 0.00273
[1;32mINFO:     synchronous_engine.hpp(start:1315): 0: Starting iteration: 12
[0mExchange messages...
EXCHANGE: 0.011697
Receive messages...
[1;32mINFO:     synchronous_engine.hpp(start:1364): 	Active vertices: 10000
[0mRECEIVE: 0.010436
Gathering...
GATHER: 1.04269
Applying...
APPLY: 0.579046
Scattering...
[1;32mINFO:     synchronous_engine.hpp(start:1414): 	 Running Aggregators
[0mSCATTER: 0.002995
[1;32mINFO:     synchronous_engine.hpp(start:1315): 0: Starting iteration: 13
[0mExchange messages...
EXCHANGE: 0.01162
Receive messages...
[1;32mINFO:     synchronous_engine.hpp(start:1364): 	Active vertices: 10000
[0mRECEIVE: 0.011603
Gathering...
GATHER: 0.925812
Applying...
APPLY: 0.564904
Scattering...
[1;32mINFO:     synchronous_engine.hpp(start:1414): 	 Running Aggregators
[0mSCATTER: 0.002316
[1;32mINFO:     synchronous_engine.hpp(start:1315): 0: Starting iteration: 14
[0mExchange messages...
EXCHANGE: 0.011704
Receive messages...
[1;32mINFO:     synchronous_engine.hpp(start:1364): 	Active vertices: 10000
[0mRECEIVE: 0.011811
Gathering...
GATHER: 0.78352
Applying...
APPLY: 0.632657
Scattering...
[1;32mINFO:     synchronous_engine.hpp(start:1414): 	 Running Aggregators
[0mSCATTER: 0.002699
[1;32mINFO:     synchronous_engine.hpp(start:1315): 0: Starting iteration: 15
[0mExchange messages...
EXCHANGE: 0.011685
Receive messages...
[1;32mINFO:     synchronous_engine.hpp(start:1364): 	Active vertices: 9975
[0mRECEIVE: 0.011036
Gathering...
GATHER: 0.617547
Applying...
APPLY: 0.590581
Scattering...
[1;32mINFO:     synchronous_engine.hpp(start:1414): 	 Running Aggregators
[0mSCATTER: 0.002519
[1;32mINFO:     synchronous_engine.hpp(start:1315): 0: Starting iteration: 16
[0mExchange messages...
EXCHANGE: 0.011131
Receive messages...
[1;32mINFO:     synchronous_engine.hpp(start:1364): 	Active vertices: 9654
[0mRECEIVE: 0.011863
Gathering...
GATHER: 0.374537
Applying...
APPLY: 0.427961
Scattering...
[1;32mINFO:     synchronous_engine.hpp(start:1414): 	 Running Aggregators
[0mSCATTER: 0.003422
[1;32mINFO:     synchronous_engine.hpp(start:1315): 0: Starting iteration: 17
[0mExchange messages...
EXCHANGE: 0.013112
Receive messages...
[1;32mINFO:     synchronous_engine.hpp(start:1364): 	Active vertices: 8489
[0mRECEIVE: 0.013407
Gathering...
GATHER: 0.163901
Applying...
APPLY: 0.213224
Scattering...
[1;32mINFO:     synchronous_engine.hpp(start:1414): 	 Running Aggregators
[0mSCATTER: 0.004117
[1;32mINFO:     synchronous_engine.hpp(start:1315): 0: Starting iteration: 18
[0mExchange messages...
EXCHANGE: 0.010915
Receive messages...
[1;32mINFO:     synchronous_engine.hpp(start:1364): 	Active vertices: 5585
[0mRECEIVE: 0.011831
Gathering...
GATHER: 0.015821
Applying...
APPLY: 0.110864
Scattering...
[1;32mINFO:     synchronous_engine.hpp(start:1414): 	 Running Aggregators
[0mSCATTER: 0.003082
[1;32mINFO:     synchronous_engine.hpp(start:1315): 0: Starting iteration: 19
[0mExchange messages...
EXCHANGE: 0.012269
Receive messages...
[1;32mINFO:     synchronous_engine.hpp(start:1364): 	Active vertices: 2388
[0mRECEIVE: 0.011793
Gathering...
GATHER: 0.0123
Applying...
APPLY: 0.04026
Scattering...
[1;32mINFO:     synchronous_engine.hpp(start:1414): 	 Running Aggregators
[0mSCATTER: 0.00329
[1;32mINFO:     synchronous_engine.hpp(start:1315): 0: Starting iteration: 20
[0mExchange messages...
EXCHANGE: 0.011503
Receive messages...
[1;32mINFO:     synchronous_engine.hpp(start:1364): 	Active vertices: 648
[0mRECEIVE: 0.01128
Gathering...
GATHER: 0.010244
Applying...
APPLY: 0.017874
Scattering...
[1;32mINFO:     synchronous_engine.hpp(start:1414): 	 Running Aggregators
[0mSCATTER: 0.003369
[1;32mINFO:     synchronous_engine.hpp(start:1315): 0: Starting iteration: 21
[0mExchange messages...
EXCHANGE: 0.01152
Receive messages...
[1;32mINFO:     synchronous_engine.hpp(start:1364): 	Active vertices: 131
[0mRECEIVE: 0.011593
Gathering...
GATHER: 0.01125
Applying...
APPLY: 0.011681
Scattering...
[1;32mINFO:     synchronous_engine.hpp(start:1414): 	 Running Aggregators
[0mSCATTER: 0.002068
[1;32mINFO:     synchronous_engine.hpp(start:1315): 0: Starting iteration: 22
[0mExchange messages...
EXCHANGE: 0.01112
Receive messages...
[1;32mINFO:     synchronous_engine.hpp(start:1364): 	Active vertices: 12
[0mRECEIVE: 0.011247
Gathering...
GATHER: 0.011171
Applying...
APPLY: 0.011369
Scattering...
[1;32mINFO:     synchronous_engine.hpp(start:1414): 	 Running Aggregators
[0mSCATTER: 0.003231
[1;32mINFO:     synchronous_engine.hpp(start:1315): 0: Starting iteration: 23
[0mExchange messages...
EXCHANGE: 0.01041
Receive messages...
[1;32mINFO:     synchronous_engine.hpp(start:1364): 	Active vertices: 0
[0m[1;32mINFO:     synchronous_engine.hpp(start:1427): 23 iterations completed.
[0mUpdates: 186882
	Iteration time:	0:00:13.35
	Total spent:	0:00:13.35
	Projected Total Time:		0:00:13.35
	Projected Time Remaining:	0:00:00.00
TIME: 13.3549
CLOCKTIME: 630.731
Diameter: 21
	Command being timed: "/home/cpennycu/graphlab/release/apps/diameter/diameter /home/cpennycu/gdata/sf/sf-1-10000-3.0.snap --format snap --directed 0"
	User time (seconds): 116.92
	System time (seconds): 524.87
	Percent of CPU this job got: 4484%
	Elapsed (wall clock) time (h:mm:ss or m:ss): 0:14.31
	Average shared text size (kbytes): 0
	Average unshared data size (kbytes): 0
	Average stack size (kbytes): 0
	Average total size (kbytes): 0
	Maximum resident set size (kbytes): 461340
	Average resident set size (kbytes): 0
	Major (requiring I/O) page faults: 0
	Minor (reclaiming a frame) page faults: 116348
	Voluntary context switches: 67548
	Involuntary context switches: 6775
	Swaps: 0
	File system inputs: 280
	File system outputs: 0
	Socket messages sent: 0
	Socket messages received: 0
	Signals delivered: 0
	Page size (bytes): 4096
	Exit status: 0
