Graph diameter

GRAPHLAB_SUBNET_ID/GRAPHLAB_SUBNET_MASK environment variables not defined.
Using default values
Subnet ID: 0.0.0.0
Subnet Mask: 0.0.0.0
Will find first IPv4 non-loopback address matching the subnet
[1;32mINFO:     dc.cpp(init:573): Cluster of 1 instances created.
[0m[1;32mINFO:     distributed_graph.hpp(set_ingress_method:3201): Automatically determine ingress method: grid
[0mLoading graph in format: snap
[1;32mINFO:     distributed_graph.hpp(load_from_posixfs:2190): Loading graph from file: /home/cpennycu/gdata/sf/sf-1-10000-2.9.snap.4_of_4
[1;32mINFO:     distributed_graph.hpp(load_from_posixfs:2190): Loading graph from file: /home/cpennycu/gdata/sf/sf-1-10000-2.9.snap.2_of_4
[0m[1;32mINFO:     distributed_graph.hpp(load_from_posixfs:2190): Loading graph from file: /home/cpennycu/gdata/sf/sf-1-10000-2.9.snap.1_of_4
[0m[0m[1;32mINFO:     distributed_graph.hpp(load_from_posixfs:2190): Loading graph from file: /home/cpennycu/gdata/sf/sf-1-10000-2.9.snap.3_of_4
[0m[1;32mINFO:     distributed_ingress_base.hpp(finalize:199): Finalizing Graph...
[0m[1;32mINFO:     distributed_ingress_base.hpp(exchange_global_info:546): Graph info: 
	 nverts: 10000
	 nedges: 14143
	 nreplicas: 10000
	 replication factor: 1
[0m[1;32mINFO:     distributed_ingress_base.hpp(finalize:199): Finalizing Graph...
[0m[1;32mMax ID: 9999
Array size: 10000
Beginning batch 1 of 1
INFO:     synchronous_engine.hpp(start:1300): Iteration counter will only output every 5 seconds.
[0m[1;32mINFO:     synchronous_engine.hpp(start:1315): 0: Starting iteration: 0
[0mExchange messages...
EXCHANGE: 0.006436
Receive messages...
[1;32mINFO:     synchronous_engine.hpp(start:1364): 	Active vertices: 10000
[0mRECEIVE: 0.005952
Gathering...
GATHER: 0.008891
Applying...
APPLY: 0.015959
Scattering...
[1;32mINFO:     synchronous_engine.hpp(start:1414): 	 Running Aggregators
[0mSCATTER: 0.005786
[1;32mINFO:     synchronous_engine.hpp(start:1315): 0: Starting iteration: 1
[0mExchange messages...
EXCHANGE: 0.00758
Receive messages...
[1;32mINFO:     synchronous_engine.hpp(start:1364): 	Active vertices: 10000
[0mRECEIVE: 0.011374
Gathering...
GATHER: 0.012887
Applying...
APPLY: 0.012445
Scattering...
[1;32mINFO:     synchronous_engine.hpp(start:1414): 	 Running Aggregators
[0mSCATTER: 0.004582
[1;32mINFO:     synchronous_engine.hpp(start:1315): 0: Starting iteration: 2
[0mExchange messages...
EXCHANGE: 0.009453
Receive messages...
[1;32mINFO:     synchronous_engine.hpp(start:1364): 	Active vertices: 10000
[0mRECEIVE: 0.008758
Gathering...
GATHER: 0.027205
Applying...
APPLY: 0.011349
Scattering...
[1;32mINFO:     synchronous_engine.hpp(start:1414): 	 Running Aggregators
[0mSCATTER: 0.002997
[1;32mINFO:     synchronous_engine.hpp(start:1315): 0: Starting iteration: 3
[0mExchange messages...
EXCHANGE: 0.010227
Receive messages...
[1;32mINFO:     synchronous_engine.hpp(start:1364): 	Active vertices: 10000
[0mRECEIVE: 0.011214
Gathering...
GATHER: 0.038494
Applying...
APPLY: 0.012254
Scattering...
[1;32mINFO:     synchronous_engine.hpp(start:1414): 	 Running Aggregators
[0mSCATTER: 0.002086
[1;32mINFO:     synchronous_engine.hpp(start:1315): 0: Starting iteration: 4
[0mExchange messages...
EXCHANGE: 0.009459
Receive messages...
[1;32mINFO:     synchronous_engine.hpp(start:1364): 	Active vertices: 10000
[0mRECEIVE: 0.008419
Gathering...
GATHER: 0.083363
Applying...
APPLY: 0.023724
Scattering...
[1;32mINFO:     synchronous_engine.hpp(start:1414): 	 Running Aggregators
[0mSCATTER: 0.001849
[1;32mINFO:     synchronous_engine.hpp(start:1315): 0: Starting iteration: 5
[0mExchange messages...
EXCHANGE: 0.01014
Receive messages...
[1;32mINFO:     synchronous_engine.hpp(start:1364): 	Active vertices: 10000
[0mRECEIVE: 0.008726
Gathering...
GATHER: 0.207298
Applying...
APPLY: 0.029716
Scattering...
[1;32mINFO:     synchronous_engine.hpp(start:1414): 	 Running Aggregators
[0mSCATTER: 0.002633
[1;32mINFO:     synchronous_engine.hpp(start:1315): 0: Starting iteration: 6
[0mExchange messages...
EXCHANGE: 0.009513
Receive messages...
[1;32mINFO:     synchronous_engine.hpp(start:1364): 	Active vertices: 10000
[0mRECEIVE: 0.011236
Gathering...
GATHER: 0.370909
Applying...
APPLY: 0.061583
Scattering...
[1;32mINFO:     synchronous_engine.hpp(start:1414): 	 Running Aggregators
[0mSCATTER: 0.002394
[1;32mINFO:     synchronous_engine.hpp(start:1315): 0: Starting iteration: 7
[0mExchange messages...
EXCHANGE: 0.011556
Receive messages...
[1;32mINFO:     synchronous_engine.hpp(start:1364): 	Active vertices: 10000
[0mRECEIVE: 0.010331
Gathering...
GATHER: 0.507949
Applying...
APPLY: 0.134863
Scattering...
[1;32mINFO:     synchronous_engine.hpp(start:1414): 	 Running Aggregators
[0mSCATTER: 0.001918
[1;32mINFO:     synchronous_engine.hpp(start:1315): 0: Starting iteration: 8
[0mExchange messages...
EXCHANGE: 0.010675
Receive messages...
[1;32mINFO:     synchronous_engine.hpp(start:1364): 	Active vertices: 10000
[0mRECEIVE: 0.011427
Gathering...
GATHER: 0.872494
Applying...
APPLY: 0.226376
Scattering...
[1;32mINFO:     synchronous_engine.hpp(start:1414): 	 Running Aggregators
[0mSCATTER: 0.002118
[1;32mINFO:     synchronous_engine.hpp(start:1315): 0: Starting iteration: 9
[0mExchange messages...
EXCHANGE: 0.011498
Receive messages...
[1;32mINFO:     synchronous_engine.hpp(start:1364): 	Active vertices: 10000
[0mRECEIVE: 0.011403
Gathering...
GATHER: 0.992277
Applying...
APPLY: 0.29322
Scattering...
[1;32mINFO:     synchronous_engine.hpp(start:1414): 	 Running Aggregators
[0mSCATTER: 0.002255
[1;32mINFO:     synchronous_engine.hpp(start:1315): 0: Starting iteration: 10
[0mExchange messages...
EXCHANGE: 0.011498
Receive messages...
[1;32mINFO:     synchronous_engine.hpp(start:1364): 	Active vertices: 10000
[0mRECEIVE: 0.011455
Gathering...
GATHER: 0.694993
Applying...
APPLY: 0.37641
Scattering...
[1;32mINFO:     synchronous_engine.hpp(start:1414): 	 Running Aggregators
[0mSCATTER: 0.002168
[1;32mINFO:     synchronous_engine.hpp(start:1315): 0: Starting iteration: 11
[0mExchange messages...
EXCHANGE: 0.011443
Receive messages...
[1;32mINFO:     synchronous_engine.hpp(start:1364): 	Active vertices: 10000
[0mRECEIVE: 0.011435
Gathering...
GATHER: 0.795539
Applying...
APPLY: 0.444702
Scattering...
[1;32mINFO:     synchronous_engine.hpp(start:1414): 	 Running Aggregators
[0mSCATTER: 0.002306
[1;32mINFO:     synchronous_engine.hpp(start:1315): 0: Starting iteration: 12
[0mExchange messages...
EXCHANGE: 0.011886
Receive messages...
[1;32mINFO:     synchronous_engine.hpp(start:1364): 	Active vertices: 10000
[0mRECEIVE: 0.011506
Gathering...
GATHER: 0.905336
Applying...
APPLY: 1.31689
Scattering...
[1;32mINFO:     synchronous_engine.hpp(start:1414): 	 Running Aggregators
[0mSCATTER: 0.002354
[1;32mINFO:     synchronous_engine.hpp(start:1315): 0: Starting iteration: 13
[0mExchange messages...
EXCHANGE: 0.010138
Receive messages...
[1;32mINFO:     synchronous_engine.hpp(start:1364): 	Active vertices: 10000
[0mRECEIVE: 0.011663
Gathering...
GATHER: 1.94901
Applying...
APPLY: 1.14185
Scattering...
[1;32mINFO:     synchronous_engine.hpp(start:1414): 	 Running Aggregators
[0mSCATTER: 0.002359
[1;32mINFO:     synchronous_engine.hpp(start:1315): 0: Starting iteration: 14
[0mExchange messages...
EXCHANGE: 0.010785
Receive messages...
[1;32mINFO:     synchronous_engine.hpp(start:1364): 	Active vertices: 10000
[0mRECEIVE: 0.013257
Gathering...
GATHER: 1.42861
Applying...
APPLY: 0.885593
Scattering...
[1;32mINFO:     synchronous_engine.hpp(start:1414): 	 Running Aggregators
[0mSCATTER: 0.002633
[1;32mINFO:     synchronous_engine.hpp(start:1315): 0: Starting iteration: 15
[0mExchange messages...
EXCHANGE: 0.011613
Receive messages...
[1;32mINFO:     synchronous_engine.hpp(start:1364): 	Active vertices: 9994
[0mRECEIVE: 0.009774
Gathering...
GATHER: 0.853421
Applying...
APPLY: 0.882855
Scattering...
[1;32mINFO:     synchronous_engine.hpp(start:1414): 	 Running Aggregators
[0mSCATTER: 0.002559
[1;32mINFO:     synchronous_engine.hpp(start:1315): 0: Starting iteration: 16
[0mExchange messages...
EXCHANGE: 0.011422
Receive messages...
[1;32mINFO:     synchronous_engine.hpp(start:1364): 	Active vertices: 9740
[0mRECEIVE: 0.011581
Gathering...
GATHER: 0.422424
Applying...
APPLY: 0.318581
Scattering...
[1;32mINFO:     synchronous_engine.hpp(start:1414): 	 Running Aggregators
[0mSCATTER: 0.003216
[1;32mINFO:     synchronous_engine.hpp(start:1315): 0: Starting iteration: 17
[0mExchange messages...
EXCHANGE: 0.009516
Receive messages...
[1;32mINFO:     synchronous_engine.hpp(start:1364): 	Active vertices: 8070
[0mRECEIVE: 0.014618
Gathering...
GATHER: 0.038267
Applying...
APPLY: 0.155616
Scattering...
[1;32mINFO:     synchronous_engine.hpp(start:1414): 	 Running Aggregators
[0mSCATTER: 0.003251
[1;32mINFO:     synchronous_engine.hpp(start:1315): 0: Starting iteration: 18
[0mExchange messages...
EXCHANGE: 0.010475
Receive messages...
[1;32mINFO:     synchronous_engine.hpp(start:1364): 	Active vertices: 4083
[0mRECEIVE: 0.011523
Gathering...
GATHER: 0.013963
Applying...
APPLY: 0.050537
Scattering...
[1;32mINFO:     synchronous_engine.hpp(start:1414): 	 Running Aggregators
[0mSCATTER: 0.003087
[1;32mINFO:     synchronous_engine.hpp(start:1315): 0: Starting iteration: 19
[0mExchange messages...
EXCHANGE: 0.010515
Receive messages...
[1;32mINFO:     synchronous_engine.hpp(start:1364): 	Active vertices: 1236
[0mRECEIVE: 0.009987
Gathering...
GATHER: 0.010571
Applying...
APPLY: 0.020042
Scattering...
[1;32mINFO:     synchronous_engine.hpp(start:1414): 	 Running Aggregators
[0mSCATTER: 0.003093
[1;32mINFO:     synchronous_engine.hpp(start:1315): 0: Starting iteration: 20
[0mExchange messages...
EXCHANGE: 0.010066
Receive messages...
[1;32mINFO:     synchronous_engine.hpp(start:1364): 	Active vertices: 231
[0mRECEIVE: 0.01117
Gathering...
GATHER: 0.011218
Applying...
APPLY: 0.011464
Scattering...
[1;32mINFO:     synchronous_engine.hpp(start:1414): 	 Running Aggregators
[0mSCATTER: 0.003185
[1;32mINFO:     synchronous_engine.hpp(start:1315): 0: Starting iteration: 21
[0mExchange messages...
EXCHANGE: 0.012203
Receive messages...
[1;32mINFO:     synchronous_engine.hpp(start:1364): 	Active vertices: 42
[0mRECEIVE: 0.010887
Gathering...
GATHER: 0.012571
Applying...
APPLY: 0.01221
Scattering...
[1;32mINFO:     synchronous_engine.hpp(start:1414): 	 Running Aggregators
[0mSCATTER: 0.002991
[1;32mINFO:     synchronous_engine.hpp(start:1315): 0: Starting iteration: 22
[0mExchange messages...
EXCHANGE: 0.011102
Receive messages...
[1;32mINFO:     synchronous_engine.hpp(start:1364): 	Active vertices: 6
[0mRECEIVE: 0.01092
Gathering...
GATHER: 0.010552
Applying...
APPLY: 0.010339
Scattering...
[1;32mINFO:     synchronous_engine.hpp(start:1414): 	 Running Aggregators
[0mSCATTER: 0.002137
[1;32mINFO:     synchronous_engine.hpp(start:1315): 0: Starting iteration: 23
[0mExchange messages...
EXCHANGE: 0.010543
Receive messages...
[1;32mINFO:     synchronous_engine.hpp(start:1364): 	Active vertices: 0
[0m[1;32mINFO:     synchronous_engine.hpp(start:1427): 23 iterations completed.
[0mUpdates: 183402
	Iteration time:	0:00:17.30
	Total spent:	0:00:17.30
	Projected Total Time:		0:00:17.30
	Projected Time Remaining:	0:00:00.00
TIME: 17.2977
CLOCKTIME: 844.598
Diameter: 21
	Command being timed: "/home/cpennycu/graphlab/release/apps/diameter/diameter /home/cpennycu/gdata/sf/sf-1-10000-2.9.snap --format snap --directed 0"
	User time (seconds): 107.61
	System time (seconds): 744.18
	Percent of CPU this job got: 4693%
	Elapsed (wall clock) time (h:mm:ss or m:ss): 0:18.14
	Average shared text size (kbytes): 0
	Average unshared data size (kbytes): 0
	Average stack size (kbytes): 0
	Average total size (kbytes): 0
	Maximum resident set size (kbytes): 471556
	Average resident set size (kbytes): 0
	Major (requiring I/O) page faults: 0
	Minor (reclaiming a frame) page faults: 117155
	Voluntary context switches: 66279
	Involuntary context switches: 8763
	Swaps: 0
	File system inputs: 288
	File system outputs: 0
	Socket messages sent: 0
	Socket messages received: 0
	Signals delivered: 0
	Page size (bytes): 4096
	Exit status: 0
