Graph diameter

GRAPHLAB_SUBNET_ID/GRAPHLAB_SUBNET_MASK environment variables not defined.
Using default values
Subnet ID: 0.0.0.0
Subnet Mask: 0.0.0.0
Will find first IPv4 non-loopback address matching the subnet
[1;32mINFO:     dc.cpp(init:573): Cluster of 1 instances created.
[0m[1;32mINFO:     distributed_graph.hpp(set_ingress_method:3201): Automatically determine ingress method: grid
[0mLoading graph in format: snap
[1;32mINFO:     distributed_graph.hpp(load_from_posixfs:2190): Loading graph from file: /home/cpennycu/gdata/sf/sf-2-1000-2.3.snap.2_of_4
[0m[1;32mINFO:     distributed_graph.hpp(load_from_posixfs:2190): Loading graph from file: /home/cpennycu/gdata/sf/sf-2-1000-2.3.snap.3_of_4
[0m[1;32mINFO:     distributed_graph.hpp(load_from_posixfs:2190): Loading graph from file: /home/cpennycu/gdata/sf/sf-2-1000-2.3.snap.4_of_4
[0m[1;32mINFO:     distributed_graph.hpp(load_from_posixfs:2190): Loading graph from file: /home/cpennycu/gdata/sf/sf-2-1000-2.3.snap.1_of_4
[0m[1;32mINFO:     distributed_ingress_base.hpp(finalize:199): Finalizing Graph...
[0m[1;32mINFO:     distributed_ingress_base.hpp(exchange_global_info:546): Graph info: 
	 nverts: 1000
	 nedges: 2401
	 nreplicas: 1000
	 replication factor: 1
[0m[1;32mINFO:     distributed_ingress_base.hpp(finalize:199): Finalizing Graph...
[0m[1;32mMax ID: 999
Array size: 1000
Beginning batch 1 of 1
INFO:     synchronous_engine.hpp(start:1300): Iteration counter will only output every 5 seconds.
[0m[1;32mINFO:     synchronous_engine.hpp(start:1315): 0: Starting iteration: 0
[0mExchange messages...
EXCHANGE: 0.006679
Receive messages...
[1;32mINFO:     synchronous_engine.hpp(start:1364): 	Active vertices: 1000
[0mRECEIVE: 0.005232
Gathering...
GATHER: 0.006028
Applying...
APPLY: 0.005852
Scattering...
[1;32mINFO:     synchronous_engine.hpp(start:1414): 	 Running Aggregators
[0mSCATTER: 0.002258
[1;32mINFO:     synchronous_engine.hpp(start:1315): 0: Starting iteration: 1
[0mExchange messages...
EXCHANGE: 0.006366
Receive messages...
[1;32mINFO:     synchronous_engine.hpp(start:1364): 	Active vertices: 1000
[0mRECEIVE: 0.006098
Gathering...
GATHER: 0.007001
Applying...
APPLY: 0.006252
Scattering...
[1;32mINFO:     synchronous_engine.hpp(start:1414): 	 Running Aggregators
[0mSCATTER: 0.001943
[1;32mINFO:     synchronous_engine.hpp(start:1315): 0: Starting iteration: 2
[0mExchange messages...
EXCHANGE: 0.005596
Receive messages...
[1;32mINFO:     synchronous_engine.hpp(start:1364): 	Active vertices: 1000
[0mRECEIVE: 0.006448
Gathering...
GATHER: 0.01045
Applying...
APPLY: 0.008399
Scattering...
[1;32mINFO:     synchronous_engine.hpp(start:1414): 	 Running Aggregators
[0mSCATTER: 0.00175
[1;32mINFO:     synchronous_engine.hpp(start:1315): 0: Starting iteration: 3
[0mExchange messages...
EXCHANGE: 0.006773
Receive messages...
[1;32mINFO:     synchronous_engine.hpp(start:1364): 	Active vertices: 1000
[0mRECEIVE: 0.007468
Gathering...
GATHER: 0.013646
Applying...
APPLY: 0.012426
Scattering...
[1;32mINFO:     synchronous_engine.hpp(start:1414): 	 Running Aggregators
[0mSCATTER: 0.003907
[1;32mINFO:     synchronous_engine.hpp(start:1315): 0: Starting iteration: 4
[0mExchange messages...
EXCHANGE: 0.007848
Receive messages...
[1;32mINFO:     synchronous_engine.hpp(start:1364): 	Active vertices: 1000
[0mRECEIVE: 0.008235
Gathering...
GATHER: 0.012943
Applying...
APPLY: 0.01378
Scattering...
[1;32mINFO:     synchronous_engine.hpp(start:1414): 	 Running Aggregators
[0mSCATTER: 0.001855
[1;32mINFO:     synchronous_engine.hpp(start:1315): 0: Starting iteration: 5
[0mExchange messages...
EXCHANGE: 0.006846
Receive messages...
[1;32mINFO:     synchronous_engine.hpp(start:1364): 	Active vertices: 1000
[0mRECEIVE: 0.009832
Gathering...
GATHER: 0.010822
Applying...
APPLY: 0.014892
Scattering...
[1;32mINFO:     synchronous_engine.hpp(start:1414): 	 Running Aggregators
[0mSCATTER: 0.001713
[1;32mINFO:     synchronous_engine.hpp(start:1315): 0: Starting iteration: 6
[0mExchange messages...
EXCHANGE: 0.007795
Receive messages...
[1;32mINFO:     synchronous_engine.hpp(start:1364): 	Active vertices: 1000
[0mRECEIVE: 0.008071
Gathering...
GATHER: 0.01117
Applying...
APPLY: 0.01094
Scattering...
[1;32mINFO:     synchronous_engine.hpp(start:1414): 	 Running Aggregators
[0mSCATTER: 0.003598
[1;32mINFO:     synchronous_engine.hpp(start:1315): 0: Starting iteration: 7
[0mExchange messages...
EXCHANGE: 0.007149
Receive messages...
[1;32mINFO:     synchronous_engine.hpp(start:1364): 	Active vertices: 997
[0mRECEIVE: 0.008233
Gathering...
GATHER: 0.008557
Applying...
APPLY: 0.008778
Scattering...
[1;32mINFO:     synchronous_engine.hpp(start:1414): 	 Running Aggregators
[0mSCATTER: 0.001458
[1;32mINFO:     synchronous_engine.hpp(start:1315): 0: Starting iteration: 8
[0mExchange messages...
EXCHANGE: 0.008109
Receive messages...
[1;32mINFO:     synchronous_engine.hpp(start:1364): 	Active vertices: 375
[0mRECEIVE: 0.008309
Gathering...
GATHER: 0.008509
Applying...
APPLY: 0.008297
Scattering...
[1;32mINFO:     synchronous_engine.hpp(start:1414): 	 Running Aggregators
[0mSCATTER: 0.001614
[1;32mINFO:     synchronous_engine.hpp(start:1315): 0: Starting iteration: 9
[0mExchange messages...
EXCHANGE: 0.007509
Receive messages...
[1;32mINFO:     synchronous_engine.hpp(start:1364): 	Active vertices: 0
[0m[1;32mINFO:     synchronous_engine.hpp(start:1427): 9 iterations completed.
[0mUpdates: 8372
	Iteration time:	0:00:00.35
	Total spent:	0:00:00.35
	Projected Total Time:		0:00:00.35
	Projected Time Remaining:	0:00:00.00
TIME: 0.34852
CLOCKTIME: 4.75787
Diameter: 7
	Command being timed: "/home/cpennycu/graphlab/release/apps/diameter/diameter /home/cpennycu/gdata/sf/sf-2-1000-2.3.snap --format snap --directed 0"
	User time (seconds): 13.10
	System time (seconds): 0.61
	Percent of CPU this job got: 1174%
	Elapsed (wall clock) time (h:mm:ss or m:ss): 0:01.16
	Average shared text size (kbytes): 0
	Average unshared data size (kbytes): 0
	Average stack size (kbytes): 0
	Average total size (kbytes): 0
	Maximum resident set size (kbytes): 25064
	Average resident set size (kbytes): 0
	Major (requiring I/O) page faults: 0
	Minor (reclaiming a frame) page faults: 8337
	Voluntary context switches: 14516
	Involuntary context switches: 2304
	Swaps: 0
	File system inputs: 56
	File system outputs: 0
	Socket messages sent: 0
	Socket messages received: 0
	Signals delivered: 0
	Page size (bytes): 4096
	Exit status: 0
