Graph diameter

GRAPHLAB_SUBNET_ID/GRAPHLAB_SUBNET_MASK environment variables not defined.
Using default values
Subnet ID: 0.0.0.0
Subnet Mask: 0.0.0.0
Will find first IPv4 non-loopback address matching the subnet
[1;32mINFO:     dc.cpp(init:573): Cluster of 1 instances created.
[0m[1;32mINFO:     distributed_graph.hpp(set_ingress_method:3201): Automatically determine ingress method: grid
[0mLoading graph in format: snap
[1;32mINFO:     distributed_graph.hpp(load_from_posixfs:2190): Loading graph from file: /home/cpennycu/gdata/sf/sf-4-10000-2.7.snap.1_of_4
[0m[1;32mINFO:     distributed_graph.hpp(load_from_posixfs:2190): Loading graph from file: /home/cpennycu/gdata/sf/sf-4-10000-2.7.snap.2_of_4
[0m[1;32mINFO:     distributed_graph.hpp(load_from_posixfs:2190): Loading graph from file: /home/cpennycu/gdata/sf/sf-4-10000-2.7.snap.3_of_4
[0m[1;32mINFO:     distributed_graph.hpp(load_from_posixfs:2190): Loading graph from file: /home/cpennycu/gdata/sf/sf-4-10000-2.7.snap.4_of_4
[0m[1;32mINFO:     distributed_ingress_base.hpp(finalize:199): Finalizing Graph...
[0m[1;32mINFO:     distributed_ingress_base.hpp(exchange_global_info:546): Graph info: 
	 nverts: 10000
	 nedges: 15655
	 nreplicas: 10000
	 replication factor: 1
[0m[1;32mINFO:     distributed_ingress_base.hpp(finalize:199): Finalizing Graph...
[0m[1;32mMax ID: 9999
Array size: 10000
Beginning batch 1 of 1
INFO:     synchronous_engine.hpp(start:1300): Iteration counter will only output every 5 seconds.
[0m[1;32mINFO:     synchronous_engine.hpp(start:1315): 0: Starting iteration: 0
[0mExchange messages...
EXCHANGE: 0.010959
Receive messages...
[1;32mINFO:     synchronous_engine.hpp(start:1364): 	Active vertices: 10000
[0mRECEIVE: 0.014814
Gathering...
GATHER: 0.009885
Applying...
APPLY: 0.009429
Scattering...
[1;32mINFO:     synchronous_engine.hpp(start:1414): 	 Running Aggregators
[0mSCATTER: 0.002064
[1;32mINFO:     synchronous_engine.hpp(start:1315): 0: Starting iteration: 1
[0mExchange messages...
EXCHANGE: 0.009524
Receive messages...
[1;32mINFO:     synchronous_engine.hpp(start:1364): 	Active vertices: 10000
[0mRECEIVE: 0.009517
Gathering...
GATHER: 0.01464
Applying...
APPLY: 0.010253
Scattering...
[1;32mINFO:     synchronous_engine.hpp(start:1414): 	 Running Aggregators
[0mSCATTER: 0.0032
[1;32mINFO:     synchronous_engine.hpp(start:1315): 0: Starting iteration: 2
[0mExchange messages...
EXCHANGE: 0.010006
Receive messages...
[1;32mINFO:     synchronous_engine.hpp(start:1364): 	Active vertices: 10000
[0mRECEIVE: 0.008047
Gathering...
GATHER: 0.028349
Applying...
APPLY: 0.014426
Scattering...
[1;32mINFO:     synchronous_engine.hpp(start:1414): 	 Running Aggregators
[0mSCATTER: 0.002668
[1;32mINFO:     synchronous_engine.hpp(start:1315): 0: Starting iteration: 3
[0mExchange messages...
EXCHANGE: 0.008998
Receive messages...
[1;32mINFO:     synchronous_engine.hpp(start:1364): 	Active vertices: 10000
[0mRECEIVE: 0.010515
Gathering...
GATHER: 0.06849
Applying...
APPLY: 0.021577
Scattering...
[1;32mINFO:     synchronous_engine.hpp(start:1414): 	 Running Aggregators
[0mSCATTER: 0.001763
[1;32mINFO:     synchronous_engine.hpp(start:1315): 0: Starting iteration: 4
[0mExchange messages...
EXCHANGE: 0.011378
Receive messages...
[1;32mINFO:     synchronous_engine.hpp(start:1364): 	Active vertices: 10000
[0mRECEIVE: 0.010215
Gathering...
GATHER: 0.146377
Applying...
APPLY: 0.044767
Scattering...
[1;32mINFO:     synchronous_engine.hpp(start:1414): 	 Running Aggregators
[0mSCATTER: 0.002374
[1;32mINFO:     synchronous_engine.hpp(start:1315): 0: Starting iteration: 5
[0mExchange messages...
EXCHANGE: 0.010288
Receive messages...
[1;32mINFO:     synchronous_engine.hpp(start:1364): 	Active vertices: 10000
[0mRECEIVE: 0.011085
Gathering...
GATHER: 0.281295
Applying...
APPLY: 0.062284
Scattering...
[1;32mINFO:     synchronous_engine.hpp(start:1414): 	 Running Aggregators
[0mSCATTER: 0.002157
[1;32mINFO:     synchronous_engine.hpp(start:1315): 0: Starting iteration: 6
[0mExchange messages...
EXCHANGE: 0.009873
Receive messages...
[1;32mINFO:     synchronous_engine.hpp(start:1364): 	Active vertices: 10000
[0mRECEIVE: 0.011114
Gathering...
GATHER: 0.544417
Applying...
APPLY: 0.117091
Scattering...
[1;32mINFO:     synchronous_engine.hpp(start:1414): 	 Running Aggregators
[0mSCATTER: 0.002932
[1;32mINFO:     synchronous_engine.hpp(start:1315): 0: Starting iteration: 7
[0mExchange messages...
EXCHANGE: 0.011807
Receive messages...
[1;32mINFO:     synchronous_engine.hpp(start:1364): 	Active vertices: 10000
[0mRECEIVE: 0.011469
Gathering...
GATHER: 0.732412
Applying...
APPLY: 0.200572
Scattering...
[1;32mINFO:     synchronous_engine.hpp(start:1414): 	 Running Aggregators
[0mSCATTER: 0.002501
[1;32mINFO:     synchronous_engine.hpp(start:1315): 0: Starting iteration: 8
[0mExchange messages...
EXCHANGE: 0.011825
Receive messages...
[1;32mINFO:     synchronous_engine.hpp(start:1364): 	Active vertices: 10000
[0mRECEIVE: 0.011433
Gathering...
GATHER: 0.628198
Applying...
APPLY: 0.310237
Scattering...
[1;32mINFO:     synchronous_engine.hpp(start:1414): 	 Running Aggregators
[0mSCATTER: 0.002318
[1;32mINFO:     synchronous_engine.hpp(start:1315): 0: Starting iteration: 9
[0mExchange messages...
EXCHANGE: 0.01043
Receive messages...
[1;32mINFO:     synchronous_engine.hpp(start:1364): 	Active vertices: 10000
[0mRECEIVE: 0.014118
Gathering...
GATHER: 0.69275
Applying...
APPLY: 0.45428
Scattering...
[1;32mINFO:     synchronous_engine.hpp(start:1414): 	 Running Aggregators
[0mSCATTER: 0.002379
[1;32mINFO:     synchronous_engine.hpp(start:1315): 0: Starting iteration: 10
[0mExchange messages...
EXCHANGE: 0.009654
Receive messages...
[1;32mINFO:     synchronous_engine.hpp(start:1364): 	Active vertices: 10000
[0mRECEIVE: 0.01144
Gathering...
GATHER: 1.00093
Applying...
APPLY: 0.635491
Scattering...
[1;32mINFO:     synchronous_engine.hpp(start:1414): 	 Running Aggregators
[0mSCATTER: 0.004254
[1;32mINFO:     synchronous_engine.hpp(start:1315): 0: Starting iteration: 11
[0mExchange messages...
EXCHANGE: 0.011584
Receive messages...
[1;32mINFO:     synchronous_engine.hpp(start:1364): 	Active vertices: 10000
[0mRECEIVE: 0.010045
Gathering...
GATHER: 1.95505
Applying...
APPLY: 0.643552
Scattering...
[1;32mINFO:     synchronous_engine.hpp(start:1414): 	 Running Aggregators
[0mSCATTER: 0.001846
[1;32mINFO:     synchronous_engine.hpp(start:1315): 0: Starting iteration: 12
[0mExchange messages...
EXCHANGE: 0.011342
Receive messages...
[1;32mINFO:     synchronous_engine.hpp(start:1364): 	Active vertices: 10000
[0mRECEIVE: 0.012384
Gathering...
GATHER: 0.686328
Applying...
APPLY: 0.734152
Scattering...
[1;32mINFO:     synchronous_engine.hpp(start:1414): 	 Running Aggregators
[0mSCATTER: 0.002148
[1;32mINFO:     synchronous_engine.hpp(start:1315): 0: Starting iteration: 13
[0mExchange messages...
EXCHANGE: 0.009854
Receive messages...
[1;32mINFO:     synchronous_engine.hpp(start:1364): 	Active vertices: 9960
[0mRECEIVE: 0.010636
Gathering...
GATHER: 0.445483
Applying...
APPLY: 0.461711
Scattering...
[1;32mINFO:     synchronous_engine.hpp(start:1414): 	 Running Aggregators
[0mSCATTER: 0.002102
[1;32mINFO:     synchronous_engine.hpp(start:1315): 0: Starting iteration: 14
[0mExchange messages...
EXCHANGE: 0.011688
Receive messages...
[1;32mINFO:     synchronous_engine.hpp(start:1364): 	Active vertices: 8875
[0mRECEIVE: 0.011682
Gathering...
GATHER: 0.098431
Applying...
APPLY: 0.197602
Scattering...
[1;32mINFO:     synchronous_engine.hpp(start:1414): 	 Running Aggregators
[0mSCATTER: 0.002389
[1;32mINFO:     synchronous_engine.hpp(start:1315): 0: Starting iteration: 15
[0mExchange messages...
EXCHANGE: 0.011915
Receive messages...
[1;32mINFO:     synchronous_engine.hpp(start:1364): 	Active vertices: 4894
[0mRECEIVE: 0.011433
Gathering...
GATHER: 0.012301
Applying...
APPLY: 0.069148
Scattering...
[1;32mINFO:     synchronous_engine.hpp(start:1414): 	 Running Aggregators
[0mSCATTER: 0.002337
[1;32mINFO:     synchronous_engine.hpp(start:1315): 0: Starting iteration: 16
[0mExchange messages...
EXCHANGE: 0.011888
Receive messages...
[1;32mINFO:     synchronous_engine.hpp(start:1364): 	Active vertices: 1053
[0mRECEIVE: 0.011565
Gathering...
GATHER: 0.011741
Applying...
APPLY: 0.01917
Scattering...
[1;32mINFO:     synchronous_engine.hpp(start:1414): 	 Running Aggregators
[0mSCATTER: 0.00398
[1;32mINFO:     synchronous_engine.hpp(start:1315): 0: Starting iteration: 17
[0mExchange messages...
EXCHANGE: 0.011633
Receive messages...
[1;32mINFO:     synchronous_engine.hpp(start:1364): 	Active vertices: 85
[0mRECEIVE: 0.011505
Gathering...
GATHER: 0.01124
Applying...
APPLY: 0.012393
Scattering...
[1;32mINFO:     synchronous_engine.hpp(start:1414): 	 Running Aggregators
[0mSCATTER: 0.002838
[1;32mINFO:     synchronous_engine.hpp(start:1315): 0: Starting iteration: 18
[0mExchange messages...
EXCHANGE: 0.011036
Receive messages...
[1;32mINFO:     synchronous_engine.hpp(start:1364): 	Active vertices: 4
[0mRECEIVE: 0.011276
Gathering...
GATHER: 0.011577
Applying...
APPLY: 0.009311
Scattering...
[1;32mINFO:     synchronous_engine.hpp(start:1414): 	 Running Aggregators
[0mSCATTER: 0.002906
[1;32mINFO:     synchronous_engine.hpp(start:1315): 0: Starting iteration: 19
[0mExchange messages...
EXCHANGE: 0.010925
Receive messages...
[1;32mINFO:     synchronous_engine.hpp(start:1364): 	Active vertices: 0
[0m[1;32mINFO:     synchronous_engine.hpp(start:1427): 19 iterations completed.
[0mUpdates: 154871
	Iteration time:	0:00:11.91
	Total spent:	0:00:11.91
	Projected Total Time:		0:00:11.91
	Projected Time Remaining:	0:00:00.00
TIME: 11.9079
CLOCKTIME: 556.017
Diameter: 17
	Command being timed: "/home/cpennycu/graphlab/release/apps/diameter/diameter /home/cpennycu/gdata/sf/sf-4-10000-2.7.snap --format snap --directed 0"
	User time (seconds): 101.11
	System time (seconds): 465.66
	Percent of CPU this job got: 4393%
	Elapsed (wall clock) time (h:mm:ss or m:ss): 0:12.90
	Average shared text size (kbytes): 0
	Average unshared data size (kbytes): 0
	Average stack size (kbytes): 0
	Average total size (kbytes): 0
	Maximum resident set size (kbytes): 468048
	Average resident set size (kbytes): 0
	Major (requiring I/O) page faults: 0
	Minor (reclaiming a frame) page faults: 117408
	Voluntary context switches: 57113
	Involuntary context switches: 6848
	Swaps: 0
	File system inputs: 320
	File system outputs: 0
	Socket messages sent: 0
	Socket messages received: 0
	Signals delivered: 0
	Page size (bytes): 4096
	Exit status: 0
