Original:
Name: 
Type: DiGraph
Number of nodes: 98134
Number of edges: 200000
Average in degree:   2.0380
Average out degree:   2.0380
Largest Connected Component:
Name: 
Type: DiGraph
Number of nodes: 1
Number of edges: 0
Average in degree:   0.0000
Average out degree:   0.0000
Diameter: 0
TIME:  8.70227813721e-05
CLOCKTIME:  0.000117000000003
	Command being timed: "python /home/cpennycu/networkx/nx.py -f /home/cpennycu/gdata/er/erd-2-100000-2.snap -d 1"
	User time (seconds): 45.45
	System time (seconds): 1.63
	Percent of CPU this job got: 94%
	Elapsed (wall clock) time (h:mm:ss or m:ss): 0:50.05
	Average shared text size (kbytes): 0
	Average unshared data size (kbytes): 0
	Average stack size (kbytes): 0
	Average total size (kbytes): 0
	Maximum resident set size (kbytes): 625604
	Average resident set size (kbytes): 0
	Major (requiring I/O) page faults: 0
	Minor (reclaiming a frame) page faults: 169954
	Voluntary context switches: 15
	Involuntary context switches: 1840
	Swaps: 0
	File system inputs: 4608
	File system outputs: 0
	Socket messages sent: 0
	Socket messages received: 0
	Signals delivered: 0
	Page size (bytes): 4096
	Exit status: 0
