Original:
Name: 
Type: DiGraph
Number of nodes: 984
Number of edges: 2000
Average in degree:   2.0325
Average out degree:   2.0325
Largest Connected Component:
Name: 
Type: DiGraph
Number of nodes: 1
Number of edges: 0
Average in degree:   0.0000
Average out degree:   0.0000
Diameter: 0
TIME:  6.8187713623e-05
CLOCKTIME:  7.4e-05
	Command being timed: "python /home/cpennycu/networkx/nx.py -f /home/cpennycu/gdata/er/erd-4-1000-2.snap -d 1"
	User time (seconds): 0.59
	System time (seconds): 0.09
	Percent of CPU this job got: 74%
	Elapsed (wall clock) time (h:mm:ss or m:ss): 0:00.93
	Average shared text size (kbytes): 0
	Average unshared data size (kbytes): 0
	Average stack size (kbytes): 0
	Average total size (kbytes): 0
	Maximum resident set size (kbytes): 32200
	Average resident set size (kbytes): 0
	Major (requiring I/O) page faults: 0
	Minor (reclaiming a frame) page faults: 10513
	Voluntary context switches: 28
	Involuntary context switches: 100
	Swaps: 0
	File system inputs: 32
	File system outputs: 0
	Socket messages sent: 0
	Socket messages received: 0
	Signals delivered: 0
	Page size (bytes): 4096
	Exit status: 0
