Original:
Name: 
Type: DiGraph
Number of nodes: 1000
Number of edges: 8000
Average in degree:   8.0000
Average out degree:   8.0000
Largest Connected Component:
Name: 
Type: DiGraph
Number of nodes: 999
Number of edges: 7990
Average in degree:   7.9980
Average out degree:   7.9980
Diameter: 7
TIME:  10.289539814
CLOCKTIME:  7.683049
	Command being timed: "python /home/cpennycu/networkx/nx.py -f /home/cpennycu/gdata/er/erd-1-1000-8.snap -d 1"
	User time (seconds): 8.53
	System time (seconds): 0.18
	Percent of CPU this job got: 74%
	Elapsed (wall clock) time (h:mm:ss or m:ss): 0:11.71
	Average shared text size (kbytes): 0
	Average unshared data size (kbytes): 0
	Average stack size (kbytes): 0
	Average total size (kbytes): 0
	Maximum resident set size (kbytes): 43996
	Average resident set size (kbytes): 0
	Major (requiring I/O) page faults: 0
	Minor (reclaiming a frame) page faults: 13564
	Voluntary context switches: 8
	Involuntary context switches: 1058
	Swaps: 0
	File system inputs: 128
	File system outputs: 0
	Socket messages sent: 0
	Socket messages received: 0
	Signals delivered: 0
	Page size (bytes): 4096
	Exit status: 0
