Original:
Name: 
Type: DiGraph
Number of nodes: 9818
Number of edges: 20000
Average in degree:   2.0371
Average out degree:   2.0371
Largest Connected Component:
Name: 
Type: DiGraph
Number of nodes: 1
Number of edges: 0
Average in degree:   0.0000
Average out degree:   0.0000
Diameter: 0
TIME:  9.20295715332e-05
CLOCKTIME:  0.000139
	Command being timed: "python /home/cpennycu/networkx/nx.py -f /home/cpennycu/gdata/er/erd-3-10000-2.snap -d 1"
	User time (seconds): 2.70
	System time (seconds): 0.31
	Percent of CPU this job got: 82%
	Elapsed (wall clock) time (h:mm:ss or m:ss): 0:03.67
	Average shared text size (kbytes): 0
	Average unshared data size (kbytes): 0
	Average stack size (kbytes): 0
	Average total size (kbytes): 0
	Maximum resident set size (kbytes): 91588
	Average resident set size (kbytes): 0
	Major (requiring I/O) page faults: 28
	Minor (reclaiming a frame) page faults: 26921
	Voluntary context switches: 45
	Involuntary context switches: 104
	Swaps: 0
	File system inputs: 4704
	File system outputs: 0
	Socket messages sent: 0
	Socket messages received: 0
	Signals delivered: 0
	Page size (bytes): 4096
	Exit status: 0
