Original:
Name: 
Type: DiGraph
Number of nodes: 98106
Number of edges: 200000
Average in degree:   2.0386
Average out degree:   2.0386
Largest Connected Component:
Name: 
Type: DiGraph
Number of nodes: 1
Number of edges: 0
Average in degree:   0.0000
Average out degree:   0.0000
Diameter: 0
TIME:  8.51154327393e-05
CLOCKTIME:  0.000112000000001
	Command being timed: "python /home/cpennycu/networkx/nx.py -f /home/cpennycu/gdata/er/erd-3-100000-2.snap -d 1"
	User time (seconds): 37.49
	System time (seconds): 3.12
	Percent of CPU this job got: 67%
	Elapsed (wall clock) time (h:mm:ss or m:ss): 1:00.05
	Average shared text size (kbytes): 0
	Average unshared data size (kbytes): 0
	Average stack size (kbytes): 0
	Average total size (kbytes): 0
	Maximum resident set size (kbytes): 625596
	Average resident set size (kbytes): 0
	Major (requiring I/O) page faults: 0
	Minor (reclaiming a frame) page faults: 169487
	Voluntary context switches: 29
	Involuntary context switches: 4810
	Swaps: 0
	File system inputs: 4608
	File system outputs: 0
	Socket messages sent: 0
	Socket messages received: 0
	Signals delivered: 0
	Page size (bytes): 4096
	Exit status: 0
