Original:
Name: 
Type: DiGraph
Number of nodes: 10000
Number of edges: 320000
Average in degree:  32.0000
Average out degree:  32.0000
Largest Connected Component:
Name: 
Type: DiGraph
Number of nodes: 10000
Number of edges: 320000
Average in degree:  32.0000
Average out degree:  32.0000
Diameter: 4
TIME:  6116.88177013
CLOCKTIME:  5322.119848
	Command being timed: "python /home/cpennycu/networkx/nx.py -f /home/cpennycu/gdata/er/erd-4-10000-32.snap -d 1"
	User time (seconds): 5351.32
	System time (seconds): 3.91
	Percent of CPU this job got: 87%
	Elapsed (wall clock) time (h:mm:ss or m:ss): 1:42:31
	Average shared text size (kbytes): 0
	Average unshared data size (kbytes): 0
	Average stack size (kbytes): 0
	Average total size (kbytes): 0
	Maximum resident set size (kbytes): 673924
	Average resident set size (kbytes): 0
	Major (requiring I/O) page faults: 0
	Minor (reclaiming a frame) page faults: 170803
	Voluntary context switches: 17
	Involuntary context switches: 235207
	Swaps: 0
	File system inputs: 6120
	File system outputs: 0
	Socket messages sent: 0
	Socket messages received: 0
	Signals delivered: 0
	Page size (bytes): 4096
	Exit status: 0
