Original:
Name: 
Type: DiGraph
Number of nodes: 10000
Number of edges: 160000
Average in degree:  16.0000
Average out degree:  16.0000
Largest Connected Component:
Name: 
Type: DiGraph
Number of nodes: 10000
Number of edges: 160000
Average in degree:  16.0000
Average out degree:  16.0000
Diameter: 5
TIME:  3037.52422905
CLOCKTIME:  2685.921816
	Command being timed: "python /home/cpennycu/networkx/nx.py -f /home/cpennycu/gdata/er/erd-1-10000-16.snap -d 1"
	User time (seconds): 2701.95
	System time (seconds): 3.59
	Percent of CPU this job got: 88%
	Elapsed (wall clock) time (h:mm:ss or m:ss): 51:00.03
	Average shared text size (kbytes): 0
	Average unshared data size (kbytes): 0
	Average stack size (kbytes): 0
	Average total size (kbytes): 0
	Maximum resident set size (kbytes): 354008
	Average resident set size (kbytes): 0
	Major (requiring I/O) page faults: 27
	Minor (reclaiming a frame) page faults: 87758
	Voluntary context switches: 56
	Involuntary context switches: 122012
	Swaps: 0
	File system inputs: 5880
	File system outputs: 0
	Socket messages sent: 0
	Socket messages received: 0
	Signals delivered: 0
	Page size (bytes): 4096
	Exit status: 0
