Original:
Name: 
Type: DiGraph
Number of nodes: 10
Number of edges: 20
Average in degree:   2.0000
Average out degree:   2.0000
Largest Connected Component:
Name: 
Type: DiGraph
Number of nodes: 9
Number of edges: 19
Average in degree:   2.1111
Average out degree:   2.1111
Diameter: 5
TIME:  0.000245094299316
CLOCKTIME:  0.000247
	Command being timed: "python /home/cpennycu/networkx/nx.py -f /home/cpennycu/gdata/er/erd-0-10-2.snap -d 1"
	User time (seconds): 0.43
	System time (seconds): 0.13
	Percent of CPU this job got: 96%
	Elapsed (wall clock) time (h:mm:ss or m:ss): 0:00.58
	Average shared text size (kbytes): 0
	Average unshared data size (kbytes): 0
	Average stack size (kbytes): 0
	Average total size (kbytes): 0
	Maximum resident set size (kbytes): 26300
	Average resident set size (kbytes): 0
	Major (requiring I/O) page faults: 0
	Minor (reclaiming a frame) page faults: 9004
	Voluntary context switches: 9
	Involuntary context switches: 26
	Swaps: 0
	File system inputs: 8
	File system outputs: 0
	Socket messages sent: 0
	Socket messages received: 0
	Signals delivered: 0
	Page size (bytes): 4096
	Exit status: 0
