Original:
Name: 
Type: DiGraph
Number of nodes: 10
Number of edges: 40
Average in degree:   4.0000
Average out degree:   4.0000
Largest Connected Component:
Name: 
Type: DiGraph
Number of nodes: 10
Number of edges: 40
Average in degree:   4.0000
Average out degree:   4.0000
Diameter: 3
TIME:  0.000239133834839
CLOCKTIME:  0.000239
	Command being timed: "python /home/cpennycu/networkx/nx.py -f /home/cpennycu/gdata/er/erd-3-10-4.snap -d 1"
	User time (seconds): 0.30
	System time (seconds): 0.06
	Percent of CPU this job got: 60%
	Elapsed (wall clock) time (h:mm:ss or m:ss): 0:00.60
	Average shared text size (kbytes): 0
	Average unshared data size (kbytes): 0
	Average stack size (kbytes): 0
	Average total size (kbytes): 0
	Maximum resident set size (kbytes): 26328
	Average resident set size (kbytes): 0
	Major (requiring I/O) page faults: 0
	Minor (reclaiming a frame) page faults: 9011
	Voluntary context switches: 21
	Involuntary context switches: 36
	Swaps: 0
	File system inputs: 8
	File system outputs: 0
	Socket messages sent: 0
	Socket messages received: 0
	Signals delivered: 0
	Page size (bytes): 4096
	Exit status: 0
