Original:
Name: 
Type: DiGraph
Number of nodes: 983
Number of edges: 2000
Average in degree:   2.0346
Average out degree:   2.0346
Largest Connected Component:
Name: 
Type: DiGraph
Number of nodes: 1
Number of edges: 0
Average in degree:   0.0000
Average out degree:   0.0000
Diameter: 0
TIME:  9.67979431152e-05
CLOCKTIME:  0.000101
	Command being timed: "python /home/cpennycu/networkx/nx.py -f /home/cpennycu/gdata/er/erd-2-1000-2.snap -d 1"
	User time (seconds): 0.63
	System time (seconds): 0.10
	Percent of CPU this job got: 95%
	Elapsed (wall clock) time (h:mm:ss or m:ss): 0:00.77
	Average shared text size (kbytes): 0
	Average unshared data size (kbytes): 0
	Average stack size (kbytes): 0
	Average total size (kbytes): 0
	Maximum resident set size (kbytes): 32200
	Average resident set size (kbytes): 0
	Major (requiring I/O) page faults: 0
	Minor (reclaiming a frame) page faults: 10553
	Voluntary context switches: 9
	Involuntary context switches: 8
	Swaps: 0
	File system inputs: 32
	File system outputs: 0
	Socket messages sent: 0
	Socket messages received: 0
	Signals delivered: 0
	Page size (bytes): 4096
	Exit status: 0
