Original:
Name: 
Type: DiGraph
Number of nodes: 100
Number of edges: 800
Average in degree:   8.0000
Average out degree:   8.0000
Largest Connected Component:
Name: 
Type: DiGraph
Number of nodes: 100
Number of edges: 800
Average in degree:   8.0000
Average out degree:   8.0000
Diameter: 4
TIME:  0.0334861278534
CLOCKTIME:  0.026486
	Command being timed: "python /home/cpennycu/networkx/nx.py -f /home/cpennycu/gdata/er/erd-1-100-8.snap -d 1"
	User time (seconds): 0.33
	System time (seconds): 0.07
	Percent of CPU this job got: 80%
	Elapsed (wall clock) time (h:mm:ss or m:ss): 0:00.51
	Average shared text size (kbytes): 0
	Average unshared data size (kbytes): 0
	Average stack size (kbytes): 0
	Average total size (kbytes): 0
	Maximum resident set size (kbytes): 27964
	Average resident set size (kbytes): 0
	Major (requiring I/O) page faults: 0
	Minor (reclaiming a frame) page faults: 9497
	Voluntary context switches: 25
	Involuntary context switches: 41
	Swaps: 0
	File system inputs: 552
	File system outputs: 0
	Socket messages sent: 0
	Socket messages received: 0
	Signals delivered: 0
	Page size (bytes): 4096
	Exit status: 0
