Original:
Name: 
Type: DiGraph
Number of nodes: 99
Number of edges: 200
Average in degree:   2.0202
Average out degree:   2.0202
Largest Connected Component:
Name: 
Type: DiGraph
Number of nodes: 1
Number of edges: 0
Average in degree:   0.0000
Average out degree:   0.0000
Diameter: 0
TIME:  3.91006469727e-05
CLOCKTIME:  4.4e-05
	Command being timed: "python /home/cpennycu/networkx/nx.py -f /home/cpennycu/gdata/er/erd-0-100-2.snap -d 1"
	User time (seconds): 0.39
	System time (seconds): 0.08
	Percent of CPU this job got: 55%
	Elapsed (wall clock) time (h:mm:ss or m:ss): 0:00.85
	Average shared text size (kbytes): 0
	Average unshared data size (kbytes): 0
	Average stack size (kbytes): 0
	Average total size (kbytes): 0
	Maximum resident set size (kbytes): 26888
	Average resident set size (kbytes): 0
	Major (requiring I/O) page faults: 0
	Minor (reclaiming a frame) page faults: 9150
	Voluntary context switches: 20
	Involuntary context switches: 81
	Swaps: 0
	File system inputs: 8
	File system outputs: 0
	Socket messages sent: 0
	Socket messages received: 0
	Signals delivered: 0
	Page size (bytes): 4096
	Exit status: 0
