Original:
Name: 
Type: DiGraph
Number of nodes: 100000
Number of edges: 3200000
Average in degree:  32.0000
Average out degree:  32.0000
Largest Connected Component:
Name: 
Type: DiGraph
Number of nodes: 100000
Number of edges: 3200000
Average in degree:  32.0000
Average out degree:  32.0000
Diameter: 5
TIME:  377595.449633
CLOCKTIME:  369909.323407
	Command being timed: "python /home/cpennycu/networkx/nx.py -f /home/cpennycu/gdata/er/erd-0-100000-32.snap -d 1"
	User time (seconds): 370437.23
	System time (seconds): 67.72
	Percent of CPU this job got: 97%
	Elapsed (wall clock) time (h:mm:ss or m:ss): 105:03:56
	Average shared text size (kbytes): 0
	Average unshared data size (kbytes): 0
	Average stack size (kbytes): 0
	Average total size (kbytes): 0
	Maximum resident set size (kbytes): 6637164
	Average resident set size (kbytes): 0
	Major (requiring I/O) page faults: 0
	Minor (reclaiming a frame) page faults: 1643602
	Voluntary context switches: 1056
	Involuntary context switches: 4790010
	Swaps: 0
	File system inputs: 73616
	File system outputs: 5472
	Socket messages sent: 0
	Socket messages received: 0
	Signals delivered: 0
	Page size (bytes): 4096
	Exit status: 0
