Original:
Name: 
Type: DiGraph
Number of nodes: 1000
Number of edges: 4000
Average in degree:   4.0000
Average out degree:   4.0000
Largest Connected Component:
Name: 
Type: DiGraph
Number of nodes: 1
Number of edges: 0
Average in degree:   0.0000
Average out degree:   0.0000
Diameter: 0
TIME:  7.00950622559e-05
CLOCKTIME:  7.5e-05
	Command being timed: "python /home/cpennycu/networkx/nx.py -f /home/cpennycu/gdata/er/erd-0-1000-4.snap -d 1"
	User time (seconds): 0.57
	System time (seconds): 0.10
	Percent of CPU this job got: 38%
	Elapsed (wall clock) time (h:mm:ss or m:ss): 0:01.80
	Average shared text size (kbytes): 0
	Average unshared data size (kbytes): 0
	Average stack size (kbytes): 0
	Average total size (kbytes): 0
	Maximum resident set size (kbytes): 35948
	Average resident set size (kbytes): 0
	Major (requiring I/O) page faults: 54
	Minor (reclaiming a frame) page faults: 11455
	Voluntary context switches: 61
	Involuntary context switches: 131
	Swaps: 0
	File system inputs: 5168
	File system outputs: 0
	Socket messages sent: 0
	Socket messages received: 0
	Signals delivered: 0
	Page size (bytes): 4096
	Exit status: 0
