Original:
Name: 
Type: DiGraph
Number of nodes: 100
Number of edges: 3200
Average in degree:  32.0000
Average out degree:  32.0000
Largest Connected Component:
Name: 
Type: DiGraph
Number of nodes: 100
Number of edges: 3200
Average in degree:  32.0000
Average out degree:  32.0000
Diameter: 2
TIME:  0.135043859482
CLOCKTIME:  0.063058
	Command being timed: "python /home/cpennycu/networkx/nx.py -f /home/cpennycu/gdata/er/erd-2-100-32.snap -d 1"
	User time (seconds): 0.51
	System time (seconds): 0.05
	Percent of CPU this job got: 66%
	Elapsed (wall clock) time (h:mm:ss or m:ss): 0:00.84
	Average shared text size (kbytes): 0
	Average unshared data size (kbytes): 0
	Average stack size (kbytes): 0
	Average total size (kbytes): 0
	Maximum resident set size (kbytes): 33116
	Average resident set size (kbytes): 0
	Major (requiring I/O) page faults: 0
	Minor (reclaiming a frame) page faults: 10746
	Voluntary context switches: 24
	Involuntary context switches: 38
	Swaps: 0
	File system inputs: 40
	File system outputs: 0
	Socket messages sent: 0
	Socket messages received: 0
	Signals delivered: 0
	Page size (bytes): 4096
	Exit status: 0
