Original:
Name: 
Type: DiGraph
Number of nodes: 1000
Number of edges: 32000
Average in degree:  32.0000
Average out degree:  32.0000
Largest Connected Component:
Name: 
Type: DiGraph
Number of nodes: 1000
Number of edges: 32000
Average in degree:  32.0000
Average out degree:  32.0000
Diameter: 3
TIME:  28.4513480663
CLOCKTIME:  27.157205
	Command being timed: "python /home/cpennycu/networkx/nx.py -f /home/cpennycu/gdata/er/erd-2-1000-32.snap -d 1"
	User time (seconds): 28.95
	System time (seconds): 0.30
	Percent of CPU this job got: 95%
	Elapsed (wall clock) time (h:mm:ss or m:ss): 0:30.69
	Average shared text size (kbytes): 0
	Average unshared data size (kbytes): 0
	Average stack size (kbytes): 0
	Average total size (kbytes): 0
	Maximum resident set size (kbytes): 90476
	Average resident set size (kbytes): 0
	Major (requiring I/O) page faults: 0
	Minor (reclaiming a frame) page faults: 25376
	Voluntary context switches: 13
	Involuntary context switches: 733
	Swaps: 0
	File system inputs: 488
	File system outputs: 0
	Socket messages sent: 0
	Socket messages received: 0
	Signals delivered: 0
	Page size (bytes): 4096
	Exit status: 0
