Original:
Name: 
Type: DiGraph
Number of nodes: 0
Number of edges: 0

Largest Connected Component:
Traceback (most recent call last):
  File "/home/cpennycu/networkx/nx.py", line 56, in <module>
    main(sys.argv[1:])
  File "/home/cpennycu/networkx/nx.py", line 48, in main
    print nx.info(h[0])
IndexError: list index out of range
Command exited with non-zero status 1
	Command being timed: "python /home/cpennycu/networkx/nx.py -f /home/cpennycu/gdata/er/erd-1-10-32.snap -d 1"
	User time (seconds): 0.45
	System time (seconds): 0.45
	Percent of CPU this job got: 57%
	Elapsed (wall clock) time (h:mm:ss or m:ss): 0:01.56
	Average shared text size (kbytes): 0
	Average unshared data size (kbytes): 0
	Average stack size (kbytes): 0
	Average total size (kbytes): 0
	Maximum resident set size (kbytes): 26244
	Average resident set size (kbytes): 0
	Major (requiring I/O) page faults: 0
	Minor (reclaiming a frame) page faults: 8995
	Voluntary context switches: 97
	Involuntary context switches: 58
	Swaps: 0
	File system inputs: 88
	File system outputs: 0
	Socket messages sent: 0
	Socket messages received: 0
	Signals delivered: 0
	Page size (bytes): 4096
	Exit status: 1
