Original:
Name: 
Type: DiGraph
Number of nodes: 100
Number of edges: 3200
Average in degree:  32.0000
Average out degree:  32.0000
Largest Connected Component:
Name: 
Type: DiGraph
Number of nodes: 100
Number of edges: 3200
Average in degree:  32.0000
Average out degree:  32.0000
Diameter: 2
TIME:  0.0648241043091
CLOCKTIME:  0.064884
	Command being timed: "python /home/cpennycu/networkx/nx.py -f /home/cpennycu/gdata/er/erd-4-100-32.snap -d 1"
	User time (seconds): 0.53
	System time (seconds): 0.18
	Percent of CPU this job got: 82%
	Elapsed (wall clock) time (h:mm:ss or m:ss): 0:00.86
	Average shared text size (kbytes): 0
	Average unshared data size (kbytes): 0
	Average stack size (kbytes): 0
	Average total size (kbytes): 0
	Maximum resident set size (kbytes): 33120
	Average resident set size (kbytes): 0
	Major (requiring I/O) page faults: 1
	Minor (reclaiming a frame) page faults: 10750
	Voluntary context switches: 12
	Involuntary context switches: 35
	Swaps: 0
	File system inputs: 120
	File system outputs: 0
	Socket messages sent: 0
	Socket messages received: 0
	Signals delivered: 0
	Page size (bytes): 4096
	Exit status: 0
