Original:
Name: 
Type: DiGraph
Number of nodes: 98210
Number of edges: 200000
Average in degree:   2.0365
Average out degree:   2.0365
Largest Connected Component:
Name: 
Type: DiGraph
Number of nodes: 1
Number of edges: 0
Average in degree:   0.0000
Average out degree:   0.0000
Diameter: 0
TIME:  0.000181198120117
CLOCKTIME:  0.000210000000003
	Command being timed: "python /home/cpennycu/networkx/nx.py -f /home/cpennycu/gdata/er/erd-0-100000-2.snap -d 1"
	User time (seconds): 38.83
	System time (seconds): 1.44
	Percent of CPU this job got: 94%
	Elapsed (wall clock) time (h:mm:ss or m:ss): 0:42.78
	Average shared text size (kbytes): 0
	Average unshared data size (kbytes): 0
	Average stack size (kbytes): 0
	Average total size (kbytes): 0
	Maximum resident set size (kbytes): 624580
	Average resident set size (kbytes): 0
	Major (requiring I/O) page faults: 0
	Minor (reclaiming a frame) page faults: 171532
	Voluntary context switches: 28
	Involuntary context switches: 1279
	Swaps: 0
	File system inputs: 4608
	File system outputs: 0
	Socket messages sent: 0
	Socket messages received: 0
	Signals delivered: 0
	Page size (bytes): 4096
	Exit status: 0
