Original:
Name: 
Type: DiGraph
Number of nodes: 99969
Number of edges: 400000
Average in degree:   4.0012
Average out degree:   4.0012
Largest Connected Component:
Name: 
Type: DiGraph
Number of nodes: 1
Number of edges: 0
Average in degree:   0.0000
Average out degree:   0.0000
Diameter: 0
TIME:  5.60283660889e-05
CLOCKTIME:  7.4000000005e-05
	Command being timed: "python /home/cpennycu/networkx/nx.py -f /home/cpennycu/gdata/er/erd-3-100000-4.snap -d 1"
	User time (seconds): 61.64
	System time (seconds): 1.76
	Percent of CPU this job got: 64%
	Elapsed (wall clock) time (h:mm:ss or m:ss): 1:38.85
	Average shared text size (kbytes): 0
	Average unshared data size (kbytes): 0
	Average stack size (kbytes): 0
	Average total size (kbytes): 0
	Maximum resident set size (kbytes): 1042672
	Average resident set size (kbytes): 0
	Major (requiring I/O) page faults: 0
	Minor (reclaiming a frame) page faults: 251070
	Voluntary context switches: 20
	Involuntary context switches: 9414
	Swaps: 0
	File system inputs: 9208
	File system outputs: 0
	Socket messages sent: 0
	Socket messages received: 0
	Signals delivered: 0
	Page size (bytes): 4096
	Exit status: 0
