Original:
Name: 
Type: DiGraph
Number of nodes: 1000
Number of edges: 32000
Average in degree:  32.0000
Average out degree:  32.0000
Largest Connected Component:
Name: 
Type: DiGraph
Number of nodes: 1000
Number of edges: 32000
Average in degree:  32.0000
Average out degree:  32.0000
Diameter: 3
TIME:  27.1573050022
CLOCKTIME:  25.793564
	Command being timed: "python /home/cpennycu/networkx/nx.py -f /home/cpennycu/gdata/er/erd-1-1000-32.snap -d 1"
	User time (seconds): 27.62
	System time (seconds): 0.26
	Percent of CPU this job got: 94%
	Elapsed (wall clock) time (h:mm:ss or m:ss): 0:29.41
	Average shared text size (kbytes): 0
	Average unshared data size (kbytes): 0
	Average stack size (kbytes): 0
	Average total size (kbytes): 0
	Maximum resident set size (kbytes): 90508
	Average resident set size (kbytes): 0
	Major (requiring I/O) page faults: 1
	Minor (reclaiming a frame) page faults: 25892
	Voluntary context switches: 11
	Involuntary context switches: 546
	Swaps: 0
	File system inputs: 600
	File system outputs: 0
	Socket messages sent: 0
	Socket messages received: 0
	Signals delivered: 0
	Page size (bytes): 4096
	Exit status: 0
