Original:
Name: 
Type: DiGraph
Number of nodes: 100000
Number of edges: 800000
Average in degree:   8.0000
Average out degree:   8.0000
Largest Connected Component:
Name: 
Type: DiGraph
Number of nodes: 1
Number of edges: 0
Average in degree:   0.0000
Average out degree:   0.0000
Diameter: 0
TIME:  8.41617584229e-05
CLOCKTIME:  9.90000000058e-05
	Command being timed: "python /home/cpennycu/networkx/nx.py -f /home/cpennycu/gdata/er/erd-0-100000-8.snap -d 1"
	User time (seconds): 164.66
	System time (seconds): 4.14
	Percent of CPU this job got: 94%
	Elapsed (wall clock) time (h:mm:ss or m:ss): 2:57.85
	Average shared text size (kbytes): 0
	Average unshared data size (kbytes): 0
	Average stack size (kbytes): 0
	Average total size (kbytes): 0
	Maximum resident set size (kbytes): 1890392
	Average resident set size (kbytes): 0
	Major (requiring I/O) page faults: 0
	Minor (reclaiming a frame) page faults: 442510
	Voluntary context switches: 9
	Involuntary context switches: 3082
	Swaps: 0
	File system inputs: 18408
	File system outputs: 0
	Socket messages sent: 0
	Socket messages received: 0
	Signals delivered: 0
	Page size (bytes): 4096
	Exit status: 0
