Original:
Name: 
Type: Graph
Number of nodes: 10000
Number of edges: 160000
Average degree:  32.0000
Largest Connected Component:
Name: 
Type: Graph
Number of nodes: 10000
Number of edges: 160000
Average degree:  32.0000
Diameter: 4
TIME:  3113.30321121
CLOCKTIME:  2755.592267
	Command being timed: "python /home/cpennycu/networkx/nx.py -f /home/cpennycu/gdata/er/eru-0-10000-16.snap -d 0"
	User time (seconds): 2766.01
	System time (seconds): 1.70
	Percent of CPU this job got: 88%
	Elapsed (wall clock) time (h:mm:ss or m:ss): 52:06.16
	Average shared text size (kbytes): 0
	Average unshared data size (kbytes): 0
	Average stack size (kbytes): 0
	Average total size (kbytes): 0
	Maximum resident set size (kbytes): 351308
	Average resident set size (kbytes): 0
	Major (requiring I/O) page faults: 0
	Minor (reclaiming a frame) page faults: 92464
	Voluntary context switches: 40
	Involuntary context switches: 120679
	Swaps: 0
	File system inputs: 3056
	File system outputs: 0
	Socket messages sent: 0
	Socket messages received: 0
	Signals delivered: 0
	Page size (bytes): 4096
	Exit status: 0
