Original:
Name: 
Type: Graph
Number of nodes: 10000
Number of edges: 80000
Average degree:  16.0000
Largest Connected Component:
Name: 
Type: Graph
Number of nodes: 10000
Number of edges: 80000
Average degree:  16.0000
Diameter: 6
TIME:  1749.85194802
CLOCKTIME:  1533.554571
	Command being timed: "python /home/cpennycu/networkx/nx.py -f /home/cpennycu/gdata/er/eru-0-10000-8.snap -d 0"
	User time (seconds): 1539.55
	System time (seconds): 1.17
	Percent of CPU this job got: 87%
	Elapsed (wall clock) time (h:mm:ss or m:ss): 29:17.63
	Average shared text size (kbytes): 0
	Average unshared data size (kbytes): 0
	Average stack size (kbytes): 0
	Average total size (kbytes): 0
	Maximum resident set size (kbytes): 181668
	Average resident set size (kbytes): 0
	Major (requiring I/O) page faults: 0
	Minor (reclaiming a frame) page faults: 49245
	Voluntary context switches: 14
	Involuntary context switches: 71626
	Swaps: 0
	File system inputs: 1528
	File system outputs: 0
	Socket messages sent: 0
	Socket messages received: 0
	Signals delivered: 0
	Page size (bytes): 4096
	Exit status: 0
