Original:
Name: 
Type: Graph
Number of nodes: 1000
Number of edges: 8000
Average degree:  16.0000
Largest Connected Component:
Name: 
Type: Graph
Number of nodes: 1000
Number of edges: 8000
Average degree:  16.0000
Diameter: 4
TIME:  8.02463984489
CLOCKTIME:  7.847616
	Command being timed: "python /home/cpennycu/networkx/nx.py -f /home/cpennycu/gdata/er/eru-4-1000-8.snap -d 0"
	User time (seconds): 8.58
	System time (seconds): 0.15
	Percent of CPU this job got: 97%
	Elapsed (wall clock) time (h:mm:ss or m:ss): 0:08.94
	Average shared text size (kbytes): 0
	Average unshared data size (kbytes): 0
	Average stack size (kbytes): 0
	Average total size (kbytes): 0
	Maximum resident set size (kbytes): 41204
	Average resident set size (kbytes): 0
	Major (requiring I/O) page faults: 0
	Minor (reclaiming a frame) page faults: 12864
	Voluntary context switches: 14
	Involuntary context switches: 111
	Swaps: 0
	File system inputs: 128
	File system outputs: 0
	Socket messages sent: 0
	Socket messages received: 0
	Signals delivered: 0
	Page size (bytes): 4096
	Exit status: 0
