Original:
Name: 
Type: Graph
Number of nodes: 100
Number of edges: 400
Average degree:   8.0000
Largest Connected Component:
Name: 
Type: Graph
Number of nodes: 100
Number of edges: 400
Average degree:   8.0000
Diameter: 4
TIME:  0.0309860706329
CLOCKTIME:  0.031018
	Command being timed: "python /home/cpennycu/networkx/nx.py -f /home/cpennycu/gdata/er/eru-2-100-4.snap -d 0"
	User time (seconds): 0.40
	System time (seconds): 0.13
	Percent of CPU this job got: 83%
	Elapsed (wall clock) time (h:mm:ss or m:ss): 0:00.65
	Average shared text size (kbytes): 0
	Average unshared data size (kbytes): 0
	Average stack size (kbytes): 0
	Average total size (kbytes): 0
	Maximum resident set size (kbytes): 26964
	Average resident set size (kbytes): 0
	Major (requiring I/O) page faults: 0
	Minor (reclaiming a frame) page faults: 9250
	Voluntary context switches: 8
	Involuntary context switches: 44
	Swaps: 0
	File system inputs: 8
	File system outputs: 0
	Socket messages sent: 0
	Socket messages received: 0
	Signals delivered: 0
	Page size (bytes): 4096
	Exit status: 0
