Original:
Name: 
Type: Graph
Number of nodes: 1000
Number of edges: 4000
Average degree:   8.0000
Largest Connected Component:
Name: 
Type: Graph
Number of nodes: 1000
Number of edges: 4000
Average degree:   8.0000
Diameter: 6
TIME:  3.50960493088
CLOCKTIME:  3.157988
	Command being timed: "python /home/cpennycu/networkx/nx.py -f /home/cpennycu/gdata/er/eru-4-1000-4.snap -d 0"
	User time (seconds): 3.76
	System time (seconds): 0.09
	Percent of CPU this job got: 91%
	Elapsed (wall clock) time (h:mm:ss or m:ss): 0:04.23
	Average shared text size (kbytes): 0
	Average unshared data size (kbytes): 0
	Average stack size (kbytes): 0
	Average total size (kbytes): 0
	Maximum resident set size (kbytes): 35896
	Average resident set size (kbytes): 0
	Major (requiring I/O) page faults: 0
	Minor (reclaiming a frame) page faults: 11455
	Voluntary context switches: 28
	Involuntary context switches: 69
	Swaps: 0
	File system inputs: 64
	File system outputs: 0
	Socket messages sent: 0
	Socket messages received: 0
	Signals delivered: 0
	Page size (bytes): 4096
	Exit status: 0
