Original:
Name: 
Type: Graph
Number of nodes: 100
Number of edges: 1600
Average degree:  32.0000
Largest Connected Component:
Name: 
Type: Graph
Number of nodes: 100
Number of edges: 1600
Average degree:  32.0000
Diameter: 2
TIME:  0.0461549758911
CLOCKTIME:  0.046161
	Command being timed: "python /home/cpennycu/networkx/nx.py -f /home/cpennycu/gdata/er/eru-3-100-16.snap -d 0"
	User time (seconds): 0.52
	System time (seconds): 0.13
	Percent of CPU this job got: 85%
	Elapsed (wall clock) time (h:mm:ss or m:ss): 0:00.77
	Average shared text size (kbytes): 0
	Average unshared data size (kbytes): 0
	Average stack size (kbytes): 0
	Average total size (kbytes): 0
	Maximum resident set size (kbytes): 29480
	Average resident set size (kbytes): 0
	Major (requiring I/O) page faults: 0
	Minor (reclaiming a frame) page faults: 9851
	Voluntary context switches: 11
	Involuntary context switches: 28
	Swaps: 0
	File system inputs: 24
	File system outputs: 0
	Socket messages sent: 0
	Socket messages received: 0
	Signals delivered: 0
	Page size (bytes): 4096
	Exit status: 0
