Original:
Name: 
Type: Graph
Number of nodes: 100000
Number of edges: 1600000
Average degree:  32.0000
Largest Connected Component:
Name: 
Type: Graph
Number of nodes: 100000
Number of edges: 1600000
Average degree:  32.0000
Diameter: 5
TIME:  170456.985889
CLOCKTIME:  170399.80925
	Command being timed: "python /home/cpennycu/networkx/nx.py -f /home/cpennycu/gdata/er/eru-4-100000-16.snap -d 0"
	User time (seconds): 170527.70
	System time (seconds): 12.46
	Percent of CPU this job got: 99%
	Elapsed (wall clock) time (h:mm:ss or m:ss): 47:23:17
	Average shared text size (kbytes): 0
	Average unshared data size (kbytes): 0
	Average stack size (kbytes): 0
	Average total size (kbytes): 0
	Maximum resident set size (kbytes): 3245272
	Average resident set size (kbytes): 0
	Major (requiring I/O) page faults: 9
	Minor (reclaiming a frame) page faults: 792858
	Voluntary context switches: 657
	Involuntary context switches: 1486826
	Swaps: 0
	File system inputs: 816
	File system outputs: 0
	Socket messages sent: 0
	Socket messages received: 0
	Signals delivered: 0
	Page size (bytes): 4096
	Exit status: 0
