Original:
Name: 
Type: Graph
Number of nodes: 9997
Number of edges: 40000
Average degree:   8.0024
Largest Connected Component:
Name: 
Type: Graph
Number of nodes: 9997
Number of edges: 40000
Average degree:   8.0024
Diameter: 8
TIME:  1129.84713912
CLOCKTIME:  859.385774
	Command being timed: "python /home/cpennycu/networkx/nx.py -f /home/cpennycu/gdata/er/eru-2-10000-4.snap -d 0"
	User time (seconds): 861.74
	System time (seconds): 0.37
	Percent of CPU this job got: 75%
	Elapsed (wall clock) time (h:mm:ss or m:ss): 18:54.39
	Average shared text size (kbytes): 0
	Average unshared data size (kbytes): 0
	Average stack size (kbytes): 0
	Average total size (kbytes): 0
	Maximum resident set size (kbytes): 123156
	Average resident set size (kbytes): 0
	Major (requiring I/O) page faults: 0
	Minor (reclaiming a frame) page faults: 34376
	Voluntary context switches: 11
	Involuntary context switches: 72677
	Swaps: 0
	File system inputs: 768
	File system outputs: 0
	Socket messages sent: 0
	Socket messages received: 0
	Signals delivered: 0
	Page size (bytes): 4096
	Exit status: 0
