Original:
Name: 
Type: Graph
Number of nodes: 1000
Number of edges: 16000
Average degree:  32.0000
Largest Connected Component:
Name: 
Type: Graph
Number of nodes: 1000
Number of edges: 16000
Average degree:  32.0000
Diameter: 3
TIME:  27.0280520916
CLOCKTIME:  16.372723
	Command being timed: "python /home/cpennycu/networkx/nx.py -f /home/cpennycu/gdata/er/eru-3-1000-16.snap -d 0"
	User time (seconds): 17.89
	System time (seconds): 0.19
	Percent of CPU this job got: 61%
	Elapsed (wall clock) time (h:mm:ss or m:ss): 0:29.34
	Average shared text size (kbytes): 0
	Average unshared data size (kbytes): 0
	Average stack size (kbytes): 0
	Average total size (kbytes): 0
	Maximum resident set size (kbytes): 57496
	Average resident set size (kbytes): 0
	Major (requiring I/O) page faults: 0
	Minor (reclaiming a frame) page faults: 17051
	Voluntary context switches: 23
	Involuntary context switches: 2837
	Swaps: 0
	File system inputs: 248
	File system outputs: 0
	Socket messages sent: 0
	Socket messages received: 0
	Signals delivered: 0
	Page size (bytes): 4096
	Exit status: 0
