Original:
Name: 
Type: Graph
Number of nodes: 985
Number of edges: 2000
Average degree:   4.0609
Largest Connected Component:
Name: 
Type: Graph
Number of nodes: 985
Number of edges: 2000
Average degree:   4.0609
Diameter: 11
TIME:  2.91981315613
CLOCKTIME:  2.560794
	Command being timed: "python /home/cpennycu/networkx/nx.py -f /home/cpennycu/gdata/er/eru-1-1000-2.snap -d 0"
	User time (seconds): 3.06
	System time (seconds): 0.13
	Percent of CPU this job got: 86%
	Elapsed (wall clock) time (h:mm:ss or m:ss): 0:03.67
	Average shared text size (kbytes): 0
	Average unshared data size (kbytes): 0
	Average stack size (kbytes): 0
	Average total size (kbytes): 0
	Maximum resident set size (kbytes): 31432
	Average resident set size (kbytes): 0
	Major (requiring I/O) page faults: 0
	Minor (reclaiming a frame) page faults: 10343
	Voluntary context switches: 6
	Involuntary context switches: 169
	Swaps: 0
	File system inputs: 32
	File system outputs: 0
	Socket messages sent: 0
	Socket messages received: 0
	Signals delivered: 0
	Page size (bytes): 4096
	Exit status: 0
