Original:
Name: 
Type: Graph
Number of nodes: 9821
Number of edges: 20000
Average degree:   4.0729
Largest Connected Component:
Name: 
Type: Graph
Number of nodes: 9817
Number of edges: 19998
Average degree:   4.0742
Diameter: 15
TIME:  667.3659091
CLOCKTIME:  596.699739
	Command being timed: "python /home/cpennycu/networkx/nx.py -f /home/cpennycu/gdata/er/eru-3-10000-2.snap -d 0"
	User time (seconds): 598.59
	System time (seconds): 0.48
	Percent of CPU this job got: 89%
	Elapsed (wall clock) time (h:mm:ss or m:ss): 11:09.96
	Average shared text size (kbytes): 0
	Average unshared data size (kbytes): 0
	Average stack size (kbytes): 0
	Average total size (kbytes): 0
	Maximum resident set size (kbytes): 84140
	Average resident set size (kbytes): 0
	Major (requiring I/O) page faults: 0
	Minor (reclaiming a frame) page faults: 24336
	Voluntary context switches: 10
	Involuntary context switches: 26030
	Swaps: 0
	File system inputs: 384
	File system outputs: 0
	Socket messages sent: 0
	Socket messages received: 0
	Signals delivered: 0
	Page size (bytes): 4096
	Exit status: 0
