Original:
Name: 
Type: Graph
Number of nodes: 100
Number of edges: 200
Average degree:   4.0000
Largest Connected Component:
Name: 
Type: Graph
Number of nodes: 100
Number of edges: 200
Average degree:   4.0000
Diameter: 7
TIME:  0.067538022995
CLOCKTIME:  0.024415
	Command being timed: "python /home/cpennycu/networkx/nx.py -f /home/cpennycu/gdata/er/eru-4-100-2.snap -d 0"
	User time (seconds): 0.41
	System time (seconds): 0.14
	Percent of CPU this job got: 88%
	Elapsed (wall clock) time (h:mm:ss or m:ss): 0:00.63
	Average shared text size (kbytes): 0
	Average unshared data size (kbytes): 0
	Average stack size (kbytes): 0
	Average total size (kbytes): 0
	Maximum resident set size (kbytes): 26868
	Average resident set size (kbytes): 0
	Major (requiring I/O) page faults: 0
	Minor (reclaiming a frame) page faults: 9150
	Voluntary context switches: 5
	Involuntary context switches: 33
	Swaps: 0
	File system inputs: 8
	File system outputs: 0
	Socket messages sent: 0
	Socket messages received: 0
	Signals delivered: 0
	Page size (bytes): 4096
	Exit status: 0
