Original:
Name: 
Type: Graph
Number of nodes: 10000
Number of edges: 320000
Average degree:  64.0000
Largest Connected Component:
Name: 
Type: Graph
Number of nodes: 10000
Number of edges: 320000
Average degree:  64.0000
Diameter: 3
TIME:  6715.71158218
CLOCKTIME:  5876.176915
	Command being timed: "python /home/cpennycu/networkx/nx.py -f /home/cpennycu/gdata/er/eru-1-10000-32.snap -d 0"
	User time (seconds): 5899.77
	System time (seconds): 5.71
	Percent of CPU this job got: 87%
	Elapsed (wall clock) time (h:mm:ss or m:ss): 1:52:27
	Average shared text size (kbytes): 0
	Average unshared data size (kbytes): 0
	Average stack size (kbytes): 0
	Average total size (kbytes): 0
	Maximum resident set size (kbytes): 533560
	Average resident set size (kbytes): 0
	Major (requiring I/O) page faults: 0
	Minor (reclaiming a frame) page faults: 148265
	Voluntary context switches: 81
	Involuntary context switches: 261581
	Swaps: 0
	File system inputs: 6112
	File system outputs: 0
	Socket messages sent: 0
	Socket messages received: 0
	Signals delivered: 0
	Page size (bytes): 4096
	Exit status: 0
