Original:
Name: 
Type: Graph
Number of nodes: 100000
Number of edges: 800000
Average degree:  16.0000
Largest Connected Component:
Name: 
Type: Graph
Number of nodes: 100000
Number of edges: 800000
Average degree:  16.0000
Diameter: 6
TIME:  206506.633377
CLOCKTIME:  182921.625001
	Command being timed: "python /home/cpennycu/networkx/nx.py -f /home/cpennycu/gdata/er/eru-0-100000-8.snap -d 0"
	User time (seconds): 183022.62
	System time (seconds): 138.44
	Percent of CPU this job got: 88%
	Elapsed (wall clock) time (h:mm:ss or m:ss): 57:28:40
	Average shared text size (kbytes): 0
	Average unshared data size (kbytes): 0
	Average stack size (kbytes): 0
	Average total size (kbytes): 0
	Maximum resident set size (kbytes): 1555736
	Average resident set size (kbytes): 0
	Major (requiring I/O) page faults: 0
	Minor (reclaiming a frame) page faults: 418559
	Voluntary context switches: 382
	Involuntary context switches: 8017105
	Swaps: 0
	File system inputs: 18408
	File system outputs: 0
	Socket messages sent: 0
	Socket messages received: 0
	Signals delivered: 0
	Page size (bytes): 4096
	Exit status: 0
