Original:
Name: 
Type: Graph
Number of nodes: 100000
Number of edges: 3200000
Average degree:  64.0000
Largest Connected Component:
Name: 
Type: Graph
Number of nodes: 100000
Number of edges: 3200000
Average degree:  64.0000
Diameter: 4
TIME:  443402.829149
CLOCKTIME:  419675.469572
	Command being timed: "python /home/cpennycu/networkx/nx.py -f /home/cpennycu/gdata/er/eru-2-100000-32.snap -d 0"
	User time (seconds): 420029.37
	System time (seconds): 201.82
	Percent of CPU this job got: 94%
	Elapsed (wall clock) time (h:mm:ss or m:ss): 123:26:21
	Average shared text size (kbytes): 0
	Average unshared data size (kbytes): 0
	Average stack size (kbytes): 0
	Average total size (kbytes): 0
	Maximum resident set size (kbytes): 5042736
	Average resident set size (kbytes): 0
	Major (requiring I/O) page faults: 0
	Minor (reclaiming a frame) page faults: 1368194
	Voluntary context switches: 1311
	Involuntary context switches: 8836982
	Swaps: 0
	File system inputs: 73616
	File system outputs: 0
	Socket messages sent: 0
	Socket messages received: 0
	Signals delivered: 0
	Page size (bytes): 4096
	Exit status: 0
