Original:
Name: 
Type: Graph
Number of nodes: 99979
Number of edges: 400000
Average degree:   8.0017
Largest Connected Component:
Name: 
Type: Graph
Number of nodes: 99979
Number of edges: 400000
Average degree:   8.0017
Diameter: 10
TIME:  153994.747443
CLOCKTIME:  135377.57061
	Command being timed: "python /home/cpennycu/networkx/nx.py -f /home/cpennycu/gdata/er/eru-2-100000-4.snap -d 0"
	User time (seconds): 135434.87
	System time (seconds): 110.47
	Percent of CPU this job got: 87%
	Elapsed (wall clock) time (h:mm:ss or m:ss): 42:51:33
	Average shared text size (kbytes): 0
	Average unshared data size (kbytes): 0
	Average stack size (kbytes): 0
	Average total size (kbytes): 0
	Maximum resident set size (kbytes): 1003328
	Average resident set size (kbytes): 0
	Major (requiring I/O) page faults: 0
	Minor (reclaiming a frame) page faults: 270671
	Voluntary context switches: 271
	Involuntary context switches: 6009988
	Swaps: 0
	File system inputs: 9208
	File system outputs: 0
	Socket messages sent: 0
	Socket messages received: 0
	Signals delivered: 0
	Page size (bytes): 4096
	Exit status: 0
