Original:
Name: 
Type: Graph
Number of nodes: 998
Number of edges: 4000
Average degree:   8.0160
Largest Connected Component:
Name: 
Type: Graph
Number of nodes: 998
Number of edges: 4000
Average degree:   8.0160
Diameter: 6
TIME:  4.8068010807
CLOCKTIME:  4.795893
	Command being timed: "python /home/cpennycu/networkx/nx.py -f /home/cpennycu/gdata/er/eru-1-1000-4.snap -d 0"
	User time (seconds): 5.55
	System time (seconds): 0.17
	Percent of CPU this job got: 98%
	Elapsed (wall clock) time (h:mm:ss or m:ss): 0:05.78
	Average shared text size (kbytes): 0
	Average unshared data size (kbytes): 0
	Average stack size (kbytes): 0
	Average total size (kbytes): 0
	Maximum resident set size (kbytes): 35904
	Average resident set size (kbytes): 0
	Major (requiring I/O) page faults: 0
	Minor (reclaiming a frame) page faults: 11457
	Voluntary context switches: 8
	Involuntary context switches: 70
	Swaps: 0
	File system inputs: 64
	File system outputs: 0
	Socket messages sent: 0
	Socket messages received: 0
	Signals delivered: 0
	Page size (bytes): 4096
	Exit status: 0
