Original:
Name: 
Type: Graph
Number of nodes: 100000
Number of edges: 151640
Average degree:   3.0328
Largest Connected Component:
Name: 
Type: Graph
Number of nodes: 100000
Number of edges: 151640
Average degree:   3.0328
Diameter: 21
TIME:  81143.046356
CLOCKTIME:  73932.686542
	Command being timed: "python /home/cpennycu/networkx/nx.py -f /home/cpennycu/gdata/sf/sf-0-100000-2.8.snap -d 0"
	User time (seconds): 73947.73
	System time (seconds): 16.17
	Percent of CPU this job got: 91%
	Elapsed (wall clock) time (h:mm:ss or m:ss): 22:32:56
	Average shared text size (kbytes): 0
	Average unshared data size (kbytes): 0
	Average stack size (kbytes): 0
	Average total size (kbytes): 0
	Maximum resident set size (kbytes): 420712
	Average resident set size (kbytes): 0
	Major (requiring I/O) page faults: 0
	Minor (reclaiming a frame) page faults: 117057
	Voluntary context switches: 103
	Involuntary context switches: 2774504
	Swaps: 0
	File system inputs: 3504
	File system outputs: 0
	Socket messages sent: 0
	Socket messages received: 0
	Signals delivered: 0
	Page size (bytes): 4096
	Exit status: 0
