Original:
Name: 
Type: Graph
Number of nodes: 10000
Number of edges: 16674
Average degree:   3.3348
Largest Connected Component:
Name: 
Type: Graph
Number of nodes: 10000
Number of edges: 16674
Average degree:   3.3348
Diameter: 14
TIME:  860.199242115
CLOCKTIME:  648.415803
	Command being timed: "python /home/cpennycu/networkx/nx.py -f /home/cpennycu/gdata/sf/sf-0-10000-2.6.snap -d 0"
	User time (seconds): 653.70
	System time (seconds): 0.72
	Percent of CPU this job got: 75%
	Elapsed (wall clock) time (h:mm:ss or m:ss): 14:27.17
	Average shared text size (kbytes): 0
	Average unshared data size (kbytes): 0
	Average stack size (kbytes): 0
	Average total size (kbytes): 0
	Maximum resident set size (kbytes): 68560
	Average resident set size (kbytes): 0
	Major (requiring I/O) page faults: 0
	Minor (reclaiming a frame) page faults: 20585
	Voluntary context switches: 17
	Involuntary context switches: 24574
	Swaps: 0
	File system inputs: 336
	File system outputs: 0
	Socket messages sent: 0
	Socket messages received: 0
	Signals delivered: 0
	Page size (bytes): 4096
	Exit status: 0
