Original:
Name: 
Type: Graph
Number of nodes: 100000
Number of edges: 172407
Average degree:   3.4481
Largest Connected Component:
Name: 
Type: Graph
Number of nodes: 100000
Number of edges: 172407
Average degree:   3.4481
Diameter: 17
TIME:  95687.805793
CLOCKTIME:  84004.514477
	Command being timed: "python /home/cpennycu/networkx/nx.py -f /home/cpennycu/gdata/sf/sf-0-100000-2.6.snap -d 0"
	User time (seconds): 84029.18
	System time (seconds): 53.28
	Percent of CPU this job got: 87%
	Elapsed (wall clock) time (h:mm:ss or m:ss): 26:37:08
	Average shared text size (kbytes): 0
	Average unshared data size (kbytes): 0
	Average stack size (kbytes): 0
	Average total size (kbytes): 0
	Maximum resident set size (kbytes): 449264
	Average resident set size (kbytes): 0
	Major (requiring I/O) page faults: 0
	Minor (reclaiming a frame) page faults: 128734
	Voluntary context switches: 145
	Involuntary context switches: 3669601
	Swaps: 0
	File system inputs: 3976
	File system outputs: 0
	Socket messages sent: 0
	Socket messages received: 0
	Signals delivered: 0
	Page size (bytes): 4096
	Exit status: 0
