Original:
Name: 
Type: Graph
Number of nodes: 10000
Number of edges: 17238
Average degree:   3.4476
Largest Connected Component:
Name: 
Type: Graph
Number of nodes: 10000
Number of edges: 17238
Average degree:   3.4476
Diameter: 13
TIME:  581.562977076
CLOCKTIME:  580.254237
	Command being timed: "python /home/cpennycu/networkx/nx.py -f /home/cpennycu/gdata/sf/sf-0-10000-2.7.snap -d 0"
	User time (seconds): 582.15
	System time (seconds): 0.34
	Percent of CPU this job got: 99%
	Elapsed (wall clock) time (h:mm:ss or m:ss): 9:43.82
	Average shared text size (kbytes): 0
	Average unshared data size (kbytes): 0
	Average stack size (kbytes): 0
	Average total size (kbytes): 0
	Maximum resident set size (kbytes): 70352
	Average resident set size (kbytes): 0
	Major (requiring I/O) page faults: 0
	Minor (reclaiming a frame) page faults: 20355
	Voluntary context switches: 21
	Involuntary context switches: 5358
	Swaps: 0
	File system inputs: 344
	File system outputs: 0
	Socket messages sent: 0
	Socket messages received: 0
	Signals delivered: 0
	Page size (bytes): 4096
	Exit status: 0
