Original:
Name: 
Type: Graph
Number of nodes: 10
Number of edges: 18
Average degree:   3.6000
Largest Connected Component:
Name: 
Type: Graph
Number of nodes: 10
Number of edges: 18
Average degree:   3.6000
Diameter: 2
TIME:  0.000319957733154
CLOCKTIME:  0.000318
	Command being timed: "python /home/cpennycu/networkx/nx.py -f /home/cpennycu/gdata/sf/sf-0-10-2.1.snap -d 0"
	User time (seconds): 0.41
	System time (seconds): 0.09
	Percent of CPU this job got: 92%
	Elapsed (wall clock) time (h:mm:ss or m:ss): 0:00.54
	Average shared text size (kbytes): 0
	Average unshared data size (kbytes): 0
	Average stack size (kbytes): 0
	Average total size (kbytes): 0
	Maximum resident set size (kbytes): 26288
	Average resident set size (kbytes): 0
	Major (requiring I/O) page faults: 0
	Minor (reclaiming a frame) page faults: 9000
	Voluntary context switches: 13
	Involuntary context switches: 43
	Swaps: 0
	File system inputs: 32
	File system outputs: 0
	Socket messages sent: 0
	Socket messages received: 0
	Signals delivered: 0
	Page size (bytes): 4096
	Exit status: 0
