Original:
Name: 
Type: Graph
Number of nodes: 1000
Number of edges: 3214
Average degree:   6.4280
Largest Connected Component:
Name: 
Type: Graph
Number of nodes: 1000
Number of edges: 3214
Average degree:   6.4280
Diameter: 6
TIME:  3.58671593666
CLOCKTIME:  3.565227
	Command being timed: "python /home/cpennycu/networkx/nx.py -f /home/cpennycu/gdata/sf/sf-0-1000-2.1.snap -d 0"
	User time (seconds): 3.94
	System time (seconds): 0.11
	Percent of CPU this job got: 98%
	Elapsed (wall clock) time (h:mm:ss or m:ss): 0:04.10
	Average shared text size (kbytes): 0
	Average unshared data size (kbytes): 0
	Average stack size (kbytes): 0
	Average total size (kbytes): 0
	Maximum resident set size (kbytes): 32552
	Average resident set size (kbytes): 0
	Major (requiring I/O) page faults: 0
	Minor (reclaiming a frame) page faults: 10607
	Voluntary context switches: 21
	Involuntary context switches: 117
	Swaps: 0
	File system inputs: 72
	File system outputs: 0
	Socket messages sent: 0
	Socket messages received: 0
	Signals delivered: 0
	Page size (bytes): 4096
	Exit status: 0
