Original:
Name: 
Type: Graph
Number of nodes: 10000
Number of edges: 13712
Average degree:   2.7424
Largest Connected Component:
Name: 
Type: Graph
Number of nodes: 10000
Number of edges: 13712
Average degree:   2.7424
Diameter: 21
TIME:  609.98020792
CLOCKTIME:  541.041379
	Command being timed: "python /home/cpennycu/networkx/nx.py -f /home/cpennycu/gdata/sf/sf-0-10000-3.0.snap -d 0"
	User time (seconds): 542.69
	System time (seconds): 0.37
	Percent of CPU this job got: 88%
	Elapsed (wall clock) time (h:mm:ss or m:ss): 10:12.31
	Average shared text size (kbytes): 0
	Average unshared data size (kbytes): 0
	Average stack size (kbytes): 0
	Average total size (kbytes): 0
	Maximum resident set size (kbytes): 64956
	Average resident set size (kbytes): 0
	Major (requiring I/O) page faults: 0
	Minor (reclaiming a frame) page faults: 18757
	Voluntary context switches: 33
	Involuntary context switches: 23072
	Swaps: 0
	File system inputs: 288
	File system outputs: 0
	Socket messages sent: 0
	Socket messages received: 0
	Signals delivered: 0
	Page size (bytes): 4096
	Exit status: 0
