Original:
Name: 
Type: Graph
Number of nodes: 100000
Number of edges: 396135
Average degree:   7.9227
Largest Connected Component:
Name: 
Type: Graph
Number of nodes: 100000
Number of edges: 396135
Average degree:   7.9227
Diameter: 6
TIME:  135687.423623
CLOCKTIME:  119324.651777
	Command being timed: "python /home/cpennycu/networkx/nx.py -f /home/cpennycu/gdata/sf/sf-0-100000-2.2.snap -d 0"
	User time (seconds): 119374.90
	System time (seconds): 100.46
	Percent of CPU this job got: 87%
	Elapsed (wall clock) time (h:mm:ss or m:ss): 37:45:50
	Average shared text size (kbytes): 0
	Average unshared data size (kbytes): 0
	Average stack size (kbytes): 0
	Average total size (kbytes): 0
	Maximum resident set size (kbytes): 786384
	Average resident set size (kbytes): 0
	Major (requiring I/O) page faults: 0
	Minor (reclaiming a frame) page faults: 223012
	Voluntary context switches: 226
	Involuntary context switches: 5238840
	Swaps: 0
	File system inputs: 9096
	File system outputs: 0
	Socket messages sent: 0
	Socket messages received: 0
	Signals delivered: 0
	Page size (bytes): 4096
	Exit status: 0
