Original:
Name: 
Type: Graph
Number of nodes: 100
Number of edges: 192
Average degree:   3.8400
Largest Connected Component:
Name: 
Type: Graph
Number of nodes: 100
Number of edges: 192
Average degree:   3.8400
Diameter: 6
TIME:  0.052051782608
CLOCKTIME:  0.024054
	Command being timed: "python /home/cpennycu/networkx/nx.py -f /home/cpennycu/gdata/sf/sf-0-100-2.1.snap -d 0"
	User time (seconds): 0.39
	System time (seconds): 0.07
	Percent of CPU this job got: 55%
	Elapsed (wall clock) time (h:mm:ss or m:ss): 0:00.85
	Average shared text size (kbytes): 0
	Average unshared data size (kbytes): 0
	Average stack size (kbytes): 0
	Average total size (kbytes): 0
	Maximum resident set size (kbytes): 26648
	Average resident set size (kbytes): 0
	Major (requiring I/O) page faults: 0
	Minor (reclaiming a frame) page faults: 9104
	Voluntary context switches: 21
	Involuntary context switches: 32
	Swaps: 0
	File system inputs: 32
	File system outputs: 0
	Socket messages sent: 0
	Socket messages received: 0
	Signals delivered: 0
	Page size (bytes): 4096
	Exit status: 0
