Original:
Name: 
Type: Graph
Number of nodes: 10000
Number of edges: 31518
Average degree:   6.3036
Largest Connected Component:
Name: 
Type: Graph
Number of nodes: 10000
Number of edges: 31518
Average degree:   6.3036
Diameter: 7
TIME:  931.165318966
CLOCKTIME:  812.829304
	Command being timed: "python /home/cpennycu/networkx/nx.py -f /home/cpennycu/gdata/sf/sf-0-10000-2.2.snap -d 0"
	User time (seconds): 815.45
	System time (seconds): 0.45
	Percent of CPU this job got: 87%
	Elapsed (wall clock) time (h:mm:ss or m:ss): 15:34.76
	Average shared text size (kbytes): 0
	Average unshared data size (kbytes): 0
	Average stack size (kbytes): 0
	Average total size (kbytes): 0
	Maximum resident set size (kbytes): 89384
	Average resident set size (kbytes): 0
	Major (requiring I/O) page faults: 0
	Minor (reclaiming a frame) page faults: 26383
	Voluntary context switches: 15
	Involuntary context switches: 38950
	Swaps: 0
	File system inputs: 624
	File system outputs: 0
	Socket messages sent: 0
	Socket messages received: 0
	Signals delivered: 0
	Page size (bytes): 4096
	Exit status: 0
