Original:
Name: 
Type: Graph
Number of nodes: 10
Number of edges: 15
Average degree:   3.0000
Largest Connected Component:
Name: 
Type: Graph
Number of nodes: 10
Number of edges: 15
Average degree:   3.0000
Diameter: 3
TIME:  0.000309944152832
CLOCKTIME:  0.000313
	Command being timed: "python /home/cpennycu/networkx/nx.py -f /home/cpennycu/gdata/sf/sf-0-10-2.2.snap -d 0"
	User time (seconds): 0.41
	System time (seconds): 0.12
	Percent of CPU this job got: 94%
	Elapsed (wall clock) time (h:mm:ss or m:ss): 0:00.57
	Average shared text size (kbytes): 0
	Average unshared data size (kbytes): 0
	Average stack size (kbytes): 0
	Average total size (kbytes): 0
	Maximum resident set size (kbytes): 26284
	Average resident set size (kbytes): 0
	Major (requiring I/O) page faults: 0
	Minor (reclaiming a frame) page faults: 9001
	Voluntary context switches: 10
	Involuntary context switches: 40
	Swaps: 0
	File system inputs: 32
	File system outputs: 0
	Socket messages sent: 0
	Socket messages received: 0
	Signals delivered: 0
	Page size (bytes): 4096
	Exit status: 0
