Original:
Name: 
Type: Graph
Number of nodes: 100
Number of edges: 177
Average degree:   3.5400
Largest Connected Component:
Name: 
Type: Graph
Number of nodes: 100
Number of edges: 177
Average degree:   3.5400
Diameter: 7
TIME:  0.0233981609344
CLOCKTIME:  0.023424
	Command being timed: "python /home/cpennycu/networkx/nx.py -f /home/cpennycu/gdata/sf/sf-1-100-2.4.snap -d 0"
	User time (seconds): 0.45
	System time (seconds): 0.14
	Percent of CPU this job got: 88%
	Elapsed (wall clock) time (h:mm:ss or m:ss): 0:00.67
	Average shared text size (kbytes): 0
	Average unshared data size (kbytes): 0
	Average stack size (kbytes): 0
	Average total size (kbytes): 0
	Maximum resident set size (kbytes): 26656
	Average resident set size (kbytes): 0
	Major (requiring I/O) page faults: 0
	Minor (reclaiming a frame) page faults: 9109
	Voluntary context switches: 11
	Involuntary context switches: 39
	Swaps: 0
	File system inputs: 32
	File system outputs: 0
	Socket messages sent: 0
	Socket messages received: 0
	Signals delivered: 0
	Page size (bytes): 4096
	Exit status: 0
