Original:
Name: 
Type: Graph
Number of nodes: 1000
Number of edges: 4965
Average degree:   9.9300
Largest Connected Component:
Name: 
Type: Graph
Number of nodes: 1000
Number of edges: 4965
Average degree:   9.9300
Diameter: 4
TIME:  8.13538479805
CLOCKTIME:  4.306616
	Command being timed: "python /home/cpennycu/networkx/nx.py -f /home/cpennycu/gdata/sf/sf-1-1000-2.0.snap -d 0"
	User time (seconds): 4.90
	System time (seconds): 0.10
	Percent of CPU this job got: 52%
	Elapsed (wall clock) time (h:mm:ss or m:ss): 0:09.46
	Average shared text size (kbytes): 0
	Average unshared data size (kbytes): 0
	Average stack size (kbytes): 0
	Average total size (kbytes): 0
	Maximum resident set size (kbytes): 36144
	Average resident set size (kbytes): 0
	Major (requiring I/O) page faults: 0
	Minor (reclaiming a frame) page faults: 11500
	Voluntary context switches: 12
	Involuntary context switches: 1088
	Swaps: 0
	File system inputs: 88
	File system outputs: 0
	Socket messages sent: 0
	Socket messages received: 0
	Signals delivered: 0
	Page size (bytes): 4096
	Exit status: 0
