Original:
Name: 
Type: Graph
Number of nodes: 1000
Number of edges: 1701
Average degree:   3.4020
Largest Connected Component:
Name: 
Type: Graph
Number of nodes: 1000
Number of edges: 1701
Average degree:   3.4020
Diameter: 10
TIME:  5.15294599533
CLOCKTIME:  3.163526
	Command being timed: "python /home/cpennycu/networkx/nx.py -f /home/cpennycu/gdata/sf/sf-1-1000-2.5.snap -d 0"
	User time (seconds): 3.70
	System time (seconds): 0.09
	Percent of CPU this job got: 60%
	Elapsed (wall clock) time (h:mm:ss or m:ss): 0:06.25
	Average shared text size (kbytes): 0
	Average unshared data size (kbytes): 0
	Average stack size (kbytes): 0
	Average total size (kbytes): 0
	Maximum resident set size (kbytes): 30672
	Average resident set size (kbytes): 0
	Major (requiring I/O) page faults: 0
	Minor (reclaiming a frame) page faults: 10178
	Voluntary context switches: 25
	Involuntary context switches: 581
	Swaps: 0
	File system inputs: 32
	File system outputs: 0
	Socket messages sent: 0
	Socket messages received: 0
	Signals delivered: 0
	Page size (bytes): 4096
	Exit status: 0
