Original:
Name: 
Type: Graph
Number of nodes: 1000
Number of edges: 1485
Average degree:   2.9700
Largest Connected Component:
Name: 
Type: Graph
Number of nodes: 1000
Number of edges: 1485
Average degree:   2.9700
Diameter: 14
TIME:  2.80907201767
CLOCKTIME:  2.572038
	Command being timed: "python /home/cpennycu/networkx/nx.py -f /home/cpennycu/gdata/sf/sf-1-1000-2.8.snap -d 0"
	User time (seconds): 3.11
	System time (seconds): 0.10
	Percent of CPU this job got: 90%
	Elapsed (wall clock) time (h:mm:ss or m:ss): 0:03.56
	Average shared text size (kbytes): 0
	Average unshared data size (kbytes): 0
	Average stack size (kbytes): 0
	Average total size (kbytes): 0
	Maximum resident set size (kbytes): 29736
	Average resident set size (kbytes): 0
	Major (requiring I/O) page faults: 0
	Minor (reclaiming a frame) page faults: 9921
	Voluntary context switches: 16
	Involuntary context switches: 105
	Swaps: 0
	File system inputs: 32
	File system outputs: 0
	Socket messages sent: 0
	Socket messages received: 0
	Signals delivered: 0
	Page size (bytes): 4096
	Exit status: 0
