Original:
Name: 
Type: Graph
Number of nodes: 10000
Number of edges: 20835
Average degree:   4.1670
Largest Connected Component:
Name: 
Type: Graph
Number of nodes: 10000
Number of edges: 20835
Average degree:   4.1670
Diameter: 10
TIME:  927.066736937
CLOCKTIME:  512.76253
	Command being timed: "python /home/cpennycu/networkx/nx.py -f /home/cpennycu/gdata/sf/sf-1-10000-2.4.snap -d 0"
	User time (seconds): 517.52
	System time (seconds): 18.56
	Percent of CPU this job got: 55%
	Elapsed (wall clock) time (h:mm:ss or m:ss): 16:05.84
	Average shared text size (kbytes): 0
	Average unshared data size (kbytes): 0
	Average stack size (kbytes): 0
	Average total size (kbytes): 0
	Maximum resident set size (kbytes): 75276
	Average resident set size (kbytes): 0
	Major (requiring I/O) page faults: 0
	Minor (reclaiming a frame) page faults: 22808
	Voluntary context switches: 27
	Involuntary context switches: 99391
	Swaps: 0
	File system inputs: 416
	File system outputs: 0
	Socket messages sent: 0
	Socket messages received: 0
	Signals delivered: 0
	Page size (bytes): 4096
	Exit status: 0
