Original:
Name: 
Type: Graph
Number of nodes: 10000
Number of edges: 23070
Average degree:   4.6140
Largest Connected Component:
Name: 
Type: Graph
Number of nodes: 10000
Number of edges: 23070
Average degree:   4.6140
Diameter: 9
TIME:  781.977753878
CLOCKTIME:  706.569792
	Command being timed: "python /home/cpennycu/networkx/nx.py -f /home/cpennycu/gdata/sf/sf-1-10000-2.3.snap -d 0"
	User time (seconds): 708.79
	System time (seconds): 0.79
	Percent of CPU this job got: 90%
	Elapsed (wall clock) time (h:mm:ss or m:ss): 13:05.45
	Average shared text size (kbytes): 0
	Average unshared data size (kbytes): 0
	Average stack size (kbytes): 0
	Average total size (kbytes): 0
	Maximum resident set size (kbytes): 77452
	Average resident set size (kbytes): 0
	Major (requiring I/O) page faults: 21
	Minor (reclaiming a frame) page faults: 23132
	Voluntary context switches: 37
	Involuntary context switches: 30006
	Swaps: 0
	File system inputs: 2112
	File system outputs: 0
	Socket messages sent: 0
	Socket messages received: 0
	Signals delivered: 0
	Page size (bytes): 4096
	Exit status: 0
