Original:
Name: 
Type: Graph
Number of nodes: 100000
Number of edges: 419080
Average degree:   8.3816
Largest Connected Component:
Name: 
Type: Graph
Number of nodes: 100000
Number of edges: 419080
Average degree:   8.3816
Diameter: 7
TIME:  156760.059206
CLOCKTIME:  137603.180945
	Command being timed: "python /home/cpennycu/networkx/nx.py -f /home/cpennycu/gdata/sf/sf-1-100000-2.1.snap -d 0"
	User time (seconds): 137651.00
	System time (seconds): 110.62
	Percent of CPU this job got: 87%
	Elapsed (wall clock) time (h:mm:ss or m:ss): 43:37:19
	Average shared text size (kbytes): 0
	Average unshared data size (kbytes): 0
	Average stack size (kbytes): 0
	Average total size (kbytes): 0
	Maximum resident set size (kbytes): 828964
	Average resident set size (kbytes): 0
	Major (requiring I/O) page faults: 0
	Minor (reclaiming a frame) page faults: 234208
	Voluntary context switches: 186
	Involuntary context switches: 6094324
	Swaps: 0
	File system inputs: 9640
	File system outputs: 0
	Socket messages sent: 0
	Socket messages received: 0
	Signals delivered: 0
	Page size (bytes): 4096
	Exit status: 0
