Original:
Name: 
Type: Graph
Number of nodes: 10000
Number of edges: 19841
Average degree:   3.9682
Largest Connected Component:
Name: 
Type: Graph
Number of nodes: 10000
Number of edges: 19841
Average degree:   3.9682
Diameter: 10
TIME:  662.108673096
CLOCKTIME:  596.160704
	Command being timed: "python /home/cpennycu/networkx/nx.py -f /home/cpennycu/gdata/sf/sf-1-10000-2.5.snap -d 0"
	User time (seconds): 597.73
	System time (seconds): 0.38
	Percent of CPU this job got: 90%
	Elapsed (wall clock) time (h:mm:ss or m:ss): 11:04.43
	Average shared text size (kbytes): 0
	Average unshared data size (kbytes): 0
	Average stack size (kbytes): 0
	Average total size (kbytes): 0
	Maximum resident set size (kbytes): 73140
	Average resident set size (kbytes): 0
	Major (requiring I/O) page faults: 0
	Minor (reclaiming a frame) page faults: 23108
	Voluntary context switches: 16
	Involuntary context switches: 23598
	Swaps: 0
	File system inputs: 392
	File system outputs: 0
	Socket messages sent: 0
	Socket messages received: 0
	Signals delivered: 0
	Page size (bytes): 4096
	Exit status: 0
