Original:
Name: 
Type: Graph
Number of nodes: 10000
Number of edges: 16986
Average degree:   3.3972
Largest Connected Component:
Name: 
Type: Graph
Number of nodes: 10000
Number of edges: 16986
Average degree:   3.3972
Diameter: 13
TIME:  840.581330061
CLOCKTIME:  565.745834
	Command being timed: "python /home/cpennycu/networkx/nx.py -f /home/cpennycu/gdata/sf/sf-1-10000-2.7.snap -d 0"
	User time (seconds): 567.21
	System time (seconds): 0.45
	Percent of CPU this job got: 67%
	Elapsed (wall clock) time (h:mm:ss or m:ss): 14:03.30
	Average shared text size (kbytes): 0
	Average unshared data size (kbytes): 0
	Average stack size (kbytes): 0
	Average total size (kbytes): 0
	Maximum resident set size (kbytes): 68820
	Average resident set size (kbytes): 0
	Major (requiring I/O) page faults: 0
	Minor (reclaiming a frame) page faults: 21271
	Voluntary context switches: 19
	Involuntary context switches: 72688
	Swaps: 0
	File system inputs: 344
	File system outputs: 0
	Socket messages sent: 0
	Socket messages received: 0
	Signals delivered: 0
	Page size (bytes): 4096
	Exit status: 0
