Original:
Name: 
Type: Graph
Number of nodes: 100000
Number of edges: 144529
Average degree:   2.8906
Largest Connected Component:
Name: 
Type: Graph
Number of nodes: 99998
Number of edges: 144528
Average degree:   2.8906
Diameter: 25
TIME:  91495.9761329
CLOCKTIME:  81401.62247
	Command being timed: "python /home/cpennycu/networkx/nx.py -f /home/cpennycu/gdata/sf/sf-1-100000-2.9.snap -d 0"
	User time (seconds): 81406.49
	System time (seconds): 18.82
	Percent of CPU this job got: 88%
	Elapsed (wall clock) time (h:mm:ss or m:ss): 25:25:39
	Average shared text size (kbytes): 0
	Average unshared data size (kbytes): 0
	Average stack size (kbytes): 0
	Average total size (kbytes): 0
	Maximum resident set size (kbytes): 415488
	Average resident set size (kbytes): 0
	Major (requiring I/O) page faults: 0
	Minor (reclaiming a frame) page faults: 109026
	Voluntary context switches: 85
	Involuntary context switches: 3311447
	Swaps: 0
	File system inputs: 3336
	File system outputs: 0
	Socket messages sent: 0
	Socket messages received: 0
	Signals delivered: 0
	Page size (bytes): 4096
	Exit status: 0
