Original:
Name: 
Type: Graph
Number of nodes: 1000
Number of edges: 2441
Average degree:   4.8820
Largest Connected Component:
Name: 
Type: Graph
Number of nodes: 1000
Number of edges: 2441
Average degree:   4.8820
Diameter: 7
TIME:  3.20502400398
CLOCKTIME:  3.188702
	Command being timed: "python /home/cpennycu/networkx/nx.py -f /home/cpennycu/gdata/sf/sf-1-1000-2.2.snap -d 0"
	User time (seconds): 3.73
	System time (seconds): 0.13
	Percent of CPU this job got: 98%
	Elapsed (wall clock) time (h:mm:ss or m:ss): 0:03.93
	Average shared text size (kbytes): 0
	Average unshared data size (kbytes): 0
	Average stack size (kbytes): 0
	Average total size (kbytes): 0
	Maximum resident set size (kbytes): 31436
	Average resident set size (kbytes): 0
	Major (requiring I/O) page faults: 0
	Minor (reclaiming a frame) page faults: 10360
	Voluntary context switches: 13
	Involuntary context switches: 101
	Swaps: 0
	File system inputs: 56
	File system outputs: 0
	Socket messages sent: 0
	Socket messages received: 0
	Signals delivered: 0
	Page size (bytes): 4096
	Exit status: 0
