Original:
Name: 
Type: Graph
Number of nodes: 100000
Number of edges: 170962
Average degree:   3.4192
Largest Connected Component:
Name: 
Type: Graph
Number of nodes: 100000
Number of edges: 170962
Average degree:   3.4192
Diameter: 16
TIME:  91922.6847668
CLOCKTIME:  80742.309651
	Command being timed: "python /home/cpennycu/networkx/nx.py -f /home/cpennycu/gdata/sf/sf-2-100000-2.6.snap -d 0"
	User time (seconds): 80769.16
	System time (seconds): 57.27
	Percent of CPU this job got: 87%
	Elapsed (wall clock) time (h:mm:ss or m:ss): 25:34:35
	Average shared text size (kbytes): 0
	Average unshared data size (kbytes): 0
	Average stack size (kbytes): 0
	Average total size (kbytes): 0
	Maximum resident set size (kbytes): 447244
	Average resident set size (kbytes): 0
	Major (requiring I/O) page faults: 1
	Minor (reclaiming a frame) page faults: 129838
	Voluntary context switches: 1045
	Involuntary context switches: 3538444
	Swaps: 0
	File system inputs: 4200
	File system outputs: 0
	Socket messages sent: 0
	Socket messages received: 0
	Signals delivered: 0
	Page size (bytes): 4096
	Exit status: 0
