Original:
Name: 
Type: Graph
Number of nodes: 10000
Number of edges: 17539
Average degree:   3.5078
Largest Connected Component:
Name: 
Type: Graph
Number of nodes: 10000
Number of edges: 17539
Average degree:   3.5078
Diameter: 13
TIME:  606.555984974
CLOCKTIME:  594.298213
	Command being timed: "python /home/cpennycu/networkx/nx.py -f /home/cpennycu/gdata/sf/sf-2-10000-2.6.snap -d 0"
	User time (seconds): 595.81
	System time (seconds): 0.20
	Percent of CPU this job got: 97%
	Elapsed (wall clock) time (h:mm:ss or m:ss): 10:08.92
	Average shared text size (kbytes): 0
	Average unshared data size (kbytes): 0
	Average stack size (kbytes): 0
	Average total size (kbytes): 0
	Maximum resident set size (kbytes): 70864
	Average resident set size (kbytes): 0
	Major (requiring I/O) page faults: 0
	Minor (reclaiming a frame) page faults: 21097
	Voluntary context switches: 15
	Involuntary context switches: 6679
	Swaps: 0
	File system inputs: 360
	File system outputs: 0
	Socket messages sent: 0
	Socket messages received: 0
	Signals delivered: 0
	Page size (bytes): 4096
	Exit status: 0
