Original:
Name: 
Type: Graph
Number of nodes: 10000
Number of edges: 14216
Average degree:   2.8432
Largest Connected Component:
Name: 
Type: Graph
Number of nodes: 10000
Number of edges: 14216
Average degree:   2.8432
Diameter: 20
TIME:  597.255697966
CLOCKTIME:  449.020857
	Command being timed: "python /home/cpennycu/networkx/nx.py -f /home/cpennycu/gdata/sf/sf-2-10000-2.9.snap -d 0"
	User time (seconds): 450.49
	System time (seconds): 0.17
	Percent of CPU this job got: 75%
	Elapsed (wall clock) time (h:mm:ss or m:ss): 9:59.01
	Average shared text size (kbytes): 0
	Average unshared data size (kbytes): 0
	Average stack size (kbytes): 0
	Average total size (kbytes): 0
	Maximum resident set size (kbytes): 65740
	Average resident set size (kbytes): 0
	Major (requiring I/O) page faults: 0
	Minor (reclaiming a frame) page faults: 18807
	Voluntary context switches: 25
	Involuntary context switches: 37399
	Swaps: 0
	File system inputs: 288
	File system outputs: 0
	Socket messages sent: 0
	Socket messages received: 0
	Signals delivered: 0
	Page size (bytes): 4096
	Exit status: 0
