Original:
Name: 
Type: Graph
Number of nodes: 1000
Number of edges: 1540
Average degree:   3.0800
Largest Connected Component:
Name: 
Type: Graph
Number of nodes: 1000
Number of edges: 1540
Average degree:   3.0800
Diameter: 14
TIME:  3.89487099648
CLOCKTIME:  2.533959
	Command being timed: "python /home/cpennycu/networkx/nx.py -f /home/cpennycu/gdata/sf/sf-2-1000-2.7.snap -d 0"
	User time (seconds): 2.98
	System time (seconds): 0.11
	Percent of CPU this job got: 62%
	Elapsed (wall clock) time (h:mm:ss or m:ss): 0:04.97
	Average shared text size (kbytes): 0
	Average unshared data size (kbytes): 0
	Average stack size (kbytes): 0
	Average total size (kbytes): 0
	Maximum resident set size (kbytes): 29760
	Average resident set size (kbytes): 0
	Major (requiring I/O) page faults: 0
	Minor (reclaiming a frame) page faults: 9939
	Voluntary context switches: 31
	Involuntary context switches: 461
	Swaps: 0
	File system inputs: 32
	File system outputs: 0
	Socket messages sent: 0
	Socket messages received: 0
	Signals delivered: 0
	Page size (bytes): 4096
	Exit status: 0
