Original:
Name: 
Type: Graph
Number of nodes: 10000
Number of edges: 13475
Average degree:   2.6950
Largest Connected Component:
Name: 
Type: Graph
Number of nodes: 10000
Number of edges: 13475
Average degree:   2.6950
Diameter: 24
TIME:  588.432487011
CLOCKTIME:  525.949683
	Command being timed: "python /home/cpennycu/networkx/nx.py -f /home/cpennycu/gdata/sf/sf-2-10000-3.0.snap -d 0"
	User time (seconds): 527.52
	System time (seconds): 0.28
	Percent of CPU this job got: 89%
	Elapsed (wall clock) time (h:mm:ss or m:ss): 9:50.63
	Average shared text size (kbytes): 0
	Average unshared data size (kbytes): 0
	Average stack size (kbytes): 0
	Average total size (kbytes): 0
	Maximum resident set size (kbytes): 64852
	Average resident set size (kbytes): 0
	Major (requiring I/O) page faults: 2
	Minor (reclaiming a frame) page faults: 19379
	Voluntary context switches: 15
	Involuntary context switches: 23271
	Swaps: 0
	File system inputs: 280
	File system outputs: 0
	Socket messages sent: 0
	Socket messages received: 0
	Signals delivered: 0
	Page size (bytes): 4096
	Exit status: 0
