Original:
Name: 
Type: Graph
Number of nodes: 10000
Number of edges: 26299
Average degree:   5.2598
Largest Connected Component:
Name: 
Type: Graph
Number of nodes: 10000
Number of edges: 26299
Average degree:   5.2598
Diameter: 8
TIME:  812.14430809
CLOCKTIME:  711.314055
	Command being timed: "python /home/cpennycu/networkx/nx.py -f /home/cpennycu/gdata/sf/sf-2-10000-2.3.snap -d 0"
	User time (seconds): 713.35
	System time (seconds): 0.79
	Percent of CPU this job got: 87%
	Elapsed (wall clock) time (h:mm:ss or m:ss): 13:37.44
	Average shared text size (kbytes): 0
	Average unshared data size (kbytes): 0
	Average stack size (kbytes): 0
	Average total size (kbytes): 0
	Maximum resident set size (kbytes): 82500
	Average resident set size (kbytes): 0
	Major (requiring I/O) page faults: 3
	Minor (reclaiming a frame) page faults: 25213
	Voluntary context switches: 51
	Involuntary context switches: 35999
	Swaps: 0
	File system inputs: 712
	File system outputs: 0
	Socket messages sent: 0
	Socket messages received: 0
	Signals delivered: 0
	Page size (bytes): 4096
	Exit status: 0
