Original:
Name: 
Type: Graph
Number of nodes: 1000
Number of edges: 2395
Average degree:   4.7900
Largest Connected Component:
Name: 
Type: Graph
Number of nodes: 1000
Number of edges: 2395
Average degree:   4.7900
Diameter: 7
TIME:  4.05480599403
CLOCKTIME:  2.701101
	Command being timed: "python /home/cpennycu/networkx/nx.py -f /home/cpennycu/gdata/sf/sf-2-1000-2.3.snap -d 0"
	User time (seconds): 3.13
	System time (seconds): 0.06
	Percent of CPU this job got: 63%
	Elapsed (wall clock) time (h:mm:ss or m:ss): 0:05.01
	Average shared text size (kbytes): 0
	Average unshared data size (kbytes): 0
	Average stack size (kbytes): 0
	Average total size (kbytes): 0
	Maximum resident set size (kbytes): 31568
	Average resident set size (kbytes): 0
	Major (requiring I/O) page faults: 0
	Minor (reclaiming a frame) page faults: 10402
	Voluntary context switches: 26
	Involuntary context switches: 450
	Swaps: 0
	File system inputs: 56
	File system outputs: 0
	Socket messages sent: 0
	Socket messages received: 0
	Signals delivered: 0
	Page size (bytes): 4096
	Exit status: 0
