Original:
Name: 
Type: Graph
Number of nodes: 10
Number of edges: 20
Average degree:   4.0000
Largest Connected Component:
Name: 
Type: Graph
Number of nodes: 10
Number of edges: 20
Average degree:   4.0000
Diameter: 2
TIME:  0.000895977020264
CLOCKTIME:  0.000447
	Command being timed: "python /home/cpennycu/networkx/nx.py -f /home/cpennycu/gdata/sf/sf-2-10-2.2.snap -d 0"
	User time (seconds): 0.50
	System time (seconds): 0.12
	Percent of CPU this job got: 93%
	Elapsed (wall clock) time (h:mm:ss or m:ss): 0:00.67
	Average shared text size (kbytes): 0
	Average unshared data size (kbytes): 0
	Average stack size (kbytes): 0
	Average total size (kbytes): 0
	Maximum resident set size (kbytes): 26288
	Average resident set size (kbytes): 0
	Major (requiring I/O) page faults: 0
	Minor (reclaiming a frame) page faults: 8999
	Voluntary context switches: 10
	Involuntary context switches: 134
	Swaps: 0
	File system inputs: 32
	File system outputs: 0
	Socket messages sent: 0
	Socket messages received: 0
	Signals delivered: 0
	Page size (bytes): 4096
	Exit status: 0
