Original:
Name: 
Type: Graph
Number of nodes: 1000
Number of edges: 1326
Average degree:   2.6520
Largest Connected Component:
Name: 
Type: Graph
Number of nodes: 1000
Number of edges: 1326
Average degree:   2.6520
Diameter: 19
TIME:  4.03144979477
CLOCKTIME:  2.831884
	Command being timed: "python /home/cpennycu/networkx/nx.py -f /home/cpennycu/gdata/sf/sf-2-1000-3.0.snap -d 0"
	User time (seconds): 3.34
	System time (seconds): 0.13
	Percent of CPU this job got: 67%
	Elapsed (wall clock) time (h:mm:ss or m:ss): 0:05.13
	Average shared text size (kbytes): 0
	Average unshared data size (kbytes): 0
	Average stack size (kbytes): 0
	Average total size (kbytes): 0
	Maximum resident set size (kbytes): 29632
	Average resident set size (kbytes): 0
	Major (requiring I/O) page faults: 1
	Minor (reclaiming a frame) page faults: 9871
	Voluntary context switches: 13
	Involuntary context switches: 478
	Swaps: 0
	File system inputs: 64
	File system outputs: 0
	Socket messages sent: 0
	Socket messages received: 0
	Signals delivered: 0
	Page size (bytes): 4096
	Exit status: 0
