Original:
Name: 
Type: Graph
Number of nodes: 100000
Number of edges: 141612
Average degree:   2.8322
Largest Connected Component:
Name: 
Type: Graph
Number of nodes: 100000
Number of edges: 141612
Average degree:   2.8322
Diameter: 25
TIME:  80484.379575
CLOCKTIME:  70468.322684
	Command being timed: "python /home/cpennycu/networkx/nx.py -f /home/cpennycu/gdata/sf/sf-2-100000-2.9.snap -d 0"
	User time (seconds): 70496.42
	System time (seconds): 62.81
	Percent of CPU this job got: 87%
	Elapsed (wall clock) time (h:mm:ss or m:ss): 22:24:10
	Average shared text size (kbytes): 0
	Average unshared data size (kbytes): 0
	Average stack size (kbytes): 0
	Average total size (kbytes): 0
	Maximum resident set size (kbytes): 412444
	Average resident set size (kbytes): 0
	Major (requiring I/O) page faults: 0
	Minor (reclaiming a frame) page faults: 120808
	Voluntary context switches: 1155
	Involuntary context switches: 3115658
	Swaps: 0
	File system inputs: 3280
	File system outputs: 0
	Socket messages sent: 0
	Socket messages received: 0
	Signals delivered: 0
	Page size (bytes): 4096
	Exit status: 0
