Original:
Name: 
Type: Graph
Number of nodes: 1000
Number of edges: 1545
Average degree:   3.0900
Largest Connected Component:
Name: 
Type: Graph
Number of nodes: 1000
Number of edges: 1545
Average degree:   3.0900
Diameter: 13
TIME:  7.39777183533
CLOCKTIME:  3.909653
	Command being timed: "python /home/cpennycu/networkx/nx.py -f /home/cpennycu/gdata/sf/sf-3-1000-2.7.snap -d 0"
	User time (seconds): 5.08
	System time (seconds): 5.89
	Percent of CPU this job got: 56%
	Elapsed (wall clock) time (h:mm:ss or m:ss): 0:19.52
	Average shared text size (kbytes): 0
	Average unshared data size (kbytes): 0
	Average stack size (kbytes): 0
	Average total size (kbytes): 0
	Maximum resident set size (kbytes): 29772
	Average resident set size (kbytes): 0
	Major (requiring I/O) page faults: 0
	Minor (reclaiming a frame) page faults: 9920
	Voluntary context switches: 11
	Involuntary context switches: 1515
	Swaps: 0
	File system inputs: 32
	File system outputs: 0
	Socket messages sent: 0
	Socket messages received: 0
	Signals delivered: 0
	Page size (bytes): 4096
	Exit status: 0
