Original:
Name: 
Type: Graph
Number of nodes: 100000
Number of edges: 163601
Average degree:   3.2720
Largest Connected Component:
Name: 
Type: Graph
Number of nodes: 100000
Number of edges: 163601
Average degree:   3.2720
Diameter: 17
TIME:  82374.616405
CLOCKTIME:  72183.609677
	Command being timed: "python /home/cpennycu/networkx/nx.py -f /home/cpennycu/gdata/sf/sf-3-100000-2.7.snap -d 0"
	User time (seconds): 72218.93
	System time (seconds): 63.56
	Percent of CPU this job got: 87%
	Elapsed (wall clock) time (h:mm:ss or m:ss): 22:55:48
	Average shared text size (kbytes): 0
	Average unshared data size (kbytes): 0
	Average stack size (kbytes): 0
	Average total size (kbytes): 0
	Maximum resident set size (kbytes): 435020
	Average resident set size (kbytes): 0
	Major (requiring I/O) page faults: 0
	Minor (reclaiming a frame) page faults: 125556
	Voluntary context switches: 135
	Involuntary context switches: 3196573
	Swaps: 0
	File system inputs: 3776
	File system outputs: 0
	Socket messages sent: 0
	Socket messages received: 0
	Signals delivered: 0
	Page size (bytes): 4096
	Exit status: 0
