Original:
Name: 
Type: Graph
Number of nodes: 1000
Number of edges: 1397
Average degree:   2.7940
Largest Connected Component:
Name: 
Type: Graph
Number of nodes: 1000
Number of edges: 1397
Average degree:   2.7940
Diameter: 16
TIME:  2.51927900314
CLOCKTIME:  2.510315
	Command being timed: "python /home/cpennycu/networkx/nx.py -f /home/cpennycu/gdata/sf/sf-3-1000-2.8.snap -d 0"
	User time (seconds): 2.98
	System time (seconds): 0.12
	Percent of CPU this job got: 99%
	Elapsed (wall clock) time (h:mm:ss or m:ss): 0:03.12
	Average shared text size (kbytes): 0
	Average unshared data size (kbytes): 0
	Average stack size (kbytes): 0
	Average total size (kbytes): 0
	Maximum resident set size (kbytes): 29664
	Average resident set size (kbytes): 0
	Major (requiring I/O) page faults: 0
	Minor (reclaiming a frame) page faults: 9896
	Voluntary context switches: 12
	Involuntary context switches: 47
	Swaps: 0
	File system inputs: 32
	File system outputs: 0
	Socket messages sent: 0
	Socket messages received: 0
	Signals delivered: 0
	Page size (bytes): 4096
	Exit status: 0
