Original:
Name: 
Type: Graph
Number of nodes: 100000
Number of edges: 686216
Average degree:  13.7243
Largest Connected Component:
Name: 
Type: Graph
Number of nodes: 100000
Number of edges: 686216
Average degree:  13.7243
Diameter: 5
TIME:  193463.027198
CLOCKTIME:  170870.144109
	Command being timed: "python /home/cpennycu/networkx/nx.py -f /home/cpennycu/gdata/sf/sf-3-100000-2.0.snap -d 0"
	User time (seconds): 170952.69
	System time (seconds): 126.50
	Percent of CPU this job got: 88%
	Elapsed (wall clock) time (h:mm:ss or m:ss): 53:50:33
	Average shared text size (kbytes): 0
	Average unshared data size (kbytes): 0
	Average stack size (kbytes): 0
	Average total size (kbytes): 0
	Maximum resident set size (kbytes): 1230820
	Average resident set size (kbytes): 0
	Major (requiring I/O) page faults: 0
	Minor (reclaiming a frame) page faults: 332586
	Voluntary context switches: 253
	Involuntary context switches: 7653167
	Swaps: 0
	File system inputs: 15792
	File system outputs: 0
	Socket messages sent: 0
	Socket messages received: 0
	Signals delivered: 0
	Page size (bytes): 4096
	Exit status: 0
