Original:
Name: 
Type: Graph
Number of nodes: 10000
Number of edges: 14241
Average degree:   2.8482
Largest Connected Component:
Name: 
Type: Graph
Number of nodes: 9998
Number of edges: 14240
Average degree:   2.8486
Diameter: 20
TIME:  715.971996069
CLOCKTIME:  471.23267
	Command being timed: "python /home/cpennycu/networkx/nx.py -f /home/cpennycu/gdata/sf/sf-3-10000-2.9.snap -d 0"
	User time (seconds): 472.44
	System time (seconds): 0.36
	Percent of CPU this job got: 65%
	Elapsed (wall clock) time (h:mm:ss or m:ss): 11:57.58
	Average shared text size (kbytes): 0
	Average unshared data size (kbytes): 0
	Average stack size (kbytes): 0
	Average total size (kbytes): 0
	Maximum resident set size (kbytes): 65764
	Average resident set size (kbytes): 0
	Major (requiring I/O) page faults: 0
	Minor (reclaiming a frame) page faults: 19046
	Voluntary context switches: 15
	Involuntary context switches: 59615
	Swaps: 0
	File system inputs: 288
	File system outputs: 0
	Socket messages sent: 0
	Socket messages received: 0
	Signals delivered: 0
	Page size (bytes): 4096
	Exit status: 0
