Original:
Name: 
Type: Graph
Number of nodes: 10000
Number of edges: 29786
Average degree:   5.9572
Largest Connected Component:
Name: 
Type: Graph
Number of nodes: 10000
Number of edges: 29786
Average degree:   5.9572
Diameter: 7
TIME:  826.888409138
CLOCKTIME:  721.732334
	Command being timed: "python /home/cpennycu/networkx/nx.py -f /home/cpennycu/gdata/sf/sf-3-10000-2.2.snap -d 0"
	User time (seconds): 724.12
	System time (seconds): 0.44
	Percent of CPU this job got: 87%
	Elapsed (wall clock) time (h:mm:ss or m:ss): 13:50.17
	Average shared text size (kbytes): 0
	Average unshared data size (kbytes): 0
	Average stack size (kbytes): 0
	Average total size (kbytes): 0
	Maximum resident set size (kbytes): 85208
	Average resident set size (kbytes): 0
	Major (requiring I/O) page faults: 0
	Minor (reclaiming a frame) page faults: 25255
	Voluntary context switches: 24
	Involuntary context switches: 36472
	Swaps: 0
	File system inputs: 840
	File system outputs: 0
	Socket messages sent: 0
	Socket messages received: 0
	Signals delivered: 0
	Page size (bytes): 4096
	Exit status: 0
