Original:
Name: 
Type: Graph
Number of nodes: 1000
Number of edges: 2568
Average degree:   5.1360
Largest Connected Component:
Name: 
Type: Graph
Number of nodes: 1000
Number of edges: 2568
Average degree:   5.1360
Diameter: 7
TIME:  3.43983578682
CLOCKTIME:  3.311096
	Command being timed: "python /home/cpennycu/networkx/nx.py -f /home/cpennycu/gdata/sf/sf-3-1000-2.3.snap -d 0"
	User time (seconds): 3.85
	System time (seconds): 0.14
	Percent of CPU this job got: 80%
	Elapsed (wall clock) time (h:mm:ss or m:ss): 0:04.97
	Average shared text size (kbytes): 0
	Average unshared data size (kbytes): 0
	Average stack size (kbytes): 0
	Average total size (kbytes): 0
	Maximum resident set size (kbytes): 31700
	Average resident set size (kbytes): 0
	Major (requiring I/O) page faults: 54
	Minor (reclaiming a frame) page faults: 10373
	Voluntary context switches: 76
	Involuntary context switches: 93
	Swaps: 0
	File system inputs: 5048
	File system outputs: 0
	Socket messages sent: 0
	Socket messages received: 0
	Signals delivered: 0
	Page size (bytes): 4096
	Exit status: 0
