Original:
Name: 
Type: Graph
Number of nodes: 100000
Number of edges: 137489
Average degree:   2.7498
Largest Connected Component:
Name: 
Type: Graph
Number of nodes: 99998
Number of edges: 137488
Average degree:   2.7498
Diameter: 26
TIME:  89778.03809
CLOCKTIME:  79643.415437
	Command being timed: "python /home/cpennycu/networkx/nx.py -f /home/cpennycu/gdata/sf/sf-3-100000-3.0.snap -d 0"
	User time (seconds): 79650.64
	System time (seconds): 22.97
	Percent of CPU this job got: 88%
	Elapsed (wall clock) time (h:mm:ss or m:ss): 24:56:50
	Average shared text size (kbytes): 0
	Average unshared data size (kbytes): 0
	Average stack size (kbytes): 0
	Average total size (kbytes): 0
	Maximum resident set size (kbytes): 408280
	Average resident set size (kbytes): 0
	Major (requiring I/O) page faults: 0
	Minor (reclaiming a frame) page faults: 107155
	Voluntary context switches: 89
	Involuntary context switches: 3666461
	Swaps: 0
	File system inputs: 3176
	File system outputs: 0
	Socket messages sent: 0
	Socket messages received: 0
	Signals delivered: 0
	Page size (bytes): 4096
	Exit status: 0
