Original:
Name: 
Type: Graph
Number of nodes: 10000
Number of edges: 16007
Average degree:   3.2014
Largest Connected Component:
Name: 
Type: Graph
Number of nodes: 10000
Number of edges: 16007
Average degree:   3.2014
Diameter: 16
TIME:  639.090137959
CLOCKTIME:  582.104608
	Command being timed: "python /home/cpennycu/networkx/nx.py -f /home/cpennycu/gdata/sf/sf-3-10000-2.7.snap -d 0"
	User time (seconds): 583.61
	System time (seconds): 0.36
	Percent of CPU this job got: 91%
	Elapsed (wall clock) time (h:mm:ss or m:ss): 10:41.17
	Average shared text size (kbytes): 0
	Average unshared data size (kbytes): 0
	Average stack size (kbytes): 0
	Average total size (kbytes): 0
	Maximum resident set size (kbytes): 67656
	Average resident set size (kbytes): 0
	Major (requiring I/O) page faults: 0
	Minor (reclaiming a frame) page faults: 20296
	Voluntary context switches: 19
	Involuntary context switches: 19269
	Swaps: 0
	File system inputs: 328
	File system outputs: 0
	Socket messages sent: 0
	Socket messages received: 0
	Signals delivered: 0
	Page size (bytes): 4096
	Exit status: 0
