Original:
Name: 
Type: Graph
Number of nodes: 10
Number of edges: 21
Average degree:   4.2000
Largest Connected Component:
Name: 
Type: Graph
Number of nodes: 10
Number of edges: 21
Average degree:   4.2000
Diameter: 2
TIME:  0.000303030014038
CLOCKTIME:  0.000302
	Command being timed: "python /home/cpennycu/networkx/nx.py -f /home/cpennycu/gdata/sf/sf-3-10-2.1.snap -d 0"
	User time (seconds): 0.36
	System time (seconds): 0.06
	Percent of CPU this job got: 66%
	Elapsed (wall clock) time (h:mm:ss or m:ss): 0:00.64
	Average shared text size (kbytes): 0
	Average unshared data size (kbytes): 0
	Average stack size (kbytes): 0
	Average total size (kbytes): 0
	Maximum resident set size (kbytes): 26292
	Average resident set size (kbytes): 0
	Major (requiring I/O) page faults: 0
	Minor (reclaiming a frame) page faults: 9002
	Voluntary context switches: 32
	Involuntary context switches: 62
	Swaps: 0
	File system inputs: 32
	File system outputs: 0
	Socket messages sent: 0
	Socket messages received: 0
	Signals delivered: 0
	Page size (bytes): 4096
	Exit status: 0
