Original:
Name: 
Type: Graph
Number of nodes: 10
Number of edges: 10
Average degree:   2.0000
Largest Connected Component:
Name: 
Type: Graph
Number of nodes: 10
Number of edges: 10
Average degree:   2.0000
Diameter: 5
TIME:  0.000738859176636
CLOCKTIME:  0.000388
	Command being timed: "python /home/cpennycu/networkx/nx.py -f /home/cpennycu/gdata/sf/sf-3-10-2.6.snap -d 0"
	User time (seconds): 0.41
	System time (seconds): 0.14
	Percent of CPU this job got: 96%
	Elapsed (wall clock) time (h:mm:ss or m:ss): 0:00.57
	Average shared text size (kbytes): 0
	Average unshared data size (kbytes): 0
	Average stack size (kbytes): 0
	Average total size (kbytes): 0
	Maximum resident set size (kbytes): 26284
	Average resident set size (kbytes): 0
	Major (requiring I/O) page faults: 0
	Minor (reclaiming a frame) page faults: 8999
	Voluntary context switches: 12
	Involuntary context switches: 28
	Swaps: 0
	File system inputs: 32
	File system outputs: 0
	Socket messages sent: 0
	Socket messages received: 0
	Signals delivered: 0
	Page size (bytes): 4096
	Exit status: 0
