Original:
Name: 
Type: Graph
Number of nodes: 100
Number of edges: 177
Average degree:   3.5400
Largest Connected Component:
Name: 
Type: Graph
Number of nodes: 100
Number of edges: 177
Average degree:   3.5400
Diameter: 7
TIME:  0.0428559780121
CLOCKTIME:  0.02306
	Command being timed: "python /home/cpennycu/networkx/nx.py -f /home/cpennycu/gdata/sf/sf-3-100-2.1.snap -d 0"
	User time (seconds): 0.46
	System time (seconds): 0.06
	Percent of CPU this job got: 62%
	Elapsed (wall clock) time (h:mm:ss or m:ss): 0:00.86
	Average shared text size (kbytes): 0
	Average unshared data size (kbytes): 0
	Average stack size (kbytes): 0
	Average total size (kbytes): 0
	Maximum resident set size (kbytes): 26652
	Average resident set size (kbytes): 0
	Major (requiring I/O) page faults: 0
	Minor (reclaiming a frame) page faults: 9104
	Voluntary context switches: 25
	Involuntary context switches: 76
	Swaps: 0
	File system inputs: 32
	File system outputs: 0
	Socket messages sent: 0
	Socket messages received: 0
	Signals delivered: 0
	Page size (bytes): 4096
	Exit status: 0
