Original:
Name: 
Type: Graph
Number of nodes: 10000
Number of edges: 54334
Average degree:  10.8668
Largest Connected Component:
Name: 
Type: Graph
Number of nodes: 10000
Number of edges: 54334
Average degree:  10.8668
Diameter: 5
TIME:  1429.76432419
CLOCKTIME:  1155.888728
	Command being timed: "python /home/cpennycu/networkx/nx.py -f /home/cpennycu/gdata/sf/sf-3-10000-2.0.snap -d 0"
	User time (seconds): 1158.92
	System time (seconds): 0.42
	Percent of CPU this job got: 80%
	Elapsed (wall clock) time (h:mm:ss or m:ss): 23:55.22
	Average shared text size (kbytes): 0
	Average unshared data size (kbytes): 0
	Average stack size (kbytes): 0
	Average total size (kbytes): 0
	Maximum resident set size (kbytes): 132556
	Average resident set size (kbytes): 0
	Major (requiring I/O) page faults: 0
	Minor (reclaiming a frame) page faults: 36074
	Voluntary context switches: 16
	Involuntary context switches: 74937
	Swaps: 0
	File system inputs: 1048
	File system outputs: 0
	Socket messages sent: 0
	Socket messages received: 0
	Signals delivered: 0
	Page size (bytes): 4096
	Exit status: 0
