Original:
Name: 
Type: Graph
Number of nodes: 100000
Number of edges: 218365
Average degree:   4.3673
Largest Connected Component:
Name: 
Type: Graph
Number of nodes: 100000
Number of edges: 218365
Average degree:   4.3673
Diameter: 11
TIME:  101985.864219
CLOCKTIME:  91345.946751
	Command being timed: "python /home/cpennycu/networkx/nx.py -f /home/cpennycu/gdata/sf/sf-4-100000-2.4.snap -d 0"
	User time (seconds): 91358.63
	System time (seconds): 23.19
	Percent of CPU this job got: 89%
	Elapsed (wall clock) time (h:mm:ss or m:ss): 28:20:32
	Average shared text size (kbytes): 0
	Average unshared data size (kbytes): 0
	Average stack size (kbytes): 0
	Average total size (kbytes): 0
	Maximum resident set size (kbytes): 510708
	Average resident set size (kbytes): 0
	Major (requiring I/O) page faults: 0
	Minor (reclaiming a frame) page faults: 132026
	Voluntary context switches: 118
	Involuntary context switches: 3900303
	Swaps: 0
	File system inputs: 5040
	File system outputs: 0
	Socket messages sent: 0
	Socket messages received: 0
	Signals delivered: 0
	Page size (bytes): 4096
	Exit status: 0
