Original:
Name: 
Type: Graph
Number of nodes: 10000
Number of edges: 47697
Average degree:   9.5394
Largest Connected Component:
Name: 
Type: Graph
Number of nodes: 10000
Number of edges: 47697
Average degree:   9.5394
Diameter: 5
TIME:  1465.88780999
CLOCKTIME:  831.156511
	Command being timed: "python /home/cpennycu/networkx/nx.py -f /home/cpennycu/gdata/sf/sf-4-10000-2.0.snap -d 0"
	User time (seconds): 839.44
	System time (seconds): 25.89
	Percent of CPU this job got: 56%
	Elapsed (wall clock) time (h:mm:ss or m:ss): 25:22.74
	Average shared text size (kbytes): 0
	Average unshared data size (kbytes): 0
	Average stack size (kbytes): 0
	Average total size (kbytes): 0
	Maximum resident set size (kbytes): 123416
	Average resident set size (kbytes): 0
	Major (requiring I/O) page faults: 0
	Minor (reclaiming a frame) page faults: 34922
	Voluntary context switches: 18
	Involuntary context switches: 153284
	Swaps: 0
	File system inputs: 936
	File system outputs: 0
	Socket messages sent: 0
	Socket messages received: 0
	Signals delivered: 0
	Page size (bytes): 4096
	Exit status: 0
