Original:
Name: 
Type: Graph
Number of nodes: 100
Number of edges: 124
Average degree:   2.4800
Largest Connected Component:
Name: 
Type: Graph
Number of nodes: 100
Number of edges: 124
Average degree:   2.4800
Diameter: 17
TIME:  0.0383059978485
CLOCKTIME:  0.022303
	Command being timed: "python /home/cpennycu/networkx/nx.py -f /home/cpennycu/gdata/sf/sf-4-100-3.0.snap -d 0"
	User time (seconds): 0.37
	System time (seconds): 0.07
	Percent of CPU this job got: 78%
	Elapsed (wall clock) time (h:mm:ss or m:ss): 0:00.57
	Average shared text size (kbytes): 0
	Average unshared data size (kbytes): 0
	Average stack size (kbytes): 0
	Average total size (kbytes): 0
	Maximum resident set size (kbytes): 26636
	Average resident set size (kbytes): 0
	Major (requiring I/O) page faults: 0
	Minor (reclaiming a frame) page faults: 9089
	Voluntary context switches: 26
	Involuntary context switches: 38
	Swaps: 0
	File system inputs: 32
	File system outputs: 0
	Socket messages sent: 0
	Socket messages received: 0
	Signals delivered: 0
	Page size (bytes): 4096
	Exit status: 0
