Original:
Name: 
Type: Graph
Number of nodes: 10
Number of edges: 10
Average degree:   2.0000
Largest Connected Component:
Name: 
Type: Graph
Number of nodes: 10
Number of edges: 10
Average degree:   2.0000
Diameter: 5
TIME:  0.000261068344116
CLOCKTIME:  0.00026
	Command being timed: "python /home/cpennycu/networkx/nx.py -f /home/cpennycu/gdata/sf/sf-4-10-3.0.snap -d 0"
	User time (seconds): 0.33
	System time (seconds): 0.10
	Percent of CPU this job got: 60%
	Elapsed (wall clock) time (h:mm:ss or m:ss): 0:00.71
	Average shared text size (kbytes): 0
	Average unshared data size (kbytes): 0
	Average stack size (kbytes): 0
	Average total size (kbytes): 0
	Maximum resident set size (kbytes): 26284
	Average resident set size (kbytes): 0
	Major (requiring I/O) page faults: 0
	Minor (reclaiming a frame) page faults: 8999
	Voluntary context switches: 30
	Involuntary context switches: 68
	Swaps: 0
	File system inputs: 32
	File system outputs: 0
	Socket messages sent: 0
	Socket messages received: 0
	Signals delivered: 0
	Page size (bytes): 4096
	Exit status: 0
