Original:
Name: 
Type: Graph
Number of nodes: 100000
Number of edges: 159764
Average degree:   3.1953
Largest Connected Component:
Name: 
Type: Graph
Number of nodes: 100000
Number of edges: 159764
Average degree:   3.1953
Diameter: 19
TIME:  93180.2003219
CLOCKTIME:  82674.066982
	Command being timed: "python /home/cpennycu/networkx/nx.py -f /home/cpennycu/gdata/sf/sf-4-100000-2.7.snap -d 0"
	User time (seconds): 82681.87
	System time (seconds): 29.02
	Percent of CPU this job got: 88%
	Elapsed (wall clock) time (h:mm:ss or m:ss): 25:53:51
	Average shared text size (kbytes): 0
	Average unshared data size (kbytes): 0
	Average stack size (kbytes): 0
	Average total size (kbytes): 0
	Maximum resident set size (kbytes): 430944
	Average resident set size (kbytes): 0
	Major (requiring I/O) page faults: 0
	Minor (reclaiming a frame) page faults: 116904
	Voluntary context switches: 91
	Involuntary context switches: 3807307
	Swaps: 0
	File system inputs: 3696
	File system outputs: 0
	Socket messages sent: 0
	Socket messages received: 0
	Signals delivered: 0
	Page size (bytes): 4096
	Exit status: 0
