Original:
Name: 
Type: Graph
Number of nodes: 1000
Number of edges: 1268
Average degree:   2.5360
Largest Connected Component:
Name: 
Type: Graph
Number of nodes: 998
Number of edges: 1267
Average degree:   2.5391
Diameter: 20
TIME:  3.41722798347
CLOCKTIME:  1.8662
	Command being timed: "python /home/cpennycu/networkx/nx.py -f /home/cpennycu/gdata/sf/sf-4-1000-3.0.snap -d 0"
	User time (seconds): 2.21
	System time (seconds): 0.10
	Percent of CPU this job got: 56%
	Elapsed (wall clock) time (h:mm:ss or m:ss): 0:04.09
	Average shared text size (kbytes): 0
	Average unshared data size (kbytes): 0
	Average stack size (kbytes): 0
	Average total size (kbytes): 0
	Maximum resident set size (kbytes): 29344
	Average resident set size (kbytes): 0
	Major (requiring I/O) page faults: 0
	Minor (reclaiming a frame) page faults: 9853
	Voluntary context switches: 26
	Involuntary context switches: 480
	Swaps: 0
	File system inputs: 0
	File system outputs: 0
	Socket messages sent: 0
	Socket messages received: 0
	Signals delivered: 0
	Page size (bytes): 4096
	Exit status: 0
