Original:
Name: 
Type: Graph
Number of nodes: 10000
Number of edges: 28530
Average degree:   5.7060
Largest Connected Component:
Name: 
Type: Graph
Number of nodes: 10000
Number of edges: 28530
Average degree:   5.7060
Diameter: 8
TIME:  889.762003899
CLOCKTIME:  800.993269
	Command being timed: "python /home/cpennycu/networkx/nx.py -f /home/cpennycu/gdata/sf/sf-4-10000-2.2.snap -d 0"
	User time (seconds): 803.40
	System time (seconds): 0.67
	Percent of CPU this job got: 90%
	Elapsed (wall clock) time (h:mm:ss or m:ss): 14:53.14
	Average shared text size (kbytes): 0
	Average unshared data size (kbytes): 0
	Average stack size (kbytes): 0
	Average total size (kbytes): 0
	Maximum resident set size (kbytes): 84204
	Average resident set size (kbytes): 0
	Major (requiring I/O) page faults: 0
	Minor (reclaiming a frame) page faults: 24697
	Voluntary context switches: 16
	Involuntary context switches: 31816
	Swaps: 0
	File system inputs: 560
	File system outputs: 0
	Socket messages sent: 0
	Socket messages received: 0
	Signals delivered: 0
	Page size (bytes): 4096
	Exit status: 0
