Original:
Name: 
Type: Graph
Number of nodes: 10000
Number of edges: 26892
Average degree:   5.3784
Largest Connected Component:
Name: 
Type: Graph
Number of nodes: 10000
Number of edges: 26892
Average degree:   5.3784
Diameter: 8
TIME:  756.159418106
CLOCKTIME:  755.828005
	Command being timed: "python /home/cpennycu/networkx/nx.py -f /home/cpennycu/gdata/sf/sf-4-10000-2.3.snap -d 0"
	User time (seconds): 760.00
	System time (seconds): 0.40
	Percent of CPU this job got: 99%
	Elapsed (wall clock) time (h:mm:ss or m:ss): 12:40.84
	Average shared text size (kbytes): 0
	Average unshared data size (kbytes): 0
	Average stack size (kbytes): 0
	Average total size (kbytes): 0
	Maximum resident set size (kbytes): 82496
	Average resident set size (kbytes): 0
	Major (requiring I/O) page faults: 0
	Minor (reclaiming a frame) page faults: 25136
	Voluntary context switches: 18
	Involuntary context switches: 1861
	Swaps: 0
	File system inputs: 528
	File system outputs: 0
	Socket messages sent: 0
	Socket messages received: 0
	Signals delivered: 0
	Page size (bytes): 4096
	Exit status: 0
