Original:
Name: 
Type: Graph
Number of nodes: 1000
Number of edges: 3743
Average degree:   7.4860
Largest Connected Component:
Name: 
Type: Graph
Number of nodes: 1000
Number of edges: 3743
Average degree:   7.4860
Diameter: 5
TIME:  4.25473189354
CLOCKTIME:  4.076952
	Command being timed: "python /home/cpennycu/networkx/nx.py -f /home/cpennycu/gdata/sf/sf-4-1000-2.1.snap -d 0"
	User time (seconds): 4.69
	System time (seconds): 0.10
	Percent of CPU this job got: 93%
	Elapsed (wall clock) time (h:mm:ss or m:ss): 0:05.12
	Average shared text size (kbytes): 0
	Average unshared data size (kbytes): 0
	Average stack size (kbytes): 0
	Average total size (kbytes): 0
	Maximum resident set size (kbytes): 33248
	Average resident set size (kbytes): 0
	Major (requiring I/O) page faults: 0
	Minor (reclaiming a frame) page faults: 10821
	Voluntary context switches: 12
	Involuntary context switches: 157
	Swaps: 0
	File system inputs: 72
	File system outputs: 0
	Socket messages sent: 0
	Socket messages received: 0
	Signals delivered: 0
	Page size (bytes): 4096
	Exit status: 0
