Original:
Name: 
Type: Graph
Number of nodes: 1000
Number of edges: 4975
Average degree:   9.9500
Largest Connected Component:
Name: 
Type: Graph
Number of nodes: 1000
Number of edges: 4975
Average degree:   9.9500
Diameter: 4
TIME:  5.45371484756
CLOCKTIME:  5.07102
	Command being timed: "python /home/cpennycu/networkx/nx.py -f /home/cpennycu/gdata/sf/sf-4-1000-2.0.snap -d 0"
	User time (seconds): 5.69
	System time (seconds): 0.13
	Percent of CPU this job got: 91%
	Elapsed (wall clock) time (h:mm:ss or m:ss): 0:06.34
	Average shared text size (kbytes): 0
	Average unshared data size (kbytes): 0
	Average stack size (kbytes): 0
	Average total size (kbytes): 0
	Maximum resident set size (kbytes): 36260
	Average resident set size (kbytes): 0
	Major (requiring I/O) page faults: 0
	Minor (reclaiming a frame) page faults: 11564
	Voluntary context switches: 12
	Involuntary context switches: 174
	Swaps: 0
	File system inputs: 88
	File system outputs: 0
	Socket messages sent: 0
	Socket messages received: 0
	Signals delivered: 0
	Page size (bytes): 4096
	Exit status: 0
