Original:
Name: 
Type: Graph
Number of nodes: 100
Number of edges: 253
Average degree:   5.0600
Largest Connected Component:
Name: 
Type: Graph
Number of nodes: 100
Number of edges: 253
Average degree:   5.0600
Diameter: 5
TIME:  0.0263469219208
CLOCKTIME:  0.026397
	Command being timed: "python /home/cpennycu/networkx/nx.py -f /home/cpennycu/gdata/sf/sf-4-100-2.2.snap -d 0"
	User time (seconds): 0.46
	System time (seconds): 0.11
	Percent of CPU this job got: 98%
	Elapsed (wall clock) time (h:mm:ss or m:ss): 0:00.58
	Average shared text size (kbytes): 0
	Average unshared data size (kbytes): 0
	Average stack size (kbytes): 0
	Average total size (kbytes): 0
	Maximum resident set size (kbytes): 26684
	Average resident set size (kbytes): 0
	Major (requiring I/O) page faults: 0
	Minor (reclaiming a frame) page faults: 9134
	Voluntary context switches: 14
	Involuntary context switches: 6
	Swaps: 0
	File system inputs: 32
	File system outputs: 0
	Socket messages sent: 0
	Socket messages received: 0
	Signals delivered: 0
	Page size (bytes): 4096
	Exit status: 0
